1:
3.93
3.81
3.85
3.99
4.04
3.98
3.51
3.86
3.91
3.8
4.01
3.76
4.1
4.12
3.47
3.99
3.92
4.08
3.99
4.21
3.74
4.26
4.09
10:
3.47
3.43
1000:
3.79
3.61
3.48
4.13
3.86
3.86
3.46
3.91
3.66
3.63
3.71
3.65
3.74
3.67
3.8
3.52
3.69
3.64
3.79
3.57
3.39
3.87
3.56
3.63
3.76
3.78
3.82
10000:
3.52
3.72
10001:
3.89
4.14
4.11
3.95
3.98
3.79
4.04
3.97
4.12
3.82
4.15
4.16
4.0
4.13
3.9
3.82
4.34
10002:
4.1
3.64
4.02
4.14
10003:
3.55
10004:
4.38
4.28
3.95
4.12
4.1
4.18
4.22
4.08
4.04
3.88
3.85
3.7
4.29
3.79
4.28
4.12
4.05
3.95
3.99
4.18
4.09
3.94
4.15
4.04
4.28
3.63
4.09
4.06
3.66
4.24
4.29
10005:
3.14
3.7
3.5
3.62
3.62
10006:
3.91
4.08
4.12
4.02
10007:
3.2
3.24
3.1
3.26
3.03
3.18
3.46
3.26
3.19
3.42
3.13
3.34
3.08
10008:
3.9
3.46
3.75
3.37
3.68
3.73
3.62
10009:
3.7
3.56
3.65
3.46
3.54
3.6
1001:
3.71
3.67
3.8
3.47
3.59
3.52
3.54
3.42
3.19
3.64
3.71
3.6
3.48
3.48
3.17
3.51
3.53
3.61
3.13
3.54
3.52
3.51
3.59
3.18
3.76
3.8
3.64
3.43
3.64
3.56
3.27
3.96
3.62
3.85
3.55
3.68
3.79
3.28
3.7
3.31
3.6
3.69
3.73
3.66
3.74
3.7
3.46
3.45
3.23
3.65
3.46
3.07
3.19
3.69
3.57
3.72
3.37
3.51
3.59
3.64
3.88
3.36
3.57
3.46
3.7
3.28
3.29
3.49
3.65
3.69
3.44
3.37
3.5
3.56
3.44
3.46
3.2
3.27
3.75
3.54
3.67
3.64
3.35
3.66
3.39
3.56
3.64
3.7
3.59
3.43
3.68
3.58
3.67
3.58
3.43
3.29
3.28
3.75
3.87
3.82
3.51
3.52
3.48
3.42
3.67
3.32
3.52
3.82
3.69
3.3
3.29
3.45
3.58
3.4
3.32
3.29
3.0
3.73
3.65
3.57
3.33
3.41
3.5
3.43
3.42
3.54
3.61
3.59
3.83
3.64
3.52
3.4
3.66
3.31
10010:
3.17
3.08
2.82
3.2
2.89
3.07
2.8
2.95
2.78
3.13
3.1
3.02
2.87
2.96
3.03
2.96
2.86
3.54
2.84
3.05
2.82
3.02
3.11
10011:
3.72
3.47
10012:
3.4
3.67
3.6
3.52
3.56
3.77
3.48
3.4
3.34
3.49
3.45
3.46
3.54
10013:
3.55
3.31
3.33
3.5
3.34
3.43
3.37
3.41
3.28
3.19
3.07
3.71
3.03
3.34
3.26
3.21
3.25
3.19
3.55
3.42
3.25
3.32
3.28
3.47
3.25
3.26
3.38
3.28
3.21
3.33
3.33
3.34
3.38
3.29
3.24
3.15
3.17
3.42
3.51
3.25
3.46
3.13
3.47
3.26
3.34
3.14
3.35
3.34
3.32
3.42
3.12
3.25
3.36
3.22
3.17
3.04
3.35
10014:
3.33
3.74
3.48
3.69
3.59
10015:
3.96
3.54
3.71
3.78
3.87
4.08
3.94
3.74
3.97
3.66
4.05
3.68
3.88
3.89
3.99
3.84
3.89
3.63
3.93
3.82
4.05
3.7
4.12
3.82
3.34
3.59
3.92
3.97
10016:
3.07
2.94
3.07
3.28
3.54
10017:
3.42
3.45
3.49
10018:
4.0
3.51
3.83
3.53
3.55
3.73
3.72
3.66
3.52
3.89
3.61
3.88
3.72
3.83
3.68
3.56
3.7
3.5
3.52
3.73
3.94
3.61
3.53
3.92
3.91
3.7
3.8
3.6
3.95
3.87
10019:
3.42
3.59
3.71
3.58
3.92
3.77
3.7
3.25
3.89
3.61
3.93
3.31
3.36
3.5
3.77
3.68
3.78
3.55
3.72
3.71
3.49
3.57
3.49
3.75
3.98
3.36
3.63
3.43
3.44
3.68
3.6
3.54
3.63
3.51
3.77
3.69
3.26
3.45
3.58
3.68
3.94
3.76
3.55
3.65
3.52
3.49
3.63
3.75
3.52
3.51
3.55
3.51
3.96
3.74
3.25
3.78
3.21
3.59
3.72
3.36
3.43
3.58
3.69
3.68
3.51
3.94
3.53
3.82
3.43
1002:
3.66
3.4
3.7
3.57
3.53
3.75
3.96
3.6
3.88
3.54
3.85
3.53
3.6
3.64
10020:
4.1
3.9
3.87
3.84
4.08
3.86
3.86
3.8
3.94
3.77
3.7
4.15
3.79
4.0
3.73
3.98
3.63
3.59
4.11
3.78
3.86
3.88
3.98
3.89
3.66
3.32
3.93
10021:
2.97
3.21
3.29
2.9
10022:
3.06
3.16
3.5
3.31
3.73
3.59
3.0
2.88
10023:
3.81
3.73
3.81
3.89
4.29
3.67
3.74
3.96
3.7
3.82
4.08
10024:
3.65
3.63
3.45
3.68
3.88
3.7
3.5
3.4
3.58
3.32
10025:
3.44
10027:
4.15
4.0
3.83
3.93
3.49
4.02
3.83
4.2
3.54
4.07
3.64
3.94
4.07
3.84
3.92
4.06
3.92
4.08
4.01
3.86
3.83
4.03
3.67
3.65
3.92
3.83
4.0
4.04
4.11
4.01
4.08
3.87
3.52
3.77
4.23
4.08
4.25
3.98
3.91
3.72
4.05
4.11
4.23
3.64
3.8
3.92
3.91
3.89
4.03
3.86
3.91
4.01
3.61
3.86
3.72
3.99
3.82
3.93
4.07
3.94
3.8
3.94
4.1
3.92
3.94
4.11
3.93
3.94
3.5
3.91
3.76
3.96
4.06
4.01
4.01
3.8
4.18
3.77
3.56
3.73
4.0
3.97
3.63
4.3
3.87
4.27
3.87
3.92
10028:
3.7
3.6
3.71
4.04
3.99
3.63
4.17
10029:
3.35
3.67
3.83
3.52
10031:
3.57
3.51
3.62
3.29
3.87
3.54
3.42
3.54
3.52
10032:
3.93
4.31
3.98
3.85
4.04
3.78
3.99
3.73
3.72
3.55
3.97
3.63
3.98
3.65
4.01
3.49
3.93
3.92
4.13
3.77
3.96
3.92
3.89
4.04
3.92
3.83
3.75
3.79
4.13
3.84
4.06
3.84
4.14
4.02
3.9
3.96
3.84
3.77
3.7
3.99
3.83
3.33
3.57
3.99
3.86
3.8
4.02
10033:
4.07
3.49
3.82
3.94
3.73
3.95
3.66
3.73
4.0
3.77
4.13
3.74
4.06
3.9
10034:
3.04
3.69
10035:
3.81
4.27
4.31
3.98
4.08
3.93
3.98
3.87
3.91
3.9
3.75
3.72
4.06
3.96
3.89
3.95
4.07
3.95
4.01
4.39
10036:
3.88
3.72
3.55
3.56
3.89
3.9
3.47
3.93
3.73
3.46
3.77
3.64
3.73
3.98
3.97
4.03
3.79
3.73
3.66
3.26
3.84
3.83
4.06
4.08
3.73
3.95
3.84
3.9
3.65
3.78
3.74
3.91
3.38
3.92
3.33
3.66
3.86
3.83
3.66
3.74
3.55
3.76
3.95
3.67
3.92
3.95
3.86
4.14
3.78
3.93
3.71
3.81
3.53
3.67
3.93
3.81
3.69
4.18
3.77
3.86
3.83
3.87
3.72
3.97
3.82
3.99
3.62
3.84
4.09
3.71
4.13
3.93
3.83
3.82
3.69
4.01
3.82
3.8
3.83
3.79
3.79
3.07
3.96
3.84
3.53
3.73
3.79
3.77
3.86
3.67
3.72
3.79
3.63
4.03
3.58
3.5
3.96
3.93
3.27
3.96
4.01
3.44
3.73
3.97
3.77
3.59
4.02
3.55
3.91
3.25
3.82
3.07
3.54
3.69
3.66
3.83
3.73
3.32
3.32
3.84
3.52
3.92
3.7
3.58
3.69
3.61
3.83
3.86
3.77
3.77
4.18
3.82
3.77
4.1
3.86
3.62
3.89
3.82
3.92
3.8
3.99
3.85
3.83
3.92
3.69
4.06
3.88
4.0
3.84
3.81
3.89
4.08
3.64
3.66
3.83
3.79
3.84
3.96
4.0
3.78
3.85
3.7
3.66
3.92
3.87
3.71
3.97
4.08
3.83
3.89
3.96
3.59
3.82
4.11
3.79
3.73
3.86
3.92
3.85
3.65
3.51
3.73
3.65
3.94
4.05
3.72
3.78
3.46
3.99
3.79
3.79
3.6
3.95
3.4
4.0
3.51
3.83
3.92
3.81
3.88
3.85
3.95
3.41
3.89
3.54
3.9
3.85
3.95
3.93
3.85
3.67
3.83
4.28
3.85
3.49
10037:
4.02
3.62
3.56
3.68
3.73
3.72
3.29
3.34
3.69
3.74
3.78
3.79
3.6
3.49
10038:
3.85
3.61
3.69
3.71
3.45
3.88
3.84
3.38
10039:
3.24
1004:
3.2
3.06
3.1
3.14
3.11
3.18
2.75
3.24
3.1
3.18
3.36
3.28
3.28
3.41
2.96
2.67
3.05
3.11
3.32
3.04
3.19
3.28
3.3
2.81
2.88
2.97
3.05
3.0
3.12
3.26
3.0
10040:
3.7
3.51
3.74
10041:
3.37
3.1
2.98
2.78
3.07
3.18
2.9
3.14
2.85
3.17
2.75
3.18
3.25
3.12
3.28
3.25
3.23
2.9
3.13
2.86
3.4
3.11
2.98
3.06
3.19
3.0
3.08
3.08
2.98
2.65
3.23
10042:
4.63
4.41
4.52
4.45
4.55
4.58
4.52
4.47
4.5
4.25
4.45
4.39
4.51
4.54
4.29
4.65
4.24
4.54
4.47
4.55
4.52
4.52
4.33
4.55
4.47
4.66
4.55
4.41
4.52
4.37
4.4
4.56
4.54
4.55
4.7
4.52
4.51
4.48
4.66
4.44
4.46
4.4
4.24
4.21
4.52
4.67
4.55
4.28
4.65
4.43
4.36
4.64
4.71
4.07
4.52
4.55
4.39
4.62
4.27
4.61
4.54
4.51
4.24
4.52
4.27
3.99
4.44
4.62
4.63
4.45
4.55
4.53
4.47
4.49
4.25
4.59
4.61
4.44
4.56
4.52
4.44
4.75
4.53
4.69
4.62
4.43
4.57
4.58
4.34
4.73
4.46
4.65
4.53
4.48
4.21
4.52
4.45
4.47
4.52
4.52
4.52
4.65
4.39
4.67
4.71
4.46
4.47
4.71
4.51
4.5
4.65
4.58
4.43
4.47
4.5
4.49
4.54
4.27
4.49
4.78
4.47
4.47
4.2
4.71
4.48
4.66
4.37
4.42
4.59
4.5
4.5
4.49
4.34
4.16
4.59
4.39
4.44
4.69
4.44
4.64
4.44
4.68
4.54
4.54
4.47
4.43
4.59
4.21
4.21
4.5
4.47
4.14
4.51
4.39
4.58
4.4
4.5
4.55
4.51
4.66
4.05
4.68
4.4
4.65
4.29
4.56
4.49
4.21
4.51
4.58
4.42
4.55
4.25
4.51
4.7
4.35
4.66
4.41
4.82
4.69
4.48
4.57
4.7
4.52
4.43
4.8
4.3
4.16
4.54
4.43
4.52
4.58
4.48
4.43
4.65
4.47
4.53
4.53
4.43
4.55
4.34
4.68
4.32
4.53
4.54
3.91
4.49
4.28
4.47
4.43
4.52
4.54
4.36
4.49
4.56
4.59
4.66
4.48
4.33
4.53
4.54
4.61
4.59
4.6
4.67
4.33
4.68
4.4
4.77
4.36
4.44
4.54
4.76
4.31
4.79
4.42
4.52
4.28
4.6
4.49
4.41
4.43
4.32
4.36
4.64
4.68
4.44
4.57
4.41
4.53
4.39
4.42
4.86
4.38
4.52
4.64
4.49
4.54
4.65
4.08
4.41
4.46
4.27
4.43
4.15
4.6
4.59
4.32
4.55
4.56
4.56
4.54
4.82
4.43
4.56
4.64
4.5
4.74
4.62
4.49
4.66
4.59
4.74
4.43
4.55
4.43
4.45
4.51
4.41
4.56
4.23
4.27
4.39
4.59
4.38
4.45
4.36
4.48
4.37
4.58
4.6
4.49
4.44
4.71
4.45
4.44
4.36
4.46
4.43
4.44
4.45
4.4
4.69
4.51
4.26
4.65
4.37
4.31
4.56
4.24
4.45
4.45
4.35
4.45
4.59
4.42
4.35
4.48
4.64
4.4
4.49
4.61
4.44
4.33
4.42
4.67
4.55
4.84
4.54
4.78
4.67
4.64
4.6
4.52
4.36
4.49
4.52
4.57
4.35
4.59
4.5
4.51
4.78
4.51
4.51
4.47
4.44
4.4
4.56
4.48
4.28
4.37
4.53
4.6
4.5
4.26
4.43
4.45
4.52
4.57
4.48
4.55
4.54
4.48
4.59
4.67
4.3
4.38
4.3
4.34
4.45
4.6
4.52
4.52
4.27
4.64
4.49
4.11
4.65
4.53
4.46
4.62
4.44
4.44
4.42
4.67
4.69
4.24
4.53
4.5
4.25
4.31
4.42
4.49
4.38
4.45
4.62
4.54
4.35
4.52
4.68
4.2
4.53
4.44
4.56
4.39
4.76
4.52
4.23
4.23
4.64
4.46
4.46
4.56
4.56
4.32
4.59
4.71
4.52
4.51
4.22
4.54
4.35
4.56
4.76
4.27
4.64
4.34
4.18
4.56
4.58
4.6
4.35
4.38
4.61
4.54
4.53
4.52
4.43
4.26
4.38
4.76
4.52
4.35
4.52
4.53
4.46
4.04
4.58
4.65
4.28
4.4
4.44
4.52
4.67
4.53
4.65
4.76
4.55
4.64
4.58
4.35
4.26
4.4
4.29
4.47
4.6
4.71
4.56
4.46
4.39
4.71
3.76
4.29
4.74
4.52
4.62
4.28
4.42
4.47
4.52
4.58
4.34
4.54
4.28
4.54
4.42
4.56
4.54
4.57
4.59
4.59
4.52
4.33
4.51
4.74
4.41
4.64
4.26
4.39
4.4
4.39
4.45
4.58
4.56
4.52
4.54
4.72
4.48
4.43
4.52
4.52
4.02
4.65
4.66
4.56
4.18
4.45
4.4
4.54
4.54
4.53
4.57
4.65
4.52
4.29
4.67
4.58
4.6
4.58
4.22
4.52
4.52
4.49
4.52
4.76
4.43
4.49
4.5
4.25
4.32
4.48
4.45
3.97
4.56
4.52
4.44
4.48
4.3
4.6
4.52
4.24
4.51
4.4
4.57
4.56
4.63
4.42
4.53
4.16
4.44
3.92
4.68
4.32
4.55
4.75
4.47
4.0
4.44
4.61
4.63
4.52
4.38
4.71
4.26
4.43
4.33
4.58
4.55
4.36
4.59
4.51
4.54
4.42
4.38
4.11
4.49
4.57
4.51
4.56
4.56
4.49
4.32
4.29
4.28
4.46
4.1
4.6
4.58
4.5
4.52
4.56
4.61
4.29
4.59
4.4
4.4
4.87
4.52
4.55
4.32
4.13
4.76
4.48
4.5
4.45
4.39
4.31
4.46
4.31
4.75
4.51
4.56
4.42
4.54
4.39
4.8
4.48
4.62
4.49
4.45
4.52
4.43
4.52
4.52
4.63
4.72
4.14
4.47
4.4
4.51
4.4
4.6
4.55
4.7
4.62
4.56
4.56
4.58
4.22
4.46
4.65
4.63
4.46
4.25
4.38
4.51
4.43
4.55
4.36
4.64
4.42
4.52
4.37
4.6
4.48
4.52
4.38
4.52
4.76
4.74
4.5
4.55
4.46
4.52
4.69
4.48
4.68
4.51
4.26
4.48
4.38
4.64
4.33
4.62
4.44
4.5
4.52
4.43
4.48
4.56
4.28
4.47
4.62
4.59
4.37
4.61
4.25
4.67
4.44
4.14
4.21
4.07
4.78
4.37
4.68
4.53
4.53
4.51
4.6
4.41
4.49
4.56
4.41
4.33
4.52
4.66
4.43
4.29
4.52
4.43
4.67
4.25
4.39
4.43
4.58
4.5
4.37
4.39
4.4
4.68
4.6
4.34
4.59
4.56
4.37
4.7
4.56
4.26
4.63
4.24
4.25
4.37
4.37
4.19
4.59
10043:
3.99
4.03
3.87
4.12
3.77
4.08
3.9
3.92
4.2
4.22
3.92
4.23
3.92
4.08
3.95
3.97
4.28
3.96
4.0
4.01
4.15
4.02
4.16
4.15
3.77
4.08
3.86
4.13
4.03
3.59
3.82
3.9
4.03
3.87
4.03
3.94
4.05
4.12
4.01
3.72
3.6
3.87
3.8
3.8
4.04
4.11
3.53
3.74
3.87
4.1
3.84
3.93
3.99
3.92
4.16
3.77
3.85
3.94
3.87
4.03
3.7
4.14
4.15
3.76
10044:
4.03
3.58
3.97
4.0
4.02
4.3
3.81
4.04
3.67
3.99
3.82
3.7
3.76
4.01
4.14
4.03
4.05
3.78
4.2
4.08
3.9
4.06
3.75
4.01
3.96
3.91
3.59
4.04
4.18
4.02
3.95
4.11
4.01
3.97
4.0
3.89
4.11
3.87
3.84
4.02
3.85
4.17
4.06
3.71
4.12
4.05
3.98
3.82
3.83
3.98
3.76
3.73
3.67
3.68
4.01
3.9
3.87
4.2
3.84
3.89
4.0
4.09
4.16
3.74
10045:
3.53
10046:
3.34
3.47
3.07
10047:
4.0
4.18
3.9
3.85
4.07
3.56
3.85
3.9
10048:
3.66
3.64
3.53
3.4
3.57
4.02
3.32
10049:
3.33
3.2
3.32
1005:
3.5
3.04
3.13
2.8
3.31
3.5
3.21
3.32
3.48
3.31
3.48
3.45
3.4
RMSE: 0.83
