3729:
1.82
2.75
373:
3.58
3.73
3730:
3.41
3.75
4.66
3.39
4.03
4.13
4.11
4.33
3.85
4.07
4.05
3.79
4.65
4.15
3.99
3.80
4.32
3.79
4.15
3.69
3.89
3.90
3.68
4.74
3.50
4.44
4.11
3.79
3.97
3.92
4.25
3.45
4.08
4.16
4.04
3.95
4.12
4.41
3.76
4.23
4.19
3.61
3.21
3.69
4.20
4.15
3.26
4.35
3.04
4.17
3.76
4.39
5.10
4.21
3.73
3.50
4.32
4.37
3.40
4.27
3.49
3.93
3.96
3.67
3.93
4.27
4.10
4.13
3.92
3.78
4.10
4.49
3.34
2.69
4.13
4.29
4.15
3.37
3.93
3.95
3.96
4.52
5.29
3.25
4.06
4.25
4.49
4.22
3.95
4.40
4.17
4.29
4.20
4.39
4.61
3.97
4.11
2.77
4.04
3.66
3.91
3.93
3.56
3.90
4.50
4.22
3.84
3.34
4.24
4.63
3.93
4.29
3.16
3.81
4.44
3.88
3.73
4.18
3.71
4.22
4.05
3.33
4.14
3.65
3.96
4.22
3.04
3.83
3.69
4.90
3.65
4.08
4.41
4.36
4.62
4.54
3.93
3.72
3.78
3.87
3.72
4.30
3.75
3.77
3.90
3.75
3.52
3.49
4.26
3.57
4.32
3.70
5.09
3.81
3.42
3.49
4.41
3.67
4.25
3.24
4.11
4.13
4.00
4.44
2.99
3.75
3.90
3.95
4.31
4.35
4.46
3.71
4.06
3.94
3.69
4.06
3.88
3.95
3.69
4.73
3.36
3.69
4.04
4.76
4.46
3.22
3.92
4.01
4.11
3.86
3.65
4.30
3.01
3.84
3.42
3.49
3.90
3.51
3.28
3.94
2.80
3.35
4.47
3.91
3.29
2.94
3.57
4.06
3.83
4.00
3.86
3.66
3.57
4.49
3.95
4.06
4.54
4.01
3.94
4.34
2.86
3.45
4.20
3.68
4.15
4.00
3.86
4.09
3.98
4.36
3.94
4.16
3.95
4.06
3.80
3.66
4.04
4.22
4.98
4.47
3.21
3.72
3.67
3.82
3.52
4.28
3.57
3.22
4.71
3.88
4.01
3.92
4.41
3.66
4.68
3.94
3.66
4.42
3.51
4.59
4.26
3.27
4.39
3.78
4.03
3.27
3.86
3.33
3.59
4.24
3.87
3.97
3.65
3.93
3.98
3.92
3.74
3.64
4.62
4.05
3.52
3.90
3.81
4.12
4.15
3.79
3.99
4.23
3.96
4.46
3.46
3.38
3.82
3.99
4.09
4.42
4.47
3.79
3.67
4.29
4.02
3.86
3.62
3.60
3.97
4.07
3.85
3.51
4.12
4.10
3.05
3.83
4.54
4.01
3.89
4.19
3.77
3.86
3.91
3.78
4.26
3.31
3.51
3.52
4.39
4.18
5.03
3.61
4.11
3.65
4.56
3.45
3.33
4.19
3.96
3.68
3.42
2.48
4.31
3.92
4.06
3.75
4.12
4.16
4.06
4.03
4.09
3.60
2.94
3.97
4.21
3.67
3.88
3.61
3.89
4.01
4.58
4.15
3.40
4.30
4.10
3.43
3.24
3.87
3.21
4.19
4.23
3.82
3.74
4.47
4.22
4.38
4.26
3.58
4.05
3.81
3.53
3.88
3.72
3.83
3.59
3.16
3.27
3.80
3.98
4.27
4.45
4.29
4.10
3.54
4.08
3.78
3.29
3.95
4.22
3.94
4.07
3.32
4.70
3.94
4.39
3.56
4.21
3.81
3.80
3.74
4.44
3.93
3.91
4.24
3.48
2.81
4.44
4.41
4.21
3.19
3.47
3.83
4.16
4.17
3.58
3.39
4.03
3.51
4.36
4.49
4.17
3.37
3.39
3.94
3.91
4.03
3.99
4.10
4.20
3.79
3.86
3.10
4.18
4.78
3.86
3.51
3.83
3.70
3.73
3.68
4.30
3.56
3.88
3.77
3.97
4.41
4.09
4.03
3.71
4.47
3.94
3.55
3.85
4.30
3.41
3.75
3.95
3.75
4.17
3.76
3.76
4.65
3.30
4.30
3.94
3.57
3.95
3.25
3.97
3.72
3.32
3.72
3.91
4.06
4.25
3.98
3.75
4.25
4.07
4.51
3.95
3.40
4.01
5.29
3.36
3.95
4.05
3.56
3.99
3.50
4.02
4.07
4.14
3.76
4.05
3.36
4.12
3.87
3.00
4.23
4.22
4.18
3.80
3.84
3.54
3.55
3.35
4.53
4.39
3.62
4.74
3.23
4.39
3.93
3.47
3.72
4.46
3.81
3.97
4.11
4.23
4.17
3.35
4.34
3.93
3.66
2.99
4.00
4.32
4.22
3.77
3.64
3.45
4.57
3.44
4.12
3.75
4.56
3.54
4.24
3.24
3.63
3.70
4.41
4.75
3.53
3.75
4.11
4.19
4.36
3.66
3.50
4.12
4.09
3.85
4.12
3.67
4.01
3.55
3.87
3.82
3.82
4.48
5.32
4.01
3.46
4.25
3.00
4.02
4.30
3.78
3.83
3.34
3.88
3.24
3.42
3.68
3.93
3.90
4.24
3.83
3.75
4.23
4.09
3.87
3.64
3.64
3.50
4.44
3.61
4.11
4.27
4.03
4.14
3.52
3.56
4.28
3.79
4.38
3.68
3.73
3.93
3.56
3.19
3.85
4.68
4.33
3.87
4.01
4.29
3.57
3.34
4.27
4.30
4.10
3.70
4.32
3.38
3.31
4.61
3.38
4.01
3.77
4.22
3.57
4.05
4.19
3.29
3.58
3.88
3.36
3.59
4.25
4.43
3.86
3.93
4.79
4.05
3.73
3.88
4.30
3.95
3.78
4.19
4.13
4.00
3.56
4.25
3.38
3.92
4.15
4.40
3.31
5.13
4.10
3.75
4.46
4.05
4.10
3.84
4.27
3.62
3.96
4.55
3.66
3.83
3.82
3.90
3.74
3.78
3.80
4.98
3.93
4.24
3.78
3.99
4.41
4.40
3.05
4.29
2.84
3.83
4.24
4.03
3.89
4.06
4.44
4.39
4.11
4.07
3.62
4.01
3.94
4.45
3.72
2.71
4.24
3.87
3.75
3.50
3.82
4.02
3.78
4.09
4.54
3.91
4.03
3.72
4.19
3.91
3.69
4.18
3.85
3.89
3.92
3.75
4.20
3.96
3.61
3.92
4.60
3.42
3.25
3732:
3.08
3.18
2.61
2.85
3733:
3.66
3.90
3.69
4.31
3.29
4.25
5.11
3.63
3.64
3.82
3.60
3.60
3.62
4.06
3.89
4.40
3.46
3.69
3.55
3.37
3.43
3.87
3.32
4.26
3.56
3.43
4.57
3.90
3.61
3.74
3.87
3.35
3.52
3.92
2.89
4.37
3.68
4.57
3734:
3.54
4.85
3.45
3.91
4.15
4.30
4.89
3.27
4.60
4.45
4.04
3.93
3.21
3.93
3.45
4.58
3735:
2.84
3.91
3.14
3.40
2.40
2.47
3.36
3.70
2.79
2.86
3.12
3.53
2.59
2.95
3.33
2.60
3.29
4.01
2.78
3.37
3.50
3.15
2.67
2.89
3.11
3.08
3736:
4.63
5.29
3.84
3.23
4.78
4.27
4.47
4.39
4.55
3.92
4.49
3.95
4.99
3.40
4.55
4.44
3.85
4.31
4.74
2.52
4.68
4.55
3.96
3.86
4.33
4.82
4.28
4.31
4.60
4.07
4.47
4.14
4.77
4.38
4.31
4.32
4.87
4.44
3.63
4.71
4.51
4.35
4.48
4.44
3.76
3.66
3.92
4.29
3.97
4.12
5.04
5.23
3.94
4.24
4.66
4.12
4.19
4.22
4.40
4.70
4.16
4.22
4.18
3.69
4.44
3.96
4.60
5.01
4.14
4.41
3.33
4.17
4.17
4.04
4.35
4.63
4.66
4.36
4.38
4.93
4.73
4.45
4.58
4.91
4.84
3737:
2.57
3.20
3.45
4.43
3.62
3.19
2.72
4.04
3738:
3.99
3.25
3739:
3.23
3.20
3.21
3.46
3.22
3.48
3.69
3.83
3.56
3.68
4.07
2.92
3.11
4.06
3.74
3.23
4.02
3.24
4.12
3.33
3.94
3.40
3.38
3.67
3.42
3.64
3.07
3.71
3.28
3.27
2.34
3.07
4.04
3.24
3.32
2.98
3.78
3.86
3.53
3.55
3.59
3.53
3.59
2.99
3.32
374:
4.86
3.68
3.70
4.25
4.51
3.43
3.99
3.37
4.18
3.97
3.31
3.41
3.81
3.64
4.40
3.92
4.07
4.08
4.30
4.44
3.29
4.16
4.22
3.88
4.58
4.04
4.13
4.22
4.59
3.92
3.69
4.80
3740:
4.18
3.03
3.70
3.17
3.42
3.70
3.66
4.70
3.25
3.45
4.08
4.09
3.58
3.42
4.67
4.45
3.85
3.03
3.19
3.30
3.58
3.07
3.19
3.42
3.81
3.81
3.56
3.69
3.33
3.26
3.52
4.58
3.09
3.57
3.05
3.70
3.53
3.55
4.03
3.41
3.28
3.22
3.93
RMSE: 0.89
