10010:
2.95
2.85
2.87
3.59
3.14
2.94
3.01
2.9
2.67
3.07
2.76
2.75
2.82
2.66
3.54
2.9
2.76
3.13
2.43
2.93
2.65
2.74
2.78
10011:
4.05
3.87
10012:
3.36
4.12
3.29
3.36
3.96
4.0
3.04
3.45
3.3
3.46
3.99
3.35
3.29
10013:
3.6
3.44
3.58
3.96
3.46
3.53
3.43
3.6
3.43
4.01
3.25
4.11
3.43
3.63
3.33
3.43
3.25
3.36
3.49
3.22
3.31
3.15
3.4
3.62
3.63
3.4
3.48
3.09
3.22
3.46
3.36
3.19
3.28
4.0
3.35
3.29
3.5
4.09
3.99
3.18
4.13
3.44
3.54
3.49
3.53
3.17
3.42
3.52
3.28
3.59
3.31
3.36
3.58
4.01
3.45
3.14
4.01
10014:
3.36
4.11
3.1
3.92
3.35
10015:
3.71
3.46
3.27
3.57
3.77
3.57
3.85
3.74
3.76
3.5
3.8
3.65
3.53
3.87
3.87
3.55
3.7
3.9
3.69
3.89
4.7
3.88
4.43
3.24
3.41
3.47
3.89
3.66
10016:
3.18
2.77
2.92
3.24
3.95
10017:
3.35
3.82
3.38
10018:
4.48
3.75
3.24
3.35
3.53
3.7
3.59
3.45
2.99
3.79
3.59
3.79
3.76
3.71
3.46
3.65
3.53
3.63
3.53
3.63
3.57
3.42
4.14
4.19
3.51
3.81
3.6
3.75
3.67
4.17
10019:
3.54
3.36
3.69
3.32
4.3
4.24
3.58
3.13
4.02
3.48
4.35
3.28
3.31
3.44
3.7
3.61
4.04
3.56
3.5
4.33
3.7
4.02
4.01
3.59
4.08
4.05
3.37
3.44
3.46
3.7
3.5
3.51
3.7
4.12
3.44
4.13
3.0
3.64
4.09
4.1
4.13
4.23
3.65
4.04
4.23
3.29
4.02
4.2
4.07
3.64
3.35
3.44
4.05
3.45
3.49
3.0
3.23
3.41
4.3
3.41
3.26
3.51
3.47
3.5
4.05
4.5
3.5
4.49
3.6
1002:
3.41
3.21
3.49
3.57
3.5
3.62
4.06
3.02
3.54
3.54
4.14
3.56
3.47
3.33
10020:
3.8
3.89
3.69
4.26
3.79
3.68
3.8
4.29
4.27
3.83
3.8
4.61
3.72
3.87
3.83
3.81
4.28
3.64
4.23
3.63
4.35
3.53
3.74
3.71
3.48
3.08
4.26
10021:
2.82
3.35
3.38
2.88
10022:
2.9
3.43
3.28
3.17
3.45
3.45
3.09
3.1
10023:
3.83
3.77
3.79
3.61
4.54
3.61
3.48
3.75
3.57
3.8
4.34
10024:
3.58
4.12
3.47
4.04
3.55
3.37
3.36
3.42
3.68
3.68
10025:
3.27
10027:
4.42
3.69
3.64
3.7
3.35
3.66
3.6
4.27
3.52
3.91
3.74
3.76
3.86
3.51
3.79
4.31
3.65
3.88
4.25
3.82
3.61
4.24
3.75
3.67
4.28
3.87
4.34
4.4
4.48
4.41
4.44
3.89
3.49
3.68
3.88
4.41
4.51
3.88
3.9
3.62
4.25
4.24
4.68
3.72
3.68
4.29
3.9
3.82
4.34
4.32
3.79
4.3
3.69
3.65
3.59
4.27
3.61
3.64
4.35
4.26
3.67
3.68
3.5
3.46
4.42
4.61
3.48
4.22
3.5
4.28
4.24
4.23
3.85
3.75
4.42
3.84
4.29
3.91
3.32
3.71
4.53
4.59
3.34
3.74
3.88
4.31
3.76
3.89
10028:
3.24
3.36
3.2
4.04
4.11
3.17
4.2
10029:
3.34
4.09
4.03
3.23
10031:
3.46
3.13
3.58
3.05
4.1
3.26
3.16
2.97
3.15
10032:
3.38
4.55
4.24
4.29
4.19
3.2
3.6
3.53
3.75
3.05
3.43
4.26
4.5
3.57
4.21
3.23
3.68
3.57
3.57
3.68
3.44
3.6
3.49
3.61
3.63
3.37
3.57
3.59
4.24
3.45
3.63
3.74
4.21
3.73
3.54
4.15
3.49
3.48
3.55
3.53
3.6
3.66
3.54
3.34
3.53
3.64
3.82
10033:
3.94
3.48
3.01
3.51
3.44
3.15
3.35
3.23
3.45
3.26
3.54
3.41
4.35
3.97
10034:
2.66
3.01
10035:
3.15
4.48
4.54
3.99
4.39
4.34
3.67
3.62
3.74
3.56
3.87
3.76
3.88
3.95
3.8
3.81
3.87
3.94
3.99
4.77
10036:
3.49
3.54
3.63
3.51
3.8
3.65
3.37
3.72
3.27
3.4
3.51
3.67
3.87
3.82
4.45
3.86
3.7
3.85
3.15
3.39
3.74
3.54
4.27
3.84
3.83
4.26
3.82
3.76
3.8
3.35
3.68
3.41
3.35
3.6
3.53
3.6
3.74
3.72
3.61
3.81
3.55
3.79
4.29
3.88
3.81
3.9
4.48
4.45
3.43
3.9
3.5
3.75
3.76
3.38
3.67
4.33
3.44
4.61
3.55
3.89
3.79
4.36
3.47
4.38
3.49
4.41
3.64
3.91
3.78
3.85
4.5
3.86
3.77
3.51
3.84
4.28
3.9
3.49
3.91
4.22
3.71
3.56
4.53
3.88
3.35
3.77
3.63
3.81
3.79
3.66
3.53
4.28
3.62
4.23
3.64
3.49
3.5
3.82
3.59
4.25
4.28
3.77
3.62
4.39
3.5
3.34
3.73
3.46
3.54
3.79
3.8
3.54
3.63
3.84
3.59
3.7
4.46
3.55
3.62
3.83
3.72
3.77
3.78
3.65
3.83
3.56
4.29
4.42
3.59
3.52
3.84
3.44
3.49
3.91
3.62
3.48
3.79
3.77
3.9
3.39
4.49
4.23
3.47
3.69
3.53
4.46
3.56
3.79
3.57
3.48
3.81
3.84
3.87
3.58
3.71
3.55
4.57
3.61
3.7
4.36
3.9
3.56
3.83
3.89
3.7
3.7
3.89
4.34
3.77
3.61
3.52
3.62
4.24
3.57
3.83
3.79
3.63
3.91
3.89
4.36
3.71
4.36
3.47
3.77
4.51
3.65
3.69
3.68
3.86
3.72
3.8
3.49
3.81
4.52
3.9
3.33
3.71
3.81
3.42
3.75
3.77
3.74
3.61
3.74
3.29
4.57
3.77
3.85
3.5
3.65
3.72
3.57
4.34
3.59
3.58
10037:
4.08
3.35
3.44
4.0
3.94
3.96
3.45
3.21
3.38
3.96
3.35
3.39
3.44
3.47
10038:
4.13
3.42
3.32
3.41
3.32
3.86
3.86
3.22
10039:
2.59
1004:
2.94
2.96
3.14
3.13
3.39
3.25
3.3
3.91
2.88
3.3
3.36
3.91
3.43
3.27
3.07
2.88
3.17
3.32
3.13
3.23
3.38
3.14
3.07
2.58
3.05
2.88
3.21
3.26
2.98
3.27
3.28
10040:
3.34
3.24
3.88
10041:
3.52
3.25
3.33
3.14
3.32
3.35
3.93
3.3
3.46
3.16
3.01
3.47
4.01
3.14
3.37
3.5
3.35
3.1
3.24
2.98
3.22
3.36
3.13
3.25
3.44
2.98
3.4
3.16
3.42
3.18
3.44
10042:
4.19
3.93
4.18
4.0
4.1
4.62
4.72
3.91
4.73
4.0
4.21
4.0
4.22
4.09
4.15
4.63
3.93
4.62
4.24
4.18
4.02
4.64
3.68
4.1
4.17
4.74
4.24
3.53
4.25
4.19
4.14
4.24
4.16
4.71
4.16
4.78
4.07
4.16
3.96
3.82
4.2
4.05
3.98
3.92
4.04
4.67
4.16
3.9
4.08
3.89
4.1
4.62
4.73
3.85
4.81
4.68
3.75
4.2
3.84
4.05
4.16
4.1
4.17
4.09
3.74
3.81
4.02
4.61
4.04
3.83
3.97
3.89
4.16
3.99
3.91
4.72
4.63
4.1
4.12
4.25
3.87
4.1
4.24
4.12
4.67
3.97
4.04
4.24
3.82
4.64
3.99
4.19
4.95
4.07
4.1
4.6
4.11
4.16
4.1
4.01
4.58
4.61
4.01
4.81
4.25
4.06
4.11
4.13
4.76
4.1
4.63
4.15
3.84
4.6
3.88
4.07
4.16
3.85
4.19
4.74
3.78
4.79
4.15
4.8
4.59
4.94
3.82
4.01
4.19
3.93
3.98
4.18
4.12
2.9
4.07
4.1
4.78
4.92
3.94
4.74
4.07
4.83
4.1
4.06
4.13
4.11
4.2
3.82
3.92
4.63
3.97
4.22
4.91
4.14
4.58
4.07
4.04
3.81
3.86
4.25
3.66
4.68
4.15
4.17
4.03
4.69
4.02
3.99
4.06
4.2
4.65
4.65
3.92
4.0
4.64
4.01
4.21
4.75
4.88
4.2
3.93
4.14
4.69
4.02
4.17
4.75
3.97
3.75
4.06
4.64
3.95
4.12
4.65
3.95
4.65
4.72
4.66
4.06
4.16
4.22
4.18
4.59
4.19
4.07
4.24
3.45
4.25
4.16
4.21
4.02
3.98
4.04
4.72
4.69
4.76
4.63
4.59
4.25
4.12
4.56
4.06
4.57
4.69
4.56
4.15
4.24
4.64
3.98
4.12
4.1
4.16
4.17
4.12
4.05
4.74
4.11
4.64
4.0
4.23
4.19
3.97
4.8
3.9
4.61
4.55
4.59
4.83
4.59
4.12
4.22
3.85
4.14
4.86
4.09
4.09
4.07
3.9
4.58
4.22
3.87
3.88
3.84
4.14
4.75
3.77
4.07
4.08
4.58
4.0
4.01
4.13
4.67
4.08
3.96
3.84
3.93
4.11
4.56
4.16
4.16
4.12
3.99
4.59
4.02
4.24
4.04
3.87
4.65
4.0
4.23
4.23
3.93
4.56
3.97
4.6
3.93
4.05
4.17
4.03
4.07
4.24
4.17
4.19
4.15
3.82
4.15
4.11
4.15
4.23
4.25
4.14
4.0
4.23
4.09
4.11
4.65
4.0
4.66
4.63
4.01
4.56
3.98
4.64
4.24
4.62
4.64
4.64
4.18
4.7
4.13
4.65
4.16
3.86
4.61
4.0
4.19
4.23
4.81
4.01
4.68
4.66
4.24
4.66
4.96
3.96
4.59
4.57
4.78
3.99
4.56
4.76
4.0
4.61
4.04
3.85
4.18
4.22
4.61
4.05
4.19
4.0
4.0
4.09
RMSE: 0.91