10063:
3.9
3.2
3.6
3.7
4.0
3.8
4.0
4.1
3.6
3.7
4.0
4.0
3.9
3.7
10064:
3.5
3.6
3.8
10065:
3.5
3.6
3.5
3.5
3.6
3.6
3.3
3.3
3.1
3.2
3.1
3.4
3.5
3.7
3.6
3.6
3.5
3.5
3.5
3.7
3.4
3.5
3.5
3.6
3.5
3.7
3.6
3.8
3.3
3.6
3.3
3.5
3.4
3.4
3.6
3.7
10066:
3.5
3.6
3.6
3.4
3.2
10067:
4.1
3.8
4.0
3.9
3.7
3.7
3.7
10068:
3.6
4.0
3.8
4.1
3.9
3.9
10069:
3.8
3.5
3.4
1007:
3.6
3.5
3.9
3.6
3.7
10070:
3.6
3.4
3.4
10071:
4.2
4.3
4.1
4.2
4.2
4.2
4.3
4.0
4.2
4.2
4.2
4.1
4.0
3.9
3.8
4.0
3.8
4.0
4.1
4.1
4.1
10072:
4.5
4.5
4.4
4.4
4.4
4.3
4.1
4.3
4.3
4.2
4.3
4.6
4.5
4.3
4.4
4.4
4.2
4.4
4.5
4.1
4.4
4.1
4.5
4.3
4.1
4.0
4.2
4.0
4.1
4.3
4.1
4.4
4.2
4.4
4.3
4.3
4.0
4.7
4.3
4.4
4.5
4.3
4.1
4.6
4.1
4.2
4.4
4.5
4.3
4.2
4.4
4.2
4.2
4.5
4.2
4.5
4.1
5.0
4.1
4.0
4.2
4.2
4.5
4.3
4.5
4.1
4.2
4.6
4.3
4.3
4.4
4.5
4.4
4.5
10073:
3.9
3.7
3.6
3.7
4.0
3.9
3.7
3.7
3.7
3.3
3.8
5.0
3.8
3.7
4.0
3.9
3.8
10074:
4.3
3.8
4.1
4.0
3.9
4.1
3.8
4.0
4.1
4.0
3.7
3.9
3.6
4.2
3.7
10075:
3.7
10076:
4.4
3.8
4.0
4.2
3.9
4.0
4.0
10077:
3.9
4.0
3.8
3.2
3.8
3.6
3.8
3.5
3.8
3.8
3.7
3.8
3.8
10078:
3.5
3.1
3.3
3.5
3.7
3.4
3.5
3.6
3.7
3.3
3.5
3.3
3.8
3.4
3.3
3.4
3.6
3.5
3.4
3.3
3.4
3.5
3.5
3.5
3.4
3.7
3.1
3.3
3.4
3.6
3.6
3.4
3.3
3.4
3.7
3.5
3.3
3.6
3.5
3.0
3.5
3.2
3.6
3.3
3.8
3.4
3.3
3.5
3.7
3.3
3.4
3.5
3.4
3.4
3.4
3.4
3.5
3.4
3.3
3.4
3.5
3.4
3.4
3.5
3.4
3.5
3.7
3.6
3.1
3.5
3.5
3.4
3.3
3.4
3.4
3.2
3.4
3.5
3.3
3.5
3.3
3.3
3.4
3.4
3.5
3.3
3.8
3.5
3.4
3.4
3.1
3.7
3.5
3.7
3.5
3.5
3.6
3.1
3.6
3.5
3.3
3.6
3.5
3.5
3.4
3.9
3.6
3.6
3.6
3.5
3.5
3.7
5.0
3.0
3.4
3.6
3.4
3.4
3.4
3.5
3.1
3.6
3.2
3.9
3.2
3.5
3.2
3.5
3.3
3.4
3.5
3.3
3.6
3.7
3.6
3.6
3.4
3.4
3.5
3.2
3.4
10079:
4.1
4.2
4.2
4.1
3.9
3.9
4.1
4.1
4.2
4.0
4.5
5.0
4.3
4.1
4.2
4.3
4.1
4.1
5.0
4.3
5.0
1008:
4.3
4.0
4.0
3.3
3.9
4.0
3.9
3.8
3.8
3.9
3.5
3.9
4.1
4.0
4.2
3.9
3.5
3.8
5.0
4.0
4.1
4.0
4.0
3.6
3.9
3.8
3.8
4.0
4.0
4.0
3.9
3.6
3.7
3.8
3.7
3.9
3.4
3.8
3.9
3.9
10080:
4.6
4.6
4.5
4.6
4.8
4.6
4.4
4.6
4.8
4.5
4.7
4.6
4.7
4.3
4.8
4.6
4.3
10082:
3.1
2.9
2.9
3.1
2.9
2.9
2.7
2.6
2.9
3.1
2.6
5.0
2.9
2.8
2.6
3.0
2.5
5.0
2.7
3.0
2.8
2.3
3.0
2.5
2.5
2.5
2.5
3.2
2.6
5.0
2.8
2.9
2.8
2.9
3.0
2.8
2.7
3.0
2.6
2.6
2.8
2.7
2.7
2.7
2.7
2.6
2.7
2.8
2.8
2.7
3.0
2.8
2.8
2.5
3.0
2.7
2.6
3.1
3.0
2.4
2.6
3.3
2.4
2.8
2.9
2.7
2.8
2.8
2.6
3.0
2.5
3.2
2.8
3.0
2.4
2.8
2.9
2.7
3.1
2.6
2.9
2.6
2.7
2.7
2.6
2.7
2.5
2.4
2.7
2.8
3.0
2.9
2.6
2.8
3.1
2.6
2.6
2.7
3.0
2.7
2.8
2.6
2.9
2.9
3.0
2.5
2.8
2.5
3.0
3.0
2.5
2.7
2.9
2.6
2.8
2.9
2.5
2.5
2.6
2.7
3.1
2.8
2.6
2.7
2.7
3.1
2.7
2.9
3.1
2.6
2.7
2.8
2.9
2.9
2.9
2.9
2.8
2.7
3.0
2.8
2.3
2.7
2.6
2.6
2.8
2.8
3.1
2.7
2.8
2.3
2.7
2.6
2.7
3.2
2.7
2.9
2.7
2.3
3.2
2.6
2.8
2.9
2.8
2.4
2.8
2.6
3.0
2.8
2.6
2.6
2.9
2.7
3.1
2.9
2.6
2.7
2.7
2.7
3.1
2.7
3.1
2.8
2.5
2.7
2.6
2.4
2.8
2.8
2.7
2.5
2.8
3.2
2.7
2.9
3.0
2.8
2.7
3.1
2.8
2.8
2.7
3.0
2.5
2.5
2.6
2.8
2.9
2.7
2.9
2.7
2.7
2.8
5.0
2.9
2.8
5.0
3.0
2.3
2.7
2.9
2.6
2.6
2.5
3.1
2.8
2.7
2.9
2.8
10083:
3.3
3.7
3.3
3.7
3.4
3.6
3.4
3.6
3.2
3.2
3.5
3.4
3.5
3.4
3.6
3.7
3.4
3.7
3.3
3.4
3.4
3.5
3.6
3.1
3.3
3.5
3.6
3.3
3.2
3.6
3.5
10084:
4.2
3.9
3.9
4.2
3.8
3.9
4.0
3.9
4.0
3.8
4.0
4.2
4.0
4.1
3.9
3.9
3.7
4.1
4.0
4.3
3.9
3.9
4.0
3.9
4.3
3.9
4.1
4.1
3.8
4.0
3.9
4.0
4.2
4.1
3.9
4.1
3.9
4.0
4.1
3.9
3.6
4.1
3.8
4.2
10085:
3.4
3.6
3.7
3.3
3.0
3.6
3.3
3.5
3.1
3.3
10086:
3.8
3.9
10087:
4.0
5.0
4.2
4.0
4.0
4.1
4.0
4.3
3.9
4.2
3.9
4.1
4.1
4.1
4.2
4.3
10088:
4.1
3.9
4.0
3.6
5.0
3.9
3.8
3.9
4.2
4.0
4.1
4.0
4.0
4.4
4.1
4.0
3.6
3.6
3.7
4.0
4.0
4.1
4.1
3.8
4.2
4.1
3.9
4.0
3.8
3.9
4.0
3.7
3.8
4.1
4.0
4.2
4.0
4.0
3.8
4.1
3.9
3.8
4.2
3.9
4.0
4.0
4.1
4.1
3.9
3.9
3.9
4.1
4.2
4.1
4.1
4.0
4.0
3.9
3.8
4.0
3.7
3.7
4.0
4.2
3.9
3.8
4.2
4.0
4.0
4.0
4.2
3.7
3.8
4.1
4.1
3.8
4.0
3.7
4.2
3.9
4.1
3.8
4.1
4.1
4.1
3.9
3.7
4.1
3.8
3.8
3.8
4.1
4.2
4.0
4.1
3.9
4.1
4.0
4.2
4.3
3.8
4.1
4.0
4.0
3.8
3.7
4.1
3.9
4.1
3.9
4.0
4.2
3.9
4.2
3.9
4.1
3.9
4.0
3.8
4.2
3.9
3.9
10089:
3.7
3.9
3.6
3.8
3.9
1009:
3.7
10090:
4.1
4.3
4.2
4.1
4.1
4.1
4.4
4.4
4.2
4.3
4.4
4.4
4.1
4.2
4.0
4.4
4.4
4.2
4.2
4.4
5.0
4.3
4.4
4.1
4.1
4.3
10091:
3.5
3.5
3.3
3.8
10092:
3.9
3.6
3.9
3.8
3.8
3.8
3.7
3.8
3.9
3.9
3.5
10094:
3.8
3.9
3.9
4.0
3.7
3.8
3.5
3.2
4.1
5.0
4.1
3.7
3.7
3.9
3.9
3.5
3.6
3.8
3.8
3.8
3.9
3.7
3.9
4.0
3.8
3.9
3.8
3.3
3.8
3.9
3.5
3.9
3.9
3.8
4.1
3.9
3.8
3.8
3.8
3.9
3.8
3.7
3.7
3.8
4.0
4.0
3.9
4.0
4.0
3.6
4.1
3.7
3.8
3.7
4.1
3.7
3.8
4.1
4.0
3.9
3.9
3.9
3.9
3.8
3.8
3.9
3.8
4.2
3.7
4.1
3.6
3.8
3.9
4.0
4.0
4.0
4.1
10095:
4.5
4.2
4.2
4.1
4.2
3.8
4.1
4.1
3.4
4.3
4.3
4.3
4.4
3.9
4.0
4.1
4.2
4.3
4.3
4.0
4.1
4.1
4.1
4.1
4.3
4.1
4.2
4.1
4.2
4.3
4.2
4.2
4.3
4.2
4.0
3.9
5.0
4.1
4.4
4.3
4.4
4.0
4.0
4.5
4.2
4.0
4.2
4.2
4.2
4.0
4.0
10096:
3.6
3.8
3.6
3.7
3.8
3.5
4.1
3.9
3.7
4.1
3.6
3.7
3.7
3.6
3.8
4.0
3.9
3.9
3.8
4.0
3.9
3.8
3.8
3.7
3.8
4.0
3.7
3.7
4.0
3.7
4.0
4.0
3.5
3.7
3.8
3.8
4.2
4.0
4.0
3.8
3.9
4.2
3.7
4.3
3.9
3.8
3.9
4.0
3.6
3.2
3.7
4.2
3.6
3.8
3.9
3.9
3.9
3.9
3.9
3.7
3.8
3.6
3.6
3.8
4.1
3.8
3.9
10097:
3.3
3.6
3.1
3.4
3.2
3.4
3.1
3.0
3.4
3.3
2.8
3.2
3.4
3.3
3.5
3.5
3.3
3.1
3.1
3.3
3.2
3.5
3.4
3.6
3.5
3.3
3.3
3.3
2.8
3.4
10098:
3.3
3.5
3.5
3.4
3.2
3.5
3.4
10099:
3.9
3.9
3.9
5.0
3.8
3.9
4.1
4.2
3.9
101:
5.0
3.4
3.7
3.6
4.0
4.1
1010:
4.0
10100:
3.4
3.7
3.4
3.3
3.4
3.4
3.4
3.0
3.2
3.1
3.5
10101:
4.1
4.0
4.1
3.9
3.7
4.1
3.8
4.0
4.1
4.3
3.9
4.0
4.0
4.0
4.2
3.8
4.0
4.0
4.1
3.9
3.7
3.6
3.8
3.9
3.8
4.3
3.9
3.9
10102:
3.6
3.7
3.6
3.5
3.5
3.6
3.6
3.7
3.8
3.6
3.7
3.5
3.3
3.7
3.6
3.8
3.5
3.6
3.6
3.6
10103:
4.0
4.1
3.9
3.9
4.2
3.9
5.0
3.9
4.1
3.7
4.0
4.0
3.9
4.0
3.9
3.5
3.6
4.1
4.1
4.0
3.9
3.9
3.8
4.2
4.1
4.3
3.7
4.0
4.0
3.5
3.8
4.1
3.7
4.0
3.8
4.0
3.9
3.9
3.7
3.9
3.9
4.0
3.8
3.9
3.9
4.1
3.8
4.1
4.0
3.8
3.7
3.6
3.7
3.6
3.6
3.9
3.9
3.9
4.0
3.8
3.8
3.7
3.8
3.9
4.1
4.0
4.2
4.0
4.0
3.9
4.2
3.7
3.9
3.7
3.7
3.9
4.1
4.2
10104:
3.8
10105:
3.5
3.6
3.4
3.6
3.3
3.7
3.5
3.4
3.3
3.7
3.5
4.0
3.1
2.8
3.5
3.5
3.3
3.5
3.4
3.6
3.7
3.3
3.7
3.8
3.7
3.5
3.6
3.8
3.4
3.6
3.6
3.6
3.4
3.6
3.5
3.5
3.6
3.6
3.6
3.7
3.4
3.5
3.7
3.3
3.6
3.4
3.6
3.4
3.6
3.6
3.7
3.8
3.6
3.3
3.5
3.6
3.3
3.4
3.6
3.6
3.2
3.3
3.6
3.6
3.7
3.6
5.0
3.7
3.8
3.6
3.5
3.4
3.5
3.5
3.6
3.6
3.7
3.4
10106:
3.3
3.6
3.6
3.6
3.6
3.0
5.0
10107:
3.8
3.8
3.8
3.4
3.6
3.5
3.7
3.7
3.7
3.8
3.4
10108:
3.2
3.1
3.2
10109:
3.7
3.8
4.0
3.7
3.7
3.7
3.7
3.3
3.6
3.6
5.0
3.6
3.5
3.8
1011:
3.6
3.7
3.9
3.5
3.7
3.8
3.7
3.9
3.7
3.7
3.6
3.7
3.7
3.7
3.4
3.5
3.7
3.5
3.6
2.7
3.6
3.6
3.8
3.6
3.8
3.7
3.8
3.7
3.2
3.4
3.9
3.7
3.2
3.7
3.8
3.7
3.6
3.7
3.8
3.6
3.4
3.5
3.7
3.8
4.0
4.0
3.9
3.3
3.8
3.3
3.6
3.7
3.5
3.9
3.6
3.6
3.4
3.4
3.7
3.6
3.4
3.6
3.5
3.4
3.7
3.8
3.8
3.9
3.5
3.9
3.6
3.5
3.7
3.6
3.9
4.0
3.8
4.0
3.7
3.8
3.8
3.7
3.8
3.3
3.6
3.8
3.8
3.9
3.2
3.6
3.4
3.7
3.6
3.7
3.8
3.5
3.9
3.3
3.8
3.7
3.8
3.9
3.6
3.4
3.7
3.6
3.6
3.9
3.6
3.7
3.3
3.6
3.7
3.2
3.7
3.7
3.9
RMSE: 0.91
