2683:
3.69
3.41
3.53
3.56
2684:
3.02
3.0
3.16
3.18
3.04
3.09
3.2
3.02
2.78
2.79
3.0
3.36
3.4
3.02
3.18
3.05
3.22
3.22
3.27
3.71
3.19
3.38
3.38
3.32
3.05
3.34
3.47
3.56
3.17
3.31
3.29
3.28
3.35
3.4
3.17
2685:
3.11
3.31
2.9
2.72
3.18
3.38
3.08
3.22
3.27
3.25
2.94
2686:
3.52
3.52
3.77
3.52
3.61
3.79
3.97
3.6
3.56
3.78
3.54
3.5
3.85
3.48
3.94
3.43
3.91
3.85
3.93
3.76
3.45
3.44
3.57
3.77
3.6
2687:
3.6
3.88
3.56
3.62
3.78
3.78
3.98
3.39
3.61
3.64
3.84
3.69
3.69
3.65
3.54
3.78
3.57
3.94
3.76
3.87
3.66
3.65
3.99
3.58
3.62
3.73
3.85
3.62
3.55
3.51
3.72
3.92
3.62
3.91
4.06
3.69
3.69
3.68
3.95
3.88
2688:
4.08
3.85
3.97
3.86
3.87
3.35
3.76
3.73
3.64
3.56
3.92
3.65
3.85
3.37
4.13
3.94
3.87
4.01
3.62
3.84
4.12
3.81
3.63
3.92
3.94
3.82
3.72
3.97
3.21
3.87
3.9
3.75
3.87
3.44
4.0
2689:
3.67
3.34
3.33
269:
3.35
3.73
3.79
3.59
3.97
3.78
3.77
3.69
3.69
3.49
3.7
3.42
3.79
3.76
3.5
3.77
3.54
3.71
3.69
3.67
3.58
3.7
3.85
3.92
3.6
3.61
3.75
3.66
3.93
3.87
3.89
3.77
4.01
4.01
3.62
3.67
3.46
3.77
3.91
3.67
3.82
4.03
3.8
3.71
3.75
3.77
4.12
3.84
3.96
3.79
4.05
3.81
3.4
3.72
3.89
3.83
3.47
3.96
3.65
3.59
3.85
3.29
3.46
3.79
3.93
3.49
3.82
3.67
3.79
3.84
3.96
3.88
3.83
3.61
3.75
3.68
3.9
3.86
3.76
3.7
4.14
3.67
3.65
3.89
3.76
3.71
3.6
3.95
3.86
3.8
3.74
3.69
3.67
3.63
3.71
3.46
3.99
3.95
3.59
3.94
3.82
3.78
3.26
3.96
3.99
4.05
3.76
3.97
3.46
3.61
3.8
2690:
3.83
3.9
3.87
4.1
3.85
4.05
4.06
4.19
4.22
3.88
4.14
3.95
3.86
4.01
4.15
3.93
4.3
4.23
3.91
4.04
3.8
3.94
3.99
4.1
3.94
4.07
4.09
4.16
3.92
4.0
4.2
3.94
4.03
4.17
4.13
4.27
3.77
3.96
4.16
3.98
3.87
4.14
4.0
3.94
4.14
3.91
4.07
3.9
4.01
4.08
4.05
4.07
3.8
3.71
3.89
3.81
3.93
4.1
4.1
3.96
4.16
4.02
4.14
4.12
3.68
4.16
3.98
4.25
4.21
4.08
4.34
3.84
3.74
4.08
3.95
3.95
3.9
3.88
4.0
4.2
3.91
3.93
4.26
3.7
4.08
3.81
4.19
4.1
4.05
3.96
3.93
3.88
4.18
3.91
4.0
4.16
3.92
3.94
4.32
4.1
3.9
4.26
3.85
4.01
4.31
3.88
3.95
3.86
3.87
3.8
4.1
3.84
4.34
3.93
4.19
3.97
3.94
4.04
3.97
4.15
3.97
4.01
3.84
3.88
4.09
4.17
3.85
4.17
4.08
3.99
4.15
4.07
4.23
3.92
3.86
4.29
4.3
4.05
4.2
3.97
3.97
4.32
4.15
4.11
3.95
4.35
4.07
3.71
3.97
3.97
3.95
3.96
4.06
4.09
4.03
3.84
3.82
3.93
4.27
3.91
4.04
3.83
3.83
4.0
3.85
3.95
3.87
3.8
4.37
4.12
3.72
3.71
4.01
4.03
4.12
3.97
4.26
4.05
3.77
3.89
4.08
4.07
4.16
4.28
3.88
3.83
4.01
4.01
3.73
4.05
3.75
4.16
4.12
4.06
3.92
4.19
4.19
4.27
4.04
4.14
4.02
4.21
4.1
4.01
4.17
3.49
3.95
3.92
4.23
4.21
4.02
3.85
4.1
3.86
4.05
3.91
4.14
4.11
4.14
4.08
3.74
4.04
4.26
4.08
3.81
4.11
4.08
3.93
3.96
4.18
4.01
3.92
3.7
4.08
4.1
4.07
4.15
3.95
4.18
4.23
3.84
4.06
4.0
4.44
3.86
4.03
4.23
4.03
4.04
4.43
4.09
3.91
3.82
4.32
4.12
4.28
4.12
4.05
3.92
4.21
3.94
3.99
4.06
4.1
4.16
4.04
4.13
4.04
4.1
4.2
3.97
4.28
4.1
3.99
3.99
4.01
4.09
3.96
4.0
3.9
3.94
3.97
3.9
4.19
3.85
4.13
4.23
3.89
4.11
3.97
3.99
3.97
3.93
4.35
3.75
4.06
4.05
4.49
4.1
3.8
4.01
4.16
4.2
3.9
3.99
3.94
3.94
3.94
3.55
4.01
4.13
4.18
4.34
4.24
4.18
3.91
4.1
3.77
4.03
3.92
3.92
3.94
4.19
4.16
4.11
4.23
4.19
4.02
4.2
4.15
4.03
4.13
4.24
4.0
3.86
3.93
3.98
4.02
4.03
4.07
3.76
3.62
3.97
4.3
3.85
3.78
3.89
3.63
4.15
4.22
4.22
4.0
4.19
3.96
4.09
4.1
4.21
4.35
4.07
4.28
3.93
3.85
4.41
4.01
4.15
3.72
4.05
3.9
4.01
4.06
4.13
4.23
4.23
4.12
4.0
4.0
4.32
4.01
4.07
3.99
4.1
4.44
4.08
3.74
4.0
3.8
3.96
3.67
4.03
3.9
4.31
4.18
4.01
4.02
4.07
3.83
4.37
3.89
4.11
3.97
4.19
4.45
4.39
3.65
4.0
3.98
3.47
3.87
4.05
3.72
4.39
4.26
3.67
3.89
4.01
3.97
3.98
3.94
3.87
3.91
3.94
4.04
4.02
4.21
3.94
4.02
3.91
3.74
4.43
3.28
4.31
4.09
3.96
3.99
3.78
4.09
4.0
4.27
4.33
4.08
3.92
3.99
4.21
4.03
4.21
4.07
3.92
3.89
4.16
4.05
3.86
4.35
4.09
3.88
4.16
3.82
3.92
4.23
3.92
4.21
3.69
4.24
4.0
4.21
4.04
3.78
4.12
4.15
4.19
4.27
4.13
4.02
4.01
4.23
3.87
4.02
4.22
3.73
3.86
4.1
4.03
4.08
3.99
4.13
4.22
4.05
3.78
3.53
3.83
4.01
4.04
4.26
4.12
3.8
4.25
3.86
4.18
3.84
3.73
4.11
3.61
4.04
3.94
4.3
4.12
4.08
3.93
3.96
3.63
4.27
3.79
4.14
4.37
3.71
3.78
3.95
3.99
3.99
4.01
4.0
3.76
4.33
3.78
4.13
4.17
3.98
3.75
4.06
3.84
4.06
4.25
4.02
4.18
2691:
4.14
3.83
3.9
3.81
3.64
4.01
4.07
3.88
3.82
4.19
3.92
3.81
3.78
4.09
3.67
4.01
3.94
2692:
3.35
3.95
4.05
3.86
3.87
4.02
3.8
3.79
4.18
3.7
3.72
4.15
4.09
4.01
4.24
3.27
3.86
3.8
4.19
3.77
4.04
3.99
3.88
4.16
3.7
3.56
4.15
4.14
4.06
4.03
4.03
4.12
3.9
4.11
2693:
3.78
3.64
2694:
3.14
3.52
2.94
3.37
3.45
2695:
3.7
3.69
3.48
3.63
3.75
3.84
3.91
2696:
3.49
2697:
3.53
3.39
3.56
3.37
3.04
3.35
3.57
3.58
3.23
3.03
3.2
3.52
3.24
3.46
3.36
3.12
3.24
3.19
3.45
3.25
3.31
3.07
3.4
3.1
2.96
3.28
3.06
3.59
3.01
3.46
3.54
3.02
3.13
3.35
3.29
3.26
3.33
3.32
3.13
3.39
3.15
3.72
3.79
3.31
3.19
3.47
3.48
3.39
2.94
3.41
3.36
3.39
3.6
3.01
3.23
3.35
3.55
3.2
3.39
3.43
3.26
3.39
3.33
3.15
2.92
3.3
3.21
3.38
3.19
3.34
3.26
3.55
3.13
3.12
3.6
3.36
3.16
3.59
3.56
3.44
3.37
3.42
3.45
3.2
3.67
3.28
3.41
3.37
3.42
3.25
3.72
3.33
3.36
3.1
2.88
3.73
3.33
3.38
3.1
3.22
3.3
3.18
3.28
3.28
3.41
3.38
3.36
3.25
3.28
3.27
2.7
3.31
3.48
3.56
3.43
3.25
3.47
3.46
3.48
3.25
2.69
3.36
3.37
3.13
3.46
3.2
3.06
3.29
3.29
3.06
3.37
3.55
3.24
3.16
3.27
3.23
3.44
3.43
3.36
3.56
2698:
3.44
3.35
3.67
3.71
3.87
3.72
3.65
3.73
3.74
3.82
3.83
3.55
3.54
3.5
3.81
3.64
3.61
3.74
3.46
3.83
3.63
3.81
4.04
3.62
3.97
3.91
3.76
3.68
3.76
3.95
3.32
3.72
3.76
3.8
3.67
3.45
3.7
3.4
3.75
3.79
3.77
3.79
3.98
3.76
3.8
3.29
3.49
3.86
3.73
3.6
3.51
3.91
3.94
3.74
3.92
3.58
4.05
3.84
3.93
3.64
3.74
3.72
3.75
3.81
3.46
3.69
3.63
3.78
4.0
3.98
3.7
3.58
3.51
3.75
3.79
3.79
3.72
3.89
3.5
3.68
3.62
3.76
3.39
3.51
3.29
3.57
RMSE:0.92
