1:
3.62
3.68
3.48
3.99
4.06
4.60
4.80
3.61
3.06
3.78
3.68
3.69
5.00
4.22
3.79
4.27
4.12
4.03
3.17
4.09
3.79
2.87
3.38
10:
2.99
2.73
10000:
3.56
3.70
10001:
3.52
4.41
3.56
4.23
4.07
3.49
4.03
3.70
4.47
4.39
3.54
4.22
3.81
2.79
3.63
4.27
3.00
10002:
4.07
4.34
4.79
3.38
10003:
2.48
10004:
4.14
4.38
4.36
4.02
4.40
4.24
4.49
4.36
4.10
4.10
3.90
4.50
3.55
4.22
3.98
4.30
4.33
4.51
4.63
4.41
4.44
4.89
5.00
4.18
4.40
4.53
3.95
4.70
4.46
4.76
5.00
10005:
2.95
3.06
3.29
4.07
3.61
10006:
4.00
2.72
3.81
3.23
10007:
2.14
2.63
2.93
2.10
2.32
2.32
2.53
2.21
2.33
2.40
2.75
2.84
2.59
10008:
4.01
3.55
4.75
4.03
3.28
2.75
4.27
10009:
2.71
3.36
2.61
4.62
3.04
3.46
10010:
1.70
2.41
2.30
1.72
2.09
1.89
1.92
2.65
2.03
1.26
1.87
2.14
1.95
2.88
2.97
2.26
1.73
2.27
2.19
2.19
2.54
1.91
2.68
10011:
4.14
4.50
10012:
3.79
3.00
3.77
3.32
2.48
3.30
3.12
3.10
2.98
2.99
3.71
4.04
3.12
10013:
3.44
3.28
4.06
3.78
3.60
2.95
3.26
2.90
3.58
3.25
4.01
2.83
2.95
2.97
3.32
3.20
3.56
2.83
3.64
2.67
3.65
3.71
3.37
2.74
3.37
2.58
3.12
3.12
3.46
3.56
3.24
3.36
3.97
3.12
2.69
3.01
3.19
3.10
3.82
3.81
3.31
3.27
3.65
3.26
3.30
3.05
3.59
3.46
3.80
3.47
3.02
3.82
3.25
2.90
3.39
2.77
2.76
10014:
2.60
4.02
3.12
3.63
3.10
10015:
4.10
3.39
3.31
3.49
3.82
4.17
3.91
3.72
4.66
3.53
3.77
4.17
2.93
3.46
3.69
5.00
3.79
4.00
4.15
3.54
3.34
2.88
4.15
3.21
4.16
3.88
3.93
4.19
10016:
1.94
3.69
2.24
2.87
2.75
10017:
3.16
3.10
3.44
10018:
4.17
3.46
3.29
3.70
3.09
3.92
3.90
3.81
3.58
3.74
3.80
2.87
4.07
3.42
3.46
3.46
4.75
3.54
4.13
3.31
4.01
3.65
3.89
3.65
3.24
3.98
2.38
3.58
3.98
3.60
10019:
4.25
3.22
3.04
3.39
4.00
3.67
4.27
3.01
3.96
3.60
3.36
4.06
3.23
3.47
3.89
3.58
3.39
2.91
2.97
3.84
3.28
3.55
3.83
3.89
3.62
2.39
3.30
4.45
3.89
4.80
3.32
3.68
3.94
3.98
3.40
3.28
3.41
3.39
4.03
2.86
3.14
3.12
4.50
3.09
4.25
2.97
3.37
3.89
3.81
3.28
3.80
4.78
4.39
3.27
3.41
3.80
4.40
4.06
4.20
3.52
3.80
3.78
3.34
3.84
3.80
2.40
3.88
3.69
2.66
10020:
2.56
3.45
3.97
4.13
4.49
4.05
4.01
3.36
4.06
4.38
3.76
4.00
3.81
4.00
4.01
3.84
3.87
3.66
4.31
4.36
5.00
4.17
4.31
3.67
3.78
4.26
4.33
10021:
2.49
2.16
2.56
2.04
10022:
2.61
2.75
2.20
2.96
3.29
3.29
3.26
2.57
10023:
4.47
3.54
3.62
4.87
4.05
4.01
3.97
3.89
3.37
3.93
3.62
10024:
3.50
3.76
3.13
4.03
3.55
3.75
3.88
3.34
3.25
3.11
10025:
2.93
10027:
4.33
3.37
4.62
4.63
4.76
4.20
3.99
4.09
4.27
4.18
3.90
4.67
3.90
4.41
4.49
3.43
4.41
4.48
4.35
4.17
3.58
4.31
3.59
3.79
4.15
3.32
4.28
4.37
4.38
3.40
4.27
3.98
3.67
4.64
4.15
4.64
3.81
4.39
4.81
3.71
3.68
4.22
4.19
4.30
4.30
3.83
4.85
3.39
3.87
4.25
4.35
4.24
4.60
3.92
4.22
3.61
3.42
3.73
5.00
3.62
3.69
4.61
3.75
3.77
3.87
4.15
4.14
3.64
3.70
4.43
4.47
4.03
4.12
3.08
3.78
3.91
3.75
5.00
4.16
3.04
3.76
3.10
4.36
4.04
3.74
4.08
4.97
3.35
10028:
4.02
2.74
3.12
3.88
4.19
2.80
2.88
10029:
3.98
3.07
3.85
2.87
10031:
4.00
3.31
2.71
2.71
2.66
2.50
3.56
2.34
2.91
10032:
3.72
2.86
3.15
3.25
2.79
3.13
4.80
3.68
3.59
3.61
3.37
4.27
3.27
3.45
3.46
4.21
3.47
4.17
3.37
3.88
3.85
3.48
3.54
3.46
3.53
3.53
4.09
3.29
4.27
3.75
2.51
3.65
3.35
3.76
4.31
3.59
4.04
4.38
4.90
3.66
3.90
3.53
4.21
3.59
3.08
3.49
3.60
10033:
3.67
3.48
3.42
3.35
2.86
2.41
2.69
2.92
3.73
3.21
3.09
3.27
3.30
4.49
10034:
1.71
2.41
10035:
3.74
2.70
3.99
4.14
3.52
3.63
4.87
4.47
4.30
5.00
4.37
4.15
4.02
4.57
4.14
4.27
3.87
4.37
4.75
3.92
10036:
4.13
3.40
4.20
4.19
3.34
3.47
3.68
3.90
4.76
4.05
3.40
3.91
3.94
3.28
3.92
4.22
3.87
3.82
3.93
4.02
4.48
3.47
4.78
3.93
4.48
3.66
3.40
4.01
4.05
3.44
3.96
3.09
3.97
4.19
3.40
3.82
3.88
3.94
3.57
4.64
4.17
4.32
3.21
4.06
3.17
3.37
4.06
4.20
4.15
3.62
3.37
4.22
3.63
5.00
3.61
4.82
4.23
3.26
3.76
3.82
3.34
4.51
4.02
3.81
4.04
4.58
4.07
4.18
3.46
3.66
3.49
3.13
3.09
3.32
3.47
3.94
3.63
3.83
4.85
3.72
4.01
3.10
3.80
4.07
3.69
3.54
4.01
3.53
4.20
3.64
2.97
3.46
3.83
3.56
2.94
3.58
3.85
3.28
3.98
4.57
4.36
2.69
4.07
3.42
3.36
4.00
4.06
3.70
3.77
4.51
4.62
3.59
3.06
3.78
4.00
3.44
4.52
4.38
4.93
3.99
3.23
3.41
3.79
3.36
3.93
4.02
4.37
3.60
3.09
3.37
3.87
3.70
3.97
3.51
4.12
3.15
3.74
3.97
4.28
3.47
4.03
3.56
3.18
4.03
4.08
3.50
4.14
3.42
4.36
4.09
3.93
3.67
3.58
3.73
3.66
4.72
4.12
3.63
4.25
4.34
3.50
4.10
4.69
4.94
3.51
3.88
4.08
3.38
3.61
3.79
3.91
4.35
4.17
3.84
3.98
3.54
3.62
4.09
3.52
3.37
3.19
4.17
4.46
3.70
3.94
4.84
3.80
3.97
4.79
3.76
3.48
3.84
4.72
3.95
3.52
3.50
3.63
4.19
3.97
3.93
3.67
4.17
4.29
3.84
4.11
4.26
3.80
4.22
3.99
4.52
4.22
3.38
3.34
4.70
3.58
10037:
3.28
3.27
3.71
2.81
3.68
3.17
3.71
3.33
3.29
3.80
3.15
3.09
3.95
3.09
10038:
3.51
4.05
3.23
3.51
2.83
3.03
3.04
3.22
10039:
1.57
10040:
3.07
2.88
3.56
10041:
3.23
3.66
2.65
3.14
3.81
2.75
3.04
2.59
2.87
3.43
2.84
3.27
3.31
2.68
2.99
2.90
3.34
2.41
3.10
2.67
3.28
3.39
3.10
2.72
2.36
2.72
3.12
3.05
2.35
3.19
2.89
10042:
5.00
4.02
4.37
4.69
5.00
4.69
4.32
5.00
4.16
5.00
4.88
4.38
2.80
5.00
4.72
5.00
4.40
5.00
4.39
4.61
4.50
4.14
4.71
4.58
4.99
4.42
4.66
5.00
4.77
4.60
4.43
4.71
4.68
4.74
4.44
4.17
5.00
4.64
4.43
4.47
4.10
4.84
4.20
4.73
4.61
5.00
5.00
4.70
5.00
5.00
4.03
4.80
5.00
4.39
4.77
4.35
5.00
4.88
4.59
4.55
5.00
4.85
4.56
4.01
4.27
4.71
4.36
4.68
4.99
5.00
4.48
4.59
5.00
4.50
4.76
4.66
4.90
4.13
4.70
4.54
4.69
4.32
4.39
4.60
4.70
4.88
4.77
4.13
4.47
5.00
4.98
4.10
4.95
4.88
4.81
5.00
4.22
4.83
4.10
4.69
4.59
4.69
3.98
4.81
4.60
4.89
4.79
4.03
5.00
4.83
4.25
5.00
4.32
4.83
4.15
3.83
4.25
5.00
4.51
4.63
4.08
5.00
4.34
4.63
4.21
4.34
4.35
4.48
3.95
5.00
4.63
3.76
4.87
4.59
4.71
4.39
4.14
4.53
4.21
5.00
4.72
4.80
4.94
3.64
4.39
4.38
4.32
4.22
5.00
4.07
5.00
4.67
4.47
5.00
4.23
4.79
4.88
5.00
4.92
4.51
5.00
5.00
4.62
4.30
5.00
4.72
4.40
4.47
4.80
4.87
4.76
4.76
4.90
4.11
5.00
4.37
5.00
3.40
4.86
4.31
4.02
4.64
4.93
4.39
4.02
4.66
4.12
4.20
4.52
4.66
4.17
4.50
4.72
5.00
4.04
4.39
4.87
4.84
3.98
4.25
4.12
4.74
5.00
4.96
5.00
4.83
5.00
4.25
3.02
4.83
3.78
4.69
4.43
3.45
5.00
4.90
5.00
4.18
4.90
4.96
4.20
4.76
5.00
4.85
4.73
4.72
5.00
4.18
4.57
4.43
5.00
5.00
4.47
4.21
5.00
4.20
4.34
4.09
4.73
5.00
4.83
4.79
4.05
4.92
4.98
3.90
4.02
5.00
4.87
4.19
4.81
4.78
4.62
4.58
5.00
3.74
4.58
5.00
4.97
4.59
5.00
5.00
4.72
4.87
5.00
4.68
3.30
4.57
4.70
4.41
5.00
4.89
4.36
4.22
4.39
4.85
4.87
4.55
4.69
4.92
4.24
4.31
4.82
4.34
4.87
4.46
4.60
4.36
4.92
4.19
5.00
4.81
4.67
4.40
4.18
4.96
4.30
4.96
4.62
5.00
3.87
4.83
5.00
5.00
5.00
4.66
5.00
4.53
4.63
5.00
4.65
4.77
4.67
4.42
4.41
4.85
4.72
4.86
4.79
4.33
4.91
4.39
4.01
4.13
4.84
5.00
4.74
5.00
4.61
4.74
4.60
4.22
4.53
5.00
4.42
4.71
4.67
4.12
3.93
4.40
5.00
5.00
5.00
5.00
4.45
4.58
5.00
5.00
4.88
4.82
4.50
4.53
4.40
4.78
4.71
4.26
4.71
5.00
4.72
5.00
4.63
5.00
4.41
4.96
4.87
5.00
4.62
4.68
4.45
5.00
4.49
4.33
4.52
4.74
4.26
4.94
5.00
4.92
4.48
4.59
4.22
4.25
4.31
4.78
4.59
4.94
5.00
4.57
4.56
4.73
5.00
4.50
4.60
4.87
5.00
4.55
5.00
5.00
4.45
4.69
4.84
4.85
3.63
4.70
4.39
5.00
4.18
5.00
3.84
5.00
4.29
3.89
4.71
4.71
4.33
5.00
4.57
4.75
4.51
5.00
4.86
4.49
4.99
4.44
4.64
4.54
4.59
4.55
4.98
5.00
4.64
4.51
5.00
4.48
5.00
4.25
4.52
5.00
4.14
4.36
5.00
4.66
4.20
4.66
4.38
4.99
4.42
5.00
4.99
4.24
4.59
3.84
4.07
4.66
4.56
4.46
4.77
4.43
4.57
4.42
4.39
4.53
4.43
4.78
5.00
4.18
5.00
5.00
4.64
4.37
4.27
5.00
4.82
5.00
4.67
5.00
4.67
5.00
4.33
4.40
4.39
4.06
5.00
4.47
4.45
5.00
4.42
4.74
4.53
4.65
5.00
5.00
4.71
4.25
5.00
4.41
4.55
4.48
4.97
4.70
4.31
4.27
4.61
4.87
4.90
5.00
3.87
5.00
4.08
4.67
4.68
4.25
5.00
4.40
4.58
4.99
4.49
4.87
5.00
4.96
4.04
4.88
3.71
4.26
5.00
4.98
5.00
4.62
5.00
3.90
4.71
4.00
4.54
5.00
4.21
4.59
4.62
4.78
4.19
4.76
4.78
4.53
3.96
5.00
5.00
4.89
4.74
5.00
4.69
5.00
4.71
4.63
4.53
4.47
5.00
4.68
5.00
4.63
3.90
3.84
4.61
4.52
5.00
5.00
4.52
4.80
4.61
5.00
5.00
4.04
4.90
4.50
4.22
4.51
5.00
4.10
4.44
5.00
4.69
3.99
4.72
4.04
4.70
4.83
4.94
4.62
4.90
4.91
4.65
4.40
4.62
4.84
4.29
4.16
5.00
4.91
5.00
4.63
4.32
4.07
4.89
4.78
4.91
4.57
4.57
5.00
4.73
4.26
5.00
4.60
4.76
4.37
5.00
4.12
4.54
4.63
4.55
4.29
4.83
4.81
5.00
4.38
5.00
3.79
4.19
5.00
4.58
4.90
4.71
4.76
5.00
4.78
4.52
5.00
5.00
4.53
4.34
4.22
4.51
4.47
4.95
4.20
5.00
4.44
4.47
4.76
5.00
5.00
4.80
5.00
4.68
4.40
4.09
4.04
5.00
4.79
5.00
1000:
3.23
3.28
3.07
3.32
3.81
2.97
3.03
3.44
3.30
2.42
3.09
3.04
3.13
2.54
2.68
3.65
4.36
3.68
4.09
3.95
3.08
3.97
3.28
3.41
3.95
3.57
4.68
1001:
4.07
3.99
3.21
3.96
4.43
2.61
3.99
2.75
3.10
3.73
3.46
3.46
3.47
3.78
2.51
3.99
3.52
3.13
2.99
3.01
2.93
3.28
3.71
3.55
3.80
2.95
3.38
3.15
3.66
3.60
3.80
2.76
3.43
3.72
3.46
3.66
3.46
2.93
3.43
3.58
3.99
3.53
3.72
3.39
2.93
4.09
3.62
3.30
3.03
2.97
4.02
3.09
3.70
3.04
3.48
3.63
3.43
3.60
3.52
4.16
4.05
4.05
3.87
3.05
4.16
4.07
2.71
3.84
3.44
3.38
2.67
3.35
2.86
3.31
3.64
3.73
2.98
3.18
3.67
3.01
3.52
3.67
3.68
2.91
3.43
3.46
3.16
3.45
3.41
2.68
4.00
3.42
3.05
3.71
3.55
2.68
3.09
3.62
2.80
3.11
2.55
2.71
3.13
3.35
3.73
2.89
3.45
3.33
3.05
3.01
2.33
3.62
3.24
3.65
3.18
3.75
4.71
3.44
3.16
3.41
3.01
3.35
2.91
3.35
3.09
3.31
3.29
4.00
3.19
2.71
2.96
3.13
3.18
3.79
1002:
3.40
3.22
3.92
3.47
3.07
3.64
3.47
3.53
2.82
3.54
4.07
3.37
2.44
3.34
1004:
2.51
2.54
3.62
2.94
2.86
2.99
2.32
2.65
2.55
2.99
2.27
3.12
2.82
2.68
2.93
3.26
3.62
2.66
2.96
2.15
1.55
2.74
2.67
3.18
3.03
2.16
2.36
2.89
3.15
2.16
2.94
RMSE:0.88
