1:
3.7
3.6
3.5
3.9
3:
3.7
3.8
2.0
3.2
4:
3.5
3.3
3.8
4.4
5:
4.2
4.3
3.8
3.7
6:
3.6
2.4
4.2
4.1
4.2
2.6
7:
3.2
1.5
2.7
8:
3.5
4.4
3.6
3.1
4.0
3.3
3.6
2.7
10:
3.3
3.2
11:
2.8
4.4
3.4
3.2
3.2
12:
3.7
3.9
3.8
2.9
4.0
3.6
3.9
3.2
13:
4.3
4.1
4.2
4.2
4.6
3.4
14:
3.0
4.0
3.6
3.0
2.7
3.1
3.5
15:
3.9
3.0
4.9
3.7
16:
3.3
17:
3.4
18:
3.8
4.1
4.0
4.2
4.3
3.9
3.8
3.4
19:
3.4
4.2
20:
3.3
3.2
21:
2.8
4.1
3.7
3.1
22:
2.9
3.0
1.8
2.1
23:
4.3
3.8
3.7
4.2
4.8
3.7
24:
4.2
3.2
3.2
3.5
4.5
4.6
25:
3.3
26:
4.3
3.3
27:
2.9
3.5
4.3
3.4
28:
4.1
4.3
3.8
4.3
3.1
3.6
3.6
3.2
4.3
29:
3.6
3.7
3.6
3.5
30:
3.5
4.6
31:
3.7
4.0
3.2
32:
3.3
4.2
3.9
3.3
33:
3.7
34:
3.1
4.5
2.9
35:
4.0
3.1
4.9
3.5
36:
3.3
3.2
2.8
3.1
3.5
3.8
3.6
37:
3.9
3.1
3.8
4.2
3.9
38:
2.8
2.2
1.3
2.4
2.9
2.3
2.1
2.4
2.5
42:
2.5
2.9
3.3
43:
4.4
44:
4.0
3.9
3.2
4.3
4.1
3.6
45:
4.4
2.9
2.5
4.2
3.4
3.2
46:
4.2
3.7
3.5
4.0
3.3
3.5
48:
3.4
3.2
4.1
4.7
3.5
3.2
49:
4.1
3.7
3.2
3.1
2.5
3.6
3.4
3.5
3.6
4.1
50:
3.4
4.1
4.1
3.5
3.2
51:
3.3
52:
3.8
3.7
3.5
3.4
3.5
4.2
4.1
3.3
4.2
4.3
53:
4.1
54:
3.0
2.3
3.8
3.1
3.6
2.2
3.1
55:
3.8
4.2
4.0
3.2
2.4
2.9
56:
3.4
3.8
3.5
3.7
3.0
3.9
2.8
3.7
2.7
4.0
57:
3.5
3.8
3.8
4.1
3.4
2.5
3.4
4.0
3.0
3.1
58:
3.3
3.1
4.0
4.0
3.6
59:
4.6
3.2
4.2
3.6
60:
3.1
3.1
2.4
3.1
61:
3.8
62:
3.9
3.8
3.6
2.6
3.1
1.5
3.1
3.5
63:
3.4
65:
2.1
3.1
2.7
2.9
2.2
66:
2.0
2.7
2.6
5.0
3.6
68:
4.4
3.5
2.0
4.4
3.4
69:
3.4
3.9
3.8
3.8
71:
4.8
3.4
3.7
4.5
3.1
3.9
3.2
3.3
72:
3.5
4.0
3.5
2.7
3.6
3.1
73:
3.6
3.6
3.8
4.0
3.8
74:
3.6
4.0
3.5
3.1
2.7
3.0
4.0
4.5
75:
2.9
3.1
2.9
2.7
76:
3.9
3.7
4.5
3.5
3.0
3.1
4.3
77:
2.7
4.7
4.5
3.9
4.5
3.6
3.5
78:
3.6
4.3
79:
2.6
3.5
3.8
3.9
4.1
4.6
3.8
80:
3.1
2.4
2.3
3.2
2.8
3.7
3.0
2.8
3.0
81:
3.4
3.4
3.9
3.4
2.3
4.0
3.1
82:
4.0
3.2
3.2
4.5
83:
3.9
4.1
84:
4.3
3.3
3.9
3.0
3.2
5.0
3.9
85:
4.4
4.3
2.9
4.3
3.4
4.7
5.0
86:
2.5
3.6
1.8
87:
3.2
2.6
89:
3.5
3.3
3.0
2.4
3.6
3.4
3.7
3.7
2.8
2.3
90:
3.7
3.8
3.8
3.7
3.1
2.9
3.9
4.0
3.1
3.4
91:
5.0
3.4
5.0
4.5
3.6
3.4
4.8
4.3
4.4
3.8
92:
4.9
4.1
4.2
3.5
3.9
4.4
3.4
93:
3.1
94:
3.9
2.8
3.4
3.4
4.3
4.4
3.9
95:
2.9
2.9
96:
3.5
3.9
3.4
3.7
4.6
3.1
4.0
3.1
3.5
3.7
97:
4.2
3.3
3.5
4.8
4.0
3.1
3.2
3.5
3.2
98:
4.1
3.8
3.6
102:
2.8
2.8
3.3
2.6
3.1
3.7
103:
4.5
3.6
3.2
4.4
3.9
4.1
104:
3.7
4.0
3.8
3.6
3.7
2.9
3.2
105:
3.3
3.4
3.3
3.7
106:
3.8
3.7
4.1
3.8
3.6
3.8
107:
3.2
3.7
3.4
3.5
3.2
4.0
108:
3.3
3.8
3.2
2.2
3.3
4.1
109:
3.2
2.9
3.7
110:
4.0
2.2
3.0
3.8
1.9
3.7
3.4
2.9
3.1
3.5
111:
3.2
3.8
2.8
112:
3.1
2.4
3.6
3.2
113:
3.5
5.0
4.8
4.1
3.8
4.2
114:
3.7
3.2
3.2
4.0
3.9
3.4
3.8
4.6
4.7
116:
3.6
117:
3.6
3.6
3.4
3.5
4.1
3.5
3.3
118:
3.6
3.7
3.6
3.3
3.4
3.6
3.2
3.3
119:
2.8
3.0
3.1
2.8
2.7
121:
3.1
2.7
3.7
3.9
4.0
4.3
3.6
122:
3.6
3.4
3.2
3.9
3.4
3.2
2.9
123:
2.6
2.9
3.2
125:
2.8
3.3
3.1
3.6
2.4
126:
3.1
3.9
3.6
3.0
3.7
4.0
3.7
3.5
3.7
5.0
127:
3.4
3.6
2.0
4.4
1.6
128:
4.1
3.5
129:
2.5
1.8
3.7
2.4
2.3
2.1
2.7
3.5
3.4
131:
3.5
3.2
3.4
3.5
3.5
132:
3.9
3.8
3.5
133:
3.7
3.8
4.3
4.0
3.9
4.3
4.4
3.4
3.5
4.3
134:
2.9
135:
3.9
137:
2.0
3.1
2.3
3.5
2.0
138:
3.7
4.5
4.1
139:
2.7
4.1
3.1
140:
4.3
5.0
2.5
3.3
3.1
3.7
3.3
141:
3.8
3.4
3.6
4.5
142:
3.8
3.8
3.6
4.1
5.0
2.0
3.3
2.7
143:
3.9
3.6
144:
3.3
3.3
3.9
2.5
2.9
3.6
3.1
3.5
3.5
3.5
145:
3.1
3.8
2.7
3.3
146:
2.6
3.0
3.4
2.9
1.6
3.5
3.0
147:
2.4
148:
3.8
2.9
3.3
3.4
4.1
3.9
3.5
3.7
3.6
149:
3.6
3.3
3.5
3.5
2.9
150:
3.3
2.8
2.9
151:
1.2
2.3
152:
3.3
3.6
3.9
4.1
154:
3.2
2.8
2.6
3.0
4.0
3.3
3.9
155:
3.7
3.3
2.7
3.4
3.3
4.2
3.7
3.2
4.1
156:
3.7
3.8
4.2
4.3
5.0
2.6
3.9
3.6
159:
4.6
4.0
160:
3.0
3.2
3.0
3.4
3.1
3.6
3.3
3.6
2.9
3.1
161:
3.5
3.6
3.1
3.4
1.4
162:
3.1
3.9
3.8
3.2
3.5
163:
3.4
3.2
3.2
5.0
3.1
3.4
164:
3.3
1.8
2.6
165:
3.7
4.7
4.1
3.4
3.7
3.2
3.7
3.2
166:
4.0
3.0
3.8
3.6
2.5
3.6
167:
3.7
4.1
4.1
168:
3.3
4.0
3.9
4.0
169:
4.0
4.2
3.2
170:
3.9
3.1
2.9
2.8
172:
3.0
3.4
4.1
3.7
173:
4.1
3.8
3.0
3.8
174:
3.3
3.4
4.0
3.5
3.6
3.8
4.0
4.6
4.0
3.6
175:
3.5
3.6
3.8
176:
3.7
3.7
177:
2.4
178:
4.0
4.2
2.8
180:
4.2
3.9
3.0
3.8
181:
2.2
2.4
2.8
182:
3.2
4.6
184:
4.0
185:
4.0
3.3
3.6
187:
3.8
3.5
3.4
3.9
4.0
188:
3.7
189:
3.2
3.8
190:
2.8
191:
3.5
3.4
3.6
3.6
3.8
3.9
2.9
4.2
3.6
192:
5.0
3.0
4.1
3.1
3.2
3.7
2.8
3.9
4.2
193:
3.2
4.0
2.5
3.1
3.7
194:
2.9
2.9
2.8
3.0
195:
3.5
3.6
3.1
3.1
4.3
3.4
3.2
3.4
3.8
197:
3.8
3.3
2.6
3.6
3.7
3.9
3.6
3.7
198:
2.7
3.3
4.1
3.4
3.0
199:
3.3
3.5
4.4
201:
3.6
3.3
3.8
3.2
3.4
202:
2.6
3.5
3.4
3.4
203:
3.8
3.5
3.4
3.6
204:
3.2
3.6
2.4
2.3
3.6
3.5
1.6
205:
3.1
3.5
5.0
4.1
3.8
206:
3.6
207:
4.0
4.3
3.5
2.9
208:
4.0
209:
3.4
210:
3.2
4.6
3.4
4.1
212:
3.7
213:
3.2
3.5
214:
3.5
3.1
3.2
2.3
3.9
215:
4.0
3.9
3.4
3.3
3.8
4.6
4.0
217:
3.4
219:
3.5
2.9
2.4
220:
3.3
2.8
3.8
3.4
4.0
221:
4.3
3.2
3.3
222:
3.3
224:
4.5
225:
4.8
3.2
3.0
3.0
4.3
3.3
3.1
227:
4.0
4.3
3.6
4.5
3.3
3.8
3.1
4.1
3.2
228:
2.7
3.8
229:
4.2
230:
3.4
2.6
3.4
3.7
231:
2.5
2.9
3.0
3.0
3.8
2.8
3.1
3.2
2.7
3.4
232:
3.9
3.7
3.7
3.7
3.6
3.0
233:
3.5
3.1
3.9
3.6
2.9
2.8
3.9
235:
3.2
3.4
3.6
3.0
4.3
3.2
3.4
236:
2.1
237:
4.3
3.6
2.4
3.7
3.2
3.7
3.4
3.7
238:
4.6
3.5
4.1
4.6
4.0
5.0
4.1
4.1
3.4
4.5
239:
4.4
3.8
2.9
4.2
2.9
4.0
3.7
3.8
2.5
240:
4.0
2.6
3.6
3.7
3.3
3.5
4.1
3.9
3.3
3.8
RMSE: 0.99
