6310:
3.4
3.3
3.7
3.6
6311:
4.4
3.5
3.2
4.0
4.2
3.9
4.0
3.7
4.5
3.8
3.7
3.5
3.6
3.5
3.4
3.7
4.2
4.1
4.3
4.2
3.7
3.8
4.4
3.7
4.0
3.0
4.1
3.9
3.3
3.5
3.4
3.0
3.6
6312:
2.1
3.0
3.5
4.3
2.7
3.2
4.5
3.2
6313:
4.1
3.6
3.5
6314:
2.8
4.4
2.9
3.8
3.8
3.4
3.9
4.1
3.9
3.2
3.0
3.1
3.5
4.0
3.4
2.9
3.8
4.3
3.4
2.8
3.3
2.8
3.5
3.3
3.3
6315:
4.6
4.4
3.8
4.4
3.8
2.8
4.4
3.5
4.1
4.6
3.6
4.9
4.9
4.1
4.0
4.3
6316:
3.6
3.5
3.2
6317:
3.2
6318:
3.3
3.8
3.1
3.0
4.0
3.7
3.3
3.0
4.4
632:
3.3
3.4
2.8
3.1
3.5
3.2
3.3
6320:
2.9
4.0
4.5
4.1
4.7
3.8
3.9
3.8
6321:
3.7
6322:
3.1
2.6
2.9
6323:
2.4
2.9
2.9
4.0
2.9
6324:
4.0
3.3
3.8
4.0
3.6
4.7
3.4
4.1
3.5
4.1
3.9
4.1
4.3
3.6
3.6
4.3
4.5
3.9
3.8
4.2
4.5
3.4
3.7
3.2
3.5
4.1
3.6
3.6
3.1
3.3
3.7
4.1
3.5
3.5
3.4
4.2
3.3
4.7
3.8
3.5
4.1
3.7
4.3
3.5
4.4
3.4
4.3
3.7
3.7
3.8
3.9
4.4
3.9
3.3
3.8
3.5
3.6
3.9
3.7
3.6
3.4
3.7
4.5
3.6
3.8
4.3
3.7
3.8
3.8
3.5
4.4
4.5
4.0
3.6
3.7
3.9
4.3
3.6
3.8
3.6
4.4
6325:
3.7
3.2
3.3
6326:
3.1
3.5
3.5
3.3
3.7
4.4
2.9
3.9
3.8
3.8
3.4
3.5
3.5
5.0
4.0
3.3
3.9
3.4
3.1
4.8
4.0
3.8
4.4
3.8
3.8
4.1
4.6
3.4
5.0
3.2
3.5
6327:
4.2
3.1
3.4
3.8
3.7
3.1
3.6
3.4
3.5
2.7
3.7
3.0
3.7
4.2
3.2
2.8
3.6
3.4
3.1
3.3
3.0
4.5
3.8
3.5
3.4
3.3
6328:
3.7
3.3
3.2
3.0
3.2
3.4
3.2
2.7
3.4
3.1
3.2
3.2
2.9
6329:
3.6
3.6
4.0
3.9
3.7
3.8
3.8
4.5
3.7
3.6
4.1
4.2
3.4
3.3
4.2
3.9
4.2
3.3
3.8
3.5
3.5
3.4
3.6
4.0
3.7
3.8
3.9
4.3
3.9
4.0
3.7
4.3
3.6
3.1
4.5
3.1
4.2
4.4
3.7
3.6
4.4
3.9
3.7
4.5
3.4
4.1
3.4
3.7
4.3
3.3
3.7
3.9
3.3
4.4
4.0
3.6
4.0
3.8
4.0
3.4
3.9
4.7
3.2
3.8
4.4
4.3
3.7
4.5
3.5
3.7
3.9
3.8
3.6
3.7
3.3
3.1
4.1
3.9
4.8
2.9
3.8
3.7
4.1
4.1
3.9
3.7
2.8
3.3
3.2
4.3
3.4
3.9
3.7
3.6
3.9
3.9
4.2
3.7
3.9
3.6
3.1
2.7
4.2
4.1
3.7
3.6
3.5
3.4
3.4
4.2
3.4
4.6
4.5
4.0
3.6
4.0
3.2
3.6
3.8
4.1
3.6
3.8
3.5
3.7
3.8
3.8
4.0
3.4
3.7
4.1
4.5
3.2
4.2
3.5
3.9
3.7
3.3
3.8
3.7
3.7
4.0
3.4
3.3
3.6
3.5
4.1
3.5
4.0
3.6
4.1
3.4
4.0
3.5
4.2
4.1
4.5
4.1
3.7
4.6
3.6
4.0
3.4
4.5
3.7
3.5
4.7
3.4
3.9
3.7
3.6
4.3
4.0
4.0
3.7
3.6
4.0
4.0
3.4
3.6
3.6
3.7
3.5
3.1
3.6
4.1
4.1
3.8
4.5
3.3
3.6
4.1
3.8
3.9
3.4
3.7
4.0
3.5
4.3
3.8
3.7
3.3
4.1
3.6
3.5
3.5
4.0
3.5
3.7
3.3
3.7
3.3
4.0
3.9
2.9
4.2
3.8
4.1
3.5
4.5
3.8
3.8
3.6
3.0
3.8
3.9
3.9
4.2
3.4
4.1
4.1
3.3
4.0
3.4
4.0
3.9
3.7
3.5
4.4
4.0
4.0
4.1
4.1
4.0
3.9
4.6
2.9
3.6
3.5
3.6
3.1
4.0
3.7
4.3
4.0
3.5
3.9
3.2
3.7
3.4
4.1
3.4
3.9
3.6
3.5
3.8
4.9
4.7
3.9
3.9
4.0
3.5
3.9
4.1
4.1
3.9
4.0
3.9
4.0
3.2
4.0
3.3
3.7
3.4
3.6
4.1
3.9
3.7
3.5
4.0
4.4
3.5
3.7
4.2
3.8
3.9
3.2
4.3
3.7
4.5
4.4
4.2
3.4
3.7
4.2
4.0
3.6
3.5
3.8
3.1
3.9
3.3
3.6
2.8
3.1
3.9
3.7
4.0
4.2
4.6
4.0
4.0
3.4
3.8
3.3
4.2
3.9
3.1
3.7
3.8
4.0
3.3
3.3
4.4
3.9
3.5
3.5
4.7
4.2
3.5
3.5
3.5
4.7
3.8
3.9
3.6
3.6
4.4
3.4
3.6
3.8
3.9
3.9
4.1
3.8
3.8
4.0
4.5
4.4
3.7
3.7
3.6
3.7
3.9
3.7
4.3
4.0
4.3
3.6
3.3
3.8
4.4
3.4
3.9
3.4
3.6
3.9
3.6
3.6
3.7
4.3
3.2
3.5
3.5
4.2
3.9
3.9
4.2
4.3
4.3
3.8
3.8
4.0
4.2
3.5
3.7
3.4
3.5
3.7
4.0
3.6
2.9
3.7
3.4
3.7
3.2
4.8
4.5
3.5
4.2
3.8
4.1
4.2
3.7
3.3
4.3
3.1
3.5
4.2
4.0
3.6
3.2
3.0
3.8
3.6
4.3
4.2
3.4
4.2
3.2
3.6
3.7
3.9
4.0
3.3
3.8
4.0
4.3
3.6
3.5
3.6
3.9
4.0
4.1
3.8
3.8
4.1
3.7
3.6
3.8
4.1
3.4
4.0
3.4
4.1
4.4
3.3
4.2
4.0
3.2
4.7
3.7
3.4
4.0
4.2
4.2
4.0
3.9
4.4
4.0
4.1
3.4
3.5
4.5
4.3
3.2
3.8
4.2
4.1
3.9
3.2
3.5
3.6
3.1
3.9
3.3
3.7
3.8
4.1
4.1
3.5
3.4
3.0
4.1
3.4
3.7
4.0
3.3
3.8
3.8
4.4
3.6
3.8
3.6
3.1
4.0
3.5
3.6
4.0
3.7
3.8
3.9
3.7
4.1
3.4
4.1
4.0
4.0
3.5
4.5
3.6
4.0
3.7
4.1
3.7
3.7
4.3
4.2
3.6
3.3
3.8
4.3
3.1
3.2
3.9
4.5
3.4
4.4
3.8
3.6
4.0
3.7
3.6
3.5
4.2
3.7
4.3
4.0
3.2
3.7
2.9
3.0
4.2
3.4
3.3
3.4
4.2
633:
3.2
3.6
2.3
3.1
3.4
2.8
6330:
3.0
3.3
4.6
3.4
3.1
3.1
3.2
3.2
4.1
3.0
3.2
3.9
3.2
3.6
4.2
3.1
3.8
3.2
6331:
4.2
3.4
6332:
3.5
3.1
6333:
2.7
3.5
3.7
3.5
3.8
3.4
3.4
3.4
3.0
3.6
6334:
3.9
3.4
3.5
4.0
3.6
3.2
3.2
3.9
3.2
3.1
3.2
3.2
3.4
3.2
2.8
2.7
3.0
3.4
4.2
3.9
3.7
3.1
3.9
3.7
3.6
3.8
3.8
3.4
3.5
3.5
3.6
3.4
3.2
3.5
3.3
3.9
3.6
3.7
3.5
3.3
3.6
3.2
3.2
3.4
4.0
3.5
3.2
3.5
3.5
3.7
3.1
2.4
3.2
3.0
3.8
3.3
3.6
3.4
3.5
2.6
3.4
2.7
2.8
3.3
3.6
2.6
3.3
3.7
3.9
2.8
3.3
3.7
3.3
3.1
3.8
3.8
3.5
2.9
2.9
3.6
4.0
3.3
3.4
3.4
3.0
3.5
2.8
3.2
3.9
3.6
3.0
6335:
3.1
2.7
6336:
3.6
3.8
3.8
3.8
3.3
3.9
3.8
3.3
3.4
3.7
3.4
3.9
3.3
3.3
3.6
3.5
3.3
3.6
4.3
3.7
4.4
3.5
3.8
3.9
3.4
3.7
3.4
3.5
3.2
3.4
3.4
3.1
3.3
3.2
3.3
3.2
3.8
3.9
2.9
3.5
3.3
3.4
3.0
3.3
4.2
3.6
4.4
3.8
3.8
3.5
3.7
4.0
3.8
4.2
4.5
3.5
4.1
4.0
4.1
3.5
3.7
3.6
3.3
4.2
3.4
4.3
3.4
4.0
3.6
3.9
3.5
3.6
3.6
3.4
3.8
3.8
4.0
3.0
3.5
3.7
3.5
3.4
3.6
3.8
3.9
4.4
3.8
3.7
4.1
4.3
4.2
3.4
4.5
4.3
4.1
3.0
3.7
3.7
3.9
3.7
3.8
3.4
3.6
3.3
3.6
3.6
3.4
3.6
3.4
3.6
3.7
3.1
4.0
3.7
3.4
3.4
4.3
3.2
3.6
2.8
3.5
3.3
3.5
3.8
3.5
3.8
3.5
3.8
3.8
3.1
4.4
2.5
3.6
4.2
2.9
4.1
3.4
3.8
3.1
3.9
3.2
3.6
3.3
3.9
3.6
4.1
4.1
3.5
3.5
3.2
3.9
3.4
4.0
3.3
3.8
3.6
4.2
3.5
4.3
3.8
3.8
3.7
3.7
3.8
4.3
4.0
3.4
6337:
4.1
3.7
3.5
3.9
3.3
3.4
3.1
4.2
2.9
2.8
3.7
3.9
3.4
3.8
3.4
3.2
3.5
3.4
4.3
3.8
3.9
2.9
2.8
3.3
3.3
3.4
3.3
4.1
3.0
3.9
4.1
4.3
4.5
4.2
3.6
4.4
3.4
3.3
3.6
3.3
3.2
4.3
3.0
3.2
3.7
4.2
4.1
3.8
3.4
3.7
3.5
3.3
3.2
3.9
3.7
3.4
3.8
3.3
3.2
4.0
3.4
3.4
3.9
3.6
4.0
2.6
3.4
3.9
3.8
2.9
3.2
2.7
3.5
3.0
4.0
3.3
3.3
3.4
3.3
3.7
3.0
4.6
3.4
3.8
3.9
3.3
3.1
3.3
3.6
3.7
3.9
3.3
3.2
4.3
4.1
3.6
3.8
3.2
3.3
3.1
6338:
3.1
3.1
2.8
3.3
2.7
3.3
3.1
3.3
3.7
3.4
3.3
3.7
3.4
3.7
2.9
3.1
3.0
2.7
2.5
3.1
3.1
2.6
3.4
4.2
3.6
3.6
2.8
3.6
3.4
4.1
3.7
3.6
3.0
3.2
3.2
3.7
3.2
3.2
2.9
3.7
3.2
3.2
2.7
3.7
3.4
3.3
3.4
2.0
2.8
2.9
3.5
3.3
3.1
3.3
3.7
2.8
3.3
3.4
3.2
3.1
2.5
3.6
3.1
3.4
3.4
3.2
3.2
3.8
3.5
3.7
2.9
2.9
3.0
2.3
3.5
3.2
3.2
3.6
3.4
3.3
3.5
3.6
2.9
3.7
3.2
3.6
3.6
2.8
3.8
3.3
3.4
3.2
3.7
3.5
6339:
4.4
3.8
3.4
4.1
4.0
4.1
4.1
3.5
3.7
2.4
3.6
4.3
3.7
3.7
3.9
3.5
3.6
3.4
3.3
3.4
3.5
3.5
3.7
3.5
3.6
3.7
3.6
3.0
3.7
4.8
3.8
3.2
4.1
3.3
4.3
4.0
3.5
3.6
4.2
3.5
3.2
3.3
3.7
3.9
3.4
3.0
3.5
4.0
3.9
3.6
3.8
3.7
3.8
4.3
3.9
3.6
3.7
2.9
3.6
3.6
4.3
3.3
3.7
3.7
3.0
3.6
3.9
3.9
3.4
3.7
3.2
3.8
3.4
3.7
3.3
3.0
3.8
3.4
3.4
3.9
4.0
3.6
3.8
3.6
4.0
4.7
3.4
2.6
3.5
4.0
3.6
3.8
3.5
3.3
4.0
3.5
3.2
3.1
3.9
3.6
3.5
3.6
4.5
4.0
3.7
3.4
3.2
4.3
3.1
3.1
3.1
3.9
3.5
4.4
3.0
4.2
3.5
3.6
3.6
3.6
3.7
3.6
3.9
3.7
3.8
3.4
4.2
4.1
4.3
2.5
3.5
3.4
3.6
3.3
3.4
3.6
3.6
3.8
3.5
3.3
3.1
4.1
3.4
3.3
4.3
4.0
3.6
3.0
3.9
3.6
3.7
3.4
4.3
2.9
3.5
4.3
3.5
3.0
3.7
2.9
3.6
3.9
3.9
2.7
3.8
3.3
3.7
3.5
3.4
4.1
3.7
3.8
3.9
4.3
2.8
3.6
3.6
3.5
3.7
4.0
3.5
4.2
3.6
3.2
3.1
3.8
3.3
3.4
4.1
3.6
3.5
4.1
3.3
2.9
3.1
3.8
3.8
3.3
3.8
4.1
4.3
3.7
3.9
3.7
3.4
3.8
3.6
3.7
4.5
3.1
3.1
3.6
3.6
3.6
3.2
3.2
3.9
3.7
3.7
4.0
3.3
4.0
4.2
3.3
4.2
3.3
4.1
3.4
4.6
3.8
3.6
4.2
3.7
3.8
3.2
4.0
3.6
2.8
4.1
4.1
3.5
3.8
3.9
3.7
3.5
2.8
RMSE:  0.96
