1002:
3.2
2.8
3.4
3.5
3.4
3.6
3.9
2.4
3.5
3.5
4.1
3.5
3.3
3.1
10020:
4.0
4.2
3.8
4.3
4.0
3.8
4.0
4.4
4.3
4.1
4.0
5.0
3.8
4.1
4.1
4.0
4.4
3.7
4.3
3.7
4.5
3.4
3.9
3.8
3.4
2.6
4.3
10551:
2.8
2.9
1.4
2.9
2.7
3.1
2.5
2.4
3.5
3.4
2.5
2.2
10552:
4.6
4.1
4.8
3.8
4.9
4.3
4.0
4.1
4.3
3.6
4.0
4.0
4.5
4.7
4.2
4.1
3.5
4.4
4.4
4.2
4.3
3.7
4.4
4.0
3.9
4.7
4.0
4.9
4.3
3.8
4.5
4.1
3.9
4.4
4.2
4.7
3.9
3.8
3.5
1056:
3.4
3.7
2.9
2.6
3.3
10560:
3.0
4.4
3.9
4.2
3.8
4.1
3.8
4.4
4.9
5.0
3.3
4.1
3.8
3.6
4.4
4.0
3.9
3.8
4.8
3.6
4.4
4.8
4.1
3.8
5.0
4.1
3.5
4.0
4.6
5.0
4.2
4.5
4.0
4.7
3.2
3.8
4.5
3.8
3.7
3.5
3.4
4.7
4.2
3.8
4.1
4.3
3.1
4.1
4.1
4.0
4.3
4.4
3.2
3.7
4.8
4.2
4.1
4.4
4.1
4.8
4.5
3.5
4.2
4.7
4.2
3.6
4.5
3.9
4.7
3.6
3.8
4.3
4.0
4.1
4.1
10948:
3.1
3.9
3.3
3.4
3.8
3.3
3.5
4.2
2.9
3.9
3.8
3.7
10949:
2.6
3.1
3.3
3.0
2.2
1095:
2.3
2.8
2.5
3.9
4.0
2.6
10951:
4.5
3.1
3.4
4.3
4.1
4.0
3.9
4.5
3.7
4.6
4.5
4.7
4.0
4.6
3.6
4.6
3.4
4.1
4.1
4.1
4.5
3.8
3.8
4.4
3.5
4.1
4.6
4.0
3.5
4.3
3.5
4.2
3.0
3.6
4.2
3.6
4.2
3.7
5.0
4.2
4.1
4.1
4.8
4.0
3.6
3.9
4.8
3.7
4.4
4.0
3.8
3.8
4.3
4.7
3.7
3.8
4.5
4.0
4.3
3.8
4.1
4.4
4.3
4.0
3.8
4.2
4.2
4.7
4.0
3.6
4.0
3.4
3.5
4.6
4.0
3.7
4.1
4.0
10954:
3.1
2.7
3.9
2.4
4.3
2.4
10955:
4.0
3.5
4.0
4.6
3.9
3.7
3.9
4.1
4.0
4.7
10956:
3.2
3.3
2.9
1.5
4.4
3.3
2.4
10957:
3.6
3.5
3.7
3.0
3.8
2.8
3.8
3.6
3.6
3.5
3.0
3.0
2.5
3.4
3.1
3.1
3.9
2.5
2.9
3.7
10958:
4.0
3.9
4.1
2.4
3.7
3.7
10959:
3.9
3.7
4.9
4.3
4.1
4.6
3.9
3.8
4.0
4.0
3.8
3.9
3.9
4.1
3.0
3.4
3.5
10960:
2.9
3.4
3.9
3.1
2.6
2.6
2.0
3.0
10961:
4.4
3.8
4.1
4.5
4.6
3.8
4.3
4.4
3.5
10962:
2.5
3.0
2.9
3.2
2.2
2.9
3.2
2.6
2.1
2.2
1.5
3.0
2.8
1.7
3.4
2.7
2.5
2.6
2.2
2.4
10963:
3.5
3.5
3.3
3.4
2.7
3.6
3.5
2.8
3.4
10974:
2.5
2.6
2.3
10975:
3.7
1.3
2.7
2.8
10976:
1.9
3.1
2.1
3.1
2.9
3.2
2.9
10977:
3.4
2.2
2.4
3.7
2.2
3.1
2.8
2.7
2.3
10979:
3.6
4.4
3.2
2.1
3.7
4.1
3.2
3.4
3.1
3.7
3.6
3.8
3.6
3.9
3.2
10983:
2.7
2.9
3.4
10984:
3.9
4.7
4.0
3.6
3.9
4.1
3.1
3.2
3.9
3.5
2.6
3.9
3.1
3.6
3.1
10985:
3.1
10986:
3.7
3.4
3.6
2.9
3.5
3.1
3.9
3.3
3.5
3.5
3.2
3.6
3.4
2.7
2.5
3.2
3.6
3.1
4.2
2.7
3.1
3.6
2.5
3.1
3.4
3.8
3.1
3.2
3.2
3.8
3.1
2.7
3.0
2.4
2.7
3.5
3.7
2.9
3.8
3.2
3.3
3.6
3.7
3.5
3.8
2.8
2.8
3.8
3.2
3.6
3.7
3.1
3.5
2.7
3.0
3.8
2.5
3.3
3.3
3.7
3.2
2.5
3.5
3.4
3.7
3.3
3.5
2.7
3.6
3.4
3.4
3.2
3.2
3.5
3.6
3.5
3.2
3.2
3.2
3.0
4.0
4.0
2.6
2.9
3.2
4.1
2.6
3.1
3.2
3.3
2.4
3.3
3.6
3.5
3.4
3.1
2.9
4.0
3.0
3.6
2.4
3.3
3.6
3.8
3.3
3.4
3.4
3.4
3.6
2.5
3.6
2.6
4.1
3.3
3.7
3.7
2.8
3.6
3.0
3.2
3.0
3.4
3.1
3.0
3.7
3.3
3.2
3.2
3.5
3.2
3.1
2.9
3.1
3.3
3.1
3.4
4.0
3.1
2.8
2.6
3.3
3.4
3.6
3.0
3.5
3.1
3.8
3.5
3.0
3.6
3.4
2.9
3.7
3.1
3.1
3.3
2.6
2.7
2.7
3.2
3.6
4.0
3.7
2.3
3.2
3.4
2.9
3.6
3.5
3.6
3.3
3.3
3.2
3.2
3.6
3.1
3.2
3.2
3.3
3.3
2.9
3.0
3.8
3.5
3.6
3.0
3.3
2.8
3.5
3.9
3.4
3.5
4.1
4.0
3.5
3.3
3.4
2.4
3.0
3.4
3.4
2.9
3.3
2.6
3.1
2.7
4.0
3.3
3.2
3.1
3.3
3.1
2.9
3.1
2.8
2.8
3.0
3.6
3.3
3.6
2.8
3.2
3.2
3.4
2.9
3.3
3.7
2.8
2.8
2.9
3.1
3.2
3.4
2.8
3.0
3.0
12085:
3.8
4.8
4.8
3.4
3.7
4.0
4.5
3.6
4.0
3.8
4.1
4.2
4.2
3.9
4.2
4.5
3.9
3.7
3.8
3.4
3.5
4.1
3.3
3.3
4.1
4.3
3.3
3.5
3.3
3.9
4.0
3.5
3.3
3.2
4.1
4.3
3.4
3.0
3.5
3.8
3.5
3.9
3.7
3.4
12086:
2.7
3.9
2.9
3.3
3.4
3.7
2.8
2.8
12087:
4.0
3.0
3.4
3.4
3.8
3.2
3.7
3.7
2.6
2.8
3.8
13066:
1.3
1.3
1.2
13067:
2.2
3.3
2.8
2.5
3.0
2.7
3.6
2.8
2.8
3.2
2.9
2.4
2.9
3.0
3.1
2.9
4.3
2.6
3.1
3.5
3.1
2.6
2.5
2.8
3.1
2.6
2.7
3.2
3.9
4.2
2.8
2.7
2.8
2.5
3.1
2.7
3.2
2.4
2.8
2.6
3.5
3.0
3.5
13068:
2.6
3.3
2.8
2.7
3.1
2.0
3.3
3.0
3.7
2.9
2.6
2.8
2.9
3.2
2.2
2.7
2.9
3.5
2.9
3.1
2.3
3.7
1.8
3.2
2.8
3.4
3.1
3.4
3.3
3.2
3.0
3.3
2.2
14204:
4.0
4.0
4.5
14205:
1.0
1.5
1.5
2.1
1.7
1.8
2.6
1.3
1.3
1.5
1.0
1.8
1.1
2.4
1.6
1.9
1.2
2.5
1.5
2.2
2.0
2.1
1.6
1.8
14206:
4.0
4.3
3.9
4.2
4.3
4.1
4.5
4.0
4.3
4.4
4.3
3.8
5.0
4.3
14208:
2.6
15472:
4.9
3.5
3.7
3.3
3.2
4.0
4.2
4.4
4.0
3.7
3.7
4.2
3.6
3.1
3.9
4.0
3.9
3.2
4.5
4.4
3.8
3.8
4.0
3.6
3.5
3.4
3.9
4.1
3.7
3.9
5.0
3.6
4.1
3.1
4.2
4.1
3.6
3.1
3.8
4.2
3.2
4.3
3.4
3.8
4.1
3.7
3.5
4.1
3.5
4.4
3.3
4.3
3.5
4.7
3.8
3.7
4.6
3.7
4.2
3.9
4.1
3.3
3.9
4.3
4.1
4.0
3.9
3.8
4.5
3.6
3.7
4.0
3.5
4.1
4.3
3.8
4.5
2.9
3.2
4.1
3.4
3.9
3.3
4.2
4.5
3.6
3.6
3.9
3.6
4.3
3.7
3.9
4.0
3.7
3.5
4.1
3.1
3.5
3.9
4.4
4.1
3.4
3.7
3.7
3.2
4.1
4.0
3.9
4.5
3.3
3.8
3.2
3.7
4.2
3.9
3.7
3.8
3.2
4.4
3.5
3.6
4.1
3.3
4.3
4.2
4.0
3.5
4.3
3.2
4.3
3.8
4.0
3.6
4.2
3.8
3.9
3.7
3.7
3.7
3.1
15473:
3.9
3.3
3.3
3.8
3.1
3.3
3.7
3.7
3.8
3.4
3.3
3.4
2.5
3.4
4.6
3.4
3.1
3.4
2.9
3.3
3.2
2.8
3.1
4.3
2.7
3.2
4.0
3.8
3.3
3.4
3.5
16785:
2.3
3.2
3.3
3.0
3.4
3.8
3.6
3.2
2.5
3.9
2.8
3.7
3.2
3.0
2.7
4.0
3.4
3.1
3.3
3.5
3.5
3.1
3.4
2.6
3.2
3.2
3.7
3.2
3.6
3.3
3.4
3.9
3.2
3.5
4.0
3.6
3.1
3.8
3.6
3.4
16786:
2.7
2.7
2.6
2.3
2.4
2.9
2.6
2.4
16788:
3.8
3.1
3.4
3.8
3.4
3.9
4.4
3.0
3.6
3.6
3.7
3.3
3.4
4.0
4.3
3.3
3.0
2.7
3.1
3.0
3.3
3.2
3.2
3.6
3.6
3.9
3.3
2.7
3.0
3.6
3.2
4.6
3.0
3.5
4.1
3.2
3.5
3.0
3.2
3.7
4.0
4.6
3.3
16789:
3.1
3.2
3.2
2.9
3.3
4.1
2.7
1799:
4.0
4.9
3.4
3.9
2.7
3.2
3.3
4.0
4.5
3.8
3.8
4.6
3.9
3.5
2.7
3.9
3.6
4.2
3.9
3.8
4.6
3.9
3.5
4.2
4.0
4.2
4.2
4.5
3.6
4.0
3.5
3.8
4.3
3.6
3.1
3.8
4.3
3.5
2.6
3.3
3.9
4.5
4.2
3.5
3.5
3.3
4.1
3.6
3.6
4.0
4.2
2.9
3.5
3.0
4.2
4.3
3.7
4.3
4.2
3.7
3.4
3.2
2129:
4.4
5.0
3.9
4.3
4.7
4.2
4.4
5.0
4.0
4.4
5.0
4.4
3.9
3.4
3.9
4.7
4.6
3.7
3.8
4.5
4.4
4.3
4.1
4.7
4.2
3.5
213:
4.1
3.3
3.0
2.9
3.2
3.1
3.7
3.1
3.4
3.6
3.6
3.3
3.8
2.8
3.7
3.4
2.5
3.6
3.1
3.0
3.7
3.4
2.6
3.4
3.6
4.1
3.0
3.5
3.2
3.6
3.8
3.5
4.0
2.6
2.7
3.8
2130:
3.2
4.3
3.4
3.8
3.5
4.1
4.2
3.9
4.2
3.3
3.9
3.7
3.5
3.2
4.2
4.0
4.4
3.6
3.7
3.5
3.7
2.9
3.2
4.0
2.5
4.1
3.5
3.8
3.9
4.0
3.8
3.9
3.7
3.5
3.5
3.2
3.5
3.7
3.4
3.6
4.1
4.1
3.9
3.4
3.4
4.2
4.5
4.2
3.2
3.7
2.5
3.6
4.3
3.6
3.9
2579:
2.8
2.1
2.7
3.0
3.3
2.8
2.4
3.0
2.9
258:
3.1
2.9
3.1
2.8
2580:
3.5
3.6
3.6
3.2
4.2
3.1
4.3
3.3
2.9
3.6
3.9
3.8
3.9
3.1
3.5
4.2
4.4
3.2
3.0
4.5
3.6
3.7
4.5
3.4
3.6
3.1
3.5
4.0
3.6
3.7
3.3
2.8
3.7
3.7
3.9
3.4
3.2
3.7
3.7
3.9
3.7
3.9
3.4
4.1
4.4
3.8
3.8
3.9
3.1
4.0
2.6
3.6
3.2
3.2
4.2
3.3
3.8
3.6
2.6
3.7
3.4
4.4
3.5
3.9
3.5
4.3
4.1
324:
3.7
2.5
3.0
3.2
3.3
4.3
3.4
2.7
3.6
4.3
3240:
3.6
1.7
4.2
3.1
3.7
3.1
3.5
3.8
4.1
3.2
3241:
3.8
3.5
3.0
2.9
4.0
3.7
2.7
3242:
3.2
2.9
3.0
2.9
2.6
3.2
4.1
2.2
2.5
2.4
3.1
3.5
4.2
3.7
2.2
3.8
2.8
2.9
2.7
3.7
2.5
3.3
3.8
3.4
3.1
3.3
3.4
2.7
3.8
2.9
2.9
3.2
3.8
3.4
3.0
2.8
2.5
3.1
3.7
3.7
3243:
3.5
3.7
2.6
3244:
3.1
3.2
4.0
3.5
3.2
3.7
2.9
3.5
3.6
3.7
3245:
3.8
3.9
2.8
3.2
2.3
2.8
3.6
2.8
3.2
3246:
2.2
2.1
3.2
2.8
1.9
3.0
2.5
3.1
2.8
1.7
3.3
3.2
2.4
3.1
2.9
3.0
2.2
3.8
2.8
2.7
3.2
3.4
3.8
1.4
2.6
4417:
4.0
3.7
3.9
3.7
4.0
4418:
3.9
4.1
3.6
3.7
3.7
2.9
4.2
3.9
3.4
3.8
4.0
3.2
3.9
3.7
3.6
3.4
4.0
3.4
4.0
4.0
3.5
3.8
3.7
2.8
4.1
4.1
3.4
3.8
3.7
3.1
3.4
4.1
3.4
3.0
3.3
3.1
4.1
3.9
3.1
3.0
2.6
3.3
3.5
2.9
3.3
3.6
3.9
3.0
4.3
2.6
3.7
3.3
3.4
3.5
4.2
3.2
3.8
4.0
3.3
3.5
3.4
3.8
3.6
3.5
4.4
3.2
4.0
4.2
4.8
3.3
3.4
4.0
3.6
3.1
4.3
3.7
3.9
3.0
3.6
3.8
3.9
4.2
3.6
3.3
4.0
3.9
3.4
3.0
3.3
4.4
3.4
3.4
3.7
3.7
3.4
3.9
3.5
3.3
3.5
4.0
3.5
3.3
3.7
3.1
3.6
3.1
3.4
3.1
3.5
4.1
3.2
3.3
4.3
4.0
3.2
3.7
3.4
3.9
3.5
3.4
3.8
3.9
3.7
3.3
3.5
3.2
2.7
3.5
3.7
3.2
3.5
3.5
3.8
4.0
4419:
3.2
3.9
3.2
3.5
3.4
3.9
3.8
2.7
3.3
3.8
4.6
2.9
3.4
3.8
3.7
4.4
3.3
4.0
3.7
2.9
3.8
3.2
3.6
3.3
3.2
3.8
3.8
4.2
4.0
4.3
3.7
3.9
3.7
3.9
3.5
4.2
442:
4.3
3.5
4.0
3.9
4.5
4.6
4.0
4.3
3.9
4.3
4.6
4.6
4.4
3.4
4.0
3.8
4.6
4.1
4.3
4.0
4.3
3.4
4.4
3.7
4.2
4.3
4.3
4.5
4.0
4.4
4.6
3.9
4.2
3.7
4.4
3.9
3.9
3.8
4.2
4.4
4.0
3.6
4.4
4.5
4.3
4.2
4.5
3.4
4.6
4.6
RMSE: 0.96
