8473:
3.5
12973:
3.5
3821:
3.3
13134:
4.3
17320:
3.6
580:
3.2
16905:
3.4
1389:
4.3
11728:
4.0
2128:
3.4
16101:
3.4
3202:
3.7
3900:
4.0
11608:
3.5
6598:
3.7
6900:
3.3
8224:
4.5
5389:
2.7
10879:
3.0
17457:
3.5
16052:
3.5
9621:
3.7
14770:
3.5
11725:
2.8
3907:
3.8
851:
3.8
9193:
3.5
12155:
3.6
13809:
3.2
13902:
3.4
10155:
3.8
2393:
3.8
8790:
4.2
16702:
3.9
15758:
3.9
9496:
3.7
11448:
3.3
16554:
4.1
9971:
3.7
4540:
4.5
13008:
3.1
13091:
3.5
10929:
3.2
2460:
3.5
6311:
3.7
7589:
3.9
12666:
2.9
8805:
3.6
1068:
3.4
14843:
3.5
11291:
3.3
6166:
3.9
17213:
4.3
13243:
2.8
11372:
3.1
13377:
3.8
13455:
3.4
379:
2.6
1173:
4.0
13354:
2.3
9863:
3.5
5506:
3.6
13027:
3.9
5890:
3.3
14422:
3.1
14968:
3.8
8050:
3.6
7183:
3.0
17128:
3.4
16875:
4.5
16475:
3.1
15035:
3.9
17339:
3.8
16708:
3.1
2998:
3.3
13850:
2.5
11811:
3.3
8481:
3.3
6949:
3.3
2080:
3.4
84:
3.1
12504:
3.3
16730:
3.2
9425:
3.4
5419:
3.6
15022:
3.7
1279:
3.7
7883:
3.7
15814:
3.5
6191:
3.3
7843:
3.8
5169:
3.6
12368:
3.6
7341:
2.9
9571:
4.5
17387:
3.8
12773:
3.2
16795:
4.1
1363:
2.9
6214:
2.9
2588:
3.2
11612:
3.6
7519:
3.4
13595:
2.9
13359:
3.6
8043:
3.6
10610:
3.0
15614:
3.2
10124:
3.8
3572:
3.6
2287:
3.2
11646:
2.7
15993:
3.3
1927:
3.5
5110:
3.1
8818:
3.8
12:
3.2
8827:
3.5
10184:
2.9
5075:
3.6
6814:
4.0
6594:
3.3
14959:
3.8
8125:
3.3
4639:
3.5
8774:
3.7
7600:
3.8
16602:
3.7
16600:
3.3
10262:
3.2
8111:
3.7
1934:
3.4
2261:
3.2
4525:
3.8
3631:
4.6
15672:
3.7
6947:
3.3
7982:
2.6
274:
2.8
2555:
3.6
15248:
3.1
6262:
3.6
4337:
3.1
9523:
2.9
14748:
3.1
4164:
3.3
7998:
3.7
7805:
3.2
1144:
3.8
4926:
3.0
13862:
3.3
9336:
3.2
5639:
3.7
3097:
3.2
16968:
3.2
4012:
3.3
5502:
3.7
10341:
3.2
16057:
4.0
1373:
3.5
15594:
4.7
17007:
4.1
14972:
4.4
512:
3.6
9526:
3.3
5703:
3.7
7209:
4.1
12646:
3.3
4215:
3.1
239:
3.6
5886:
4.3
17649:
3.5
2996:
4.2
7634:
3.4
15179:
3.4
4671:
3.3
17313:
3.6
13491:
3.6
3304:
3.0
240:
4.1
4889:
3.1
15251:
3.4
1562:
2.7
1644:
3.8
17090:
3.6
662:
3.5
14199:
3.7
12283:
2.9
10262:
3.7
12031:
3.2
2581:
3.8
2308:
3.2
5511:
3.6
7258:
3.2
2216:
3.3
14969:
3.9
8561:
3.2
4571:
3.5
14287:
3.3
7833:
4.0
4430:
3.1
5475:
4.0
9830:
3.7
2272:
3.1
17609:
3.2
10933:
3.7
7828:
3.4
15021:
3.6
16094:
3.5
9801:
3.4
15046:
3.3
15511:
3.5
12618:
3.3
4902:
3.3
1281:
3.1
7771:
3.2
3029:
3.0
16853:
3.7
7558:
2.6
5003:
3.7
1395:
3.8
15536:
3.0
918:
3.4
7207:
2.7
14034:
5.0
16274:
3.7
12041:
3.3
5773:
3.2
14717:
3.1
16946:
3.7
6954:
3.2
823:
3.6
6681:
3.8
14675:
3.2
10136:
3.4
8967:
3.9
11325:
3.5
15201:
3.6
2818:
4.1
1310:
3.8
10269:
3.1
10661:
3.5
9398:
3.2
12358:
3.8
10060:
3.9
8507:
3.4
1302:
3.2
1350:
4.4
8582:
3.2
9870:
3.3
12474:
3.4
12346:
3.0
686:
3.3
11040:
3.7
327:
3.7
14171:
3.6
16152:
2.6
4581:
3.7
6855:
2.7
17505:
3.5
17734:
3.8
6802:
2.7
10000:
3.5
6296:
4.4
10653:
3.4
7072:
3.6
13162:
3.5
9113:
3.7
9368:
4.0
6602:
3.6
15236:
3.3
17187:
4.3
54:
3.1
9832:
3.2
5413:
3.6
16915:
3.9
9320:
3.5
9099:
3.2
14507:
3.7
3950:
3.9
13771:
3.4
9125:
3.8
9316:
3.7
17459:
3.4
11880:
3.7
13860:
3.6
15440:
3.7
12754:
3.0
13406:
4.6
11586:
3.6
3899:
3.7
1884:
3.6
17258:
3.6
9007:
3.3
1089:
3.5
8713:
3.3
14817:
2.9
1081:
1.8
17065:
3.3
3357:
3.2
4827:
3.0
9743:
3.5
13865:
3.9
231:
3.2
15812:
3.5
10639:
3.4
8803:
3.8
1866:
3.3
9711:
3.6
13834:
3.2
10864:
3.6
6812:
3.7
9528:
4.0
4064:
3.6
16567:
3.5
13173:
3.1
2865:
3.7
4969:
3.5
13181:
3.6
4970:
3.5
14272:
3.6
14624:
3.3
8533:
3.8
10873:
3.2
7956:
2.7
16176:
3.6
5601:
3.2
9888:
4.0
11145:
3.7
14929:
3.6
13554:
2.6
14525:
3.9
2494:
3.0
4984:
3.1
15246:
4.2
12292:
3.4
6491:
2.9
8655:
3.0
5424:
3.6
861:
3.4
1694:
3.7
9716:
3.4
14609:
3.7
9692:
3.6
17317:
3.7
12925:
4.2
17393:
2.8
4471:
3.2
11295:
3.4
4749:
3.8
14696:
3.4
1557:
3.2
9547:
3.5
12262:
3.9
3776:
3.6
11861:
3.2
3911:
2.9
349:
2.9
11546:
3.4
15445:
3.6
3573:
2.7
15861:
4.1
17719:
3.2
6729:
3.5
9808:
3.6
12620:
3.2
4026:
3.0
14922:
4.1
2377:
2.9
4323:
3.4
8283:
3.1
2357:
4.1
8238:
3.0
16219:
3.5
17064:
3.3
9946:
3.7
8892:
3.7
3449:
2.8
12490:
3.5
12807:
3.8
4638:
3.1
2228:
3.7
7995:
3.6
15146:
3.2
2796:
4.0
4099:
3.5
4953:
3.6
8989:
3.7
16908:
3.4
7908:
3.5
16165:
3.3
12824:
3.7
13236:
2.6
1632:
2.6
11618:
3.6
3393:
3.8
15300:
3.4
7088:
3.7
14867:
2.9
5979:
3.3
1392:
3.8
7089:
2.2
17733:
2.1
15470:
2.6
13782:
3.3
4355:
3.0
8444:
3.4
12802:
2.9
2533:
3.5
1372:
3.7
723:
3.6
8459:
3.2
5132:
3.4
3995:
3.2
895:
3.7
1608:
3.6
17120:
3.0
17089:
3.8
13316:
3.3
1138:
3.3
12651:
3.7
2717:
3.3
15070:
3.8
3583:
3.1
14440:
3.3
16047:
3.6
7758:
2.8
9974:
3.4
951:
2.6
17625:
3.6
7157:
3.4
15781:
2.8
5924:
3.3
7309:
3.7
8214:
3.5
8349:
4.2
8838:
3.3
12984:
3.0
15755:
3.9
3972:
3.6
4431:
3.5
7209:
4.1
2447:
3.5
1767:
3.5
1831:
3.3
2641:
3.0
6243:
3.3
11689:
3.4
14663:
3.7
9459:
3.4
4985:
4.6
15656:
2.6
5662:
3.4
10996:
3.5
16735:
3.5
4627:
3.4
2345:
3.2
8067:
3.6
1018:
3.9
17239:
3.9
15057:
3.7
14209:
3.5
7427:
3.6
3328:
3.4
4979:
3.7
7119:
3.6
7516:
3.7
7623:
2.5
14619:
3.8
14580:
3.8
10105:
3.5
531:
3.3
4724:
3.6
12708:
3.0
1990:
3.0
954:
3.5
14381:
4.0
15593:
3.1
16008:
3.9
5220:
3.6
13463:
3.4
11014:
3.2
10411:
3.9
14807:
3.6
12261:
3.0
3991:
3.1
3775:
3.3
14064:
3.5
13776:
3.4
12250:
3.9
9141:
4.2
9249:
3.3
11249:
3.6
13797:
2.8
2745:
4.5
4928:
2.6
13827:
3.6
2273:
3.6
7988:
2.9
14585:
3.0
17454:
3.5
10925:
2.6
6684:
3.2
12582:
3.7
16499:
3.8
16481:
3.1
14094:
3.4
16247:
3.7
6266:
3.7
4501:
3.6
2958:
3.6
13568:
3.2
7736:
3.5
1007:
3.2
2795:
4.1
11766:
3.0
9536:
3.7
2776:
2.8
2048:
3.8
15908:
3.2
6078:
3.1
2221:
3.6
13403:
3.8
3560:
3.6
8606:
3.6
8813:
3.1
947:
3.7
4579:
3.3
3549:
2.7
6515:
3.6
7686:
3.4
2340:
3.6
10981:
3.2
15905:
3.1
5333:
4.4
12889:
3.2
14287:
3.3
4999:
3.0
13335:
3.4
3099:
3.9
14740:
3.4
3037:
3.3
13817:
3.0
11994:
3.9
255:
3.6
7435:
3.7
7120:
3.0
10874:
3.5
13741:
3.4
3267:
3.7
15316:
3.5
2828:
3.6
11188:
3.6
5756:
3.1
9226:
3.1
7649:
3.7
6428:
4.2
6341:
2.8
2735:
4.0
6380:
3.5
9890:
3.6
17356:
3.2
2417:
2.7
3000:
3.6
3501:
3.9
931:
3.4
1918:
3.2
10750:
3.4
8175:
3.8
11056:
3.7
16442:
3.3
8556:
3.7
7460:
2.5
16215:
3.8
13238:
3.3
16569:
3.4
1446:
3.7
1396:
3.9
8672:
3.1
15869:
3.8
13744:
4.0
13865:
3.7
2547:
4.1
13273:
3.4
15378:
3.9
11303:
3.8
3846:
3.3
16564:
3.3
11218:
3.6
16674:
3.8
8714:
2.9
2523:
3.7
3387:
3.2
15317:
3.4
9491:
3.5
9116:
3.4
7997:
3.7
14346:
3.5
15846:
3.8
11825:
3.8
3967:
3.3
11474:
3.5
9440:
3.4
14165:
3.5
16013:
3.7
11334:
3.6
1997:
4.0
10437:
3.4
12816:
3.1
8054:
3.4
1690:
3.2
4722:
3.3
7333:
3.5
482:
3.8
15409:
3.0
15469:
4.2
15088:
3.8
3861:
3.6
15133:
3.3
682:
3.5
3121:
3.4
17454:
3.1
3533:
3.7
5867:
3.3
6065:
2.6
283:
4.2
16155:
3.6
16729:
4.1
13825:
3.5
4431:
3.3
5904:
3.8
3131:
3.2
484:
3.2
11742:
2.7
6202:
3.1
16397:
3.8
13915:
3.1
17493:
3.6
15114:
3.6
4156:
4.0
7288:
4.0
14767:
3.2
13085:
3.3
1144:
3.7
10425:
2.9
9899:
3.7
1142:
3.3
7706:
3.7
11848:
3.3
135:
3.8
2459:
3.6
6658:
3.4
15377:
3.4
1002:
3.6
2946:
3.2
5021:
3.6
17444:
3.1
7955:
3.6
7998:
3.8
1668:
3.5
14244:
3.2
10156:
3.4
2672:
3.1
5004:
3.8
12407:
3.8
4827:
3.8
15326:
2.6
15671:
3.3
12920:
4.1
16661:
3.3
11481:
3.2
8286:
4.1
1759:
3.9
10440:
4.1
8158:
3.0
1976:
2.8
10333:
4.0
11335:
3.8
9059:
3.2
16451:
3.1
13405:
3.0
13971:
3.7
9191:
3.9
12873:
3.5
15062:
3.4
4708:
2.7
13172:
3.7
3372:
3.6
12011:
3.7
7405:
3.2
1210:
3.2
15287:
3.2
12908:
3.1
4030:
3.6
15417:
3.5
14750:
3.4
17107:
3.3
4906:
3.8
9375:
3.1
6289:
2.6
12286:
3.2
7961:
3.6
6588:
4.2
12898:
3.2
9089:
4.0
4508:
4.0
15475:
3.9
17689:
3.7
7245:
3.1
12178:
3.7
7735:
4.2
16155:
3.8
1061:
3.6
7761:
3.3
1574:
3.1
11415:
2.7
9899:
4.0
14964:
3.8
17120:
3.4
10504:
3.8
9047:
4.0
9067:
3.3
3584:
3.5
14458:
2.6
10391:
3.0
14456:
4.3
8145:
2.3
5894:
3.9
14430:
3.6
14187:
3.7
15992:
3.6
8538:
3.9
1348:
3.3
12073:
2.9
1376:
3.4
16239:
3.0
13482:
3.8
5591:
3.8
9609:
3.6
4814:
3.6
9501:
2.9
16098:
3.6
13923:
3.9
1840:
3.7
16767:
3.9
14009:
3.3
7923:
3.2
14677:
3.3
2062:
4.1
1390:
3.9
2273:
3.4
11934:
2.8
15535:
3.4
6199:
3.8
5504:
4.4
1135:
3.6
1875:
3.2
4815:
3.7
8374:
2.7
8246:
3.5
3484:
3.1
14625:
4.7
8205:
2.3
8960:
3.7
12572:
4.4
10450:
3.3
3008:
3.2
11219:
3.7
109:
3.3
2275:
3.6
8001:
3.3
3416:
3.3
5357:
2.8
12618:
3.8
290:
3.6
6643:
3.4
7119:
3.6
574:
3.5
13663:
4.1
14169:
3.3
4571:
3.5
8121:
3.5
15754:
3.0
11127:
3.5
2316:
3.1
2333:
3.0
7464:
3.3
13876:
3.1
11578:
4.5
4356:
3.3
15203:
3.0
17463:
2.9
7532:
3.0
10962:
3.0
12292:
3.3
14825:
3.5
13191:
2.3
10644:
4.0
10275:
3.9
9952:
3.4
14275:
3.7
3871:
3.5
6639:
3.6
9686:
3.9
304:
3.7
9017:
2.8
293:
3.6
13831:
3.4
3152:
3.5
12464:
2.8
12347:
3.3
10714:
3.1
13285:
3.3
12563:
3.7
11332:
4.0
3451:
3.7
14432:
3.8
16063:
4.0
1792:
3.1
8240:
4.0
7944:
4.9
14151:
3.8
6449:
3.3
9813:
3.8
14898:
3.6
15178:
2.8
10744:
3.8
8191:
3.9
8013:
3.3
87:
2.8
6608:
3.5
16059:
3.5
12345:
3.3
8880:
3.5
8386:
3.9
12057:
3.6
8781:
4.4
12332:
3.3
7765:
3.8
12292:
3.6
3948:
3.5
6968:
3.9
11821:
3.6
2788:
3.6
1134:
3.8
15618:
4.1
17262:
3.0
2216:
3.1
793:
3.4
9007:
3.2
8157:
3.1
9997:
3.7
15860:
3.1
6494:
4.0
2971:
3.3
14598:
3.9
9209:
3.5
7912:
3.1
15190:
3.1
14454:
3.6
11760:
3.9
1846:
3.5
17330:
3.3
8760:
4.0
3264:
3.6
9268:
3.3
5469:
3.6
4300:
3.5
9311:
3.9
12325:
3.4
10765:
3.4
7770:
3.1
3400:
3.2
7488:
3.3
12140:
3.6
8779:
3.6
17531:
3.2
12610:
2.0
14401:
3.9
16172:
3.8
15255:
3.2
11825:
3.8
16619:
3.4
15264:
3.9
8473:
3.9
6850:
3.8
2353:
3.7
17649:
3.3
12617:
4.3
14977:
3.3
2208:
3.1
1366:
3.4
13357:
3.7
217:
2.9
6845:
3.4
16448:
3.6
10272:
4.2
14390:
3.7
16505:
3.4
549:
3.4
5331:
3.3
12365:
3.7
3049:
3.0
5218:
2.4
9073:
3.5
9906:
2.6
5887:
5.1
7032:
3.2
17548:
3.2
16098:
3.3
5387:
3.7
3905:
3.8
2087:
2.9
11818:
3.6
8607:
3.4
8352:
2.8
8610:
3.9
11751:
3.7
6590:
3.8
1102:
3.1
9636:
3.1
7439:
3.0
10647:
3.4
11928:
3.5
6513:
2.9
420:
3.7
1531:
3.6
15716:
3.5
967:
3.4
8393:
3.7
2984:
3.8
8001:
3.5
11671:
3.6
11077:
3.6
4744:
3.2
1225:
3.5
2607:
2.5
9814:
3.4
1809:
3.0
7885:
3.6
10504:
3.6
14204:
3.8
7427:
3.7
12776:
3.1
3959:
3.7
11417:
3.4
2077:
3.6
1880:
3.5
1998:
3.5
9449:
3.6
658:
3.5
14625:
4.1
11073:
3.1
16245:
3.2
5948:
3.7
10536:
3.5
14403:
3.6
11602:
3.0
6128:
2.6
5897:
3.4
7645:
3.8
1801:
3.5
507:
3.7
12623:
4.0
12045:
3.3
7657:
3.7
7528:
3.4
14291:
3.4
7116:
3.5
9297:
3.8
8902:
3.4
44:
3.7
9317:
3.6
2756:
3.9
15554:
3.9
3140:
3.9
3099:
4.0
1940:
3.1
10922:
3.6
5401:
3.0
7023:
3.7
17059:
3.3
441:
3.7
3822:
4.0
7889:
3.1
10677:
3.3
12689:
3.4
2157:
2.2
4895:
3.3
11522:
4.1
7328:
3.1
482:
5.0
13050:
3.4
1313:
4.3
16571:
3.4
9407:
3.6
9645:
3.4
11385:
3.8
9445:
3.8
11229:
2.8
RMSE: 1.02
