10040:
3.4
3.2
3.7
10041:
3.4
3.0
3.0
2.7
3.1
3.1
3.3
3.1
3.1
2.9
2.6
3.3
3.5
2.9
3.2
3.3
3.2
2.8
3.0
2.6
3.1
3.1
2.8
3.0
3.2
2.7
3.1
2.9
3.1
2.7
3.3
10042:
4.7
4.3
4.6
4.4
4.6
4.8
4.9
4.3
4.9
4.3
4.6
4.4
4.7
4.6
4.5
4.9
4.3
4.8
4.7
4.7
4.5
4.8
4.1
4.6
4.6
5.0
4.7
3.9
4.7
4.6
4.5
4.7
4.6
4.9
4.7
4.9
4.5
4.6
4.5
4.2
4.6
4.5
4.3
4.2
4.5
4.9
4.6
4.2
4.6
4.3
4.5
4.8
5.0
4.1
5.0
4.9
4.1
4.7
4.2
4.6
4.6
4.6
4.5
4.6
4.1
4.0
4.4
4.8
4.6
4.3
4.4
4.4
4.6
4.4
4.2
4.9
4.8
4.5
4.6
4.7
4.3
4.7
4.7
4.7
4.9
4.4
4.5
4.7
4.2
4.9
4.4
4.7
5.0
4.5
4.4
4.8
4.5
4.6
4.6
4.5
4.7
4.8
4.4
5.0
4.8
4.5
4.6
4.7
4.9
4.6
4.9
4.6
4.3
4.7
4.3
4.5
4.6
4.2
4.6
5.0
4.2
4.9
4.4
5.0
4.7
5.0
4.2
4.4
4.7
4.4
4.4
4.6
4.5
3.5
4.6
4.5
4.9
5.0
4.4
5.0
4.5
5.0
4.6
4.5
4.6
4.5
4.7
4.1
4.2
4.8
4.4
4.5
5.0
4.5
4.8
4.5
4.5
4.3
4.3
4.8
3.9
4.9
4.5
4.7
4.4
4.9
4.5
4.3
4.5
4.7
4.8
4.8
4.2
4.5
4.9
4.4
4.7
4.9
5.0
4.7
4.4
4.6
4.9
4.5
4.6
5.0
4.3
4.0
4.5
4.8
4.4
4.6
4.8
4.4
4.9
4.9
4.8
4.5
4.6
4.7
4.5
4.8
4.5
4.5
4.7
3.6
4.7
4.5
4.6
4.4
4.4
4.5
4.8
4.8
4.9
4.8
4.8
4.7
4.5
4.7
4.5
4.8
4.9
4.8
4.7
4.6
4.9
4.4
4.7
4.5
4.6
4.6
4.7
4.4
5.0
4.5
4.8
4.3
4.7
4.6
4.4
4.9
4.3
4.7
4.8
4.8
5.0
4.8
4.5
4.7
4.2
4.5
5.0
4.5
4.5
4.6
4.3
4.7
4.7
4.1
4.3
4.3
4.5
4.9
4.0
4.6
4.6
4.6
4.5
4.5
4.6
4.8
4.7
4.4
4.3
4.4
4.6
4.8
4.7
4.6
4.7
4.5
4.9
4.4
4.7
4.5
4.3
4.8
4.4
4.7
4.5
4.3
4.7
4.5
4.7
4.4
4.4
4.6
4.4
4.6
4.7
4.6
4.6
4.7
4.2
4.6
4.5
4.6
4.6
4.7
4.6
4.4
4.8
4.5
4.4
4.9
4.4
4.7
4.8
4.3
4.7
4.4
4.7
4.7
4.8
4.7
4.7
4.6
4.9
4.5
4.8
4.7
4.3
4.7
4.4
4.7
4.7
5.0
4.5
5.0
4.9
4.8
4.9
5.0
4.3
4.7
4.7
5.0
4.4
4.8
4.9
4.5
4.9
4.5
4.3
4.6
4.6
4.7
4.5
4.6
4.3
4.4
4.6
4.6
4.6
4.4
4.3
4.4
5.0
4.5
5.0
4.6
4.6
4.5
4.6
5.0
4.2
4.1
4.6
4.6
4.6
4.7
4.3
4.7
4.3
4.9
4.5
4.3
4.4
4.6
4.6
4.4
4.6
4.3
4.3
5.0
4.7
4.1
4.6
4.7
4.4
4.4
4.4
4.5
4.5
4.6
4.8
4.6
4.2
4.8
4.9
4.2
4.7
4.5
4.4
4.6
4.5
4.9
4.5
4.1
5.0
4.6
4.6
4.9
4.6
4.3
4.8
5.0
4.7
4.4
4.3
4.8
4.3
4.6
4.8
4.2
4.6
3.9
4.3
4.6
4.5
4.9
4.5
4.5
4.8
4.7
4.7
4.5
4.5
4.2
4.4
5.0
4.2
4.7
4.9
4.8
4.4
4.4
4.6
4.8
4.4
4.3
4.4
4.4
5.0
4.6
4.8
4.3
4.7
5.0
4.7
4.5
4.4
4.8
4.9
4.7
4.7
5.0
4.4
4.3
4.6
4.8
4.1
4.3
5.0
4.4
4.2
4.4
4.5
4.4
4.6
4.5
4.2
4.6
4.5
4.8
4.5
4.7
4.6
4.4
4.2
4.3
4.6
4.3
4.1
5.0
4.6
4.8
4.1
4.6
4.5
4.7
4.5
4.6
4.8
4.8
5.0
4.9
4.4
4.4
4.8
4.4
4.1
4.6
5.0
4.6
4.4
4.2
4.1
4.9
4.7
4.4
4.5
4.8
4.9
4.4
5.0
5.0
4.8
4.6
4.2
4.8
4.7
4.5
4.8
5.0
4.3
5.0
4.7
4.5
4.1
4.1
4.8
3.5
4.5
4.8
4.5
4.4
4.2
4.8
4.4
4.3
4.7
4.5
4.8
4.8
4.6
4.3
4.6
4.2
4.4
4.0
4.4
4.7
4.4
4.8
4.6
4.0
4.6
4.6
4.9
4.2
4.4
4.5
4.3
4.5
4.4
4.7
4.9
4.7
4.6
4.6
4.4
4.4
4.2
4.4
4.7
4.7
4.5
4.4
4.6
4.7
4.5
4.2
4.1
4.6
4.3
4.6
4.9
4.3
4.5
4.4
4.9
4.5
4.5
4.4
4.4
5.0
4.5
4.4
4.2
4.4
4.7
4.5
4.4
4.6
4.2
4.1
4.6
4.4
4.7
4.7
4.7
4.4
4.6
4.3
5.0
4.6
4.8
4.8
4.7
4.4
4.6
4.7
4.8
4.8
5.0
4.3
4.5
4.5
4.5
4.5
4.7
4.7
4.9
4.8
4.6
4.7
4.5
4.5
4.1
4.8
4.3
4.6
4.6
4.8
4.5
4.3
4.5
4.6
4.6
4.4
4.8
4.8
5.0
4.7
4.3
4.6
4.4
4.6
5.0
4.5
4.7
4.3
4.6
4.6
4.5
5.0
4.5
4.3
4.4
4.8
4.7
4.4
4.6
4.6
4.7
4.8
4.6
4.6
4.7
4.1
4.5
4.7
4.7
4.7
4.6
4.4
4.5
4.5
4.4
4.2
4.4
4.9
4.6
4.9
4.7
4.6
4.7
4.6
4.3
4.8
4.9
4.6
4.2
4.4
4.7
4.0
4.2
4.4
4.6
4.7
4.7
4.4
4.8
4.6
4.5
4.5
4.4
4.0
4.7
4.6
4.2
4.8
4.4
4.5
4.9
4.8
4.6
5.0
4.3
4.7
4.8
4.5
4.5
4.7
10043:
4.1
4.1
4.0
3.9
3.9
4.0
3.8
4.1
4.5
4.1
4.1
4.4
4.0
4.3
4.0
3.9
4.4
4.0
3.9
3.9
4.3
4.3
4.2
4.3
3.8
4.2
4.0
4.4
4.3
3.5
3.9
4.1
4.0
4.1
4.2
4.0
4.2
4.4
4.3
3.9
4.0
3.8
3.4
3.9
4.0
4.2
3.7
4.1
4.0
4.3
3.8
4.1
4.0
4.1
4.2
3.8
3.8
3.9
4.2
4.4
4.2
4.3
3.9
3.9
10044:
4.1
3.7
3.6
3.9
4.0
4.4
3.8
4.0
3.4
3.8
3.7
3.2
3.5
4.1
4.0
4.3
4.1
3.4
4.5
4.1
3.7
4.1
3.7
4.1
3.7
3.7
3.4
3.9
4.1
4.0
3.7
4.1
4.2
3.7
4.0
3.7
4.0
3.8
3.7
3.7
3.8
4.5
3.8
3.3
4.3
3.8
3.9
3.5
3.8
3.9
3.7
3.6
3.5
3.7
3.7
3.9
3.8
3.9
3.7
3.7
4.1
3.9
4.2
3.7
10045:
3.6
10046:
3.0
2.9
2.6
10047:
4.0
4.4
4.0
4.1
4.3
3.5
4.0
3.9
10048:
3.3
3.5
3.3
3.2
3.6
4.0
3.3
10049:
2.7
2.5
2.6
1005:
3.4
3.1
3.0
2.7
3.2
3.4
3.2
3.0
3.5
3.2
3.2
3.1
3.1
10050:
3.1
2.9
3.2
2.9
3.5
2.8
10051:
3.4
3.3
3.1
3.8
3.4
3.6
3.5
4.1
3.6
2.6
3.5
4.0
3.6
3.8
3.6
4.1
3.3
3.4
3.5
4.1
3.4
10052:
3.3
3.5
3.6
3.1
3.4
10053:
3.6
3.7
3.6
3.5
4.1
3.9
3.7
4.0
3.8
4.6
4.2
3.8
3.8
4.0
4.1
3.7
3.8
3.6
4.0
3.5
3.5
3.7
3.9
4.1
3.7
4.0
3.8
4.2
4.3
3.9
3.4
3.5
4.5
3.6
3.9
4.1
4.0
3.9
3.6
3.8
3.4
3.8
3.9
4.3
3.9
3.7
4.1
3.7
4.1
4.1
3.6
3.7
4.2
3.8
4.0
3.9
3.6
3.9
3.6
3.7
4.3
3.6
3.7
3.8
4.1
3.7
4.0
3.6
10054:
3.0
3.1
2.9
2.9
2.9
3.1
2.4
3.1
3.0
3.3
2.7
3.1
10055:
3.6
3.4
3.6
3.7
3.7
3.6
3.8
3.5
3.5
3.2
3.7
3.0
3.4
3.8
3.3
2.8
3.2
3.5
3.7
3.1
3.6
3.2
3.5
3.3
3.5
3.6
3.3
3.4
3.2
3.8
3.5
3.5
3.3
3.3
3.4
3.2
3.5
3.4
3.6
3.6
3.7
2.9
3.2
3.6
2.6
3.6
3.4
3.5
2.8
3.3
3.3
3.5
3.3
2.8
3.2
3.4
3.5
3.1
3.2
3.5
3.3
2.9
3.7
3.7
3.2
3.3
3.2
3.1
3.3
3.5
3.3
3.2
3.4
3.7
2.9
3.2
3.3
3.2
3.5
10056:
2.3
3.4
3.4
3.8
3.2
3.5
3.7
10057:
3.0
3.2
2.9
3.5
3.2
3.1
10058:
3.1
3.4
10059:
2.2
1006:
4.2
4.2
3.7
4.2
4.2
3.7
4.1
4.7
4.2
4.0
4.0
4.0
4.2
4.3
4.5
3.9
4.4
4.7
4.4
4.4
3.9
3.5
4.1
4.0
3.9
4.2
4.0
3.9
4.1
4.6
10060:
3.2
3.0
4.0
3.3
3.0
3.1
3.5
3.6
3.9
10517:
1.0
10061:
3.9
4.1
4.7
4.2
4.4
4.6
4.9
4.3
4.5
4.4
5.0
4.5
4.1
4.1
4.5
4.7
4.7
4.8
4.4
4.3
4.4
4.8
4.0
4.5
4.3
4.8
4.7
4.7
4.5
7510:
2.7
2.7
2.7
2.9
3.0
2.9
3.2
2.9
2.4
3.5
2.4
3.5
2.8
2.8
3.0
2.7
3.0
2.5
3.2
7511:
3.5
3.9
3.4
3.3
3.5
4.3
4.2
3.7
3.7
3.4
3.9
3.5
3.7
3.9
3.9
3.5
3.3
3.6
3.4
4.0
4.0
3.7
3.7
3.8
3.6
3.4
4.5
3.7
3.9
3.4
4.0
4.1
4.2
4.2
4.1
3.8
3.9
3.9
4.3
4.0
4.1
3.8
4.0
4.2
4.0
3.7
3.8
3.4
3.4
4.1
4.0
3.7
3.7
3.5
3.5
3.8
3.8
4.2
3.5
4.1
3.9
3.4
3.8
3.8
4.1
3.4
3.7
3.9
3.8
3.5
3.7
3.3
3.6
4.1
3.6
4.0
2.9
3.5
3.6
4.1
4.0
3.6
3.8
3.9
3.9
4.1
3.6
3.4
3.9
3.7
3.8
4.5
3.8
3.8
3.8
4.0
3.6
3.4
3.8
4.2
3.7
3.3
4.6
3.7
3.5
3.4
3.5
3.9
4.0
3.6
4.3
3.2
3.7
3.6
3.3
3.3
4.0
3.7
4.0
4.2
3.9
3.8
4.0
3.6
3.5
3.8
3.2
3.7
3.9
3.3
3.9
4.3
4.0
4.2
4.2
3.8
3.7
3.7
3.7
3.8
3.6
3.7
4.2
4.1
3.9
4.0
3.5
4.1
3.9
4.0
3.7
4.2
4.1
3.9
3.8
3.7
4.0
3.7
3.5
3.9
3.3
4.1
3.8
3.7
3.8
4.2
3.9
4.0
3.4
3.8
3.5
3.9
3.5
3.9
3.9
4.0
3.4
3.9
3.6
3.4
3.7
4.0
4.0
4.0
3.4
4.0
3.6
3.8
4.0
3.7
4.0
4.0
4.0
3.9
3.5
3.9
4.1
3.8
3.9
3.3
3.3
3.8
3.9
3.2
3.9
4.1
3.6
3.8
3.7
3.7
4.0
3.7
3.3
4.0
3.6
3.7
3.5
3.1
RMSE: 0.82
