10165:
3.3
2.8
10229:
2.6
3.5
3.2
3.3
2.8
3.5
3.6
3.0
2.6
2.9
2.9
4.0
2.8
1.3
3.1
2.6
3.1
3.5
2.8
2.4
2.9
2.9
4.3
2.7
4.0
2.7
3.1
3.0
2.5
3.6
3.0
3.8
3.0
2.9
3.1
3.6
3.3
3.1
3.3
3.5
3.1
3.4
3.9
2.5
2.9
2.5
3.0
3.5
3.1
3.3
3.0
2.5
3.1
2.9
2.9
3.1
3.0
2.8
2.4
2.2
3.2
2.5
10276:
4.2
3.1
4.2
3.6
4.6
4.5
5.1
3.7
4.0
4.3
3.9
3.6
3.7
3.8
3.6
3.8
3.8
4.3
4.0
4.2
1033:
3.5
10422:
4.1
3.8
4.1
3.5
2.6
3.9
10443:
2.9
10461:
3.1
3.8
3.4
3.6
3.9
3.7
3.9
3.8
3.8
3.7
10524:
4.5
10603:
3.4
4.0
10606:
4.1
3.8
3.8
3.7
4.1
4.4
10625:
4.1
3.3
3.4
3.6
3.4
3.0
2.7
3.2
3.0
3.2
4.2
2.2
3.9
3.8
3.4
4.1
3.2
4.0
3.7
3.3
4.0
3.0
3.4
3.8
3.5
2.6
3.6
3.9
3.2
3.6
3.1
3.6
3.4
3.9
3.2
10666:
4.0
4.0
4.4
3.8
4.5
4.5
4.3
4.0
3.9
4.8
3.9
1070:
2.1
10825:
4.9
4.7
4.7
4.5
10899:
2.9
3.9
3.5
3.2
3.7
3.3
4.0
3.6
3.3
3.3
3.2
3.3
3.4
4.0
3.2
4.0
2.2
4.0
3.5
2.8
2.8
3.4
3.4
3.4
3.5
2.7
3.6
3.7
3.5
3.2
3.5
3.3
3.9
3.6
3.4
3.7
3.7
3.9
3.3
3.8
4.1
3.6
3.4
3.0
2.9
3.5
4.2
3.1
3.9
2.9
3.2
3.4
3.7
3.9
4.0
4.0
3.3
3.3
2.8
4.0
4.4
4.0
3.6
3.2
3.9
3.2
3.2
3.8
3.5
3.9
3.5
3.0
3.7
3.1
3.9
3.0
3.5
3.8
3.1
4.0
4.2
3.1
4.0
3.0
3.1
3.3
3.5
3.9
3.5
3.8
4.3
3.6
3.7
3.4
3.4
4.6
3.2
3.6
3.3
3.3
3.5
3.3
3.3
3.1
3.9
3.7
3.4
3.5
3.5
3.5
4.4
3.6
3.6
3.5
4.0
4.7
3.2
3.2
3.4
4.0
3.4
3.5
3.7
3.4
3.9
3.3
3.5
4.2
3.7
3.8
3.1
3.8
3.4
2.8
3.6
4.5
3.6
4.1
4.0
3.9
4.0
3.8
3.5
3.8
4.7
2.7
3.7
2.8
3.3
3.3
3.7
3.6
3.1
3.7
2.9
3.3
4.6
3.3
3.5
3.5
3.5
3.4
3.6
3.5
3.6
3.2
4.0
3.7
3.9
3.8
3.7
3.8
4.0
3.7
4.3
3.5
3.4
3.5
3.6
3.7
3.4
3.6
4.4
3.1
3.3
3.4
3.0
3.9
3.4
3.5
3.9
3.4
4.6
3.5
3.6
3.7
3.8
2.9
3.9
3.3
3.1
2.8
3.3
3.1
3.4
3.8
4.1
2.6
4.2
3.5
2.9
4.0
3.7
3.1
3.4
3.7
3.4
3.7
3.6
3.4
3.3
3.3
3.5
3.3
3.9
3.7
3.9
3.5
2.9
3.7
3.1
3.9
3.6
4.1
3.9
4.0
4.0
3.6
3.6
4.5
2.9
3.8
3.6
3.2
3.1
4.0
3.1
3.7
3.2
3.5
2.8
3.3
3.2
3.8
3.5
2.5
4.0
3.7
3.7
4.1
3.9
3.6
3.7
3.0
3.2
3.4
4.0
4.1
2.7
3.2
3.4
3.5
3.5
3.2
3.3
10913:
2.9
10945:
3.7
3.9
10951:
4.4
4.3
4.4
3.4
3.9
3.8
4.0
3.8
1103:
3.4
3.7
4.1
3.4
3.7
4.2
3.8
11056:
3.9
1108:
2.5
3.4
11080:
3.5
3.4
11082:
2.6
11101:
4.3
3.5
3.1
4.6
3.3
3.5
3.0
11120:
3.1
11215:
3.0
3.1
3.5
3.5
3.5
3.4
4.4
11271:
4.2
4.5
3.5
3.9
3.8
4.0
4.9
4.2
4.6
4.3
4.3
4.2
3.9
4.5
3.9
4.2
11394:
2.6
2.6
11510:
2.3
11524:
3.6
11538:
2.7
11564:
3.4
3.9
3.0
11742:
1.8
11759:
3.1
11934:
3.0
2.6
11983:
3.5
12028:
3.5
3.1
3.3
3.5
3.5
4.0
3.6
3.4
3.8
4.0
3.5
3.1
3.2
3.4
3.4
4.0
3.5
4.1
3.9
3.3
3.5
3.6
4.0
2.9
3.9
3.6
3.1
3.6
3.5
3.7
12053:
1.6
12063:
2.8
12102:
3.8
3.1
3.7
3.5
3.4
4.1
3.6
2.9
3.1
3.5
3.0
3.7
2.8
4.0
3.8
3.3
4.5
1213:
3.9
4.0
12151:
3.7
1221:
4.0
4.5
3.3
3.0
3.2
2.9
3.6
3.5
12216:
2.8
12262:
4.1
4.1
4.2
4.1
3.9
4.4
4.0
4.0
4.5
4.2
4.3
3.7
4.7
4.0
4.7
3.8
4.1
12263:
3.9
3.7
3.6
4.0
3.0
12312:
3.8
12339:
2.7
12369:
3.1
12370:
3.0
12437:
2.3
12458:
3.6
12510:
3.5
12636:
4.9
12683:
3.8
12766:
3.5
3.6
1278:
3.5
3.7
3.8
3.7
12810:
3.2
12855:
3.9
12866:
2.4
12953:
2.7
3.4
12957:
2.4
13004:
3.1
13160:
3.8
13181:
3.1
13203:
2.8
3.8
13227:
3.1
3.3
13235:
2.4
13299:
2.2
13432:
3.2
13553:
2.9
13567:
4.0
4.0
4.4
4.2
3.5
3.5
4.1
4.3
3.6
4.0
4.5
3.6
13582:
3.7
3.8
3.6
4.0
3.8
4.0
3.0
3.2
3.3
3.8
3.5
4.1
3.5
3.5
4.2
3.0
13584:
3.9
3.0
3.8
4.0
13598:
2.9
13642:
3.1
3.1
13653:
3.5
4.1
3.2
13699:
3.3
13708:
3.1
3.8
3.6
3.6
3.5
3.6
4.3
3.5
3.6
2.9
2.7
13789:
2.6
13805:
3.2
2.8
3.1
2.9
13861:
2.9
13976:
2.9
14060:
2.9
3.2
3.5
3.0
3.0
3.5
4.0
2.8
3.7
3.2
2.9
3.2
3.1
2.4
3.0
3.9
3.5
3.0
4.0
2.6
2.6
2.4
3.3
2.8
3.1
3.2
2.9
2.4
2.7
2.8
2.4
3.5
2.5
14108:
2.3
14118:
3.8
4.2
4.5
14134:
3.7
3.6
4.0
3.2
3.7
4.4
3.4
3.7
14248:
4.2
4.1
4.2
3.5
14252:
3.4
14253:
3.2
4.0
3.4
3.5
14311:
5.1
3.0
14315:
3.5
3.3
2.7
2.9
2.9
4.5
14361:
5.0
5.5
4.8
14370:
2.1
14491:
4.4
3.0
3.4
2.5
3.3
14498:
3.0
3.0
3.2
14593:
4.3
4.0
4.5
3.8
3.2
3.6
3.8
3.7
14601:
4.4
3.5
3.1
3.7
4.2
4.0
4.1
4.6
4.4
4.2
3.9
4.4
3.2
4.1
4.2
4.4
4.0
2.2
4.2
3.3
3.8
3.5
3.4
4.0
4.2
3.8
4.2
4.0
14639:
3.0
14647:
2.9
14659:
4.9
3.8
4.6
4.4
14670:
4.1
4.0
3.8
3.6
4.1
3.5
3.7
4.2
4.2
3.8
3.7
3.7
3.8
3.7
3.1
4.1
4.4
3.7
4.9
14695:
3.3
14788:
4.0
1482:
3.3
3.4
3.1
3.0
3.1
4.0
3.3
3.0
3.2
3.7
4.0
3.5
3.5
3.4
3.9
3.0
3.2
3.8
3.1
3.0
3.5
3.7
3.0
3.5
3.0
3.6
3.4
2.8
3.1
14900:
3.1
14929:
3.1
14991:
2.0
2.2
2.2
1.8
15001:
4.5
4.1
4.1
15013:
3.5
4.4
3.5
3.9
15107:
3.9
4.2
4.0
3.9
3.6
3.6
3.7
3.6
4.0
3.8
4.6
4.1
4.0
4.4
4.3
4.1
4.1
4.1
4.4
4.0
4.5
4.1
4.2
4.1
3.9
4.5
3.7
3.8
3.8
4.5
4.3
4.2
4.4
4.6
4.4
4.8
3.7
4.1
3.8
3.8
3.8
3.7
4.5
3.4
3.9
4.1
4.4
3.7
4.2
3.9
3.6
3.3
4.0
4.0
3.8
3.2
3.8
3.9
3.4
3.7
3.9
4.0
3.7
4.0
4.2
4.4
4.5
3.5
4.4
4.3
4.9
4.6
4.2
4.8
4.2
4.5
15137:
4.0
3.5
3.6
3.8
3.0
4.0
15206:
4.9
3.7
4.1
15208:
3.3
15221:
3.3
2.8
15252:
4.1
15293:
3.3
15319:
2.6
15324:
3.9
3.7
15355:
3.7
1574:
2.5
1577:
3.3
1582:
3.1
3.1
4.2
4.2
3.4
4.3
3.8
3.1
3.4
4.3
3.8
4.6
3.8
15983:
4.6
16001:
2.5
16004:
3.1
16015:
2.9
16069:
1.3
16179:
3.6
16180:
2.8
16203:
3.5
4.0
3.7
3.4
16273:
3.6
2.7
2.8
3.5
2.7
3.6
16310:
3.1
16328:
3.3
2.3
16366:
3.3
16374:
3.0
16403:
3.3
16481:
3.1
16505:
3.2
1652:
4.4
2.5
16558:
4.0
4.4
3.7
4.0
3.6
4.4
16570:
4.1
16649:
3.2
16653:
2.9
16686:
1.9
16702:
2.6
3.6
3.3
4.6
3.3
4.5
3.6
3.8
3.3
16758:
3.6
1678:
3.3
3.2
3.9
16786:
2.7
16828:
3.2
1693:
2.9
3.1
3.5
2.7
3.5
3.1
3.2
2.7
16942:
4.5
16964:
1.3
17015:
3.1
3.1
17055:
4.0
4.0
17149:
3.1
3.0
3.6
3.8
3.1
3.2
3.8
3.4
4.0
3.4
3.7
3.9
3.6
3.6
3.0
3.1
3.1
3.3
4.4
3.1
2.8
3.2
3.2
3.5
3.0
3.9
3.7
3.7
3.0
3.0
3.0
3.5
3.6
3.5
3.4
3.6
4.0
3.4
3.2
3.5
2.9
3.4
4.0
3.7
17288:
3.5
17395:
3.5
3.8
3.2
3.0
3.5
3.0
3.5
4.0
3.3
4.3
4.0
2.4
3.2
3.5
17409:
3.3
3.5
2.8
2.8
2.5
2.5
3.2
3.4
2.9
3.4
2.9
3.1
2.2
3.9
3.6
2.7
2.7
17422:
3.5
17514:
3.4
2.2
17520:
3.9
17555:
3.2
3.0
2.7
4.1
3.2
3.8
3.9
17589:
3.4
3.3
3.1
3.5
3.2
2.5
3.2
17634:
2.0
1770:
4.1
3.6
3.9
3.1
4.2
3.8
4.0
3.6
3.9
3.9
3.7
3.8
2.7
4.0
4.4
17718:
1.7
1782:
3.0
3.0
1819:
3.1
3.1
3.6
4.2
2.6
2.9
1827:
3.2
1905:
4.5
4.4
3.7
4.2
4.2
4.0
4.1
4.4
4.6
4.1
4.1
4.3
4.0
4.7
4.4
3.8
4.1
4.7
4.3
4.0
4.4
3.9
4.3
4.5
5.0
3.6
3.9
3.9
4.2
4.4
5.2
3.8
4.4
4.2
3.6
4.3
3.5
4.3
4.3
4.7
3.8
4.1
3.8
4.1
4.9
3.7
3.6
4.3
3.8
3.9
4.4
4.7
4.2
3.1
4.9
4.0
3.7
4.8
4.2
4.6
4.1
3.3
4.8
4.6
3.7
4.4
4.2
4.2
4.2
4.3
4.7
4.4
4.2
4.1
3.9
3.5
4.3
4.6
3.2
4.4
3.8
4.3
4.4
5.1
4.2
4.0
4.3
3.5
3.7
4.1
4.3
4.1
4.2
4.5
5.1
4.3
3.8
3.6
3.8
4.3
4.7
4.2
4.4
4.4
3.9
3.3
4.0
3.3
4.2
5.1
3.9
4.5
5.1
4.7
4.7
4.5
3.1
4.1
4.9
4.2
3.9
3.0
3.6
4.7
4.6
5.0
4.0
4.6
4.1
4.1
4.5
4.3
3.5
4.3
4.0
4.8
3.6
4.2
4.3
4.3
4.4
4.5
4.5
4.7
4.3
4.9
4.5
3.5
4.8
4.5
4.2
4.6
3.8
4.7
3.7
3.9
4.5
4.8
5.0
4.6
3.9
4.1
4.7
4.3
3.9
4.0
3.9
4.3
3.4
3.9
3.5
4.8
4.1
3.8
4.4
3.7
3.2
4.2
5.0
4.6
4.7
3.4
3.6
4.2
3.5
3.8
4.2
4.4
5.1
4.1
4.1
3.9
5.0
3.8
4.7
4.3
3.6
4.5
5.0
3.5
3.4
3.9
4.6
4.1
4.4
5.2
4.7
4.5
4.1
4.2
4.0
4.7
3.6
3.8
3.6
2.7
4.5
4.2
4.3
3.3
4.4
3.8
4.8
3.6
4.3
4.2
4.1
3.6
3.8
4.4
4.1
4.7
4.8
4.9
3.9
4.8
5.1
4.6
5.0
4.0
4.6
4.7
4.3
3.8
3.6
3.8
4.1
3.9
4.4
5.0
4.5
5.4
4.2
4.0
3.7
4.7
4.2
4.0
4.3
4.2
5.4
4.0
4.4
4.5
4.3
4.3
4.7
4.0
4.0
4.8
4.7
4.0
4.6
3.6
3.8
4.2
3.5
4.1
4.8
4.8
4.3
3.3
4.2
3.9
4.1
3.7
4.6
4.5
3.7
3.8
4.3
3.9
4.1
4.6
3.6
4.5
4.2
4.1
4.1
4.5
4.0
5.0
4.5
4.1
4.3
4.3
5.0
4.3
4.7
4.6
4.2
4.8
3.2
3.9
4.7
4.3
4.5
4.1
3.7
3.8
4.3
4.0
4.9
4.3
3.9
3.9
4.0
4.2
3.7
4.1
4.4
4.1
4.4
4.4
4.0
4.2
4.1
4.7
3.7
4.1
4.5
4.6
4.8
5.0
3.7
4.3
4.0
4.5
4.5
4.0
4.0
3.9
3.9
4.6
4.0
4.6
4.3
3.8
4.3
4.2
4.5
4.2
3.8
4.5
4.4
3.6
4.4
4.3
3.8
4.1
3.9
4.2
4.5
4.4
4.5
4.0
3.6
4.0
4.2
4.8
4.2
4.1
4.6
4.1
3.7
3.7
3.9
3.9
4.2
4.2
4.1
3.6
4.3
3.9
4.7
3.5
4.3
4.6
4.0
4.6
4.9
4.7
4.8
4.5
4.3
4.6
5.4
4.1
4.2
4.2
3.7
4.4
4.5
4.1
4.3
4.4
4.2
4.0
3.9
4.5
5.0
4.6
4.5
3.6
4.3
3.5
4.5
5.2
4.6
3.6
4.5
4.1
4.3
4.0
4.0
4.2
5.2
4.2
4.6
4.1
4.5
4.8
4.1
4.1
4.4
4.9
4.1
4.5
3.0
4.3
4.4
4.2
4.2
4.4
4.7
4.7
3.9
3.4
4.9
5.5
4.0
4.5
3.8
4.2
4.8
3.9
3.7
3.9
4.1
4.3
4.2
4.3
4.2
4.0
4.3
4.4
4.3
4.9
3.9
4.0
4.2
4.7
4.1
4.8
4.0
4.2
4.2
3.9
4.4
4.5
4.5
4.8
4.3
4.2
4.0
5.2
4.1
4.2
4.5
4.3
4.5
3.6
4.4
3.9
4.4
3.8
4.1
3.6
4.7
4.1
2088:
2.1
2172:
4.3
4.3
4.7
4.3
5.4
3.8
4.0
4.8
3.9
4.7
4.3
4.9
4.8
4.3
4.5
4.8
4.5
4.5
4.5
4.7
4.6
4.2
5.0
4.8
5.9
4.2
4.8
5.3
4.7
4.4
5.2
3.4
5.0
5.1
4.2
2218:
3.5
3.5
3.8
3.9
3.9
3.9
2247:
1.9
2342:
4.3
3.6
3.4
3.9
3.5
3.4
3.8
3.5
3.9
4.2
4.0
3.7
4.4
3.7
3.1
3.4
4.7
3.8
3.6
RMSE: 0.95
