17653:
3.3
3.3
3.3
4.1
3.3
3.2
3.8
3.3
3.2
3.3
4.0
4.2
3.3
3.3
17654:
3.9
4.3
17655:
2.8
3.8
2.7
2.6
2.4
2.6
2.6
2.5
2.5
2.5
2.6
2.6
2.5
3.7
2.7
2.7
2.7
2.6
17656:
3.8
4.0
3.8
4.0
4.3
3.8
4.4
3.8
4.0
4.3
3.9
3.8
3.9
4.0
4.0
3.8
3.9
3.9
3.9
3.8
3.9
3.9
3.8
3.9
3.9
4.0
3.9
17657:
3.7
4.2
3.6
3.7
4.1
17658:
3.4
3.2
3.8
3.3
3.2
3.3
4.3
3.3
2.8
2.9
3.2
3.3
2.8
3.9
1766:
3.9
3.8
3.9
4.2
3.8
3.8
3.8
3.8
3.8
3.8
4.1
3.7
3.8
3.8
3.8
3.8
3.8
3.8
3.9
3.8
3.7
4.1
3.0
3.8
3.7
3.9
3.8
3.9
3.8
3.8
3.7
3.9
4.2
3.9
3.8
4.2
3.8
4.1
4.1
3.8
3.9
3.8
3.9
3.8
3.0
3.8
3.9
4.3
4.0
3.8
3.8
4.0
3.7
4.4
3.8
4.0
3.7
3.9
3.8
3.7
3.7
3.8
3.8
3.9
3.9
3.8
4.3
3.7
3.7
4.1
3.7
3.1
2.8
3.9
4.2
17660:
3.9
3.0
2.8
2.9
3.8
3.0
2.8
17661:
4.0
3.9
3.9
3.9
4.0
3.9
3.9
4.0
3.9
3.1
3.9
3.9
3.8
3.9
3.9
3.9
3.8
4.2
4.0
3.9
3.9
3.9
3.9
3.9
3.9
3.8
3.9
3.9
4.0
3.8
3.8
4.2
3.0
3.9
3.9
4.0
3.9
3.8
4.1
3.9
3.9
4.1
3.9
3.9
4.0
3.9
3.9
3.9
3.8
3.8
3.9
3.9
3.9
3.9
17662:
3.1
3.1
3.1
2.8
3.8
3.1
3.8
3.1
3.1
3.1
3.1
3.0
3.1
3.0
3.0
3.1
3.0
3.0
3.1
3.0
3.1
3.8
3.0
4.5
3.1
3.8
3.0
4.1
2.9
2.5
3.9
3.0
3.1
3.0
2.9
3.1
3.9
3.1
17664:
3.5
3.4
4.2
4.4
3.4
17665:
3.2
3.8
3.3
4.0
17666:
3.3
2.2
3.3
2.8
3.3
3.2
2.9
2.5
3.4
3.2
17667:
3.0
3.0
17669:
3.8
3.0
1767:
3.9
4.7
3.7
17670:
3.4
4.2
3.5
4.1
3.4
3.4
3.5
3.9
3.5
3.9
3.4
3.5
3.4
3.9
17671:
3.8
3.0
3.6
3.7
3.7
3.8
3.8
3.0
3.6
3.8
3.7
3.6
3.8
3.6
4.0
2.2
3.6
2.9
3.8
3.1
3.6
3.9
3.7
4.5
3.7
3.7
3.7
4.3
3.6
3.7
3.8
3.7
3.6
4.3
3.7
4.2
3.7
4.1
3.8
3.7
3.7
3.9
4.1
4.6
4.3
3.7
3.7
3.7
3.6
3.7
3.8
3.1
3.8
3.7
3.6
2.8
3.9
3.7
3.7
3.6
3.7
4.0
3.8
3.8
3.8
3.7
3.8
3.8
3.7
3.9
4.0
3.7
3.6
3.8
3.8
3.7
3.7
3.1
3.8
3.6
3.7
3.6
3.7
3.6
3.6
4.1
3.8
3.7
3.6
3.7
3.7
3.6
3.6
4.1
4.0
3.1
4.0
3.7
3.6
3.7
3.7
3.7
3.6
3.6
3.6
3.7
3.6
3.9
3.6
3.6
3.7
3.7
2.6
2.5
3.6
3.6
3.7
3.8
3.6
3.0
4.1
3.7
3.7
3.8
3.1
3.7
17672:
2.8
4.2
4.1
4.0
4.0
3.7
3.7
4.1
3.6
3.6
2.7
4.1
3.6
3.7
3.9
3.7
3.7
3.6
3.6
3.7
3.7
3.6
3.7
3.6
3.6
3.7
3.7
3.7
3.7
3.6
4.1
3.9
3.5
3.6
4.1
4.7
3.6
3.7
4.1
3.7
3.6
3.6
3.7
3.6
4.2
3.7
3.6
2.3
3.7
3.6
3.6
3.7
3.7
3.6
3.6
3.6
3.7
3.6
3.6
3.6
3.7
3.7
3.9
4.0
3.7
3.6
3.1
3.7
3.6
3.7
3.7
4.3
3.7
4.3
2.4
3.7
3.6
3.6
3.7
4.3
3.6
3.6
4.1
3.6
3.6
4.4
3.7
3.6
3.7
3.7
4.0
3.6
3.6
3.6
3.7
3.7
2.9
3.7
4.2
3.1
3.6
3.6
3.6
3.6
3.7
3.7
3.7
3.7
3.7
3.6
4.0
3.7
4.2
3.7
4.2
3.7
2.9
3.7
3.6
3.6
4.0
3.7
3.7
3.7
3.6
3.7
3.6
4.0
3.6
3.6
3.7
3.7
3.7
3.7
3.6
3.6
3.7
3.6
3.7
3.6
3.1
3.9
3.7
3.6
4.1
3.7
4.2
3.7
3.7
3.7
3.7
3.6
3.6
3.7
3.7
3.6
3.6
3.7
3.6
3.9
3.6
17673:
3.1
3.0
3.9
17674:
3.2
3.2
3.2
3.2
2.8
3.2
3.8
3.2
3.3
2.9
17675:
3.3
3.3
3.4
4.2
3.3
3.2
4.5
3.4
4.2
3.4
4.1
3.4
3.2
17676:
2.6
2.8
2.6
2.7
2.6
2.6
2.6
2.8
2.6
2.3
3.8
3.7
3.8
2.6
3.7
2.6
3.9
2.7
2.7
2.7
2.7
2.8
2.7
17677:
3.9
3.8
4.0
4.0
3.8
4.7
3.8
4.2
3.8
4.0
4.5
3.9
4.7
3.9
3.9
4.3
3.8
4.7
4.2
3.9
4.4
3.9
4.3
3.9
4.3
3.8
17678:
4.1
4.1
3.4
3.3
3.3
3.3
4.5
3.3
3.3
17679:
4.0
3.2
3.3
3.4
1768:
3.0
3.9
3.1
3.9
3.1
2.5
4.0
3.9
3.0
3.1
2.6
3.1
3.1
3.0
4.1
3.0
2.9
3.0
4.1
3.1
3.0
3.1
3.0
3.1
3.0
3.0
3.1
3.1
3.0
2.9
3.1
3.1
3.0
3.1
3.1
3.1
2.9
3.1
3.8
3.8
3.1
3.1
3.0
3.1
3.1
3.0
3.0
3.0
3.0
3.1
3.0
3.0
3.8
3.0
2.9
3.9
2.8
3.9
4.3
3.9
3.1
3.0
4.0
3.1
4.4
3.0
3.9
3.1
3.0
3.1
2.8
3.0
3.1
3.8
3.1
3.1
3.8
3.9
3.0
3.9
3.1
3.1
3.1
3.9
3.1
3.0
3.8
3.0
3.0
3.0
3.0
3.0
3.1
3.1
3.8
2.9
3.1
3.0
4.3
3.1
3.1
3.0
3.1
3.0
2.9
3.1
3.0
3.1
3.0
3.8
3.1
3.1
3.0
3.1
3.9
3.1
3.9
3.1
3.0
3.1
2.8
2.9
3.0
3.0
3.8
3.0
3.0
2.8
3.0
3.1
3.1
3.8
3.9
3.1
2.9
3.0
3.8
3.1
3.0
3.1
3.0
3.0
3.0
3.0
3.0
4.0
3.0
3.1
3.1
3.9
3.0
4.4
3.1
2.9
3.0
3.8
3.8
3.1
3.0
3.1
3.0
4.1
3.1
3.1
3.1
3.1
3.8
3.8
2.8
3.1
3.0
3.1
2.8
3.1
4.3
3.9
4.2
3.0
17680:
2.4
3.9
3.9
4.0
3.9
3.9
3.9
4.1
3.9
3.9
3.9
3.9
4.3
3.9
3.9
3.9
4.0
3.9
3.9
3.9
4.3
17681:
3.7
3.6
3.1
3.7
3.6
4.4
3.7
3.6
4.0
3.7
3.7
3.7
3.7
3.8
3.6
3.7
4.0
3.9
3.6
3.0
3.7
2.9
4.3
3.6
3.7
3.7
2.9
3.7
3.7
3.6
3.7
2.6
4.2
3.6
3.7
4.1
3.7
3.8
3.8
3.6
3.8
3.6
3.9
3.7
3.1
3.7
3.8
3.7
3.7
4.0
3.7
3.7
3.7
3.8
3.7
3.7
3.7
3.8
3.8
3.7
3.7
3.7
3.7
3.0
3.7
3.8
3.8
2.9
2.8
3.7
3.7
3.8
3.7
3.7
4.0
3.7
4.0
3.7
3.7
3.6
3.7
3.7
3.7
3.8
4.0
3.6
3.0
3.7
3.7
3.6
3.6
3.9
3.7
3.6
3.6
3.6
3.7
3.7
3.7
3.8
3.6
3.7
3.6
3.7
3.1
3.8
3.7
3.6
3.7
3.7
3.0
3.9
3.1
RMSE: 0.98