10127:
3.2
3.6
3.8
10128:
3.6
3.5
3.2
3.6
3.7
3.7
3.2
3.4
3.9
4.0
3.6
3.4
3.6
10129:
3.9
3.7
3.7
3.9
3.5
3.5
1013:
3.6
3.8
3.6
3.5
3.7
3.9
3.4
3.3
3.6
3.3
3.4
3.8
3.5
3.5
3.5
3.4
3.6
3.3
3.2
3.4
3.6
3.5
3.6
3.6
3.7
10130:
4.0
3.9
3.8
3.9
3.8
3.6
3.7
3.6
3.9
3.4
3.6
3.6
4.2
3.6
3.9
3.5
3.5
3.9
3.9
3.7
3.8
3.9
3.6
3.9
3.4
3.5
4.0
3.9
3.6
3.8
3.8
3.9
4.0
3.8
3.8
3.9
3.7
3.8
3.9
3.7
3.7
4.0
3.8
3.9
3.8
3.7
3.7
3.7
3.8
3.7
3.8
3.9
4.2
3.8
3.9
4.0
3.8
3.9
3.9
3.7
3.9
3.8
3.4
3.6
3.8
3.9
3.9
3.9
3.7
3.9
4.2
3.8
4.0
3.6
3.5
3.6
3.7
3.6
3.7
3.7
4.0
3.8
3.9
3.8
3.7
3.8
3.9
3.8
3.7
3.9
3.9
4.0
3.8
3.4
3.9
3.8
3.9
3.7
4.0
4.0
3.2
3.8
3.9
3.5
3.7
3.8
3.8
3.8
3.9
3.9
3.9
4.1
3.8
3.8
3.6
3.9
3.7
3.8
3.8
3.8
3.6
3.9
3.8
4.1
4.0
4.1
3.7
3.8
3.8
3.7
3.9
4.0
4.0
3.7
3.6
3.4
3.6
3.8
3.9
3.9
10131:
3.7
3.7
3.8
3.7
3.7
3.7
3.7
3.6
3.7
3.7
10132:
3.5
3.7
3.6
3.3
3.2
3.3
3.2
3.3
3.4
3.5
3.6
3.6
3.3
3.4
3.5
3.6
3.9
3.8
3.3
3.3
3.6
3.1
3.6
3.5
3.5
3.7
3.5
3.8
3.4
3.9
3.4
10133:
3.3
3.4
3.2
3.3
3.4
3.4
2.8
3.3
3.6
10134:
3.8
4.0
3.9
4.0
3.9
10135:
3.5
3.6
3.4
3.5
3.5
3.7
3.5
3.7
3.4
3.3
3.6
10136:
3.6
3.5
3.4
3.6
10137:
3.9
3.8
4.0
3.8
3.9
4.0
4.0
3.7
4.0
3.8
4.2
3.8
4.1
3.7
3.7
4.0
3.5
3.9
3.9
3.8
3.9
3.9
4.0
3.3
3.8
3.8
3.8
3.5
3.9
3.8
3.9
3.7
4.1
3.9
10138:
3.4
3.4
3.6
10139:
3.9
3.8
3.8
3.7
3.6
3.6
3.4
3.8
3.9
3.3
3.6
3.8
3.4
3.6
3.7
3.8
3.9
3.6
3.7
1014:
3.2
3.1
3.4
3.3
3.4
3.6
3.1
3.3
3.3
3.0
3.1
2.9
3.6
3.0
3.2
3.4
3.6
3.2
3.2
3.1
3.7
3.0
3.0
3.2
3.1
3.0
3.4
3.2
3.2
3.1
3.2
3.2
3.2
3.3
3.3
3.1
3.1
3.3
3.2
3.4
2.9
3.1
2.8
3.4
3.4
10140:
3.9
4.0
3.5
3.2
3.5
3.8
3.4
3.8
4.1
3.8
3.5
3.5
3.7
3.7
3.5
3.6
3.5
3.6
3.4
3.2
3.5
3.8
3.9
3.2
3.5
3.5
3.7
3.7
3.5
3.9
3.9
3.9
3.6
3.7
3.9
3.4
3.6
3.4
3.9
3.5
3.9
3.8
3.7
3.6
3.7
3.7
3.4
3.6
3.9
3.6
3.9
3.7
4.0
3.7
4.0
10141:
4.3
4.5
4.6
4.5
4.6
4.3
4.3
4.7
4.5
4.3
4.6
4.6
4.4
4.7
4.3
4.4
4.6
4.0
4.5
4.4
4.3
4.4
4.3
4.6
4.5
4.3
4.1
4.4
4.1
4.5
4.5
4.3
4.3
4.6
4.6
4.5
4.3
4.2
4.2
4.4
4.6
4.2
4.4
4.4
4.3
4.4
4.4
4.7
4.4
4.5
4.2
4.2
4.4
4.6
4.5
4.6
4.2
4.6
4.5
4.5
4.6
4.4
4.5
4.3
4.1
4.6
4.6
4.4
4.5
4.4
4.2
4.5
4.5
4.7
4.5
4.6
4.6
4.3
4.4
4.1
4.2
4.5
10142:
3.7
3.7
3.9
3.9
3.6
3.7
3.3
3.4
3.6
3.4
3.3
3.8
3.5
3.4
3.7
3.5
3.8
3.4
3.7
3.2
3.4
3.8
3.7
3.1
10143:
3.8
3.9
3.5
4.0
4.1
4.0
3.9
3.8
3.9
3.6
4.2
4.0
4.2
4.0
4.1
4.0
3.8
4.0
3.8
3.9
3.8
4.0
4.1
3.9
4.0
3.5
3.8
4.0
4.0
3.9
4.0
4.0
4.1
3.7
3.8
4.2
4.3
4.0
4.3
4.2
4.1
3.8
4.2
3.2
4.2
4.0
4.0
4.1
3.9
4.2
3.9
3.9
4.1
4.1
4.0
4.0
4.1
3.9
4.0
4.1
4.1
3.7
4.3
4.0
3.8
3.8
3.9
4.0
3.9
4.1
4.0
4.0
3.9
4.1
4.1
4.0
4.1
3.8
3.8
3.7
4.3
3.7
3.8
4.2
4.1
4.1
3.9
4.0
3.6
4.0
3.9
10144:
3.6
3.5
3.4
3.4
3.5
3.5
3.5
3.6
3.5
3.4
3.7
3.4
3.6
3.3
3.4
3.6
3.3
3.8
3.4
3.6
3.4
3.3
3.5
10145:
3.5
3.5
3.0
3.6
4.1
3.8
10146:
3.8
3.3
3.6
3.5
3.3
3.7
10147:
4.2
3.8
4.2
4.1
4.1
4.0
3.8
4.0
4.2
4.4
4.0
4.1
4.2
4.2
3.7
4.1
4.0
4.1
4.0
3.8
3.9
4.2
4.1
4.1
4.2
4.0
4.2
3.9
4.1
3.7
3.7
4.2
4.2
4.0
4.0
4.0
4.2
4.2
3.9
4.4
4.2
3.5
3.7
4.0
4.3
4.0
4.1
4.1
4.0
3.9
4.2
3.8
4.2
3.8
4.3
4.2
4.4
3.9
4.2
4.0
4.0
4.2
4.2
3.9
4.2
4.0
4.0
4.0
4.2
4.0
3.8
4.1
4.2
4.2
4.0
4.1
3.9
4.2
4.2
4.2
4.0
4.0
4.0
4.2
3.8
4.1
4.1
4.2
10148:
3.4
3.2
2.9
3.1
3.2
3.2
3.3
3.2
3.4
3.3
3.3
3.3
3.0
3.4
10149:
3.1
1015:
4.0
3.9
3.5
3.7
4.1
3.8
3.7
4.0
4.1
3.9
3.6
3.8
3.6
3.8
3.9
4.1
3.7
4.3
3.9
4.0
3.5
3.9
3.8
3.8
4.1
3.8
3.7
4.0
3.9
4.1
10150:
3.7
3.4
10151:
4.1
3.9
3.8
4.0
3.8
3.5
3.5
3.7
3.5
3.7
3.5
3.7
10152:
4.0
3.6
4.3
3.8
3.6
4.1
4.1
3.8
4.0
4.0
4.0
4.0
4.0
3.7
3.9
4.0
3.8
4.0
3.9
3.8
4.1
3.5
4.0
3.6
3.7
3.8
4.1
3.9
3.7
4.0
3.8
3.7
3.8
3.6
3.9
3.9
4.1
4.3
3.5
3.8
4.0
4.0
3.9
3.8
4.0
3.8
4.1
4.1
3.9
4.1
3.6
3.7
4.1
4.0
4.1
4.0
3.4
3.9
3.7
3.8
3.7
3.9
3.5
3.7
4.0
3.7
3.7
3.9
3.6
3.9
3.8
4.2
3.7
4.0
4.0
4.0
3.7
3.8
3.9
3.8
3.9
4.1
4.1
4.0
3.6
4.1
3.8
3.9
3.7
4.0
4.2
3.9
4.0
3.9
3.7
3.9
3.8
3.9
4.1
3.8
4.2
3.4
3.8
3.9
3.7
3.8
4.0
3.7
3.9
4.1
3.7
3.8
4.0
3.9
4.1
3.8
3.9
3.8
3.9
4.0
3.6
4.1
3.7
4.1
3.6
4.0
3.9
3.8
4.0
3.6
3.9
4.2
3.9
3.7
4.1
4.0
4.1
4.0
3.9
3.8
4.0
3.9
4.1
4.1
3.9
4.2
3.7
4.0
4.0
3.8
3.8
3.9
3.7
3.8
4.1
3.7
4.0
4.0
4.1
4.0
3.8
3.7
3.8
3.8
3.8
3.5
3.9
4.1
3.8
4.0
3.4
3.6
4.1
3.7
4.0
4.0
4.0
3.9
3.9
4.0
3.9
4.0
3.9
3.7
4.0
4.0
3.9
3.7
3.9
3.8
4.0
3.9
4.2
3.8
4.0
3.8
3.9
3.8
4.0
3.9
4.0
3.9
3.5
3.9
3.8
3.7
3.7
3.7
3.9
3.6
3.9
3.8
3.8
3.9
3.6
3.9
4.1
4.0
3.8
3.8
4.0
3.7
3.8
3.9
3.8
3.8
3.7
3.9
3.6
3.8
3.9
4.0
3.8
3.6
3.8
3.9
3.9
3.9
3.8
3.8
3.6
3.8
3.9
3.8
4.0
3.9
3.9
3.8
4.1
4.1
3.9
3.8
3.9
3.7
3.9
4.1
3.9
3.7
3.8
4.0
3.6
4.2
10153:
3.3
3.2
3.0
3.2
3.6
3.1
3.3
3.4
3.0
3.4
3.4
3.2
3.4
3.3
3.3
3.3
3.2
3.1
3.2
10154:
3.4
3.7
3.5
3.2
3.5
10155:
3.5
3.7
3.2
3.3
3.2
3.3
3.5
3.4
3.6
3.3
3.7
3.2
3.2
3.3
3.2
3.5
3.3
3.5
3.1
3.3
3.0
3.1
3.3
3.3
3.4
3.1
3.3
3.3
3.1
3.4
3.7
3.5
3.4
3.3
3.1
3.2
3.3
3.3
3.6
3.1
3.1
3.4
3.5
3.4
3.4
3.2
3.4
3.3
10156:
3.0
2.9
3.1
2.9
3.1
3.1
3.2
2.7
3.1
2.9
2.8
2.9
2.9
2.9
10157:
3.8
3.6
3.6
4.0
4.0
3.6
3.8
4.1
3.8
4.0
3.7
3.9
3.8
3.7
3.9
3.9
3.7
4.0
3.7
3.5
3.6
3.7
3.8
3.7
3.8
3.9
3.7
3.6
3.8
3.8
3.6
3.7
3.6
4.0
4.0
3.8
3.6
3.5
4.0
3.7
3.7
10158:
3.9
3.8
3.7
3.6
4.0
3.8
4.0
3.8
3.6
3.6
3.7
3.6
4.0
3.8
3.8
3.9
3.6
3.7
4.1
4.1
3.7
3.7
3.9
3.7
3.7
3.8
3.6
3.9
3.7
3.8
3.8
3.7
3.7
4.0
3.5
3.8
4.1
3.9
4.0
4.3
3.8
3.9
3.8
3.8
4.1
3.7
4.0
3.8
4.0
3.9
4.2
4.1
3.5
3.3
3.6
3.7
3.6
3.7
3.5
3.8
4.0
4.0
4.0
3.5
4.1
3.9
3.8
3.7
3.9
4.0
3.6
4.0
3.8
3.9
4.0
3.9
3.6
3.8
3.5
3.7
3.7
3.8
3.9
3.9
3.9
3.8
3.7
3.8
4.0
3.9
3.8
4.0
4.0
3.7
4.1
4.2
4.0
3.9
3.6
3.7
3.8
3.9
3.8
3.8
3.8
3.8
3.7
3.9
3.8
3.8
3.8
3.9
3.7
3.8
3.8
3.8
3.7
3.9
3.5
3.5
3.8
3.7
3.7
3.8
3.6
3.8
4.2
10159:
3.7
3.8
4.1
3.9
3.8
3.9
4.0
4.0
3.7
4.0
3.7
3.9
3.8
3.6
3.8
3.6
3.9
3.8
3.8
3.9
3.8
4.1
4.0
4.0
3.9
3.8
3.9
4.0
3.7
4.0
3.8
3.9
3.9
3.5
3.9
3.8
3.7
4.2
4.0
3.8
3.7
3.9
3.7
3.7
3.8
3.8
3.8
3.9
3.8
3.8
3.8
1016:
3.0
10160:
3.6
3.4
10161:
3.4
3.5
3.6
3.9
3.5
10162:
3.9
3.7
4.0
4.2
4.0
4.0
4.0
3.9
3.9
4.0
3.9
4.0
4.1
3.9
4.2
3.8
3.7
4.1
4.0
4.1
3.6
3.8
3.9
4.1
3.9
3.9
3.7
3.9
3.7
3.6
4.2
4.0
3.9
3.7
3.9
4.0
4.0
4.0
3.7
4.0
3.9
4.0
4.1
4.0
4.1
3.8
3.9
3.9
3.8
4.0
4.0
3.9
3.9
4.1
3.9
3.9
4.0
4.1
3.8
3.9
4.0
4.0
3.9
3.8
4.1
3.5
4.0
4.1
4.1
3.9
4.1
4.0
4.2
3.9
3.9
4.0
4.0
4.1
4.0
3.8
3.7
4.0
3.8
3.9
3.8
3.8
4.0
3.9
3.9
3.5
3.7
3.9
4.2
3.9
3.8
3.9
4.2
3.8
4.0
4.2
3.7
3.6
3.9
4.1
3.5
4.0
3.9
4.0
3.8
4.0
3.8
4.2
4.1
3.9
3.8
4.0
4.0
4.3
4.1
3.9
3.7
3.9
3.7
4.0
4.2
3.6
3.9
4.2
4.0
4.0
3.8
3.9
3.9
4.0
4.0
3.6
3.8
4.1
4.1
3.6
4.0
4.0
3.7
4.0
3.8
3.6
4.0
4.0
3.9
3.8
4.0
3.9
3.8
3.8
3.8
4.1
4.0
4.2
4.0
4.0
3.9
3.9
3.7
3.6
3.8
10163:
3.2
3.6
10164:
4.0
4.2
3.8
4.0
4.3
4.0
4.1
3.8
3.6
4.1
3.8
3.8
4.0
3.9
4.2
3.8
3.9
4.2
4.0
3.9
4.1
10165:
3.4
3.4
3.7
3.6
3.1
3.5
3.5
3.2
3.7
3.3
3.3
3.3
3.6
2.9
10166:
3.1
3.2
2.9
3.2
2.7
2.8
10167:
3.7
3.3
3.2
10168:
3.2
3.2
3.1
3.1
2.8
3.2
3.0
2.8
2.9
3.2
2.9
3.2
3.2
3.0
3.4
3.1
3.3
3.0
3.1
3.3
2.9
3.1
3.0
2.9
3.3
3.2
3.1
3.4
3.2
3.3
3.3
3.4
3.2
3.2
3.0
3.2
3.3
3.1
3.2
3.4
3.0
3.3
2.9
3.0
2.8
3.2
3.4
3.0
3.2
3.0
3.2
3.5
3.2
3.2
3.1
3.1
3.2
3.0
3.0
3.1
3.2
3.2
3.5
3.5
3.1
3.1
3.0
3.1
3.5
3.3
3.1
3.5
3.1
3.0
2.8
3.2
3.1
3.1
3.5
3.0
3.5
3.3
3.3
2.9
3.2
3.3
3.0
3.3
3.0
3.1
2.7
2.8
3.3
2.7
3.2
2.9
3.6
3.0
3.3
3.2
3.2
3.4
3.3
3.5
2.9
3.3
3.1
3.0
3.3
3.2
3.3
3.1
3.1
3.2
3.3
3.0
3.3
3.1
3.2
3.1
3.1
3.3
3.0
2.8
3.0
3.2
3.1
2.8
2.9
3.0
2.9
3.2
3.4
3.1
3.1
3.2
3.1
3.1
3.2
3.4
3.0
3.3
3.0
3.2
3.1
3.2
3.2
3.3
3.1
2.8
3.1
3.4
3.0
3.2
3.4
3.3
3.2
3.3
3.1
3.4
3.3
3.1
3.3
3.4
3.2
3.1
3.2
3.1
3.1
2.9
2.9
3.2
3.0
3.1
3.0
2.9
3.0
3.2
3.0
3.3
3.0
2.9
3.2
3.1
3.0
3.3
3.4
2.9
3.0
3.2
3.1
3.0
3.1
3.1
3.1
3.3
3.2
2.8
2.9
3.1
2.9
3.2
3.2
3.0
3.1
3.2
2.9
3.0
3.4
3.0
3.1
3.2
3.1
2.9
3.1
3.2
3.1
3.2
3.3
3.2
3.3
3.5
3.1
3.2
3.4
3.3
3.1
3.2
3.1
3.2
3.1
3.0
3.0
3.2
3.1
3.2
3.2
3.4
3.4
3.2
3.0
3.3
3.3
3.0
3.2
2.8
3.2
2.7
3.2
3.0
3.0
3.1
2.8
3.2
3.4
3.0
3.3
3.2
3.4
3.3
3.0
3.4
3.1
3.5
3.4
3.3
3.4
2.8
3.6
2.9
3.2
3.2
3.4
3.3
3.1
3.0
3.5
3.1
3.0
3.1
3.0
3.0
3.0
2.9
3.1
2.8
3.1
3.0
3.3
3.2
3.2
3.1
2.8
2.9
3.2
3.2
3.5
3.4
3.4
3.3
3.3
3.3
3.0
3.1
2.9
3.0
3.2
3.2
3.4
3.1
3.1
3.0
3.2
3.3
3.1
3.5
3.1
2.9
3.1
3.2
3.0
3.3
3.1
3.2
3.3
3.1
3.3
3.2
2.9
3.2
3.5
2.9
3.1
3.6
3.4
3.1
3.3
3.1
3.1
2.8
3.5
3.2
3.0
2.9
3.1
3.1
3.4
3.2
3.2
3.6
2.9
3.2
3.2
3.1
3.3
3.4
2.9
3.2
3.1
3.1
2.9
2.9
3.2
3.0
3.0
3.2
3.4
3.4
3.2
3.1
3.2
3.1
3.2
3.1
3.0
RMSE: 0.91
