1:
3.8
3.8
3.4
3.4
3.5
3.5
4.1
4.1
4.3
4.3
4.0
4.0
2.2
2.2
3.6
3.6
3.7
3.7
3.3
3.3
4.1
4.1
3.2
3.2
4.5
4.5
4.6
4.6
2.0
2.0
4.1
4.1
3.8
3.8
4.4
4.4
4.1
4.1
4.9
4.9
3.1
3.1
5.0
5.0
4.5
4.5
10:
2.8
2.8
2.6
2.6
1000:
3.9
3.9
3.2
3.2
2.7
2.7
5.0
5.0
4.1
4.1
4.1
4.1
2.6
2.6
4.3
4.3
3.3
3.3
3.2
3.2
3.5
3.5
3.3
3.3
3.6
3.6
3.4
3.4
3.9
3.9
2.8
2.8
3.5
3.5
3.3
3.3
3.8
3.8
3.0
3.0
2.3
2.3
4.2
4.2
2.9
2.9
3.2
3.2
3.7
3.7
3.8
3.8
4.0
4.0
10000:
2.3
2.3
3.0
3.0
10001:
3.5
3.5
4.5
4.5
4.4
4.4
3.8
3.8
3.9
3.9
3.1
3.1
4.1
4.1
3.8
3.8
4.4
4.4
3.3
3.3
4.6
4.6
4.6
4.6
3.9
3.9
4.5
4.5
3.6
3.6
3.2
3.2
5.0
5.0
10002:
4.7
4.7
2.9
2.9
4.4
4.4
4.9
4.9
10003:
2.3
2.3
10004:
5.0
5.0
5.0
5.0
4.0
4.0
4.6
4.6
4.5
4.5
4.9
4.9
5.0
5.0
4.5
4.5
4.3
4.3
3.7
3.7
3.6
3.6
3.0
3.0
5.0
5.0
3.4
3.4
5.0
5.0
4.6
4.6
4.4
4.4
4.0
4.0
4.1
4.1
4.9
4.9
4.5
4.5
3.9
3.9
4.8
4.8
4.3
4.3
5.0
5.0
2.7
2.7
4.5
4.5
4.4
4.4
2.9
2.9
5.0
5.0
5.0
5.0
10005:
1.5
1.5
3.7
3.7
2.9
2.9
3.4
3.4
3.4
3.4
10006:
3.4
3.4
4.0
4.0
4.2
4.2
3.8
3.8
10007:
2.1
2.1
2.3
2.3
1.8
1.8
2.4
2.4
1.5
1.5
2.1
2.1
3.2
3.2
2.4
2.4
2.1
2.1
3.0
3.0
1.9
1.9
2.7
2.7
1.7
1.7
10008:
4.6
4.6
2.9
2.9
4.0
4.0
2.5
2.5
3.7
3.7
3.9
3.9
3.5
3.5
10009:
3.6
3.6
3.0
3.0
3.4
3.4
2.7
2.7
3.0
3.0
3.2
3.2
1001:
4.0
4.0
3.8
3.8
4.3
4.3
3.0
3.0
3.5
3.5
3.2
3.2
3.3
3.3
2.8
2.8
1.9
1.9
3.7
3.7
4.0
4.0
3.5
3.5
3.1
3.1
3.1
3.1
1.9
1.9
3.2
3.2
3.2
3.2
3.6
3.6
1.7
1.7
3.3
3.3
3.2
3.2
3.2
3.2
3.5
3.5
1.9
1.9
4.2
4.2
4.3
4.3
3.7
3.7
2.9
2.9
3.7
3.7
3.4
3.4
2.2
2.2
4.9
4.9
3.6
3.6
4.5
4.5
3.3
3.3
3.9
3.9
4.3
4.3
2.3
2.3
3.9
3.9
2.4
2.4
3.5
3.5
3.9
3.9
4.0
4.0
3.8
3.8
4.1
4.1
3.9
3.9
3.0
3.0
2.9
2.9
2.1
2.1
3.7
3.7
3.0
3.0
1.5
1.5
1.9
1.9
3.9
3.9
3.4
3.4
4.0
4.0
2.6
2.6
3.2
3.2
3.5
3.5
3.7
3.7
4.6
4.6
2.6
2.6
3.4
3.4
3.0
3.0
3.9
3.9
2.3
2.3
2.3
2.3
3.1
3.1
3.7
3.7
3.9
3.9
2.9
2.9
2.6
2.6
3.1
3.1
3.4
3.4
2.9
2.9
3.0
3.0
2.0
2.0
2.3
2.3
4.1
4.1
3.3
3.3
3.8
3.8
3.7
3.7
2.6
2.6
3.8
3.8
2.7
2.7
3.4
3.4
3.7
3.7
3.9
3.9
3.5
3.5
2.9
2.9
3.9
3.9
3.5
3.5
3.8
3.8
3.5
3.5
2.9
2.9
2.3
2.3
2.3
2.3
4.1
4.1
4.6
4.6
4.4
4.4
3.2
3.2
3.2
3.2
3.1
3.1
2.8
2.8
3.8
3.8
2.4
2.4
3.2
3.2
4.4
4.4
3.9
3.9
2.4
2.4
2.3
2.3
3.0
3.0
3.5
3.5
2.8
2.8
2.4
2.4
2.3
2.3
1.2
1.2
4.1
4.1
3.7
3.7
3.4
3.4
2.5
2.5
2.8
2.8
3.1
3.1
2.9
2.9
2.8
2.8
3.3
3.3
3.6
3.6
3.5
3.5
4.5
4.5
3.7
3.7
3.2
3.2
2.8
2.8
3.8
3.8
2.4
2.4
10010:
2.8
2.8
2.5
2.5
1.5
1.5
3.0
3.0
1.8
1.8
2.5
2.5
1.4
1.4
2.0
2.0
1.3
1.3
2.7
2.7
2.6
2.6
2.3
2.3
1.7
1.7
2.1
2.1
2.3
2.3
2.1
2.1
1.6
1.6
4.3
4.3
1.6
1.6
2.4
2.4
1.5
1.5
2.3
2.3
2.6
2.6
10011:
4.6
4.6
3.6
3.6
10012:
2.6
2.6
3.6
3.6
3.4
3.4
3.0
3.0
3.2
3.2
4.0
4.0
2.9
2.9
2.6
2.6
2.4
2.4
2.9
2.9
2.8
2.8
2.8
2.8
3.1
3.1
10013:
4.0
4.0
3.1
3.1
3.2
3.2
3.9
3.9
3.2
3.2
3.6
3.6
3.4
3.4
3.5
3.5
3.0
3.0
2.6
2.6
2.2
2.2
4.7
4.7
2.0
2.0
3.2
3.2
2.9
2.9
2.7
2.7
2.9
2.9
2.6
2.6
4.0
4.0
3.5
3.5
2.9
2.9
3.2
3.2
3.0
3.0
3.7
3.7
2.9
2.9
2.9
2.9
3.4
3.4
3.0
3.0
2.7
2.7
3.2
3.2
3.2
3.2
3.2
3.2
3.4
3.4
3.1
3.1
2.8
2.8
2.5
2.5
2.6
2.6
3.5
3.5
3.9
3.9
2.9
2.9
3.7
3.7
2.4
2.4
3.7
3.7
2.9
2.9
3.2
3.2
2.5
2.5
3.3
3.3
3.2
3.2
3.2
3.2
3.6
3.6
2.4
2.4
2.9
2.9
3.3
3.3
2.8
2.8
2.6
2.6
2.1
2.1
3.3
3.3
10014:
2.2
2.2
3.8
3.8
2.8
2.8
3.6
3.6
3.2
3.2
10015:
4.2
4.2
2.6
2.6
3.2
3.2
3.5
3.5
3.8
3.8
4.7
4.7
4.1
4.1
3.4
3.4
4.3
4.3
3.1
3.1
4.6
4.6
3.1
3.1
3.9
3.9
3.9
3.9
4.3
4.3
3.7
3.7
3.9
3.9
2.9
2.9
4.1
4.1
3.7
3.7
4.6
4.6
3.2
3.2
4.8
4.8
3.6
3.6
1.8
1.8
2.8
2.8
4.1
4.1
4.2
4.2
10016:
1.6
1.6
1.1
1.1
1.6
1.6
2.4
2.4
3.4
3.4
10017:
2.6
2.6
2.7
2.7
2.9
2.9
10018:
4.6
4.6
2.7
2.7
3.9
3.9
2.8
2.8
2.9
2.9
3.5
3.5
3.5
3.5
3.3
3.3
2.7
2.7
4.2
4.2
3.1
3.1
4.2
4.2
3.5
3.5
4.0
4.0
3.4
3.4
2.9
2.9
3.4
3.4
2.6
2.6
2.7
2.7
3.6
3.6
4.4
4.4
3.1
3.1
2.8
2.8
4.3
4.3
4.2
4.2
3.4
3.4
3.8
3.8
3.1
3.1
4.4
4.4
4.1
4.1
10019:
2.8
2.8
3.4
3.4
3.9
3.9
3.4
3.4
4.7
4.7
4.1
4.1
3.9
3.9
2.1
2.1
4.6
4.6
3.5
3.5
4.8
4.8
2.3
2.3
2.5
2.5
3.1
3.1
4.1
4.1
3.8
3.8
4.1
4.1
3.3
3.3
3.9
3.9
3.9
3.9
3.0
3.0
3.3
3.3
3.0
3.0
4.1
4.1
4.9
4.9
2.5
2.5
3.6
3.6
2.8
2.8
2.9
2.9
3.8
3.8
3.5
3.5
3.2
3.2
3.6
3.6
3.1
3.1
4.1
4.1
3.8
3.8
2.1
2.1
2.9
2.9
3.4
3.4
3.8
3.8
4.8
4.8
4.1
4.1
3.3
3.3
3.7
3.7
3.1
3.1
3.0
3.0
3.6
3.6
4.1
4.1
3.2
3.2
3.1
3.1
3.3
3.3
3.1
3.1
4.9
4.9
4.0
4.0
2.1
2.1
4.2
4.2
2.0
2.0
3.4
3.4
3.9
3.9
2.5
2.5
2.8
2.8
3.4
3.4
3.8
3.8
3.8
3.8
3.1
3.1
4.8
4.8
3.2
3.2
4.3
4.3
2.8
2.8
1002:
3.4
3.4
2.4
2.4
3.5
3.5
3.0
3.0
2.9
2.9
3.7
3.7
4.5
4.5
3.1
3.1
4.2
4.2
2.9
2.9
4.1
4.1
2.9
2.9
3.1
3.1
3.3
3.3
10020:
4.8
4.8
4.0
4.0
3.9
3.9
3.8
3.8
4.7
4.7
3.8
3.8
3.8
3.8
3.6
3.6
4.2
4.2
3.5
3.5
3.2
3.2
5.0
5.0
3.6
3.6
4.4
4.4
3.3
3.3
4.3
4.3
2.9
2.9
2.8
2.8
4.8
4.8
3.5
3.5
3.9
3.9
3.9
3.9
4.3
4.3
4.0
4.0
3.1
3.1
1.7
1.7
4.1
4.1
10021:
1.0
1.0
1.6
1.6
1.9
1.9
1.0
1.0
10022:
1.6
1.6
2.0
2.0
3.3
3.3
2.6
2.6
4.2
4.2
3.7
3.7
1.4
1.4
1.0
1.0
10023:
3.7
3.7
3.4
3.4
3.7
3.7
4.1
4.1
5.0
5.0
3.2
3.2
3.4
3.4
4.3
4.3
3.3
3.3
3.8
3.8
4.8
4.8
10024:
3.6
3.6
3.5
3.5
2.8
2.8
3.7
3.7
4.5
4.5
3.8
3.8
3.0
3.0
2.6
2.6
3.3
3.3
2.3
2.3
10025:
2.7
2.7
10027:
4.7
4.7
4.1
4.1
3.5
3.5
3.9
3.9
2.2
2.2
4.2
4.2
3.5
3.5
4.9
4.9
2.4
2.4
4.4
4.4
2.7
2.7
3.9
3.9
4.4
4.4
3.5
3.5
3.8
3.8
4.4
4.4
3.8
3.8
4.5
4.5
4.2
4.2
3.6
3.6
3.5
3.5
4.3
4.3
2.9
2.9
2.8
2.8
3.8
3.8
3.5
3.5
4.1
4.1
4.3
4.3
4.6
4.6
4.2
4.2
4.5
4.5
3.6
3.6
2.3
2.3
3.2
3.2
5.0
5.0
4.5
4.5
5.0
5.0
4.1
4.1
3.8
3.8
3.0
3.0
4.4
4.4
4.6
4.6
5.0
5.0
2.8
2.8
3.4
3.4
3.8
3.8
3.8
3.8
3.7
3.7
4.3
4.3
3.6
3.6
3.8
3.8
4.2
4.2
2.6
2.6
3.6
3.6
3.0
3.0
4.1
4.1
3.4
3.4
3.9
3.9
4.4
4.4
3.9
3.9
3.4
3.4
3.9
3.9
4.5
4.5
3.8
3.8
3.9
3.9
4.6
4.6
3.9
3.9
3.9
3.9
2.2
2.2
3.8
3.8
3.2
3.2
4.0
4.0
4.4
4.4
4.2
4.2
4.2
4.2
3.4
3.4
4.8
4.8
3.2
3.2
2.4
2.4
3.1
3.1
4.2
4.2
4.0
4.0
2.7
2.7
5.0
5.0
3.6
3.6
5.0
5.0
3.6
3.6
3.8
3.8
10028:
2.8
2.8
2.5
2.5
2.9
2.9
4.2
4.2
4.0
4.0
2.6
2.6
4.7
4.7
10029:
2.1
2.1
3.4
3.4
4.0
4.0
2.8
2.8
10031:
3.0
3.0
2.8
2.8
3.2
3.2
2.0
2.0
4.2
4.2
2.9
2.9
2.5
2.5
2.9
2.9
2.8
2.8
10032:
3.8
3.8
5.0
5.0
4.0
4.0
3.5
3.5
4.2
4.2
3.2
3.2
4.0
4.0
3.0
3.0
3.0
3.0
2.3
2.3
3.9
3.9
2.6
2.6
4.0
4.0
2.7
2.7
4.1
4.1
2.1
2.1
3.8
3.8
3.8
3.8
4.6
4.6
3.2
3.2
3.9
3.9
3.8
3.8
3.6
3.6
4.2
4.2
3.8
3.8
3.4
3.4
3.1
3.1
3.3
3.3
4.6
4.6
3.4
3.4
4.3
4.3
3.4
3.4
4.6
4.6
4.2
4.2
3.7
3.7
3.9
3.9
3.5
3.5
3.2
3.2
2.9
2.9
4.0
4.0
3.4
3.4
1.4
1.4
2.4
2.4
4.0
4.0
3.5
3.5
3.3
3.3
4.1
4.1
10033:
4.1
4.1
1.8
1.8
3.2
3.2
3.6
3.6
2.8
2.8
3.7
3.7
2.5
2.5
2.8
2.8
3.8
3.8
3.0
3.0
4.3
4.3
2.8
2.8
4.1
4.1
3.5
3.5
10034:
1.0
1.0
3.1
3.1
10035:
3.7
3.7
5.0
5.0
5.0
5.0
4.4
4.4
4.7
4.7
4.1
4.1
4.4
4.4
3.9
3.9
4.0
4.0
4.0
4.0
3.4
3.4
3.3
3.3
4.6
4.6
4.3
4.3
4.0
4.0
4.2
4.2
4.7
4.7
4.2
4.2
4.5
4.5
5.0
5.0
10036:
4.1
4.1
3.5
3.5
2.8
2.8
2.8
2.8
4.1
4.1
4.1
4.1
2.5
2.5
4.2
4.2
3.5
3.5
2.4
2.4
3.6
3.6
3.2
3.2
3.5
3.5
4.5
4.5
4.4
4.4
4.7
4.7
3.7
3.7
3.5
3.5
3.2
3.2
1.7
1.7
3.9
3.9
3.9
3.9
4.8
4.8
4.8
4.8
3.5
3.5
4.3
4.3
3.9
3.9
4.2
4.2
3.2
3.2
3.7
3.7
3.5
3.5
4.2
4.2
2.1
2.1
4.2
4.2
1.9
1.9
3.2
3.2
4.0
4.0
3.9
3.9
3.2
3.2
3.5
3.5
2.8
2.8
3.6
3.6
4.4
4.4
3.3
3.3
4.2
4.2
4.4
4.4
4.0
4.0
5.0
5.0
3.7
3.7
4.3
4.3
3.4
3.4
3.8
3.8
2.7
2.7
3.3
3.3
4.3
4.3
3.8
3.8
3.3
3.3
5.0
5.0
3.6
3.6
4.0
4.0
3.9
3.9
4.0
4.0
3.5
3.5
4.4
4.4
3.8
3.8
4.5
4.5
3.0
3.0
3.9
3.9
4.9
4.9
3.4
3.4
5.0
5.0
4.3
4.3
3.9
3.9
3.8
3.8
3.3
3.3
4.6
4.6
3.8
3.8
3.8
3.8
3.9
3.9
3.7
3.7
3.7
3.7
1.0
1.0
4.4
4.4
3.9
3.9
2.7
2.7
3.5
3.5
3.7
3.7
3.6
3.6
4.0
4.0
3.3
3.3
3.4
3.4
3.7
3.7
3.1
3.1
4.7
4.7
2.9
2.9
2.6
2.6
4.4
4.4
4.3
4.3
1.7
1.7
4.4
4.4
4.6
4.6
2.3
2.3
3.5
3.5
4.4
4.4
3.7
3.7
2.9
2.9
4.6
4.6
2.8
2.8
4.2
4.2
1.6
1.6
3.8
3.8
1.0
1.0
2.7
2.7
3.3
3.3
3.2
3.2
3.9
3.9
3.5
3.5
1.9
1.9
1.9
1.9
3.9
3.9
2.7
2.7
4.2
4.2
3.4
3.4
2.9
2.9
3.3
3.3
3.0
3.0
3.9
3.9
4.0
4.0
3.6
3.6
3.6
3.6
5.0
5.0
3.8
3.8
3.6
3.6
4.9
4.9
4.0
4.0
3.1
3.1
4.1
4.1
3.9
3.9
4.2
4.2
3.8
3.8
4.5
4.5
4.0
4.0
3.9
3.9
4.2
4.2
3.3
3.3
4.8
4.8
4.1
4.1
4.5
4.5
3.9
3.9
3.8
3.8
4.1
4.1
4.8
4.8
3.1
3.1
3.2
3.2
3.9
3.9
3.7
3.7
3.9
3.9
4.4
4.4
4.5
4.5
3.7
3.7
4.0
4.0
3.4
3.4
3.2
3.2
4.2
4.2
4.0
4.0
3.4
3.4
4.4
4.4
4.8
4.8
3.9
3.9
4.1
4.1
4.4
4.4
2.9
2.9
3.8
3.8
5.0
5.0
3.7
3.7
3.5
3.5
4.0
4.0
4.2
4.2
3.9
3.9
3.2
3.2
2.6
2.6
3.5
3.5
3.2
3.2
4.3
4.3
4.7
4.7
3.5
3.5
3.7
3.7
2.4
2.4
4.5
4.5
3.7
3.7
3.7
3.7
3.0
3.0
4.4
4.4
2.2
2.2
4.6
4.6
2.6
2.6
3.9
3.9
4.2
4.2
3.8
3.8
4.1
4.1
4.0
4.0
4.4
4.4
2.2
2.2
4.1
4.1
2.7
2.7
4.2
4.2
3.9
3.9
4.3
4.3
4.2
4.2
4.0
4.0
3.2
3.2
3.9
3.9
5.0
5.0
4.0
4.0
2.6
2.6
10037:
4.7
4.7
3.1
3.1
2.9
2.9
3.4
3.4
3.5
3.5
3.5
3.5
1.8
1.8
2.0
2.0
3.4
3.4
3.6
3.6
3.7
3.7
3.8
3.8
3.0
3.0
2.6
2.6
10038:
3.9
3.9
2.9
2.9
3.3
3.3
3.3
3.3
2.3
2.3
4.0
4.0
3.8
3.8
2.1
2.1
10039:
1.6
1.6
1004:
3.0
3.0
2.4
2.4
2.6
2.6
2.7
2.7
2.6
2.6
2.9
2.9
1.2
1.2
3.1
3.1
2.6
2.6
2.9
2.9
3.6
3.6
3.3
3.3
3.3
3.3
3.8
3.8
2.0
2.0
1.0
1.0
2.4
2.4
2.6
2.6
3.4
3.4
2.3
2.3
2.9
2.9
3.3
3.3
3.3
3.3
1.4
1.4
1.7
1.7
2.1
2.1
2.4
2.4
2.2
2.2
2.7
2.7
3.2
3.2
2.2
2.2
10040:
3.4
3.4
2.6
2.6
3.5
3.5
10041:
3.8
3.8
2.7
2.7
2.3
2.3
1.5
1.5
2.6
2.6
3.1
3.1
2.0
2.0
2.9
2.9
1.8
1.8
3.0
3.0
1.4
1.4
3.0
3.0
3.3
3.3
2.8
2.8
3.5
3.5
3.3
3.3
3.3
3.3
2.0
2.0
2.9
2.9
1.8
1.8
3.9
3.9
2.8
2.8
2.3
2.3
2.6
2.6
3.1
3.1
2.3
2.3
2.6
2.6
2.7
2.7
2.3
2.3
1.0
1.0
3.3
3.3
10042:
5.0
5.0
4.2
4.2
4.6
4.6
4.4
4.4
4.8
4.8
4.9
4.9
4.6
4.6
4.4
4.4
4.6
4.6
3.6
3.6
4.4
4.4
4.1
4.1
4.6
4.6
4.7
4.7
3.7
3.7
5.0
5.0
3.5
3.5
4.7
4.7
4.4
4.4
4.8
4.8
4.6
4.6
4.6
4.6
3.9
3.9
4.7
4.7
4.4
4.4
5.0
5.0
4.8
4.8
4.2
4.2
4.6
4.6
4.1
4.1
4.2
4.2
4.8
4.8
4.7
4.7
4.7
4.7
5.0
5.0
4.6
4.6
4.6
4.6
4.5
4.5
5.0
5.0
4.3
4.3
4.4
4.4
4.2
4.2
3.5
3.5
3.4
3.4
4.6
4.6
5.0
5.0
4.7
4.7
3.7
3.7
5.0
5.0
4.3
4.3
4.0
4.0
5.0
5.0
5.0
5.0
2.9
2.9
4.6
4.6
4.7
4.7
4.1
4.1
5.0
5.0
3.7
3.7
5.0
5.0
4.7
4.7
4.6
4.6
3.5
3.5
4.6
4.6
3.7
3.7
2.6
2.6
4.3
4.3
5.0
5.0
5.0
5.0
4.4
4.4
4.7
4.7
4.7
4.7
4.4
4.4
4.5
4.5
3.6
3.6
4.9
4.9
5.0
5.0
4.3
4.3
4.8
4.8
4.6
4.6
4.3
4.3
5.0
5.0
4.7
4.7
5.0
5.0
5.0
5.0
4.3
4.3
4.8
4.8
4.9
4.9
3.9
3.9
5.0
5.0
4.4
4.4
5.0
5.0
4.7
4.7
4.5
4.5
3.4
3.4
4.6
4.6
4.4
4.4
4.4
4.4
4.6
4.6
4.6
4.6
4.6
4.6
5.0
5.0
4.1
4.1
5.0
5.0
5.0
5.0
4.4
4.4
4.5
4.5
5.0
5.0
4.6
4.6
4.6
4.6
5.0
5.0
4.9
4.9
4.3
4.3
4.4
4.4
4.6
4.6
4.5
4.5
4.7
4.7
3.7
3.7
4.5
4.5
5.0
5.0
4.4
4.4
4.4
4.4
3.4
3.4
5.0
5.0
4.5
4.5
5.0
5.0
4.1
4.1
4.2
4.2
4.9
4.9
4.5
4.5
4.6
4.6
4.5
4.5
3.9
3.9
3.3
3.3
4.9
4.9
4.1
4.1
4.3
4.3
5.0
5.0
4.3
4.3
5.0
5.0
4.3
4.3
5.0
5.0
4.7
4.7
4.7
4.7
4.4
4.4
4.3
4.3
4.9
4.9
3.4
3.4
3.4
3.4
4.6
4.6
4.4
4.4
3.2
3.2
4.6
4.6
4.1
4.1
4.9
4.9
4.2
4.2
4.5
4.5
4.8
4.8
4.6
4.6
5.0
5.0
2.8
2.8
5.0
5.0
4.2
4.2
5.0
5.0
3.7
3.7
4.8
4.8
4.5
4.5
3.4
3.4
4.6
4.6
4.9
4.9
4.2
4.2
4.8
4.8
3.6
3.6
4.6
4.6
5.0
5.0
4.0
4.0
5.0
5.0
4.2
4.2
5.0
5.0
5.0
5.0
4.5
4.5
4.8
4.8
5.0
5.0
4.6
4.6
4.3
4.3
5.0
5.0
3.8
3.8
3.2
3.2
4.7
4.7
4.3
4.3
4.6
4.6
4.9
4.9
4.5
4.5
4.3
4.3
5.0
5.0
4.5
4.5
4.7
4.7
4.7
4.7
4.3
4.3
4.8
4.8
3.9
3.9
5.0
5.0
3.8
3.8
4.7
4.7
4.7
4.7
2.2
2.2
4.5
4.5
3.7
3.7
4.4
4.4
4.3
4.3
4.6
4.6
4.7
4.7
4.0
4.0
4.5
4.5
4.8
4.8
4.9
4.9
5.0
5.0
4.5
4.5
3.9
3.9
4.7
4.7
4.7
4.7
5.0
5.0
4.9
4.9
4.9
4.9
5.0
5.0
3.9
3.9
5.0
5.0
4.2
4.2
5.0
5.0
4.0
4.0
4.3
4.3
4.7
4.7
5.0
5.0
3.8
3.8
5.0
5.0
4.3
4.3
4.6
4.6
3.7
3.7
4.9
4.9
4.5
4.5
4.2
4.2
4.3
4.3
3.8
3.8
4.0
4.0
5.0
5.0
5.0
5.0
4.3
4.3
4.8
4.8
4.2
4.2
4.7
4.7
4.1
4.1
4.2
4.2
5.0
5.0
4.1
4.1
4.6
4.6
5.0
5.0
4.5
4.5
4.7
4.7
5.0
5.0
2.9
2.9
4.2
4.2
4.4
4.4
3.7
3.7
4.3
4.3
3.2
3.2
4.9
4.9
4.9
4.9
3.9
3.9
4.7
4.7
4.8
4.8
4.8
4.8
4.7
4.7
5.0
5.0
4.3
4.3
4.8
4.8
5.0
5.0
4.6
4.6
5.0
5.0
5.0
5.0
4.5
4.5
5.0
5.0
4.9
4.9
5.0
5.0
4.3
4.3
4.7
4.7
4.3
4.3
4.4
4.4
4.6
4.6
4.2
4.2
4.8
4.8
3.5
3.5
3.6
3.6
4.1
4.1
4.9
4.9
4.1
4.1
4.4
4.4
4.0
4.0
4.5
4.5
4.0
4.0
4.9
4.9
5.0
5.0
4.5
4.5
4.3
4.3
5.0
5.0
4.3
4.3
4.3
4.3
4.0
4.0
4.4
4.4
4.3
4.3
4.3
4.3
4.4
4.4
4.2
4.2
5.0
5.0
4.6
4.6
3.6
3.6
5.0
5.0
4.0
4.0
3.8
3.8
4.8
4.8
3.6
3.6
4.4
4.4
4.4
4.4
4.0
4.0
4.4
4.4
4.9
4.9
4.2
4.2
4.0
4.0
4.5
4.5
5.0
5.0
4.2
4.2
4.5
4.5
5.0
5.0
4.3
4.3
3.9
3.9
4.2
4.2
5.0
5.0
4.7
4.7
5.0
5.0
4.7
4.7
5.0
5.0
5.0
5.0
5.0
5.0
5.0
5.0
4.6
4.6
4.0
4.0
4.5
4.5
4.6
4.6
4.8
4.8
4.0
4.0
4.9
4.9
4.6
4.6
4.6
4.6
5.0
5.0
4.6
4.6
4.6
4.6
4.5
4.5
4.3
4.3
4.2
4.2
4.8
4.8
4.5
4.5
3.7
3.7
4.0
4.0
4.7
4.7
5.0
5.0
4.6
4.6
3.6
3.6
4.3
4.3
4.4
4.4
4.6
4.6
4.8
4.8
4.5
4.5
4.8
4.8
4.7
4.7
4.5
4.5
4.9
4.9
5.0
5.0
3.8
3.8
4.1
4.1
3.8
3.8
3.9
3.9
4.4
4.4
4.9
4.9
4.6
4.6
4.6
4.6
3.7
3.7
5.0
5.0
4.5
4.5
3.0
3.0
5.0
5.0
4.7
4.7
4.4
4.4
5.0
5.0
4.3
4.3
4.3
4.3
4.3
4.3
5.0
5.0
5.0
5.0
3.5
3.5
4.7
4.7
4.6
4.6
3.6
3.6
3.8
3.8
4.3
4.3
4.5
4.5
4.1
4.1
4.4
4.4
5.0
5.0
4.7
4.7
4.0
4.0
4.6
4.6
5.0
5.0
3.4
3.4
4.7
4.7
4.3
4.3
4.8
4.8
4.1
4.1
5.0
5.0
4.6
4.6
3.5
3.5
3.5
3.5
5.0
5.0
4.4
4.4
4.4
4.4
4.8
4.8
4.8
4.8
3.9
3.9
4.9
4.9
5.0
5.0
4.6
4.6
4.6
4.6
3.5
3.5
4.7
4.7
4.0
4.0
4.8
4.8
5.0
5.0
3.7
3.7
5.0
5.0
4.0
4.0
3.3
3.3
4.8
4.8
4.9
4.9
4.9
4.9
4.0
4.0
4.1
4.1
5.0
5.0
4.7
4.7
4.7
4.7
4.6
4.6
4.3
4.3
3.6
3.6
4.1
4.1
5.0
5.0
4.6
4.6
4.0
4.0
4.6
4.6
4.7
4.7
4.4
4.4
2.8
2.8
4.9
4.9
5.0
5.0
3.7
3.7
4.2
4.2
4.3
4.3
4.6
4.6
5.0
5.0
4.7
4.7
5.0
5.0
5.0
5.0
4.8
4.8
5.0
5.0
4.9
4.9
4.0
4.0
3.6
3.6
4.2
4.2
3.8
3.8
4.4
4.4
4.9
4.9
5.0
5.0
4.8
4.8
4.4
4.4
4.1
4.1
5.0
5.0
1.7
1.7
3.7
3.7
5.0
5.0
4.6
4.6
5.0
5.0
3.7
3.7
4.2
4.2
4.5
4.5
4.6
4.6
4.9
4.9
3.9
3.9
4.7
4.7
3.7
3.7
4.7
4.7
4.2
4.2
4.8
4.8
4.7
4.7
4.8
4.8
4.9
4.9
4.9
4.9
4.6
4.6
3.9
3.9
4.6
4.6
5.0
5.0
4.2
4.2
5.0
5.0
3.6
3.6
4.1
4.1
4.2
4.2
4.1
4.1
4.4
4.4
4.9
4.9
4.8
4.8
4.6
4.6
4.7
4.7
5.0
5.0
4.5
4.5
4.3
4.3
4.6
4.6
4.6
4.6
2.7
2.7
5.0
5.0
5.0
5.0
4.8
4.8
3.3
3.3
4.4
4.4
4.2
4.2
4.7
4.7
4.7
4.7
4.7
4.7
4.8
4.8
5.0
5.0
4.6
4.6
3.7
3.7
5.0
5.0
4.9
4.9
4.9
4.9
4.9
4.9
3.5
3.5
4.6
4.6
4.6
4.6
4.5
4.5
4.6
4.6
5.0
5.0
4.3
4.3
4.5
4.5
4.6
4.6
3.6
3.6
3.9
3.9
4.5
4.5
4.4
4.4
2.5
2.5
4.8
4.8
4.6
4.6
4.3
4.3
4.5
4.5
3.8
3.8
4.9
4.9
4.6
4.6
3.6
3.6
4.6
4.6
4.2
4.2
4.8
4.8
4.8
4.8
5.0
5.0
4.2
4.2
4.7
4.7
3.2
3.2
4.3
4.3
2.3
2.3
5.0
5.0
3.9
3.9
4.8
4.8
5.0
5.0
4.4
4.4
2.6
2.6
4.3
4.3
5.0
5.0
5.0
5.0
4.6
4.6
4.1
4.1
5.0
5.0
3.6
3.6
4.3
4.3
3.9
3.9
4.9
4.9
4.8
4.8
4.0
4.0
4.9
4.9
4.6
4.6
4.7
4.7
4.3
4.3
4.1
4.1
3.0
3.0
4.5
4.5
4.8
4.8
4.6
4.6
4.8
4.8
4.8
4.8
4.5
4.5
3.9
3.9
3.7
3.7
3.7
3.7
4.4
4.4
3.0
3.0
4.9
4.9
4.9
4.9
4.6
4.6
4.6
4.6
4.8
4.8
5.0
5.0
3.8
3.8
4.9
4.9
4.2
4.2
4.2
4.2
5.0
5.0
4.6
4.6
4.7
4.7
3.9
3.9
3.1
3.1
5.0
5.0
4.5
4.5
4.6
4.6
4.4
4.4
4.1
4.1
3.8
3.8
4.4
4.4
3.8
3.8
5.0
5.0
4.6
4.6
4.8
4.8
4.2
4.2
4.7
4.7
4.1
4.1
5.0
5.0
4.5
4.5
5.0
5.0
4.5
4.5
4.3
4.3
4.6
4.6
4.3
4.3
4.6
4.6
4.6
4.6
5.0
5.0
5.0
5.0
3.2
3.2
4.5
4.5
4.2
4.2
4.6
4.6
4.2
4.2
5.0
5.0
4.8
4.8
5.0
5.0
5.0
5.0
4.8
4.8
4.8
4.8
4.9
4.9
3.5
3.5
4.4
4.4
5.0
5.0
5.0
5.0
4.4
4.4
3.6
3.6
4.1
4.1
4.6
4.6
4.3
4.3
4.8
4.8
4.0
4.0
5.0
5.0
4.3
4.3
4.6
4.6
4.1
4.1
5.0
5.0
4.5
4.5
4.6
4.6
4.1
4.1
4.6
4.6
5.0
5.0
5.0
5.0
4.6
4.6
4.8
4.8
4.4
4.4
4.6
4.6
5.0
5.0
4.5
4.5
5.0
5.0
4.6
4.6
3.6
3.6
4.5
4.5
4.1
4.1
5.0
5.0
3.9
3.9
5.0
5.0
4.3
4.3
4.6
4.6
4.6
4.6
4.3
4.3
4.5
4.5
4.8
4.8
3.7
3.7
4.4
4.4
5.0
5.0
4.9
4.9
4.0
4.0
5.0
5.0
3.6
3.6
5.0
5.0
4.3
4.3
3.1
3.1
3.4
3.4
2.9
2.9
5.0
5.0
4.1
4.1
5.0
5.0
4.7
4.7
4.7
4.7
4.6
4.6
5.0
5.0
4.2
4.2
4.5
4.5
4.8
4.8
4.2
4.2
3.9
3.9
4.6
4.6
5.0
5.0
4.3
4.3
3.7
3.7
4.6
4.6
4.3
4.3
5.0
5.0
3.6
3.6
4.1
4.1
4.3
4.3
4.9
4.9
4.6
4.6
4.1
4.1
4.1
4.1
4.2
4.2
5.0
5.0
4.9
4.9
3.9
3.9
4.9
4.9
4.8
4.8
4.0
4.0
5.0
5.0
4.8
4.8
3.6
3.6
5.0
5.0
3.5
3.5
3.6
3.6
4.0
4.0
4.0
4.0
3.3
3.3
4.9
4.9
10043:
4.3
4.3
4.4
4.4
3.8
3.8
4.8
4.8
3.4
3.4
4.6
4.6
3.9
3.9
4.0
4.0
5.0
5.0
5.0
5.0
4.0
4.0
5.0
5.0
4.0
4.0
4.7
4.7
4.1
4.1
RMSE: 0.73
