1:
3.7
3.3
3.6
4.7
3.7
3.9
3.4
3.7
4.0
3.6
3.0
3.6
4.0
4.0
2.9
4.0
3.6
4.5
4.1
4.2
3.1
5.0
3.6
1001:
4.4
3.4
3.0
3.2
4.0
3.9
3.7
3.4
2.7
3.6
3.6
3.8
2.9
3.6
3.4
3.3
3.9
3.8
2.9
3.1
2.9
10011:
4.4
4.1
10012:
3.1
4.0
3.0
3.1
3.7
3.8
2.5
3.3
3.0
3.3
3.7
3.1
3.0
10013:
3.6
3.3
3.6
3.7
3.4
3.5
3.3
3.6
3.3
3.8
3.0
4.0
3.3
3.7
3.1
3.3
3.0
3.2
3.4
2.9
3.1
2.8
1362:
3.9
2.8
3.3
2.8
4.6
4.5
2.9
4.2
13620:
4.4
4.2
4.3
3.9
3.5
4.4
3.8
5.0
4.2
3.9
3.7
4.2
3.1
3.9
13621:
3.2
3.5
3.5
3.5
3.4
3.3
3.2
2.8
13622:
3.6
4.3
4.2
4.5
3.7
3.9
4.1
3.6
4.0
4.0
4.8
4.6
3.3
4.0
3.9
3.8
3.9
4.7
4.3
4.2
3.6
3.7
4.5
4.2
3.8
4.6
3.6
3.4
3.6
3.9
4.0
4.1
4.2
3.7
4.1
3.9
3.9
3.5
3.6
4.2
3.9
3.8
3.2
4.1
4.1
4.1
4.2
3.6
3.9
3.9
4.3
3.7
5.1
4.4
4.7
4.3
3.8
3.7
3.6
4.0
3.7
3.7
4.2
3.3
4.2
3.9
4.0
4.2
4.0
4.2
3.4
3.1
4.2
3.9
3.8
3.2
4.2
4.0
3.1
3.3
3.9
4.2
4.0
3.8
3.8
3.7
4.1
3.2
3.9
4.2
4.5
4.0
4.2
3.3
4.0
3.4
4.0
3.7
4.2
4.4
3.7
4.4
3.9
3.5
3.3
4.2
3.8
3.9
4.0
4.0
5.0
3.4
4.2
3.5
3.9
4.3
4.2
3.7
3.7
3.8
4.1
3.6
4.1
4.0
3.3
4.3
4.9
3.9
3.7
3.9
3.5
3.9
3.7
3.8
3.7
3.7
4.0
4.1
4.1
13623:
3.5
3.2
3.3
4.1
3.8
3.7
3.5
4.0
4.4
3.6
3.5
3.8
3.1
13624:
4.2
2.6
3.9
13625:
3.8
3.8
3.2
3.6
4.4
3.5
3.8
3.1
3.4
4.5
4.0
3.2
4.3
3.7
3.9
3.7
3.9
3.7
3.7
4.8
3.6
13626:
2.9
3.6
2.4
2.5
3.0
3.0
2.8
2.4
3.8
2.8
2.5
2.6
3.1
13627:
3.4
3.1
3.2
2.4
3.4
3.2
13628:
4.1
3.1
3.8
3.5
3.5
4.9
3.4
4.7
4.5
3.6
3.4
3.9
3.9
3.3
4.4
3.8
4.1
3.8
4.2
3.8
3.5
4.1
3.4
3.5
3.3
3.5
3.3
3.5
4.1
3.3
3.8
3.3
4.0
3.8
3.2
3.8
3.8
4.2
3.9
3.9
3.8
3.6
3.1
4.9
3.5
3.0
3.7
3.5
3.8
3.3
3.9
3.9
3.7
3.2
3.6
3.1
3.5
4.1
4.6
2.9
3.5
3.8
3.8
4.3
4.0
3.3
3.9
3.5
3.3
3.4
3.6
3.8
4.4
4.0
3.1
3.5
2.8
4.2
3.5
3.3
3.9
3.7
4.2
3.2
3.8
5.0
3.4
4.0
4.1
4.4
3.6
4.3
3.6
4.1
3.6
4.7
3.8
3.7
3.7
3.5
4.2
4.0
3.8
3.3
3.7
3.7
4.0
3.3
4.4
3.9
2.8
3.9
4.3
3.4
4.0
3.4
3.7
4.0
3.5
3.8
4.2
3.5
3.5
3.6
4.1
3.6
4.3
2.6
4.2
3.6
3.6
4.7
3.8
3.8
3.1
3.6
4.3
3.7
3.5
3.6
3.9
4.1
3.7
3.9
3.9
3.5
3.5
3.6
3.9
4.6
4.4
3.5
3.3
3.5
3.4
3.9
3.4
3.5
3.0
3.2
3.2
3.9
4.3
4.4
3.7
3.1
3.4
4.7
3.6
3.5
3.4
4.7
3.6
4.7
3.5
3.7
2.7
3.2
3.4
3.9
3.8
3.9
4.7
3.6
3.5
3.4
3.4
3.2
4.1
3.8
3.8
4.0
4.9
4.5
3.2
3.4
3.9
3.5
3.8
3.7
4.0
4.3
3.3
3.4
3.6
3.4
3.9
4.3
3.6
3.9
3.8
4.0
3.2
2.4
3.5
4.4
2.9
4.8
3.4
4.0
3.6
3.7
3.7
3.9
3.3
3.6
3.6
3.6
3.4
4.7
4.6
4.1
3.8
4.6
3.4
3.4
4.2
3.0
4.4
3.9
4.5
4.1
3.4
3.6
3.8
3.5
4.6
2.6
3.9
3.8
3.7
3.4
3.4
4.9
3.4
4.0
4.3
4.7
3.4
4.3
3.2
3.2
3.6
4.4
4.0
3.4
4.7
3.5
4.5
3.5
4.4
3.2
3.6
3.3
3.6
4.0
3.6
4.3
4.2
4.6
3.7
3.2
3.3
4.1
4.1
3.7
3.3
4.7
4.2
3.8
4.0
3.7
4.0
4.1
4.1
3.3
3.6
4.3
3.8
4.0
3.6
3.5
3.3
3.0
3.6
3.2
3.9
3.9
4.3
3.1
2.3
3.7
4.5
3.8
4.0
3.8
3.9
4.0
3.3
3.4
3.6
3.7
4.0
4.2
3.9
3.9
3.8
4.9
4.1
3.8
3.3
3.5
3.3
3.2
3.4
4.0
3.4
3.4
3.8
2.6
4.3
3.5
3.5
3.4
3.3
3.7
3.5
3.6
4.1
3.8
4.3
3.1
3.5
3.9
3.9
4.7
4.0
4.8
3.2
3.4
3.7
3.7
3.5
3.6
3.6
3.7
4.5
3.6
13629:
4.4
4.2
4.2
4.3
3.3
4.0
4.1
4.3
4.2
4.0
4.1
4.0
4.5
4.3
3.9
3.8
3.7
4.9
4.1
3.9
4.2
4.9
4.2
4.1
4.4
4.2
3.6
3.6
3.9
3.3
3.6
3.8
4.9
3.9
3.6
3.6
4.1
4.3
4.3
4.6
4.5
4.6
4.1
4.1
4.5
3.4
3.8
4.3
3.7
4.7
3.8
4.2
4.0
4.2
4.2
3.7
3.9
4.2
3.4
3.8
3.6
4.3
4.1
4.2
4.1
4.4
3.8
3.8
4.1
3.8
4.6
4.5
3.7
3.8
4.3
3.9
3.6
4.2
3.9
3.4
4.3
3.8
5.0
4.0
3.7
4.4
4.3
4.0
3.6
4.2
3.5
4.7
4.0
3.7
4.2
3.8
3.7
3.9
3.6
3.8
4.8
3.5
3.5
4.1
3.9
4.4
4.1
4.2
4.4
2.7
4.6
3.9
1363:
3.3
3.2
3.0
4.2
2.5
2.9
3.5
4.1
3.3
3.6
2.9
2.3
3.2
2.4
2.9
3.3
3.3
2.9
2.9
3.0
3320:
3.7
3.7
3.5
3.1
3.7
2.8
3.5
3.6
3.5
3.9
3.3
3.2
3.3
3.7
3.5
3.4
3.6
3.6
3.8
3.9
3.0
2.4
3.8
3.2
3.2
3.7
4.0
3.6
3.6
4.1
4.0
3.8
3.6
3.2
3.9
4.2
4.2
3.3
3.4
3.8
3.2
3.3
3.5
3.4
3.8
3.6
4.0
3.0
3.7
4.0
3.4
3.8
2.9
3.8
3.8
3.9
3.2
4.0
3.6
3.0
3.3
4.0
4.3
3.9
3.7
3.7
3.4
4.4
5503:
3.5
3.0
3.4
3.8
3.0
3.4
3.1
3.5
3.3
2.8
3.2
4.0
4.0
4.0
3.6
3.2
3.0
3.2
3.0
3.6
3.1
3.4
3.4
3.1
3.1
2.5
3.4
3.9
3.5
2.8
4.1
3.9
3.6
3.7
3.6
3.9
5504:
4.4
5505:
3.3
5506:
4.0
3.4
3.2
4.4
3.5
4.2
3.4
3.7
3.9
3.7
4.4
4.1
3.8
3.8
4.0
4.0
3.5
3.6
4.3
3.4
4.1
4.2
3.2
3.3
3.0
5507:
4.2
4.1
4.0
4.3
4.5
4.1
4.2
3.8
3.8
5.0
4.3
4.3
4.1
5508:
4.6
3.4
4.0
4.1
4.1
3.6
4.1
3.7
3.2
3.8
3.8
2.8
3.6
4.0
4.6
4.2
3.9
4.7
3.8
3.9
3.2
3.4
2.7
3.8
3.7
4.0
5509:
3.1
3.4
3.8
2.8
3.1
2.8
5512:
2.8
2.3
3.0
2.3
5513:
4.3
3.5
3.7
4.4
4.5
4.1
4.4
3.7
3.4
5.0
3.8
3.8
4.4
4.1
4.0
3.6
3.3
4.3
4.1
4.0
3.6
4.3
4.4
4.1
3.7
3.9
4.1
4.5
3.0
3.7
3.5
4.5
3.3
3.8
3.7
3.7
4.4
3.8
3.9
4.9
4.2
4.2
3.3
3.7
4.7
3.6
4.6
4.3
4.1
3.8
3.6
3.7
3.9
4.0
3.9
4.4
3.4
4.1
4.1
3.4
4.0
4.2
3.8
4.3
3.7
3.9
3.9
4.0
3.5
4.6
3.7
3.3
3.6
3.8
4.1
5514:
1.8
2.2
2.0
2.2
3.6
2.4
5515:
3.7
4.8
4.2
4.7
4.1
4.3
3.8
3.9
3.6
4.4
3.9
4.0
3.6
4.3
3.7
3.6
4.0
3.9
4.4
4.2
4.3
4.5
4.1
3.8
4.7
3.9
3.9
4.2
3.6
3.9
4.7
2.6
3.6
4.3
4.1
4.3
3.9
4.3
4.2
3.8
4.2
4.1
3.8
4.5
4.4
4.1
4.5
4.0
4.3
4.4
3.0
4.7
4.7
3.3
3.8
4.2
4.2
4.3
4.4
4.8
4.3
3.9
4.1
4.2
4.3
4.0
4.1
4.1
3.6
4.2
4.2
4.1
3.9
4.3
3.9
4.5
3.9
4.5
4.2
4.2
4.2
4.3
4.7
4.9
4.5
4.6
4.1
4.3
3.6
3.6
4.1
4.1
3.5
4.1
3.8
3.9
3.9
4.7
4.1
4.7
3.3
3.5
3.7
3.9
4.3
4.5
4.4
4.1
4.5
3.6
4.1
4.3
4.1
4.1
4.3
4.3
5.4
4.4
3.6
4.3
3.8
4.1
4.9
4.4
3.4
4.2
4.0
4.5
4.1
4.3
4.7
3.9
3.7
4.5
3.8
4.4
3.8
4.6
4.7
4.5
3.6
4.6
2.4
4.7
3.4
4.2
4.0
4.0
3.9
4.0
3.8
4.4
4.0
4.4
4.1
4.4
4.5
4.1
4.8
4.7
4.0
3.9
4.5
4.2
4.1
4.6
3.6
4.8
4.3
4.0
3.7
4.8
4.1
3.8
3.4
4.1
4.7
3.6
4.1
4.6
4.0
3.9
3.9
3.8
4.8
4.3
4.5
4.2
3.8
4.6
4.5
4.1
4.2
3.8
4.0
4.4
3.5
4.1
3.8
4.0
4.1
4.2
4.1
3.1
7804:
4.0
3.6
4.0
3.4
3.8
3.5
3.6
3.8
3.4
4.2
2.9
3.6
3.9
4.3
2.9
3.5
3.2
4.3
4.4
3.7
4.2
3.6
4.1
4.2
4.2
3.7
4.3
4.7
3.8
3.9
3.5
4.5
3.7
4.4
3.6
3.9
3.7
3.4
3.5
2.8
4.2
3.9
3.7
3.8
4.3
4.2
3.9
4.6
4.4
3.5
4.4
4.1
3.4
5.0
7805:
2.4
3.5
2.9
3.1
2.2
7806:
2.8
4.4
3.5
3.7
3.9
7807:
3.7
3.1
3.0
4.0
3.5
3.1
3.1
3.3
3.1
2.8
2.7
3.4
2.3
2.7
3.2
2.6
2.1
2.7
2.8
3.5
3.5
3.2
2.6
3.3
3.2
2.7
3.0
3.3
3.5
3.6
2.7
2.6
3.0
2.1
2.8
3.0
3.5
3.8
3.1
3.3
2.4
3.3
2.7
2.8
2.9
3.4
3.3
3.2
2.9
3.4
2.9
2.6
3.7
4.3
3.3
2.9
3.8
3.0
3.2
3.1
3.2
2.7
3.4
3.5
3.2
3.9
3.7
3.3
3.5
3.0
2.8
2.9
3.5
2.8
3.3
2.9
3.4
3.2
3.2
3.4
2.7
2.9
3.4
3.4
3.0
3.7
3.8
3.4
3.3
2.8
3.4
3.2
2.8
4.0
3.1
3.2
3.2
3.2
3.2
3.5
3.0
3.1
3.1
2.5
2.6
3.4
2.4
2.4
3.8
2.7
2.7
3.1
4.4
3.4
3.6
3.3
3.2
3.8
2.7
3.2
3.9
3.9
3.3
2.5
3.1
3.3
3.1
9497:
3.9
4.2
4.1
3.2
3.1
4.1
9498:
3.6
4.0
3.7
2.8
3.2
4.7
3.7
4.0
4.0
3.9
3.7
3.6
3.2
4.3
3.9
4.2
3.5
4.1
4.3
4.4
3.5
3.6
3.4
3.4
3.9
3.9
3.5
4.1
4.2
4.1
3.8
4.0
3.7
3.5
4.0
2.9
4.1
3.9
3.6
4.3
4.2
4.1
3.4
4.4
4.0
3.9
4.0
4.3
3.7
3.8
4.3
4.0
3.9
3.3
4.5
4.0
3.8
4.2
4.5
3.9
3.4
3.4
3.9
4.8
4.1
4.3
4.1
4.4
4.4
3.9
3.6
3.7
3.8
4.3
4.0
3.3
3.8
4.4
4.4
3.8
3.2
4.5
3.2
4.0
4.2
4.0
3.7
4.3
3.5
3.6
3.7
3.9
3.6
3.7
4.1
4.1
3.5
3.0
3.8
4.1
4.0
3.8
3.9
3.0
4.1
4.4
3.5
9499:
3.3
3.9
3.0
3.6
2.9
4.8
3.7
3.4
4.4
3.6
3.2
3.2
95:
3.2
1.7
3.0
2.7
1.6
2.5
2.5
2.5
2.7
950:
3.2
9500:
2.6
3.3
3.1
2.8
9501:
2.3
2.4
9502:
2.2
2.5
3.2
2.7
9503:
5.1
3.4
3.9
4.1
5.2
3.8
3.6
4.2
3.9
4.1
4.4
4.1
4.5
4.5
9504:
2.6
3.1
9505:
4.0
3.8
3.0
3.6
4.0
3.9
3.8
3.5
3.7
3.8
3.7
2.8
4.1
3.0
4.6
4.1
3.5
3.7
3.0
3.0
3.8
3.7
2.9
3.6
3.5
3.7
3.3
3.3
3.2
3.9
3.1
3.2
3.6
3.0
3.9
3.3
3.5
3.6
3.5
4.2
3.2
3.5
3.1
4.2
9506:
3.2
3.6
3.1
9507:
3.1
3.8
3.7
3.8
3.0
3.6
9508:
3.3
3.1
3.1
2.9
4.1
3.2
3.7
2.9
1.7
3.4
3.4
3.0
3.4
3.2
3.2
3.5
2.7
2.2
3.1
3.1
4.0
2.7
3.0
3.4
2.6
3.4
3.0
3.9
3.1
3.4
2.3
3.3
3.1
2.3
3.6
2.4
3.2
3.8
3.1
3.2
3.4
3.2
3.4
3.1
3.1
2.3
3.5
3.1
2.8
2.9
3.0
3.3
3.7
2.8
3.1
2.9
4.1
2.6
3.1
3.0
3.1
3.1
3.1
2.7
2.3
3.5
2.9
3.7
3.5
3.2
2.7
2.8
3.6
3.0
2.8
2.8
3.4
3.5
3.9
2.9
2.8
3.7
3.0
3.4
3.7
2.5
3.5
3.4
2.8
3.1
3.6
2.4
2.8
3.1
3.4
3.3
3.5
3.4
3.0
1.9
3.4
3.2
3.0
3.2
2.9
2.7
3.2
3.0
3.6
3.3
2.4
2.7
3.7
2.4
3.0
3.3
3.7
3.3
3.1
3.3
3.3
2.7
3.1
3.2
3.3
3.4
4.0
3.2
3.0
3.0
2.5
3.0
3.5
2.9
3.0
3.6
3.8
3.6
3.2
2.8
4.3
3.5
3.4
3.3
3.6
3.4
3.1
2.8
2.3
3.4
2.5
3.2
3.6
3.7
3.3
3.0
3.3
2.6
2.9
3.2
3.4
3.3
3.7
2.5
3.2
3.7
3.0
2.6
3.1
3.4
3.1
3.2
3.8
4.2
3.2
3.5
3.1
2.9
3.5
3.9
3.2
3.3
3.2
3.1
3.3
3.4
2.6
2.9
2.8
2.9
3.0
3.5
3.5
2.9
2.7
3.4
3.3
2.6
3.3
3.8
3.2
3.5
2.8
3.5
3.0
3.2
9509:
4.3
3.8
3.0
4.0
4.5
3.5
3.7
3.6
3.6
4.4
3.1
3.6
4.2
3.2
4.2
3.8
3.6
3.8
3.0
3.2
3.5
4.2
3.4
4.5
3.3
3.6
3.2
2.9
4.0
3.8
3.8
3.6
3.9
4.2
3.8
3.7
3.9
4.2
3.3
3.5
3.9
4.2
3.7
3.9
3.3
3.4
2.9
3.6
3.5
3.5
3.2
3.9
3.5
3.1
3.6
3.5
2.7
3.6
4.2
3.9
3.8
3.6
3.5
3.4
4.4
3.8
3.4
3.5
3.4
4.1
RMSE:  0.9479667810683722
