1:
3.9
3.4
3.6
4.9
3.6
4.1
3.2
3.9
4.1
3.8
3.0
3.6
4.1
4.2
2.9
4.0
3.8
4.6
4.4
4.1
3.1
5.0
3.6
10:
3.0
2.9
1000:
3.3
3.0
2.4
5.0
3.9
3.4
3.4
4.0
3.0
2.6
3.1
3.7
3.2
4.7
4.1
3.1
2.9
2.9
3.1
3.8
3.2
4.1
2.3
3.0
4.1
2.9
3.7
10000:
3.6
3.6
10001:
3.5
4.5
3.7
2.8
4.7
3.6
3.5
4.0
4.2
3.6
4.1
4.2
2.8
4.4
3.7
3.7
4.5
10002:
4.5
3.2
5.0
4.1
10003:
2.5
10004:
5.0
4.1
4.4
4.0
4.8
4.4
4.6
4.2
4.4
4.2
4.4
4.1
4.3
3.9
4.5
4.5
4.6
4.5
4.8
4.2
4.4
4.2
4.1
4.2
5.0
3.8
4.1
4.5
3.5
5.0
4.7
10005:
3.5
4.2
3.2
2.9
3.1
10006:
3.9
3.3
4.2
2.5
10007:
2.2
2.5
2.4
2.3
1.8
2.6
2.3
3.0
2.6
2.9
2.2
2.7
2.3
10008:
5.0
3.5
3.5
2.6
4.4
4.5
4.0
10009:
3.0
3.4
5.0
2.8
2.6
3.2
1001:
4.6
3.5
3.0
3.3
4.0
4.0
3.8
3.4
2.6
3.7
3.7
4.0
2.9
3.4
3.3
3.1
4.1
3.9
3.0
3.2
2.8
3.7
3.2
2.6
3.3
2.8
3.6
3.7
3.7
4.3
3.6
5.0
2.8
3.3
3.4
3.5
4.2
2.9
2.7
3.8
4.1
2.9
3.6
4.0
4.2
3.5
3.3
3.2
3.0
4.2
3.1
2.3
2.7
3.7
3.8
4.2
2.7
3.6
3.6
3.2
3.2
3.1
3.1
2.9
4.0
2.8
2.9
3.1
4.0
3.6
2.9
3.1
3.7
3.0
3.0
3.6
2.7
2.7
3.5
3.6
3.7
4.1
2.6
3.6
3.4
3.4
3.2
4.0
3.4
2.9
4.0
3.5
3.7
3.8
3.2
2.7
3.0
2.8
3.4
3.4
3.8
3.4
3.1
3.2
3.5
3.5
3.6
3.8
3.6
2.5
2.9
3.5
3.4
3.0
3.4
2.7
2.8
3.7
3.9
2.9
3.3
3.5
3.0
3.4
3.3
3.3
3.2
4.0
3.5
3.1
3.5
3.7
3.4
3.2
10010:
2.3
1.9
2.0
2.9
2.7
2.3
2.3
2.2
1.7
2.6
1.8
1.8
2.2
1.8
2.9
2.4
2.0
2.7
1.2
2.5
1.7
1.8
1.8
10011:
4.6
4.1
10012:
3.2
4.2
3.0
3.1
3.8
3.9
2.5
3.5
3.0
3.4
3.9
3.0
3.0
10013:
3.6
3.4
3.6
3.6
3.3
3.6
3.3
3.5
3.3
3.8
3.0
4.0
3.3
3.7
3.0
3.4
3.0
3.2
3.5
3.0
3.1
2.7
3.1
3.6
3.6
3.1
3.5
2.6
2.7
3.2
3.1
2.8
2.9
3.8
3.2
3.0
3.4
4.1
3.8
2.6
4.1
3.3
3.4
3.4
3.5
2.8
3.4
3.6
2.9
3.6
3.0
3.3
3.6
3.9
3.3
2.5
3.9
10014:
3.1
4.1
2.6
3.6
3.1
10015:
3.9
3.2
2.8
3.4
4.1
3.5
4.1
4.0
3.9
3.3
3.9
3.8
3.5
4.0
4.2
3.6
3.7
4.1
3.8
4.3
5.0
4.3
4.8
2.5
3.2
3.3
4.1
3.9
10016:
2.6
1.8
2.0
2.8
3.7
10017:
3.0
3.4
3.5
10018:
4.9
3.8
2.9
3.2
3.4
3.8
3.7
3.3
2.2
4.1
3.5
4.0
4.0
3.8
3.3
3.8
3.6
3.6
3.5
3.8
3.4
3.3
4.1
4.2
3.3
4.1
3.8
3.9
3.7
4.1
10019:
3.4
2.9
3.9
2.9
4.4
4.4
3.4
2.8
3.6
3.3
4.6
3.0
3.1
3.3
3.8
3.9
3.8
3.6
3.5
4.5
3.9
3.8
3.9
3.8
4.0
3.8
3.2
3.2
3.3
3.9
3.4
3.3
3.7
4.1
3.3
4.4
2.3
3.7
4.0
4.1
4.1
4.5
3.7
3.9
4.4
2.9
3.8
4.3
4.1
3.7
3.1
3.1
3.9
3.5
3.2
2.1
2.7
3.2
4.6
3.1
3.0
3.4
3.2
3.5
4.1
5.0
3.5
5.0
3.6
1002:
3.2
2.8
3.5
3.8
3.4
4.0
3.9
2.5
3.5
3.4
4.0
3.4
3.4
3.0
10020:
3.9
4.1
3.7
4.5
3.9
3.8
4.1
4.5
4.2
4.0
4.1
5.0
3.8
4.0
3.8
4.0
4.4
3.6
4.1
3.8
4.4
3.3
3.9
3.8
3.3
2.5
4.3
10021:
2.2
2.8
2.4
2.0
10022:
2.2
3.2
3.0
2.8
3.2
3.4
2.6
2.8
10023:
4.2
4.2
4.0
3.6
5.0
3.5
3.6
3.8
3.5
3.8
4.6
10024:
3.7
4.2
3.3
3.9
3.4
3.2
3.1
3.2
3.9
3.6
10025:
3.0
10027:
4.9
3.7
3.6
3.8
3.3
3.7
3.7
4.5
3.4
4.4
3.8
4.0
4.1
3.4
4.0
4.5
3.8
4.1
4.3
4.0
3.5
4.3
3.9
3.6
4.2
4.2
4.6
4.6
5.0
4.7
4.7
4.2
3.3
3.7
4.2
4.7
5.0
4.0
4.3
3.7
4.2
4.2
5.0
3.9
3.8
4.5
4.3
3.9
4.4
4.6
4.0
4.4
3.9
3.7
3.7
4.3
3.6
3.7
4.6
4.4
3.7
3.7
3.3
3.2
4.6
5.0
3.3
4.3
3.3
4.5
4.3
4.4
4.1
3.7
4.7
4.1
4.4
4.3
3.1
3.9
5.0
5.0
3.1
3.6
4.0
4.5
3.8
4.2
10028:
2.8
3.2
2.7
4.1
4.0
2.8
4.4
10029:
2.9
4.1
3.9
3.0
10031:
3.1
2.6
3.5
2.7
4.1
3.0
2.7
2.3
2.7
10032:
3.1
5.0
4.4
4.3
4.3
2.7
3.7
3.4
4.0
2.4
3.4
4.3
4.9
3.4
4.3
2.9
3.7
3.3
3.5
3.7
3.3
3.7
3.5
3.5
3.7
3.3
3.4
3.5
4.3
3.3
3.5
3.9
4.3
4.0
3.5
4.1
3.2
3.5
3.5
3.5
3.7
3.6
3.4
2.8
3.4
3.7
4.2
10033:
3.7
3.2
2.1
3.4
3.3
2.7
3.0
2.6
3.1
3.1
3.4
3.1
5.0
3.8
10034:
1.6
2.4
10035:
2.5
4.9
4.9
4.7
4.6
4.6
3.7
3.5
4.0
3.5
4.3
4.1
4.0
4.4
4.0
4.2
4.2
4.3
4.4
5.0
10036:
3.5
3.6
3.8
3.4
4.0
3.5
3.2
3.8
2.9
3.1
3.4
3.8
4.1
4.1
4.8
4.2
3.6
4.2
2.7
3.2
3.8
3.3
4.4
4.1
4.1
4.4
4.1
3.9
4.0
2.9
3.6
3.0
3.1
3.4
3.5
3.6
4.0
4.0
3.5
4.0
3.3
4.0
4.3
4.2
4.1
4.3
4.6
4.8
3.0
4.3
3.3
3.9
3.8
3.2
3.7
4.5
3.2
5.0
3.4
4.3
4.1
4.5
3.2
4.5
3.4
4.7
3.7
4.3
3.9
4.0
5.0
4.3
4.0
3.4
4.0
4.4
4.3
3.4
4.3
4.3
3.7
3.4
4.8
4.3
3.2
3.9
3.7
4.3
4.0
3.9
3.3
4.5
3.8
4.4
3.6
3.6
3.3
4.1
3.4
4.3
4.4
3.9
3.7
4.7
3.4
2.9
3.7
3.2
3.3
3.8
4.1
3.4
3.6
3.9
3.6
3.9
4.8
3.4
3.5
4.1
3.6
3.9
4.1
3.7
3.8
3.6
4.2
4.5
3.4
3.6
4.1
3.0
3.4
4.2
3.7
3.3
4.1
3.8
4.2
3.2
4.9
4.3
3.4
3.7
3.4
4.9
3.5
3.9
3.5
3.3
4.1
4.1
4.1
3.4
3.9
3.6
5.0
3.7
3.6
4.6
4.3
3.4
4.1
4.2
3.9
3.8
4.2
4.5
3.9
3.6
3.4
3.6
4.4
3.5
4.0
4.0
3.6
4.2
4.2
4.5
3.8
4.6
3.4
3.9
5.0
3.7
3.9
3.7
4.1
3.8
4.1
3.4
3.9
4.9
4.2
3.3
3.8
4.0
3.1
4.0
3.9
3.9
3.5
4.0
3.0
5.0
3.9
3.9
3.4
3.6
4.0
3.5
4.2
3.7
3.5
10037:
3.9
3.1
3.5
3.8
3.6
3.7
3.4
3.0
3.2
3.9
3.1
3.2
3.3
3.4
RMSE: 0.98
