1:
4.0
3.9
3.9
4.0
4.1
4.0
3.6
3.9
4.0
3.9
4.1
3.8
4.2
4.2
3.5
4.0
4.0
4.1
4.0
4.3
3.8
4.3
4.1
10:
3.5
3.5
1000:
3.8
3.7
3.5
4.2
3.9
3.9
3.5
4.0
3.7
3.7
3.8
3.7
3.8
3.7
3.8
3.6
3.7
3.7
3.8
3.6
3.4
3.9
3.6
3.7
3.8
3.8
3.9
10000:
3.6
3.8
10001:
3.9
4.2
4.2
4.0
4.0
3.8
4.1
4.0
4.2
3.9
4.2
4.2
4.0
4.2
4.0
3.9
4.4
10002:
4.1
3.7
4.1
4.2
10003:
3.6
10004:
4.4
4.3
4.0
4.2
4.1
4.2
4.3
4.1
4.1
3.9
3.9
3.7
4.3
3.8
4.3
4.2
4.1
4.0
4.0
4.2
4.1
4.0
4.2
4.1
4.3
3.7
4.1
4.1
3.7
4.3
4.3
10005:
3.2
3.8
3.5
3.7
3.7
10006:
4.0
4.1
4.2
4.1
10007:
3.3
3.3
3.2
3.3
3.1
3.2
3.5
3.3
3.2
3.5
3.2
3.4
3.1
10008:
4.0
3.5
3.8
3.4
3.7
3.8
3.7
10009:
3.8
3.6
3.7
3.5
3.6
3.6
1001:
3.8
3.7
3.8
3.5
3.6
3.6
3.6
3.5
3.2
3.7
3.8
3.7
3.5
3.5
3.2
3.6
3.6
3.7
3.2
3.6
3.6
3.6
3.6
3.2
3.8
3.8
3.7
3.5
3.7
3.6
3.3
4.0
3.7
3.9
3.6
3.7
3.8
3.3
3.7
3.4
3.7
3.7
3.8
3.7
3.8
3.8
3.5
3.5
3.3
3.7
3.5
3.1
3.2
3.7
3.6
3.8
3.4
3.6
3.6
3.7
3.9
3.4
3.6
3.5
3.8
3.3
3.3
3.5
3.7
3.7
3.5
3.4
3.5
3.6
3.5
3.5
3.3
3.3
3.8
3.6
3.7
3.7
3.4
3.7
3.4
3.6
3.7
3.7
3.6
3.5
3.7
3.6
3.7
3.6
3.5
3.3
3.3
3.8
3.9
3.9
3.6
3.6
3.5
3.5
3.7
3.4
3.6
3.9
3.7
3.3
3.3
3.5
3.6
3.4
3.4
3.3
3.1
3.8
3.7
3.6
3.4
3.5
3.5
3.5
3.5
3.6
3.7
3.6
3.9
3.7
3.6
3.5
3.7
3.4
10010:
3.2
3.1
2.9
3.2
2.9
3.1
2.9
3.0
2.8
3.2
3.1
3.1
2.9
3.0
3.1
3.0
2.9
3.6
2.9
3.1
2.9
3.1
3.2
10011:
3.8
3.5
10012:
3.5
3.7
3.7
3.6
3.6
3.8
3.5
3.5
3.4
3.5
3.5
3.5
3.6
10013:
3.6
3.4
3.4
3.6
3.4
3.5
3.4
3.5
3.3
3.2
3.1
3.8
3.1
3.4
3.3
3.3
3.3
3.2
3.6
3.5
3.3
3.4
3.3
3.5
3.3
3.3
3.4
3.3
3.3
3.4
3.4
3.4
3.4
3.3
3.3
3.2
3.2
3.5
3.6
3.3
3.5
3.2
3.5
3.3
3.4
3.2
3.4
3.4
3.4
3.5
3.2
3.3
3.4
3.3
3.2
3.1
3.4
10014:
3.4
3.8
3.5
3.7
3.6
10015:
4.0
3.6
3.8
3.8
3.9
4.1
4.0
3.8
4.0
3.7
4.1
3.7
3.9
3.9
4.0
3.9
3.9
3.7
4.0
3.9
4.1
3.8
4.2
3.9
3.4
3.6
4.0
4.0
10016:
3.1
3.0
3.1
3.3
3.6
10017:
3.5
3.5
3.5
10018:
4.0
3.6
3.9
3.6
3.6
3.8
3.8
3.7
3.6
3.9
3.7
3.9
3.8
3.9
3.7
3.6
3.7
3.5
3.6
3.8
4.0
3.7
3.6
4.0
4.0
3.7
3.9
3.7
4.0
3.9
10019:
3.5
3.6
3.8
3.6
4.0
3.8
3.8
3.3
3.9
3.7
4.0
3.4
3.4
3.5
3.8
3.7
3.8
3.6
3.8
3.8
3.5
3.6
3.5
3.8
4.0
3.4
3.7
3.5
3.5
3.7
3.6
3.6
3.7
3.6
3.8
3.7
3.3
3.5
3.6
3.7
4.0
3.8
3.6
3.7
3.6
3.5
3.7
3.8
3.6
3.6
3.6
3.6
4.0
3.8
3.3
3.8
3.3
3.6
3.8
3.4
3.5
3.6
3.7
3.7
3.6
4.0
3.6
3.9
3.5
1002:
3.7
3.4
3.7
3.6
3.6
3.8
4.0
3.6
3.9
3.6
3.9
3.6
3.6
3.7
10020:
4.2
4.0
3.9
3.9
4.1
3.9
3.9
3.9
4.0
3.8
3.8
4.2
3.8
4.1
3.8
4.0
3.7
3.6
4.2
3.8
3.9
3.9
4.0
3.9
3.7
3.4
4.0
10021:
3.0
3.3
3.3
3.0
10022:
3.1
3.2
3.6
3.4
3.8
3.6
3.1
2.9
10023:
3.9
3.8
3.9
3.9
4.3
3.7
3.8
4.0
3.8
3.9
4.1
10024:
3.7
3.7
3.5
3.7
3.9
3.8
3.6
3.4
3.6
3.4
10025:
3.5
10027:
4.2
4.0
3.9
4.0
3.5
4.1
3.9
4.3
3.6
4.1
3.7
4.0
4.1
3.9
4.0
4.1
4.0
4.1
4.1
3.9
3.9
4.1
3.7
3.7
4.0
3.9
4.0
4.1
4.2
4.1
4.1
3.9
3.6
3.8
4.3
4.1
4.3
4.0
4.0
3.8
4.1
4.2
4.3
3.7
3.9
4.0
4.0
3.9
4.1
3.9
4.0
4.1
3.7
3.9
3.8
4.0
3.9
4.0
4.1
4.0
3.9
4.0
4.2
4.0
4.0
4.2
4.0
4.0
3.6
4.0
3.8
4.0
4.1
4.1
4.1
3.9
4.2
3.8
3.6
3.8
4.1
4.0
3.7
4.3
3.9
4.3
3.9
4.0
10028:
3.7
3.7
3.8
4.1
4.0
3.7
4.2
10029:
3.4
3.7
3.9
3.6
10031:
3.6
3.6
3.7
3.3
3.9
3.6
3.5
3.6
3.6
10032:
4.0
4.4
4.0
3.9
4.1
3.8
4.0
3.8
3.8
3.6
4.0
3.7
4.0
3.7
4.1
3.5
4.0
4.0
4.2
3.8
4.0
4.0
3.9
4.1
4.0
3.9
3.8
3.8
4.2
3.9
4.1
3.9
4.2
4.1
3.9
4.0
3.9
3.8
3.8
4.0
3.9
3.4
3.6
4.0
3.9
3.9
4.1
10033:
4.1
3.5
3.9
4.0
3.8
4.0
3.7
3.8
4.0
3.8
4.2
3.8
4.1
4.0
10034:
3.1
3.7
10035:
3.9
4.3
4.4
4.0
4.1
4.0
4.0
3.9
4.0
3.9
3.8
3.8
4.1
4.0
3.9
4.0
4.1
4.0
4.1
4.4
10036:
3.9
3.8
3.6
3.6
3.9
3.9
3.5
4.0
3.8
3.5
3.8
3.7
3.8
4.0
4.0
4.1
3.8
3.8
3.7
3.3
3.9
3.9
4.1
4.1
3.8
4.0
3.9
4.0
3.7
3.8
3.8
4.0
3.4
4.0
3.4
3.7
3.9
3.9
3.7
3.8
3.6
3.8
4.0
3.7
4.0
4.0
3.9
4.2
3.8
4.0
3.8
3.9
3.6
3.7
4.0
3.9
3.7
4.2
3.8
3.9
3.9
3.9
3.8
4.0
3.9
4.0
3.7
3.9
4.1
3.8
4.2
4.0
3.9
3.9
3.7
4.1
3.9
3.8
3.9
3.8
3.8
3.1
4.0
3.9
3.6
3.8
3.8
3.8
3.9
3.7
3.8
3.8
3.7
4.1
3.6
3.5
4.0
4.0
3.3
4.0
4.1
3.5
3.8
4.0
3.8
3.6
4.1
3.6
4.0
3.3
3.9
3.1
3.6
3.7
3.7
3.9
3.8
3.4
3.4
3.9
3.6
4.0
3.7
3.6
3.7
3.7
3.9
3.9
3.8
3.8
4.2
3.9
3.8
4.1
3.9
3.7
3.9
3.9
4.0
3.8
4.0
3.9
3.9
4.0
3.7
4.1
3.9
4.1
3.9
3.9
3.9
4.1
3.7
3.7
3.9
3.8
3.9
4.0
4.0
3.8
3.9
3.8
3.7
4.0
3.9
3.8
4.0
4.1
3.9
3.9
4.0
3.6
3.9
4.2
3.8
3.8
3.9
4.0
3.9
3.7
3.6
3.8
3.7
4.0
4.1
3.8
3.8
3.5
4.0
3.8
3.8
3.7
4.0
3.4
4.1
3.6
3.9
4.0
3.9
3.9
3.9
4.0
3.5
3.9
3.6
4.0
3.9
4.0
4.0
3.9
3.7
3.9
4.3
3.9
3.5
10037:
4.1
3.7
3.6
3.7
3.8
3.8
3.3
3.4
3.7
3.8
3.8
3.8
3.6
3.5
10038:
3.9
3.7
3.7
3.8
3.5
3.9
3.9
3.4
10039:
3.3
1004:
3.2
3.1
3.2
3.2
3.2
3.2
2.8
3.3
3.1
3.2
3.4
3.3
3.3
3.5
3.0
2.7
3.1
3.2
3.4
3.1
3.2
3.3
3.3
2.9
2.9
3.0
3.1
3.0
3.2
3.3
3.0
10040:
3.8
3.6
3.8
10041:
3.4
3.2
3.0
2.8
3.1
3.2
3.0
3.2
2.9
3.2
2.8
3.2
3.3
3.2
3.3
3.3
3.3
3.0
3.2
2.9
3.4
3.2
3.0
3.1
3.2
3.0
3.1
3.1
3.0
2.7
3.3
10042:
4.7
4.5
4.6
4.5
4.6
4.6
4.6
4.5
4.6
4.3
4.5
4.4
4.6
4.6
4.3
4.7
4.3
4.6
4.5
4.6
4.6
4.6
4.4
4.6
4.5
4.7
4.6
4.5
4.6
4.4
4.4
4.6
4.6
4.6
4.7
4.6
4.6
4.5
4.7
4.5
4.5
4.5
4.3
4.3
4.6
4.7
4.6
4.3
4.7
4.5
4.4
4.7
4.8
4.1
4.6
4.6
4.4
4.7
4.3
4.7
4.6
4.6
4.3
4.6
4.3
4.0
4.5
4.7
4.7
4.5
4.6
4.6
4.5
4.5
4.3
4.6
4.7
4.5
4.6
4.6
4.5
4.8
4.6
4.7
4.7
4.5
4.6
4.6
4.4
4.8
4.5
4.7
4.6
4.5
4.3
4.6
4.5
4.5
4.6
4.6
4.6
4.7
4.4
4.7
4.8
4.5
4.5
4.8
4.6
4.6
4.7
4.6
4.5
4.5
4.5
4.5
4.6
4.3
4.5
4.8
4.5
4.5
4.3
4.8
4.5
4.7
4.4
4.5
4.6
4.5
4.6
4.5
4.4
4.2
4.6
4.4
4.5
4.7
4.5
4.7
4.5
4.7
4.6
4.6
4.5
4.5
4.6
4.3
4.3
4.6
4.5
4.2
4.6
4.4
4.6
4.4
4.5
4.6
4.6
4.7
4.1
4.7
4.4
4.7
4.3
4.6
4.5
4.3
4.6
4.6
4.5
4.6
4.3
4.6
4.8
4.4
4.7
4.5
4.9
4.7
4.5
4.6
4.8
4.6
4.5
4.9
4.3
4.2
4.6
4.5
4.6
4.6
4.5
4.5
4.7
4.5
4.6
4.6
4.5
4.6
4.4
4.7
4.4
4.6
4.6
4.0
4.5
4.3
4.5
4.5
4.6
4.6
4.4
4.5
4.6
4.6
4.7
4.5
4.4
4.6
4.6
4.7
4.6
4.6
4.7
4.4
4.7
4.4
4.8
4.4
4.5
4.6
4.8
4.4
4.8
4.5
4.6
4.3
4.6
4.5
4.5
4.5
4.4
4.4
4.7
4.7
4.5
4.6
4.5
4.6
4.4
4.5
4.9
4.4
4.6
4.7
4.5
4.6
4.7
4.1
4.5
4.5
4.3
4.5
4.2
4.6
4.6
4.4
4.6
4.6
4.6
4.6
4.9
4.5
4.6
4.7
4.6
4.8
4.7
4.5
4.7
4.6
4.8
4.5
4.6
4.5
4.5
4.6
4.5
4.6
4.3
4.3
4.4
4.6
4.4
4.5
4.4
4.5
4.4
4.6
4.7
4.5
4.5
4.8
4.5
4.5
4.4
4.5
4.5
4.5
4.5
4.5
4.7
4.6
4.3
4.7
4.4
4.4
4.6
4.3
4.5
4.5
4.4
4.5
4.6
4.5
4.4
4.5
4.7
4.4
4.5
4.7
4.5
4.4
4.5
4.7
4.6
4.9
4.6
4.8
4.7
4.7
4.7
4.6
4.4
4.5
4.6
4.6
4.4
4.6
4.6
4.6
4.8
4.6
4.6
4.5
4.5
4.4
4.6
4.5
4.3
4.4
4.6
4.7
4.6
4.3
4.5
4.5
4.6
4.6
4.5
4.6
4.6
4.5
4.6
4.7
4.4
4.4
4.3
4.4
4.5
4.6
4.6
4.6
4.3
4.7
4.5
4.2
4.7
4.6
4.5
4.7
4.5
4.5
4.5
4.7
4.7
4.3
4.6
4.6
4.3
4.4
4.5
4.5
4.4
4.5
4.7
4.6
4.4
4.6
4.7
4.3
4.6
4.5
4.6
4.4
4.8
4.6
4.3
4.3
4.7
4.5
4.5
4.6
4.6
4.4
4.6
4.8
4.6
4.6
4.3
4.6
4.4
4.6
4.8
4.3
4.7
4.4
4.2
4.6
4.6
4.6
4.4
4.4
4.7
4.6
4.6
4.6
4.5
4.3
4.4
4.8
4.6
4.4
4.6
4.6
4.5
4.1
4.6
4.7
4.3
4.4
4.5
4.6
4.7
4.6
4.7
4.8
4.6
4.7
4.6
4.4
4.3
4.4
4.3
4.5
4.6
4.8
4.6
4.5
4.4
4.8
3.8
4.3
4.8
4.6
4.7
4.3
4.5
4.5
4.6
4.6
4.4
4.6
4.3
4.6
4.5
4.6
4.6
4.6
4.6
4.6
4.6
4.4
4.6
4.8
4.5
4.7
4.3
4.4
4.4
4.4
4.5
4.6
4.6
4.6
4.6
4.8
4.5
4.5
4.6
4.6
4.1
4.7
4.7
4.6
4.2
4.5
4.4
4.6
4.6
4.6
4.6
4.7
4.6
4.3
4.7
4.6
4.7
4.6
4.3
4.6
4.6
4.5
4.6
4.8
4.5
4.5
4.6
4.3
4.4
4.5
4.5
4.0
4.6
4.6
4.5
4.5
4.4
4.6
4.6
4.3
4.6
4.4
4.6
4.6
4.7
4.5
4.6
4.2
4.5
4.0
4.7
4.4
4.6
4.8
4.5
4.1
4.5
4.7
4.7
4.6
4.4
4.8
4.3
4.5
4.4
4.6
4.6
4.4
4.6
4.6
4.6
4.5
4.4
4.2
4.5
4.6
4.6
4.6
4.6
4.5
4.4
4.3
4.3
4.5
4.1
4.6
4.6
4.6
4.6
4.6
4.7
4.3
4.6
4.5
4.4
4.9
4.6
4.6
4.4
4.2
4.8
4.5
4.6
4.5
4.4
4.4
4.5
4.4
4.8
4.6
4.6
4.5
4.6
4.4
4.8
4.5
4.7
4.5
4.5
4.6
4.5
4.6
4.6
4.7
4.8
4.2
4.5
4.5
4.6
4.4
4.7
4.6
4.8
4.7
4.6
4.6
4.6
4.3
4.5
4.7
4.7
4.5
4.3
4.4
4.6
4.5
4.6
4.4
4.7
4.5
4.6
4.4
4.7
4.5
4.6
4.4
4.6
4.8
4.8
4.5
4.6
4.5
4.6
4.7
4.5
4.7
4.6
4.3
4.5
4.4
4.7
4.4
4.7
4.5
4.5
4.6
4.5
4.5
4.6
4.3
4.5
4.7
4.6
4.4
4.7
4.3
4.7
4.5
4.2
4.3
4.1
4.8
4.4
4.7
4.6
4.6
4.6
4.7
4.5
4.5
4.6
4.5
4.4
4.6
4.7
4.5
4.3
4.6
4.5
4.7
4.3
4.4
4.5
4.6
4.5
4.4
4.4
4.5
4.7
4.6
4.4
4.6
4.6
4.4
4.8
4.6
4.3
4.7
4.3
4.3
4.4
4.4
4.2
4.6
10043:
4.0
4.1
3.9
4.2
3.8
4.1
4.0
4.0
4.2
4.3
4.0
4.3
4.0
4.1
4.0
4.0
4.3
4.0
4.0
4.1
4.2
4.1
4.2
4.2
3.8
4.1
3.9
4.2
4.1
3.6
3.9
3.9
4.1
3.9
4.1
4.0
4.1
4.2
4.1
3.8
3.6
3.9
3.9
3.8
4.1
4.2
3.6
3.8
3.9
4.2
3.9
4.0
4.0
4.0
4.2
3.8
3.9
4.0
3.9
4.1
3.8
4.2
4.2
3.8
10044:
4.1
3.6
4.0
4.0
4.1
4.4
3.9
4.1
3.7
4.0
3.9
3.7
3.8
4.1
4.2
4.1
4.1
3.8
4.3
4.1
3.9
4.1
3.8
4.1
4.0
4.0
3.6
4.1
4.2
4.1
4.0
4.2
4.1
4.0
4.0
3.9
4.2
3.9
3.9
4.1
3.9
4.2
4.1
3.8
4.2
4.1
4.0
rmse: 0.83

