10002:
4.3
4.0
10004:
5.0
4.1
4.3
3.9
4.7
4.4
4.5
4.3
4.0
3.9
4.5
4.3
4.0
4.2
3.5
4.8
4.6
10008:
4.7
3.2
2.7
4.2
4.0
4.0
10010:
2.3
2.0
2.1
2.6
2.2
2.4
2.1
1.7
2.5
1.2
2.2
1.6
10013:
3.6
3.5
3.7
3.3
3.4
3.2
3.2
4.0
3.0
3.2
2.9
3.3
2.8
2.6
3.1
3.1
3.3
2.5
3.3
3.1
2.7
3.9
3.2
3.4
3.3
2.7
3.2
3.4
2.9
3.5
3.1
3.8
2.6
3.8
10014:
3.1
4.0
3.6
3.0
10015:
3.8
3.9
4.1
3.8
3.6
4.1
4.1
3.7
4.1
5.0
4.1
4.6
3.3
10020:
4.0
3.9
3.7
4.0
4.3
4.0
5.0
4.1
4.0
3.6
4.2
4.4
3.8
2.5
4.3
10027:
4.6
3.7
3.0
3.5
3.4
4.2
3.9
4.1
3.4
4.1
4.2
3.7
4.3
4.5
4.1
3.7
4.1
4.1
4.2
3.6
4.2
3.8
4.4
4.4
3.6
3.5
4.3
4.3
3.7
5.0
3.3
4.2
4.0
4.2
3.0
3.8
4.8
3.8
4.1
4.4
3.9
10028:
2.8
2.8
2.7
4.1
10042:
4.7
4.7
4.3
4.8
4.5
5.0
4.8
4.7
4.4
3.7
4.5
5.0
4.8
4.8
4.8
4.7
5.0
4.7
4.0
4.8
4.2
4.4
5.0
4.5
5.0
5.0
4.0
3.8
4.8
4.0
4.7
4.5
4.5
4.0
4.4
5.0
4.4
4.0
4.3
4.3
5.0
4.5
4.6
4.8
4.1
4.5
5.0
4.3
4.8
4.0
4.6
4.7
4.6
4.4
4.9
5.0
5.0
4.8
4.5
4.6
5.0
5.0
4.0
4.9
4.1
4.7
4.0
4.7
5.0
3.9
5.0
4.6
4.9
5.0
4.2
4.3
4.5
4.5
5.0
5.0
4.5
5.0
4.5
4.5
4.6
4.6
5.0
4.3
5.0
4.9
4.5
3.7
5.0
4.6
4.4
4.5
4.8
5.0
4.2
4.3
5.0
4.8
5.0
4.6
5.0
4.3
4.6
5.0
4.2
5.0
5.0
4.5
4.7
4.5
4.8
4.7
4.8
4.3
4.4
5.0
5.0
4.9
4.8
4.6
4.5
5.0
4.8
5.0
4.3
4.6
4.5
4.7
4.6
4.4
5.0
4.6
5.0
4.8
4.7
4.1
4.9
4.9
5.0
4.9
4.0
5.0
4.2
4.9
4.8
4.1
4.0
4.6
5.0
3.9
4.5
4.3
4.6
4.3
4.0
4.2
4.6
4.9
4.7
4.6
4.9
4.4
4.8
4.4
4.1
4.8
4.2
4.3
4.4
4.7
4.7
4.7
4.7
4.0
4.6
4.6
4.7
4.8
4.8
4.8
4.5
5.0
4.3
4.9
4.3
4.8
5.0
5.0
5.0
4.7
4.1
5.0
4.7
4.8
5.0
4.8
4.3
4.3
4.9
5.0
4.3
4.4
4.1
4.7
4.8
5.0
4.5
4.1
4.3
5.0
4.6
5.0
4.8
4.6
4.7
4.1
4.6
4.4
4.2
4.7
4.2
4.6
4.2
5.0
4.7
3.9
4.8
4.5
4.5
4.6
4.5
4.0
4.9
5.0
4.2
5.0
4.8
4.8
5.0
5.0
4.3
5.0
4.7
4.8
4.0
4.3
4.5
4.7
5.0
4.4
3.8
5.0
5.0
5.0
4.9
4.5
4.2
4.3
4.2
4.6
5.0
4.7
5.0
5.0
4.8
5.0
4.0
4.7
4.8
4.3
4.2
4.6
4.3
4.7
4.5
4.7
4.7
4.3
3.9
4.6
4.7
4.6
4.6
4.4
4.9
4.2
5.0
4.6
3.7
4.8
4.2
4.9
4.4
5.0
4.5
5.0
5.0
4.1
5.0
4.6
3.0
4.9
4.4
4.3
4.0
4.9
4.1
4.2
4.6
4.6
5.0
3.9
4.4
4.2
4.2
4.2
4.6
4.1
4.7
4.9
4.6
4.1
3.8
4.5
5.0
4.4
4.1
4.7
4.3
4.3
4.2
4.6
4.6
4.5
4.7
4.0
3.8
4.8
4.4
4.7
4.4
5.0
4.7
4.8
5.0
4.1
4.9
5.0
4.4
4.4
4.4
4.6
4.7
5.0
4.5
4.8
4.7
4.6
4.9
5.0
4.5
4.1
5.0
5.0
5.0
4.8
4.1
4.3
5.0
4.1
4.6
4.5
5.0
4.4
4.2
5.0
5.0
4.6
4.8
4.8
4.5
4.2
4.8
5.0
4.8
4.5
4.2
5.0
5.0
4.7
4.0
4.3
3.5
4.3
5.0
4.6
4.4
4.5
4.3
3.6
4.6
4.6
5.0
4.9
4.3
5.0
5.0
4.8
4.7
10048:
2.9
3.3
3.1
3.5
3.9
10053:
3.5
3.4
4.2
4.2
5.0
3.7
4.0
4.3
3.5
3.8
3.4
3.3
4.0
4.5
4.6
4.0
3.5
3.7
3.8
3.7
3.0
3.8
3.6
4.5
3.3
3.5
4.3
3.8
3.8
3.4
3.4
4.5
3.4
10054:
2.9
2.7
2.4
3.0
3.1
2.9
10055:
3.9
3.5
3.6
3.4
3.9
3.8
3.1
2.4
3.6
3.5
3.4
3.7
3.2
3.5
3.5
3.5
3.1
3.4
4.0
3.6
3.7
2.4
3.8
2.6
3.1
3.6
3.2
3.6
3.3
3.6
3.2
2.6
3.3
3.3
3.6
3.0
3.6
10057:
2.6
3.4
3.2
2.7
1006:
4.2
4.3
4.2
5.0
4.1
4.1
3.8
4.7
4.8
5.0
4.1
3.8
4.3
3.9
10061:
3.7
4.1
4.3
4.6
4.3
4.4
3.9
4.5
4.7
5.0
4.2
4.3
5.0
3.7
4.4
4.9
4.8
4.8
5.0
4.4
4.1
4.6
4.6
5.0
4.6
4.4
4.5
4.8
5.0
4.4
4.1
4.9
4.3
4.4
4.3
5.0
5.0
5.0
4.6
4.7
4.4
4.3
4.9
4.4
4.5
4.4
4.7
5.0
4.1
5.0
5.0
4.0
4.0
4.6
5.0
4.3
5.0
4.8
4.2
3.3
3.8
4.5
4.3
4.0
4.4
4.0
5.0
4.6
5.0
5.0
4.0
4.1
4.1
4.6
4.4
4.6
4.7
10062:
2.7
3.2
10064:
2.1
2.8
3.2
10066:
2.7
3.2
2.7
2.8
1007:
3.1
2.8
4.1
3.0
3.4
10072:
4.1
4.3
4.7
4.5
4.1
4.1
3.2
5.0
4.6
4.4
4.9
3.6
4.8
4.1
4.7
4.2
3.9
5.0
4.1
3.9
4.1
4.1
3.9
4.6
3.9
4.5
3.7
3.6
3.8
5.0
4.3
5.0
4.8
4.3
3.7
4.4
10073:
3.4
3.2
3.4
3.7
2.7
3.0
4.1
3.4
10074:
4.5
3.9
3.6
3.6
3.4
10077:
4.6
4.2
3.3
3.4
4.0
3.9
4.1
4.1
2.5
4.3
10078:
3.1
3.2
3.4
3.5
3.6
3.7
2.9
3.5
2.4
3.0
3.8
3.2
3.2
3.3
3.2
4.1
3.3
3.7
3.2
3.5
3.4
3.2
3.7
2.9
2.6
3.1
3.1
3.0
3.6
2.9
3.3
2.8
3.3
3.0
3.3
3.3
2.8
2.8
3.4
3.1
2.9
3.3
3.3
3.6
3.2
3.5
3.3
4.0
3.4
4.2
2.9
3.0
3.7
4.4
2.8
3.8
3.1
4.2
3.0
2.9
3.6
3.4
3.0
3.2
3.2
3.9
3.3
3.1
3.5
3.3
10079:
4.7
4.0
4.7
4.1
4.0
4.7
4.4
4.7
4.2
5.0
4.6
5.0
10082:
3.0
2.2
2.5
2.9
3.2
2.2
3.1
2.6
2.6
2.5
4.0
3.4
2.7
2.1
3.1
2.3
2.0
2.8
2.6
1.7
2.9
2.8
2.7
1.9
2.4
3.6
2.9
2.8
1.7
2.6
3.1
2.3
2.8
3.0
2.8
3.7
1.9
2.0
3.0
2.2
3.2
1.8
3.3
3.3
2.3
2.4
2.2
2.2
3.0
2.0
2.7
1.7
2.4
2.8
2.4
2.2
3.6
3.5
2.2
2.4
2.8
3.0
2.0
2.5
1.8
2.9
2.4
2.3
2.7
2.2
2.6
2.9
2.0
3.6
2.6
2.5
3.1
2.6
1.9
3.2
2.0
2.8
2.9
2.5
3.6
2.4
2.7
1.6
3.5
3.5
3.1
1.8
2.4
2.4
2.6
2.3
2.7
3.1
2.4
2.4
2.7
2.0
2.1
3.3
3.1
2.4
3.9
2.8
2.9
2.1
3.1
2.5
2.2
10084:
4.7
3.5
3.4
4.5
4.2
3.9
3.8
3.3
4.1
4.7
3.5
3.6
4.1
4.4
3.4
4.2
4.2
3.7
4.2
3.7
3.8
3.0
3.8
3.9
10086:
3.4
10088:
3.8
3.4
3.9
2.7
5.0
3.6
3.1
2.9
4.4
4.1
4.4
4.3
3.1
3.3
3.7
3.7
3.1
3.7
3.8
3.2
3.6
4.2
3.8
3.8
3.8
4.3
3.6
3.5
4.2
4.0
3.6
3.7
4.3
3.6
4.4
3.4
4.4
3.7
3.3
3.4
4.9
3.8
4.0
3.5
3.5
3.7
3.4
4.0
4.2
4.4
3.9
4.6
4.2
4.9
3.8
4.0
3.8
3.2
3.7
4.6
3.6
4.0
3.7
3.6
4.1
1009:
3.1
10098:
1.5
2.9
1.8
2.5
2.6
10099:
3.8
3.9
4.7
5.0
4.2
3.8
4.0
1010:
3.7
10100:
2.8
3.6
2.6
2.8
2.1
2.4
2.5
1.8
10103:
4.9
3.8
4.0
3.8
4.3
4.0
3.7
4.2
4.6
3.8
4.3
3.8
3.6
4.1
3.9
3.3
3.8
3.9
3.6
4.0
3.8
3.6
3.9
3.9
4.7
3.8
3.2
3.8
3.8
3.8
4.0
3.2
4.5
3.9
3.5
4.3
10104:
3.6
10107:
3.3
3.6
3.1
3.2
3.5
3.1
2.5
1011:
3.0
3.3
3.6
3.4
3.4
3.6
3.4
3.4
3.7
3.2
3.6
3.3
3.7
3.1
3.5
4.2
3.8
2.6
3.7
3.7
3.4
3.2
3.5
3.1
3.2
3.8
3.9
2.7
3.6
3.3
3.5
4.0
3.9
3.1
2.3
3.3
3.3
3.2
3.4
3.7
4.1
4.0
2.3
3.4
3.2
3.2
3.9
3.5
3.6
3.6
3.5
3.5
2.8
2.7
3.5
3.4
3.4
3.3
3.4
3.9
4.1
3.6
3.5
3.7
3.2
3.7
2.4
3.2
10112:
3.7
4.2
3.7
4.4
3.9
4.4
3.8
3.7
3.8
4.2
3.6
10114:
3.3
2.7
3.4
2.8
2.7
2.9
3.0
3.5
3.1
2.9
3.3
2.7
2.5
2.0
2.9
3.6
2.1
3.4
2.7
2.2
2.8
2.7
2.9
3.1
2.1
2.8
4.2
2.6
2.4
3.0
3.3
3.6
3.2
3.0
3.1
2.7
3.4
3.1
2.9
3.1
3.8
3.1
3.2
2.7
2.9
3.4
3.1
3.8
2.9
3.4
2.8
2.9
2.8
1.7
2.2
3.3
3.1
3.1
3.5
3.5
3.1
2.7
3.8
3.5
3.3
3.0
3.1
2.5
2.9
3.8
3.0
1.9
2.9
2.9
3.0
3.6
3.1
3.2
3.2
2.9
2.9
3.0
2.9
3.2
2.8
3.0
2.6
2.5
2.7
3.0
3.0
3.5
3.6
2.8
3.0
3.2
3.0
3.8
3.2
3.6
3.0
2.5
2.9
3.1
3.1
3.1
3.5
4.1
2.8
3.4
2.1
2.9
2.4
3.0
2.8
2.7
3.5
3.1
3.3
3.1
3.9
2.6
3.3
3.1
3.2
3.2
3.1
2.2
2.9
2.8
3.7
2.8
2.7
3.3
3.4
3.3
2.7
2.8
3.4
2.0
2.9
3.2
3.4
2.4
3.1
2.6
3.0
2.9
2.2
2.2
2.9
3.0
3.5
3.6
3.6
3.8
3.2
3.0
2.6
3.2
3.6
2.6
3.3
3.3
2.8
2.9
3.1
4.2
3.5
3.0
3.3
2.9
3.6
3.3
2.7
3.6
3.4
3.6
3.1
1.6
3.4
2.5
3.2
1.8
2.8
2.8
3.1
2.6
2.0
4.0
2.7
3.0
3.6
2.8
2.7
2.9
3.5
3.3
3.0
2.5
3.6
3.0
2.8
3.7
3.1
2.2
2.7
2.8
3.3
2.4
3.5
3.2
3.0
3.4
2.9
3.3
2.8
4.1
3.3
2.8
3.0
2.7
2.3
2.5
2.2
3.3
2.3
3.2
2.4
3.7
3.2
2.5
2.9
2.8
2.9
3.0
2.9
2.1
2.8
3.2
2.7
3.3
2.5
3.0
2.5
3.7
3.0
3.3
2.6
3.1
3.0
3.1
3.0
2.8
3.1
3.2
2.9
2.0
4.0
2.9
3.6
3.4
2.2
3.2
3.4
3.9
3.3
3.1
3.0
3.1
3.3
3.2
2.7
3.5
2.3
2.7
2.7
3.1
2.8
2.9
3.2
3.2
3.1
2.7
2.9
3.3
3.1
3.1
2.6
2.5
3.2
3.5
2.7
3.1
2.9
4.0
3.1
1.9
10115:
2.5
2.9
1012:
3.8
3.4
4.6
3.7
4.6
2.8
3.7
3.7
3.1
3.7
3.7
3.6
3.4
4.5
4.3
3.9
4.3
3.4
3.9
3.8
4.8
3.5
4.0
4.0
3.5
3.6
4.3
4.3
3.3
3.8
4.9
4.0
3.9
3.4
3.7
4.7
3.2
3.3
4.1
3.8
4.3
4.0
3.9
3.6
3.7
3.8
4.9
4.4
3.2
3.9
3.3
3.6
3.1
3.8
4.2
4.1
3.5
3.6
4.3
3.3
3.1
4.1
3.6
3.7
4.2
3.2
4.4
3.9
3.4
2.8
3.3
3.8
3.8
4.4
3.9
3.8
3.0
4.2
3.2
4.6
3.5
3.5
4.2
3.4
3.6
4.4
4.1
4.3
3.9
3.6
3.3
4.3
3.9
4.2
4.7
4.5
3.6
3.7
3.4
4.0
3.6
4.1
3.7
2.4
3.5
3.9
3.6
3.8
3.3
3.5
3.4
4.5
4.5
3.4
3.7
3.5
3.8
3.6
3.7
3.1
4.2
4.9
2.8
3.6
4.2
3.8
3.4
4.4
3.8
3.8
3.5
3.0
4.0
4.3
3.9
3.8
3.4
3.7
3.9
3.6
3.7
4.6
3.6
4.0
4.5
3.7
4.2
10124:
1.4
2.7
2.7
3.1
3.6
2.8
2.7
2.2
2.2
3.3
2.1
3.3
2.3
2.8
3.4
2.8
10127:
2.6
3.7
10129:
2.7
3.1
10130:
3.0
3.9
3.5
3.7
3.1
2.8
3.6
3.4
3.6
4.2
4.0
4.3
3.3
2.2
2.8
4.3
3.2
3.5
3.5
3.6
4.1
4.0
3.5
3.9
4.0
2.7
3.6
3.2
3.3
3.1
3.7
4.1
3.1
4.5
3.6
3.3
3.6
3.8
3.9
3.5
3.9
4.3
4.2
2.8
3.1
4.3
3.1
3.7
3.2
3.4
3.9
3.9
3.7
4.3
4.2
4.1
3.3
4.1
3.3
3.9
4.0
3.6
10131:
3.4
3.2
3.5
3.6
3.2
10135:
3.6
3.5
3.9
3.7
4.1
10136:
3.2
3.4
3.0
10140:
4.3
4.4
4.2
3.6
5.0
3.8
3.5
3.3
3.2
3.6
4.5
3.8
3.4
4.1
3.9
3.2
4.1
4.1
RMSE: 0.94
