12200:
3.5
4.6
4.3
3.8
4.1
4.3
4.3
3.9
4.3
4.5
4.2
4.1
3.8
3.7
4.5
3.2
4.3
4.4
4.2
4.5
3.9
3.1
4.4
3.3
4.0
4.2
12201:
2.9
2.5
3.2
3.5
2.6
2.4
2.1
3.1
2.9
12202:
2.9
3.6
3.5
3.8
3.6
3.7
12205:
2.5
12206:
4.1
4.2
4.3
3.9
4.3
3.9
2.7
3.9
3.5
4.1
4.0
3918:
2.9
2.9
3919:
2.0
2.3
3.0
3.4
2.4
2.8
3.5
2.4
2.5
2.3
2.1
2.2
2.9
392:
3.0
3.3
3.4
3.9
3.8
3920:
3.4
3.2
3.0
3.2
3.2
3.4
3.2
2.9
2.7
3.4
2.3
3.2
2.6
3.3
4.0
3.1
3.0
3.8
3.5
2.9
3.1
3.2
3.4
3.8
3.6
2.9
3.2
2.9
3.2
3.3
3.7
2.1
3.7
3.1
3.1
3.3
3.2
4.3
3.5
3.1
3.0
3.1
3.0
3.4
3.6
3.2
2.8
3.2
2.7
2.5
3.1
2.3
3.2
3.0
2.6
3.5
3.6
2.9
3.2
2.9
3.8
3.4
2.7
3.0
2.9
3.3
3.1
3.2
4.1
2.3
3.8
3963:
1.0
2.5
2.7
3964:
2.1
2.3
2.7
3965:
4.8
4.4
4.2
4.8
3.9
5.0
4.5
4.5
4.4
3.9
3.8
3.7
3.9
5.0
4.3
3.3
4.3
4.7
4.9
4.6
4.5
4.0
4.7
4.2
4.5
5.0
4.5
4.7
4.2
4.3
4.9
4.3
4.1
4.3
4.8
4.7
4.7
3.8
4.0
4.7
4.8
4.8
3.5
4.3
5.0
3966:
3.9
3.2
4.5
3.5
3.1
3.9
3.4
3.6
3.5
3.6
3.7
3.3
3.5
2.8
3.9
3.6
3.6
3.6
3.7
3.5
9126:
2.0
2.3
9127:
4.3
4.1
4.0
4.0
4.5
9128:
3.1
3.3
4.3
3.2
3.5
3.1
3.6
3.2
3.2
4.1
3.0
3.3
2.9
4.5
3.5
2.8
3.1
3.9
2.7
2.9
3.9
3.7
9129:
3.0
3.3
2.6
2.7
3.4
3.0
3.5
3.0
3.1
3.0
3.2
3.6
2.9
3.5
3.1
2.8
3.5
3.3
3.6
3.5
3.5
2.7
3.0
3.1
3.7
3.2
2.9
3.2
3.2
2.5
3.4
2.9
2.7
3.0
2.6
3.3
2.9
3.1
3.0
3.5
3.3
3.0
2.7
3.7
4.0
3.8
3.2
3.2
3.4
3.2
3.4
3.1
3.1
3.3
11447:
3.2
4.5
2.7
4.1
11448:
3.0
3.3
2.8
11449:
2.8
1.8
3.6
1145:
4.0
2.2
3.8
1.9
3.5
3.5
4.0
2.7
3.4
13888:
2.4
3.0
2.7
13889:
4.7
2.9
3.4
3.5
3.3
4.4
3.4
3.5
1389:
3.6
3.9
3.4
4.1
3.7
4.1
3.8
4.1
4.2
2.8
3.8
4.1
4.3
3.9
4.0
4.1
4.0
3.9
3.4
3.5
4.2
3.4
3.6
3.0
3.8
4.2
4.0
4.0
3.7
4.1
4.0
4.7
3.9
3.9
5.0
5.0
4.3
3.3
4.2
4.0
13890:
4.1
4.0
4.2
3.8
4.1
4.1
4.5
3.4
3.8
13891:
1.5
1.5
2.5
13892:
2.0
3.3
3.0
2.8
3.0
7209:
3.2
3.1
3.1
3.4
4.0
3.8
3.3
3.4
4.0
3.9
3.0
2.4
3.6
2.9
3.7
3.6
4.0
3.7
3.4
4.9
721:
2.2
2.5
2.8
2.8
3.4
2.3
2.5
2.2
2.7
3.3
2.7
2.7
1.7
3.4
2.5
2.5
2.4
2.1
2.2
2.5
2.4
7210:
3.7
4.0
3.7
10482:
4.9
3.1
4.0
3.8
5.0
5.0
4.9
4.8
3.7
3.3
2.7
4.2
3.2
3.9
3.8
4.6
3.3
4.1
3.8
4.3
10483:
3.1
2.1
2.2
2.5
10484:
2.6
3.0
3.0
10485:
2.5
3.3
3.0
2.8
2.9
3.1
2.2
2.9
1.4
10486:
4.2
3.4
3.9
2.9
3.5
3.1
3.5
4.1
4.2
3.9
3.4
2.9
3.1
2.6
3.6
4.1
3.8
2.7
2.9
10487:
3.1
3.0
2.7
2.2
3.3
9850:
3.0
2.9
2.6
2.9
9851:
4.0
2.8
3.1
3.4
2.9
3.5
3.1
3.1
2.0
3.3
9852:
2.4
2.7
3.1
2.1
3.1
3.4
3.2
2.2
2.9
3.2
2.6
2.7
2.6
3.0
2.0
2.5
2.6
2.8
2.9
9853:
2.8
2.9
2.4
9854:
3.6
9855:
2.1
1.4
2.7
2.8
15923:
3.7
3.8
15924:
3.8
3.2
3.6
3.4
3.5
3.7
3.3
3.1
15926:
3.2
2.5
1.7
15927:
2.7
3.3
3.0
3.4
2.9
3.0
3.3
3.4
3.4
2.9
2.3
3.1
2.7
2.4
3.1
3.5
3.5
2.8
4.0
4.0
3.5
3.0
2.9
3.3
3.4
2.9
3.4
2.7
2.8
3.3
3.1
3.2
3.2
3.5
2.6
15928:
3.4
3.5
3.4
3.2
3.5
4.4
15929:
3.2
3.6
3.7
3.2
3.2
3.9
3.1
4.2
3.0
3.2
3.1
4.1
3.4
3.4
3.5
3.7
4.3
3.2
3.4
3.3
3.6
4.0
3.1
3.4
3.7
3.3
3.1
3.7
3.1
3.7
3.6
3.0
4.2
1593:
3.3
14060:
2.8
3.0
2.7
3.2
3.4
3.2
3.4
2.8
3.6
2.8
3.1
2.5
3.4
3.4
2.1
3.3
2.5
3.1
2.7
3.0
3.5
3.2
3.0
2.5
13070:
2.3
2.2
13071:
3.2
13072:
3.3
3.1
2.5
3.2
3.3
3.0
3.4
3.1
3.7
13073:
4.3
4.7
3.5
4.2
4.8
3.9
4.2
3861:
3.3
2.5
2.7
3.1
3862:
2.1
4.2
2.5
2.9
3.4
2.5
3.6
3.2
3.3
2.6
3.1
3.4
2.8
3.4
2.9
3.8
2.6
3.0
3.8
2.8
2.9
2.8
3.0
3.6
3.3
2.6
2.8
3.5
3.1
3.3
3.0
3.3
2.9
3.2
2.1
4.1
3.9
2.8
3.6
2.8
2.6
3863:
3.2
3.1
2.5
3.2
3.5
3.4
3.3
3.1
3.3
3.5
2.9
3.3
3.8
3.0
3.2
3.3
3.0
3.2
4570:
3.4
3.2
3.2
3.0
3.9
2.8
3.4
2.8
2.9
3.4
3.2
3.5
2.8
3.1
2.9
4.4
3.0
3.4
3.0
3.1
3.1
3.0
3.7
2.7
3.1
3.0
3.7
3.1
3.6
3.7
2.9
3.3
3.1
3.7
4.0
3.8
3.5
3.5
3.2
2.9
3.1
3.9
3.4
3.5
3.7
3.2
1799:
3.9
4.9
3.3
3.8
2.7
3.1
3.1
4.1
4.2
3.8
3.8
4.5
3.9
3.4
2.8
3.7
3.6
3.9
3.5
3.7
7897:
3.2
3.0
2.7
7898:
3.8
3.3
3.6
3.2
3.5
2.5
3.7
3.4
3.6
3.1
3.3
3.1
4.1
3.6
2.8
3.2
3.2
2.5
3.3
2570:
2.8
3.7
2.9
4.4
3.4
4.0
2571:
3.4
3.3
3.3
2.7
2572:
4.0
2.9
3.3
3.8
2.7
3.8
3.3
3.2
3.2
3.8
3.6
3.0
3.1
3.8
4.1
3.2
3.8
2.7
3.9
3.2
3.3
3.3
3.2
3.3
3.2
3.5
3.5
3.4
2.7
3.0
3.4
3.2
3.8
3.4
3.5
3.0
4.1
3.0
3.8
3.1
3.3
3.7
3.7
3.0
3.0
3.0
3.3
3.3
3.8
3.9
2.6
2.4
3.2
3.5
2.9
3.5
2.9
3.1
3.2
4.5
3.4
2.6
3.3
3.4
3.6
3.3
3.3
3.7
3.4
3.2
3.2
3.1
10730:
3.2
3.6
3.0
3.7
2.9
3.9
3.7
3.2
3.8
3.8
3.1
2.7
3.4
3.5
3.9
2.9
3.5
4.3
2.9
3.2
3.6
3.6
3.4
3.3
3.5
3.2
3.2
3.0
3.0
3.3
3.1
3.7
3.6
3.2
2.1
3.8
3.5
4.1
3.1
3.4
3.4
3.0
3.6
3.9
3.0
2.8
3.7
3.1
3.4
3.0
4.0
2.9
3.5
3.4
3.6
3.4
3.7
3.4
3.7
2.9
3.8
3.0
3.4
4.1
3.8
3.4
2.8
3.4
3.3
3.0
3.2
2.9
2.5
2.8
3.4
4.2
3.8
3.9
3.5
3.6
3.4
3.4
3.1
3.0
3.4
3.7
3.5
4.5
3.2
RMSE: 0.98
