10200:
3.6
3.2
3.2
3.5
3.2
3.4
3.5
3.6
2.8
3.3
3.1
3.4
3.2
3.5
3.3
3.5
3.1
3.1
3.4
3.2
3.5
3.4
10201:
3.4
3.4
10202:
3.7
3.3
3.6
3.7
3.5
3.7
3.7
3.8
3.6
3.6
3.8
3.5
3.6
3.6
3.5
3.4
3.5
3.6
3.8
3.7
3.6
3.6
3.7
3.7
4.0
10203:
3.4
3.4
3.3
3.5
3.4
3.5
3.5
3.3
3.4
3.3
3.4
3.6
3.1
10204:
3.3
2.8
3.3
3.4
3.2
3.5
3.4
3.2
3.5
2.8
3.3
3.2
3.5
2.8
10205:
3.7
3.0
3.1
3.2
10206:
3.3
3.1
3.5
3.2
3.6
3.7
3.4
3.5
3.3
3.4
10207:
3.5
3.4
3.0
3.8
3.3
3.7
10208:
3.2
3.1
10209:
3.4
3.5
3.2
3.1
3.1
3.3
3.2
3.3
3.4
3.6
3.2
1021:
3.1
3.2
3.2
3.5
3.3
3.4
3.6
3.4
3.4
3.8
3.2
3.6
3.5
3.4
3.3
3.4
3.5
3.5
3.4
3.7
3.4
3.6
3.4
3.7
3.5
3.5
3.6
3.2
3.8
3.5
3.2
3.7
3.6
3.6
3.3
3.8
3.4
3.4
3.6
3.5
3.2
3.4
3.9
3.4
3.4
3.0
3.5
3.6
3.8
3.3
3.4
3.4
3.5
3.7
3.6
3.5
3.7
3.6
3.4
3.4
3.5
3.4
3.3
3.6
3.6
3.3
3.2
3.7
3.7
10210:
3.1
2.9
10211:
3.8
3.6
3.7
3.5
3.7
3.7
4.1
3.5
3.8
3.6
3.3
3.7
3.7
3.4
3.7
3.5
3.5
3.6
3.7
3.7
3.9
10212:
3.6
3.4
3.4
3.7
3.4
3.6
3.7
3.6
3.5
3.7
3.7
3.6
3.9
3.4
3.5
3.9
3.6
3.4
3.6
3.5
3.6
3.5
3.7
3.5
3.7
4.0
3.7
3.9
3.8
3.8
3.0
3.5
3.5
3.7
3.8
3.6
3.6
3.5
3.7
3.7
3.5
3.5
3.7
3.7
3.8
3.5
3.5
4.0
3.8
3.6
3.4
3.4
3.6
3.8
3.6
3.8
3.7
3.4
3.8
3.5
3.6
3.7
3.6
3.6
3.4
3.8
3.7
3.7
3.3
3.8
3.8
3.2
3.4
3.9
3.4
3.5
3.8
3.6
3.6
3.5
3.6
3.9
3.6
3.6
3.5
3.5
3.7
3.6
3.6
3.5
3.7
3.8
3.9
3.4
3.6
3.3
3.8
3.6
3.9
3.5
3.4
3.3
3.8
3.6
3.8
3.9
3.7
4.0
3.7
3.6
3.7
3.4
3.8
3.7
3.7
3.7
3.6
3.7
3.5
3.4
3.6
3.8
3.6
10213:
4.3
4.0
4.2
3.7
4.3
4.0
4.0
4.0
4.3
3.9
4.0
4.1
3.9
4.0
4.1
3.7
4.1
3.7
3.9
3.8
4.1
4.1
4.0
3.8
3.8
3.9
3.9
3.9
4.0
4.0
3.9
4.2
4.2
3.9
4.1
10214:
3.4
3.4
3.4
3.2
3.4
3.0
3.2
3.6
3.3
3.2
3.2
3.6
3.3
3.4
3.2
3.1
3.4
2.9
3.3
3.2
3.2
3.2
3.2
3.2
10215:
3.5
3.5
10216:
3.4
3.3
3.4
3.1
10217:
3.6
3.0
2.9
2.8
2.9
2.9
3.1
3.2
3.1
10218:
3.5
2.9
3.4
3.5
3.4
3.2
3.7
3.4
3.3
3.6
3.8
10219:
2.7
2.8
2.6
3.1
3.0
3.0
2.9
3.3
3.2
3.0
2.9
2.6
3.0
3.6
3.1
2.9
3.1
3.2
3.4
2.7
2.9
3.1
2.7
1022:
3.2
2.9
3.3
3.6
3.5
3.2
3.3
3.3
3.1
3.4
3.5
3.3
3.4
3.8
3.2
3.2
3.4
3.1
3.2
3.3
3.1
3.5
3.0
3.3
3.2
3.2
3.4
3.2
3.3
3.1
2.7
3.4
3.4
3.3
3.4
3.2
3.1
3.1
3.4
10220:
3.5
3.6
3.8
10221:
3.3
3.3
2.8
3.2
3.1
3.6
3.5
3.4
3.4
3.6
3.2
3.0
3.2
3.4
3.3
3.2
3.5
10222:
3.5
3.4
4.1
4.0
3.6
3.6
3.6
3.8
3.6
3.6
3.3
3.2
3.7
3.6
3.8
3.9
3.8
3.7
3.6
3.6
3.5
3.7
3.7
3.6
3.9
3.8
3.7
3.8
3.8
3.8
3.6
3.4
3.5
3.7
3.9
3.9
3.7
3.6
3.5
3.8
3.7
3.6
3.4
4.0
3.3
3.6
3.5
3.6
3.9
3.6
3.6
3.8
3.8
3.7
3.8
3.7
3.6
4.0
3.7
4.0
4.0
3.9
3.6
4.1
3.5
3.7
3.7
3.8
3.9
3.6
3.7
3.6
3.7
3.5
3.5
3.7
3.4
3.4
3.9
4.0
3.8
3.2
3.7
3.5
3.5
3.8
3.5
3.7
3.5
3.8
3.9
3.6
3.7
3.6
3.6
3.5
3.9
3.7
3.9
3.6
3.8
3.7
3.6
3.9
3.8
3.6
3.9
3.7
3.8
3.5
3.8
3.9
3.6
3.9
3.8
3.8
3.8
3.7
3.7
3.6
3.6
3.6
3.8
3.4
3.7
3.6
3.7
3.8
3.8
3.6
3.8
3.7
3.4
3.6
3.8
3.9
3.6
3.6
3.7
3.8
3.7
3.7
3.7
3.7
3.7
3.9
3.8
3.7
3.7
3.1
3.6
3.7
3.9
3.6
3.8
3.8
3.9
3.6
3.6
3.8
3.7
3.5
3.3
3.7
3.5
3.7
3.7
3.4
3.3
3.5
3.9
3.7
3.7
3.8
3.7
3.8
3.6
3.4
3.6
3.9
3.7
4.0
3.7
3.7
3.5
3.6
3.6
3.9
3.7
4.0
3.7
3.8
3.6
3.8
3.8
3.9
3.7
3.1
3.6
3.7
3.7
3.7
4.0
3.5
3.7
3.8
3.6
10223:
4.0
3.9
3.8
3.9
3.7
3.7
4.2
3.9
3.9
4.0
4.0
10224:
4.1
10225:
3.9
3.9
4.0
4.1
4.0
4.4
4.2
4.0
4.1
3.9
3.9
3.7
3.9
4.0
3.8
3.9
3.9
3.8
4.0
3.7
3.9
4.0
4.0
4.1
3.8
4.0
3.8
4.0
4.0
3.7
4.1
3.8
4.0
4.0
3.7
4.1
3.5
3.7
4.0
4.1
4.0
3.9
3.8
4.2
4.0
3.9
4.0
3.8
4.1
3.9
3.7
4.1
3.8
3.7
3.9
4.1
3.8
3.9
3.7
4.0
4.1
4.0
4.0
4.1
3.9
3.8
3.9
4.2
4.3
4.1
4.2
3.9
3.9
3.9
4.1
4.2
4.1
3.9
3.9
3.9
3.9
4.1
3.8
4.1
4.1
4.1
4.3
4.0
3.8
4.1
4.0
4.0
3.7
3.9
4.0
3.5
4.1
4.1
3.9
3.8
4.0
4.2
3.8
4.0
3.8
3.9
4.1
3.9
4.0
4.2
4.0
4.1
4.1
3.8
4.1
4.1
3.9
3.7
3.8
3.7
4.2
4.1
4.0
4.0
3.5
3.8
4.1
3.8
4.1
4.0
4.1
4.1
3.9
3.6
4.1
3.9
3.9
4.0
3.9
3.8
4.2
4.3
4.1
3.9
3.9
4.1
4.2
3.9
4.0
3.9
4.0
3.9
3.9
4.1
4.2
3.9
3.8
3.9
3.9
4.1
4.3
3.9
3.8
3.9
3.9
4.1
3.8
3.9
3.8
4.0
3.7
4.1
3.8
3.9
3.9
4.0
3.9
3.8
3.9
4.0
4.2
4.0
3.9
4.1
4.2
4.1
4.1
4.0
3.8
4.0
3.6
4.2
3.8
3.9
4.1
3.8
4.3
3.9
3.8
4.0
3.9
3.9
4.0
3.7
3.8
4.1
3.8
3.9
3.8
4.0
4.3
4.1
4.1
4.1
3.9
3.9
4.1
3.9
4.1
4.0
4.0
4.2
3.8
4.0
3.9
4.2
4.0
4.2
4.1
3.8
4.1
4.1
4.1
4.1
4.1
4.0
4.0
4.3
3.9
3.9
3.9
3.9
3.9
4.3
4.2
4.0
4.1
4.0
4.0
4.2
4.0
3.6
4.0
4.2
4.0
3.8
4.0
4.0
3.7
4.1
4.2
4.1
4.0
4.1
4.1
4.2
3.8
4.1
4.1
4.1
3.9
4.2
4.3
3.7
4.0
10226:
2.6
3.0
3.3
3.1
3.1
3.1
3.3
2.7
3.1
3.2
3.1
3.1
3.0
3.1
3.3
3.1
3.2
3.2
3.1
3.1
3.2
3.4
3.1
3.3
3.0
3.2
3.3
3.0
3.2
2.6
3.0
3.4
2.8
3.1
3.2
3.0
3.1
3.1
2.8
3.4
3.3
3.3
3.3
3.1
3.4
3.3
3.3
2.8
3.3
3.1
3.1
3.2
2.9
2.8
2.7
3.1
2.9
3.3
3.1
3.1
3.1
3.2
3.3
3.0
3.0
2.9
3.2
2.9
3.0
2.9
3.1
3.1
2.9
3.0
3.3
3.3
3.1
3.2
2.7
2.9
3.0
3.1
3.2
2.7
3.1
3.0
3.0
3.3
3.2
3.0
3.1
3.1
3.3
2.9
3.1
3.1
3.1
3.2
3.1
3.2
3.2
3.1
3.0
3.3
3.0
3.1
3.2
3.3
3.1
3.1
3.0
3.0
3.0
3.1
3.1
2.9
3.1
3.2
3.3
3.4
3.1
3.1
3.0
2.9
3.0
2.9
3.3
3.3
3.1
3.2
3.3
3.1
2.8
2.9
3.2
3.2
3.2
3.0
3.1
3.0
3.1
3.2
2.9
3.3
2.9
3.1
2.9
3.1
3.3
3.4
2.9
3.3
3.1
3.3
3.0
3.1
3.0
3.1
3.1
3.1
3.1
3.1
3.1
3.2
3.0
3.0
3.4
3.0
3.0
3.1
3.1
3.2
3.0
3.1
3.0
3.1
3.1
3.0
3.0
3.2
3.4
3.1
3.0
3.0
3.1
3.2
3.3
2.8
3.1
3.1
3.3
3.2
2.9
2.9
2.9
2.9
3.1
3.2
3.1
3.0
10227:
3.4
3.9
3.5
3.7
3.6
3.8
3.8
10228:
3.7
10229:
2.9
3.3
2.9
3.2
3.5
3.0
3.1
3.1
2.9
2.9
2.9
2.9
2.7
2.9
2.7
2.9
3.0
2.8
3.1
2.5
3.1
3.0
2.9
2.8
2.9
3.1
3.0
3.1
2.9
3.2
3.1
3.2
3.1
3.0
3.1
3.1
3.0
2.9
3.1
3.0
3.0
2.8
3.0
2.9
3.1
2.9
3.2
2.9
2.9
3.1
2.6
3.1
3.1
3.2
3.0
3.2
3.3
2.8
2.8
3.0
3.1
3.2
3.0
3.2
2.8
3.0
2.9
2.8
2.6
2.9
3.1
2.5
3.1
3.0
2.7
2.8
3.2
3.1
3.5
2.9
2.9
3.1
3.0
3.0
3.1
3.1
3.0
2.8
2.7
3.0
2.8
2.8
3.3
3.0
3.0
3.4
2.9
3.0
3.0
3.0
2.6
2.9
2.9
3.1
2.8
2.6
2.8
2.7
3.1
2.9
3.4
3.1
3.0
3.0
2.9
2.9
2.9
3.1
2.9
3.0
2.9
2.9
2.8
3.0
3.1
2.9
3.1
2.8
2.9
3.2
2.7
2.8
3.2
2.9
2.8
2.9
2.9
3.1
3.1
2.7
2.7
3.2
2.9
3.0
2.8
3.2
2.7
3.0
2.8
3.0
2.9
2.9
3.1
3.1
2.9
3.2
3.0
3.3
3.1
3.0
3.1
2.9
3.0
3.1
3.0
2.8
3.2
2.9
3.1
3.1
3.3
2.7
2.8
3.2
3.0
2.4
2.6
3.2
2.6
2.8
2.9
3.1
2.8
3.0
3.2
3.2
2.9
2.8
3.2
3.0
2.7
2.4
3.0
3.0
2.7
3.1
2.6
2.8
3.2
2.9
2.7
2.8
3.2
3.0
3.0
2.9
2.8
2.9
2.9
3.0
3.0
3.3
3.0
3.0
3.0
3.0
3.0
3.2
3.3
2.6
3.2
2.8
2.6
3.1
3.0
2.8
3.1
3.0
3.1
3.1
2.9
2.7
2.7
3.0
3.0
3.4
2.7
3.0
3.0
2.8
3.3
3.2
2.9
2.9
2.9
3.0
3.1
3.1
3.1
2.9
2.9
3.3
3.1
3.0
2.6
2.9
3.2
2.9
3.2
2.9
3.0
3.2
2.7
3.1
2.9
3.1
2.7
3.2
3.1
2.8
3.1
2.8
3.0
2.7
2.9
3.0
2.6
3.1
3.1
3.0
2.9
2.9
2.8
2.9
2.9
3.0
3.0
2.7
3.0
2.9
3.2
3.3
3.1
3.1
2.8
3.0
3.2
3.1
2.8
2.8
3.0
3.2
3.0
2.7
3.0
2.9
3.2
3.2
3.1
3.0
2.8
3.1
2.9
3.0
2.7
3.2
3.0
3.0
3.0
3.2
3.4
3.0
3.0
2.5
2.9
3.0
2.8
2.8
3.0
3.0
3.0
2.9
2.9
2.8
3.5
2.8
3.0
3.1
3.4
2.8
2.9
3.3
3.0
3.1
3.1
3.0
3.0
3.2
3.1
2.8
3.1
2.9
3.0
3.1
3.0
2.7
3.2
3.1
2.9
3.2
3.1
3.0
2.9
2.8
2.9
2.8
2.7
3.1
3.1
3.1
3.1
3.0
2.9
2.8
3.0
3.2
2.8
2.6
3.0
3.1
3.0
3.2
3.2
2.9
3.1
2.9
3.0
3.0
2.9
3.1
2.9
2.9
3.1
3.3
2.7
3.1
3.0
3.2
3.0
3.0
2.8
3.0
3.0
3.1
2.8
3.4
2.9
3.2
2.9
2.7
2.8
2.8
2.8
3.1
3.1
3.2
3.0
2.6
3.1
3.2
3.3
3.0
3.0
3.1
2.9
3.1
3.3
3.2
3.1
3.2
2.9
3.1
3.0
2.9
3.2
3.2
3.2
3.3
3.3
3.1
2.9
2.8
3.2
3.0
3.1
2.8
3.1
3.0
2.9
2.8
3.0
3.0
3.0
3.0
3.1
3.0
2.9
2.8
3.2
2.9
2.9
3.0
2.8
2.9
3.0
3.2
3.0
2.7
2.9
2.9
3.1
2.7
2.7
2.8
3.0
3.0
3.1
3.0
2.9
3.1
3.0
2.8
2.8
3.0
2.9
3.1
2.9
3.1
3.2
2.8
3.0
3.1
2.9
3.0
3.0
3.0
2.9
3.1
3.1
2.9
2.9
3.0
2.8
2.9
3.0
3.1
3.0
3.1
2.7
2.9
3.0
3.1
3.1
3.1
3.1
3.0
2.8
2.9
2.6
3.4
3.1
3.2
3.1
3.1
3.1
3.2
3.1
2.9
3.2
2.6
3.0
2.8
2.7
3.0
2.9
3.2
3.0
3.3
2.6
2.9
2.9
2.9
3.0
3.3
2.9
3.2
2.8
3.1
3.0
3.0
3.0
3.0
3.2
3.1
3.1
2.9
2.8
2.9
2.9
3.2
2.8
2.9
3.1
2.8
2.8
2.7
2.9
3.0
2.8
3.3
2.9
3.2
3.1
3.1
3.0
3.0
3.1
2.8
3.2
3.5
2.9
2.8
3.0
3.0
3.0
2.7
2.6
3.4
3.3
2.7
2.4
3.3
3.0
3.0
3.2
2.7
3.0
2.8
3.3
2.8
2.9
3.1
3.1
3.0
2.9
2.7
3.0
2.8
2.8
3.1
2.9
3.0
3.0
3.1
2.8
3.1
1023:
3.5
3.5
3.4
3.4
3.2
3.2
3.2
3.4
3.4
3.5
3.6
3.3
3.5
3.8
3.4
3.1
3.4
3.5
3.5
3.3
3.7
3.3
3.5
3.6
3.3
3.8
3.5
3.5
3.8
3.5
3.1
3.5
3.3
3.2
2.8
10230:
3.3
3.1
3.6
3.6
3.5
3.8
3.3
3.4
3.7
3.4
3.4
3.6
3.7
3.4
3.8
3.7
3.2
3.5
3.6
3.5
3.6
3.5
3.2
3.6
3.5
3.6
3.8
3.5
3.4
3.5
3.7
3.7
3.5
3.5
3.6
3.5
3.6
3.7
3.5
3.6
3.6
3.6
3.5
3.5
3.6
3.8
3.6
3.5
3.5
3.6
3.7
3.2
3.4
3.6
3.3
3.5
3.6
3.5
3.4
3.2
3.7
3.5
3.6
3.6
3.3
3.8
3.7
3.5
3.4
3.5
3.6
3.6
3.5
3.7
3.4
3.4
3.6
3.4
3.6
3.4
3.7
3.8
3.7
3.5
3.5
3.4
3.5
3.5
3.4
3.4
3.6
3.5
3.7
3.5
3.5
3.3
3.0
3.6
3.4
3.6
3.4
3.5
3.8
3.2
3.7
3.6
3.4
3.5
3.3
3.5
3.4
3.3
3.5
3.5
3.7
3.6
3.5
3.3
3.5
3.6
3.6
3.7
RMSE: 0.91
