10824:
3.6
3.8
4.0
3.6
3.4
3.7
3.4
3.6
3.8
3.8
10825:
4.4
4.3
4.2
4.4
4.2
4.0
4.0
3.7
4.0
4.3
4.5
4.2
4.1
4.3
4.3
4.3
4.2
4.2
4.1
4.3
4.3
3.8
4.3
4.4
4.2
4.1
4.4
4.2
4.2
4.2
4.0
4.2
4.1
4.3
4.1
4.4
4.2
10826:
3.6
3.4
3.5
3.3
3.5
10827:
3.8
3.8
3.8
3.8
3.7
3.8
3.7
3.7
4.1
3.7
10828:
3.6
3.8
3.5
3.4
3.6
3.5
4.0
4.0
3.7
3.8
3.7
3.6
3.7
3.7
3.6
3.6
3.8
3.6
3.5
3.5
3.6
4.1
3.4
3.5
3.8
3.9
4.1
4.1
3.8
3.8
3.5
3.8
3.9
3.6
3.8
3.8
3.7
3.1
3.9
3.7
3.6
3.5
3.6
3.6
3.7
3.9
3.5
3.6
3.7
3.7
3.6
3.7
4.0
3.7
3.7
3.6
3.5
3.6
3.6
3.7
3.7
3.9
3.7
3.7
3.8
3.9
3.5
3.7
3.7
3.6
3.7
4.0
4.1
3.5
3.7
3.5
3.6
3.8
3.8
3.8
3.1
3.3
3.8
3.7
3.7
3.5
4.0
3.6
3.8
3.9
3.5
3.8
3.7
3.8
4.1
3.5
3.8
3.6
3.9
3.8
3.9
3.8
3.9
3.9
3.9
3.9
3.6
3.6
3.6
3.7
3.5
3.7
3.6
3.7
3.6
3.8
3.6
4.0
3.9
3.7
3.8
3.7
3.5
3.7
3.7
3.7
3.5
4.0
4.0
3.5
3.7
3.4
3.6
3.6
3.7
3.5
3.5
3.8
4.0
4.0
3.9
3.6
3.7
3.8
3.3
3.7
3.7
3.8
3.6
3.6
3.8
3.6
3.7
3.6
3.7
3.6
3.8
3.6
3.8
3.6
3.6
3.8
3.8
3.7
3.8
3.6
3.6
3.6
3.8
3.7
3.7
3.4
3.6
3.8
3.6
3.6
3.7
3.7
3.7
3.9
3.7
3.6
3.7
3.8
3.4
3.6
3.6
3.6
3.9
3.5
3.5
3.7
3.5
4.0
3.9
3.5
3.3
3.4
3.4
3.6
3.9
3.9
3.6
3.8
3.8
3.7
3.8
3.5
3.9
3.5
3.6
3.8
3.7
3.8
3.4
3.9
3.9
3.5
3.7
3.9
3.7
3.4
3.8
4.1
3.6
3.6
3.8
3.8
3.8
3.7
3.8
3.6
4.1
3.7
3.7
3.9
3.9
3.9
3.7
3.9
3.5
3.8
3.9
3.8
3.5
3.7
3.6
3.4
3.8
3.9
3.7
3.8
3.6
3.7
3.6
3.6
4.0
3.7
3.6
3.6
3.8
3.6
3.8
3.3
3.6
3.8
3.7
3.8
3.8
3.9
3.7
3.9
3.7
3.6
3.6
3.6
3.7
3.8
3.7
3.7
3.5
3.8
3.6
3.9
3.7
3.7
4.0
3.8
3.6
3.7
3.7
3.6
3.5
3.5
3.7
3.7
3.5
3.6
3.8
3.6
3.5
3.6
3.8
3.5
3.5
3.7
3.6
3.9
3.9
3.4
3.6
3.8
3.7
3.5
3.7
3.6
3.5
3.7
3.6
3.6
3.9
3.7
4.0
3.4
3.6
3.5
3.6
4.0
3.6
3.8
4.0
3.6
4.0
3.7
3.5
3.4
3.6
3.9
3.6
3.8
10829:
2.8
3.1
3.1
3.2
3.0
3.0
2.8
3.1
3.2
3.1
2.8
3.1
1083:
3.7
10830:
3.9
3.9
3.9
3.6
3.4
3.6
3.9
3.7
4.0
3.8
3.8
4.0
3.6
3.7
3.6
3.6
3.9
3.9
3.8
3.5
3.8
3.8
3.8
3.7
3.8
3.8
3.9
3.7
4.0
3.6
3.8
3.6
3.5
3.9
3.8
4.0
3.9
3.7
4.0
3.8
3.8
3.8
3.9
3.9
3.7
4.0
4.0
3.7
3.7
3.8
4.0
3.7
3.9
3.6
3.9
3.8
3.9
3.8
4.0
3.7
3.8
3.6
3.6
4.1
4.1
3.6
3.5
3.9
3.9
4.0
4.2
3.7
3.7
3.9
3.8
3.9
4.0
3.8
3.9
3.6
4.2
3.7
3.6
3.8
3.6
3.7
4.1
4.0
3.7
3.8
3.7
3.9
3.7
4.0
3.7
3.5
3.8
4.1
3.7
3.6
3.7
3.7
3.6
3.7
3.9
3.9
3.6
10831:
3.5
10832:
3.8
3.8
4.2
4.2
4.3
4.0
4.1
4.2
4.2
4.1
4.2
4.2
4.4
4.2
4.0
4.3
4.2
4.1
3.9
4.2
4.1
4.3
3.9
4.1
4.2
4.1
4.1
4.2
4.2
4.1
3.9
4.1
4.2
4.3
4.2
4.0
4.4
4.2
4.4
3.9
4.4
4.0
4.2
4.0
4.3
4.1
3.9
4.2
4.2
4.1
4.3
4.0
4.2
4.1
4.3
4.4
4.1
4.1
4.3
4.2
3.9
4.2
4.1
4.0
4.0
4.1
4.3
4.2
3.9
4.0
3.9
4.1
4.2
4.3
4.0
4.0
4.0
3.9
4.1
4.2
4.0
4.4
4.4
4.2
4.2
4.4
4.1
3.9
4.1
3.8
4.2
4.1
4.2
4.2
4.0
4.3
4.2
4.0
4.0
4.0
4.4
4.2
4.1
4.1
4.2
4.2
4.2
4.1
4.0
4.2
4.1
4.1
4.1
4.2
4.0
4.1
4.4
4.3
4.1
3.9
4.1
4.0
4.0
4.4
3.9
4.0
4.0
4.1
3.9
4.0
4.0
4.0
4.2
4.1
3.9
3.7
4.3
3.8
4.2
4.0
3.9
3.9
4.2
4.2
4.4
4.3
4.0
4.1
4.2
4.3
3.9
4.1
4.2
4.1
3.9
4.4
3.9
4.6
4.3
4.0
4.3
4.0
4.0
4.1
4.0
4.0
4.2
4.2
4.0
4.1
10833:
3.8
4.0
3.9
4.0
4.2
3.9
3.9
4.1
3.8
3.9
3.9
3.9
4.0
4.1
3.7
3.9
3.7
4.0
4.1
4.0
3.7
10834:
3.2
3.5
3.5
3.4
3.4
3.3
10835:
3.6
3.8
3.4
3.5
3.6
3.4
3.7
3.4
3.4
3.6
3.5
3.5
3.6
3.4
3.8
3.6
3.5
3.4
3.6
3.6
3.4
3.4
3.5
3.8
3.2
3.4
3.9
3.4
3.2
3.1
3.2
3.2
3.6
3.6
3.3
3.7
3.1
3.6
3.4
3.7
3.6
3.5
3.5
3.4
3.5
3.5
3.4
3.6
3.8
3.2
3.4
3.3
3.6
3.5
3.6
3.6
3.5
3.3
3.6
3.5
3.6
3.3
3.5
3.5
3.5
3.3
3.3
3.7
3.4
3.7
3.3
3.6
3.4
3.3
4.1
3.2
3.4
3.4
3.4
3.5
3.5
3.4
3.3
3.6
3.3
3.2
3.8
3.5
3.5
3.5
3.6
3.6
3.1
3.4
3.6
3.3
3.1
3.7
3.3
3.6
3.6
3.7
3.7
3.7
3.4
3.6
3.6
3.5
3.7
3.3
10836:
3.7
3.5
3.4
3.7
3.8
3.4
3.6
3.2
3.4
3.6
3.8
3.1
3.5
10837:
3.6
3.7
3.6
3.8
3.8
3.4
3.5
3.7
3.8
3.3
3.7
3.9
3.7
10838:
3.8
3.5
3.5
3.4
1084:
3.5
3.8
3.9
3.8
3.8
4.0
3.9
4.0
4.0
3.3
3.6
3.9
3.6
3.8
4.0
3.9
4.0
3.8
3.8
3.9
3.6
4.1
3.7
3.9
4.0
4.0
4.0
4.1
4.0
4.0
3.6
3.9
3.8
3.9
3.8
3.5
4.0
3.7
3.6
3.0
4.1
10840:
3.7
3.2
3.2
3.3
3.4
3.5
3.7
3.7
3.5
10841:
3.6
3.5
3.8
3.8
3.3
3.5
3.9
3.4
3.6
3.5
3.7
3.8
3.6
3.5
3.6
3.4
10842:
3.7
3.7
3.4
3.7
10844:
3.2
3.5
3.7
3.4
3.4
3.7
3.8
3.9
3.6
3.3
10845:
3.4
3.2
3.4
10846:
3.2
3.3
3.5
3.9
3.6
3.5
3.3
3.4
3.1
3.4
3.3
3.4
3.5
3.5
3.1
3.4
3.5
3.7
3.7
3.5
3.4
3.5
3.3
3.3
3.5
3.7
3.4
3.5
3.6
3.3
3.5
10847:
3.8
4.0
3.7
3.8
3.9
3.8
3.7
3.6
3.6
3.5
3.5
3.7
3.7
3.7
3.6
3.8
3.7
3.8
3.7
3.9
3.9
3.7
3.7
3.6
3.7
3.5
3.5
3.7
4.0
3.7
3.6
3.9
3.9
3.9
3.8
3.9
3.5
3.6
3.8
3.9
10848:
3.4
3.5
3.5
3.5
3.9
3.6
3.6
10849:
3.7
3.8
3.7
1085:
3.1
3.4
3.4
3.0
3.2
3.4
3.2
3.3
3.3
3.2
3.3
3.5
3.4
3.0
3.6
3.3
2.9
2.9
3.3
3.3
3.8
3.0
3.6
3.3
10850:
3.4
10851:
3.6
3.7
3.8
3.7
4.0
3.7
3.6
3.7
3.6
3.8
3.7
3.8
3.7
3.6
3.8
3.8
3.7
4.0
3.6
3.6
3.6
3.8
3.7
4.0
3.9
3.7
3.3
4.0
3.9
4.1
3.7
3.6
3.7
3.7
3.7
3.8
3.8
3.7
3.7
10852:
3.6
3.4
3.3
3.6
3.2
2.9
3.5
3.3
3.5
3.5
3.3
3.3
3.8
3.2
3.5
3.4
3.6
3.8
3.3
3.4
3.5
3.4
3.3
3.6
3.5
3.6
3.6
3.2
3.3
3.3
3.4
3.3
3.6
3.2
3.5
3.3
3.5
3.4
3.2
3.5
3.2
3.4
3.4
3.5
3.3
3.1
2.9
3.4
3.6
3.3
3.6
3.2
3.5
3.4
3.2
3.4
3.4
3.6
3.5
3.3
3.6
3.4
3.8
3.3
3.5
3.2
3.4
3.5
3.3
3.6
3.5
3.3
3.5
2.9
3.2
4.0
3.5
3.5
3.6
3.2
3.1
3.5
3.5
3.4
3.6
3.4
3.4
3.5
3.4
3.5
2.8
3.5
3.2
3.3
10853:
2.6
2.5
2.8
2.8
2.9
2.7
2.8
2.5
2.8
2.6
2.6
2.8
2.7
2.8
2.7
2.6
2.7
2.9
2.9
2.9
2.7
2.5
2.9
2.9
2.6
2.6
2.6
2.8
10854:
4.1
4.5
4.1
4.3
4.4
4.3
4.2
3.6
4.2
4.2
3.9
4.1
4.0
4.1
4.1
4.3
3.9
4.0
4.2
3.7
4.1
4.1
4.2
4.3
4.4
4.3
4.2
4.2
4.2
4.3
4.0
4.0
4.2
4.3
4.3
4.0
4.2
4.2
4.1
4.2
4.1
4.2
4.4
4.2
4.3
4.4
4.2
4.2
4.2
4.3
4.4
3.9
4.2
4.2
4.2
4.1
4.3
4.0
4.4
4.2
4.3
4.2
4.4
4.1
4.5
4.2
4.1
4.3
4.3
4.1
4.3
4.1
4.1
4.2
4.2
4.2
4.4
4.2
4.2
4.2
4.2
4.2
4.4
4.3
4.1
4.2
4.3
4.4
4.2
4.3
3.9
4.3
4.3
4.3
4.2
4.2
3.9
4.0
4.2
4.0
4.2
4.5
4.0
4.1
4.3
4.4
4.2
4.2
4.3
4.4
4.1
4.1
4.1
4.4
4.4
4.2
4.3
4.3
4.1
4.0
4.2
4.2
4.2
4.2
4.4
4.2
4.2
4.3
4.0
4.4
4.4
4.3
4.1
4.2
4.1
4.3
4.1
4.2
4.2
4.1
4.3
4.1
4.1
4.2
4.5
4.4
3.9
4.1
4.3
4.3
4.3
4.2
4.2
3.9
4.1
4.4
4.2
4.1
3.9
4.2
4.2
4.4
4.4
4.3
4.2
4.3
4.3
4.5
4.5
4.1
4.2
4.4
4.4
4.1
4.3
4.3
4.5
3.9
4.2
4.2
4.1
4.2
4.4
4.1
4.3
4.5
4.0
4.2
4.3
4.1
4.2
4.4
4.3
4.0
4.3
4.0
4.2
4.2
3.9
4.4
4.1
4.4
4.1
4.1
4.1
4.4
4.1
4.1
4.1
4.3
4.2
4.4
4.2
4.2
4.3
4.5
4.3
4.2
3.9
4.4
4.1
4.1
4.3
4.3
4.1
4.1
4.3
4.0
4.3
4.2
4.3
4.3
4.3
4.2
4.1
10855:
3.2
3.1
10856:
3.4
3.6
3.3
3.4
3.5
3.3
3.0
3.0
10857:
3.9
4.2
3.7
3.7
3.5
3.7
3.5
3.8
3.5
3.5
RMSE: 0.90
