1:
3.8
3.4
3.6
4.3
3.8
4.0
3.5
3.8
4.1
3.6
3.3
3.6
4.0
4.0
3.3
4.0
3.6
4.2
4.1
4.1
3.4
4.3
3.6
10:
3.0
2.9
1000:
3.2
3.0
2.9
3.9
3.6
3.5
3.3
3.7
3.0
2.8
3.4
3.5
3.2
3.8
3.7
3.0
3.0
3.0
3.2
3.6
3.5
3.7
2.8
3.0
3.7
3.1
3.6
10000:
3.6
3.5
10001:
3.5
4.2
3.8
3.3
4.2
3.5
3.5
4.0
4.0
3.6
4.1
4.1
3.3
4.1
3.6
3.5
4.2
10002:
3.8
3.2
3.9
3.7
10003:
3.1
10004:
4.4
3.9
4.2
3.7
4.3
4.2
4.2
4.2
4.1
4.1
4.2
3.7
4.1
3.7
4.2
4.2
4.2
4.2
4.3
3.8
4.1
3.8
3.8
4.0
4.5
3.7
4.0
4.2
3.5
4.4
4.3
10005:
3.6
3.7
3.4
3.0
3.0
10006:
3.6
3.4
3.7
3.0
10007:
2.7
3.3
2.8
2.8
2.7
3.1
2.8
3.4
3.0
3.3
2.8
3.2
2.9
10008:
4.0
3.2
3.4
3.0
3.9
3.8
3.8
10009:
3.0
3.5
3.9
2.9
2.9
3.4
1001:
3.8
3.5
3.0
3.1
3.7
3.7
3.6
3.5
2.9
3.6
3.6
3.7
3.0
3.5
3.4
3.2
3.7
3.6
3.0
3.1
3.0
3.6
3.2
2.9
3.5
3.0
3.6
3.6
3.6
3.7
3.6
3.9
3.0
3.5
3.5
3.5
3.7
2.9
2.9
3.6
3.7
3.0
3.6
3.7
3.7
3.6
3.4
3.1
3.1
3.7
3.1
2.8
2.8
3.6
3.6
3.7
3.0
3.5
3.5
3.1
3.4
3.1
3.0
3.0
3.7
3.0
2.9
3.0
3.7
3.5
3.0
3.1
3.5
3.0
3.1
3.6
2.9
2.9
3.5
3.5
3.6
3.7
2.8
3.6
3.5
3.2
3.4
3.7
3.3
2.9
3.7
3.5
3.6
3.6
3.1
2.9
3.0
3.1
3.2
3.5
3.5
3.5
3.0
3.0
3.5
3.5
3.6
3.6
3.6
2.9
3.0
3.4
3.4
3.0
3.4
2.9
3.0
3.6
3.6
3.0
3.2
3.5
3.1
3.5
3.1
3.4
3.0
3.6
3.4
3.1
3.5
3.6
3.6
3.1
10010:
2.8
2.7
2.7
3.4
3.3
2.8
3.1
2.8
2.6
3.2
2.7
2.6
2.7
2.6
3.4
2.8
2.7
3.3
2.5
2.8
2.6
2.6
2.7
10011:
4.2
3.8
10012:
3.2
3.7
3.0
3.2
3.6
3.6
2.8
3.4
3.0
3.4
3.6
3.1
3.0
10013:
3.6
3.2
3.5
3.6
3.4
3.5
3.2
3.5
3.2
3.6
3.0
3.7
3.2
3.6
3.0
3.2
3.0
3.1
3.4
2.9
3.0
2.9
3.1
3.6
3.6
3.1
3.4
2.9
2.9
3.4
3.1
2.9
3.0
3.6
3.1
3.0
3.4
3.7
3.6
2.9
3.7
3.2
3.5
3.4
3.5
2.9
3.2
3.5
3.0
3.5
3.0
3.1
3.5
3.6
3.3
2.9
3.6
10014:
3.1
3.7
2.9
3.6
3.1
10015:
3.8
3.4
3.3
3.5
4.0
3.5
4.1
3.9
3.9
3.5
4.0
3.6
3.5
4.1
4.1
3.5
3.7
4.1
3.7
4.1
4.4
4.1
4.2
3.3
3.4
3.4
4.1
3.6
10016:
2.9
2.6
2.7
3.0
3.6
10017:
3.3
3.5
3.4
10018:
4.2
3.9
3.2
3.3
3.4
3.9
3.5
3.4
3.1
4.0
3.5
4.0
3.9
3.9
3.4
3.8
3.4
3.6
3.4
3.6
3.5
3.3
4.0
4.0
3.4
4.0
3.6
3.9
3.8
4.0
10019:
3.5
3.1
3.6
3.0
3.8
3.8
3.5
2.9
3.7
3.2
3.9
3.0
3.0
3.1
3.6
3.6
3.7
3.5
3.3
3.8
3.6
3.7
3.6
3.5
3.7
3.7
3.1
3.2
3.2
3.6
3.3
3.4
3.6
3.7
3.2
3.7
2.8
3.6
3.7
3.7
3.7
3.8
3.6
3.7
3.8
3.0
3.7
3.8
3.7
3.6
3.0
3.2
3.7
3.2
3.2
2.8
3.0
3.1
3.8
3.1
3.0
3.4
3.2
3.3
3.7
3.9
3.3
3.9
3.6
1002:
3.1
3.0
3.2
3.5
3.2
3.6
3.7
2.9
3.4
3.4
3.8
3.5
3.2
3.0
10020:
4.0
4.1
3.7
4.1
4.0
3.7
4.0
4.2
4.1
4.0
4.0
4.3
3.8
4.1
4.0
4.0
4.2
3.6
4.1
3.6
4.2
3.5
3.9
3.7
3.4
3.2
4.1
10021:
3.0
3.3
3.3
3.1
10022:
2.7
3.4
3.0
2.9
3.4
3.4
2.8
2.8
10023:
4.0
3.9
3.9
3.6
4.2
3.6
3.4
3.9
3.5
4.0
4.1
10024:
3.5
3.7
3.2
3.7
3.5
3.1
3.1
3.1
3.6
3.6
10025:
3.0
10027:
4.2
3.7
3.6
3.7
3.4
3.6
3.5
4.1
3.5
4.1
3.9
3.9
4.1
3.5
4.0
4.2
3.6
4.1
4.1
4.0
3.6
4.1
3.9
3.6
4.2
4.1
4.2
4.2
4.3
4.2
4.3
4.1
3.5
3.7
4.1
4.2
4.3
4.1
4.1
3.6
4.1
4.1
4.4
3.8
3.6
4.2
4.1
4.0
4.2
4.2
4.0
4.2
3.7
3.6
3.5
4.2
3.6
3.6
4.2
4.1
3.6
3.7
3.5
3.4
4.2
4.3
3.4
4.1
3.5
4.2
4.1
4.1
4.0
3.9
4.2
4.0
4.2
4.1
3.3
3.7
4.3
4.3
3.4
3.9
4.1
4.2
3.9
4.1
10028:
3.0
3.4
2.9
3.6
3.7
2.9
3.7
10029:
3.1
3.7
3.6
3.0
10031:
3.4
2.9
3.5
2.8
3.7
3.0
2.9
2.8
2.9
10032:
3.3
4.2
4.1
4.1
4.0
3.2
3.5
3.5
3.9
3.1
3.4
4.1
4.2
3.5
4.1
3.2
3.8
3.5
3.5
3.8
3.4
3.6
3.4
3.6
3.6
3.3
3.5
3.5
4.1
3.4
3.6
3.9
4.1
3.9
3.5
4.0
3.4
3.4
3.5
3.5
3.5
3.8
3.5
3.3
3.5
3.7
4.0
10033:
3.6
3.4
2.8
3.5
3.4
2.9
3.2
3.0
3.4
3.0
3.5
3.4
3.8
3.6
10034:
2.6
2.8
10035:
3.3
4.3
4.3
4.2
4.2
4.2
3.6
3.6
3.7
3.5
4.1
3.7
4.1
4.1
3.8
3.8
4.0
4.1
4.2
4.5
10036:
3.5
3.5
3.6
3.5
4.0
3.6
3.4
3.8
3.3
3.4
3.5
3.6
4.1
4.0
4.3
4.1
3.7
4.0
3.3
3.4
3.9
3.5
4.1
4.0
4.0
4.1
4.0
3.9
4.0
3.4
3.7
3.4
3.4
3.5
3.5
3.5
3.9
3.8
3.6
4.0
3.5
4.0
4.2
4.1
4.0
4.1
4.3
4.3
3.4
4.1
3.5
3.9
3.9
3.4
3.6
4.2
3.4
4.3
3.5
4.1
4.0
4.2
3.4
4.2
3.5
4.2
3.6
4.1
4.0
4.1
4.3
4.1
4.0
3.5
4.0
4.2
4.1
3.5
4.1
4.1
3.8
3.5
4.3
4.1
3.4
4.0
3.6
4.0
4.0
3.6
3.5
4.2
3.6
4.1
3.6
3.5
3.5
4.0
3.5
4.1
4.2
3.9
3.6
4.2
3.5
3.4
3.9
3.4
3.5
4.0
4.0
3.5
3.6
4.0
3.5
3.7
4.3
3.5
3.6
4.0
3.8
4.0
4.0
3.6
4.0
3.5
4.2
4.2
3.5
3.5
4.0
3.4
3.5
4.1
3.6
3.4
4.0
4.0
4.1
3.4
4.3
4.1
3.4
3.7
3.5
4.3
3.5
4.0
3.5
3.4
4.0
4.0
4.1
3.5
3.8
3.5
4.3
3.6
3.7
4.2
4.1
3.5
4.0
4.1
3.7
3.7
4.1
4.2
4.0
3.6
3.5
3.6
4.1
3.5
4.0
4.0
3.6
4.1
4.1
4.2
3.7
4.2
3.4
RMSE: 0.97
