3729:
3.29
2.38
373:
2.62
2.77
3730:
3.04
4.06
4.06
4.69
3.83
3.32
4.05
3.76
4.15
4.22
3.48
3.92
3.75
4.41
4.22
3.03
3.70
3.55
3.35
4.46
4.28
4.24
4.26
4.46
4.41
4.11
3.92
4.04
4.60
4.41
3.55
4.32
4.00
3.97
4.24
4.80
3.77
4.55
3.88
3.59
3.46
3.65
3.35
3.28
4.16
4.26
3.63
3.38
4.34
3.45
4.24
3.85
4.28
4.77
4.23
4.76
4.49
3.96
4.30
4.16
3.75
4.72
4.52
3.30
4.53
3.79
3.29
3.04
2.52
4.42
3.69
3.20
3.51
4.12
4.39
3.35
4.03
3.85
3.84
3.73
3.96
5.35
2.88
4.05
3.95
4.27
4.06
4.36
3.96
4.63
3.86
4.44
4.58
3.85
4.15
3.48
4.48
4.37
3.97
3.55
4.78
4.39
3.53
4.51
3.58
3.54
4.08
3.62
3.45
3.40
3.25
4.22
3.28
3.82
4.64
4.20
3.95
3.71
4.16
4.53
3.60
4.10
3.83
4.08
3.89
3.66
3.87
4.04
4.05
3.55
3.93
3.97
4.00
4.51
4.60
3.90
3.74
4.00
3.83
4.34
4.69
4.21
4.54
4.04
3.74
3.65
4.07
4.28
4.41
3.96
4.09
4.60
3.03
3.92
5.12
3.90
3.60
3.91
3.53
4.59
3.35
4.08
3.60
2.73
4.11
3.65
3.41
3.56
3.29
3.83
4.28
3.99
3.95
3.85
4.05
3.46
3.48
4.58
3.74
4.33
4.16
3.84
4.48
3.29
3.53
4.02
3.64
3.99
3.80
4.39
3.18
4.18
4.06
3.79
4.08
3.99
4.40
4.10
4.37
4.74
4.32
3.25
4.39
4.31
4.36
4.09
3.60
4.82
3.74
3.81
3.35
4.23
3.96
4.00
3.84
4.62
3.95
4.06
3.77
3.94
4.04
3.89
4.54
4.16
3.79
3.77
4.38
3.59
3.93
3.54
4.44
3.73
3.95
4.28
3.53
4.21
4.28
3.62
4.33
4.04
3.80
4.54
3.88
3.90
3.73
4.11
4.56
4.22
3.98
3.75
3.75
3.96
5.22
5.05
4.05
4.11
3.91
3.30
4.22
3.46
3.76
4.11
4.00
4.23
3.96
4.31
3.81
4.03
4.09
3.95
4.12
4.21
4.85
4.98
3.82
3.86
4.26
3.35
3.40
3.83
4.01
4.10
4.00
4.07
4.21
3.83
3.87
4.42
4.37
4.01
3.93
3.70
3.90
3.68
3.86
3.34
3.08
3.79
3.81
3.89
4.39
4.12
4.50
4.04
3.81
4.43
4.18
4.05
4.18
3.77
3.56
5.11
3.88
3.71
4.30
3.88
4.35
3.56
4.35
3.98
4.39
3.98
4.26
3.57
4.04
4.30
4.00
4.59
3.82
5.35
4.27
4.26
3.84
4.38
4.61
4.04
4.08
3.37
4.40
4.02
3.85
4.47
4.26
3.91
2.74
4.40
4.32
4.66
3.96
4.19
4.00
3.94
4.34
4.15
4.03
4.17
3.22
4.25
3.46
3.45
3.15
3.51
4.43
3.54
4.10
3.78
4.24
3.72
3.43
3.62
4.06
3.78
3.59
4.17
3.80
3.99
4.02
5.35
4.48
4.50
3.54
4.27
4.23
4.82
3.88
3.82
3.50
2.82
4.00
2.85
3.87
2.80
4.34
4.56
4.44
3.90
4.13
3.63
3.69
3.91
3.66
4.47
3.38
4.15
4.44
3.59
4.05
5.15
4.59
4.56
4.06
3.72
3.77
3.49
3.65
3.78
4.32
3.97
3.73
3.02
4.52
4.33
4.55
4.17
4.23
3.64
3.79
4.06
3.59
3.80
3.48
3.41
3.10
4.00
3.83
3.98
3.35
3.68
3.35
4.07
4.59
3.80
4.13
4.49
4.08
4.19
4.10
3.80
3.28
4.00
3.91
3.60
4.30
4.15
4.12
3.92
4.03
4.21
3.63
3.66
4.13
4.46
3.42
4.22
4.60
4.41
4.27
4.40
4.79
4.24
3.55
4.25
3.93
4.24
4.60
4.52
3.59
4.21
3.67
3.88
4.30
3.50
3.02
3.95
3.62
4.61
4.25
3.61
4.34
4.67
3.46
4.06
4.21
4.15
4.26
3.89
4.16
4.12
4.15
3.82
3.45
3.90
3.78
3.78
3.84
3.69
4.70
3.65
3.97
3.83
4.23
4.09
3.82
4.18
5.12
3.06
4.21
4.09
4.28
3.99
3.85
4.12
4.04
3.94
4.19
3.76
3.76
4.13
4.86
4.78
3.79
4.44
3.93
3.74
4.02
3.89
4.17
4.10
4.77
4.53
4.49
4.52
4.25
3.96
4.22
4.09
4.35
4.46
3.91
4.15
3.96
3.82
3.77
4.61
4.65
3.79
4.63
4.33
3.38
3.69
4.13
4.57
3.96
4.43
4.57
4.08
3.89
5.05
4.44
3.48
4.06
4.25
4.19
3.95
4.03
3.92
4.18
4.22
4.46
4.44
4.35
4.11
3.27
4.18
4.05
3.33
3.67
4.30
4.28
3.87
3.74
3.87
4.27
4.02
4.18
4.10
3.86
4.38
3.92
4.29
3.87
3.22
4.31
3.34
4.09
4.33
3.68
4.39
3.85
4.16
3.56
3.54
3.84
4.01
4.40
3.30
3.88
3.63
4.02
4.26
4.35
4.14
4.45
3.45
3.63
4.06
4.49
3.93
2.92
4.37
4.19
4.26
4.74
4.41
4.11
4.69
3.48
3.58
3.52
3.68
4.19
4.76
3.97
3.53
4.46
4.05
3.86
3.99
4.08
3.99
4.07
3.30
3.82
3.66
4.49
4.26
4.30
3.39
4.27
3.61
3.24
3.79
3.84
3.71
4.16
3.97
3.76
4.80
4.57
4.53
4.24
4.09
4.13
4.34
4.74
4.82
4.06
3.93
4.14
4.11
4.53
3.71
4.17
4.09
3.68
3.43
4.08
3.98
4.34
4.36
4.41
3.42
3.32
3.44
3.89
4.27
4.40
4.06
4.19
3.77
3.70
4.53
4.22
3.96
4.57
4.17
4.35
3.55
4.62
3.34
4.23
4.34
4.39
4.11
3.66
3.80
4.26
3.22
3.98
4.48
4.01
3.86
4.01
3.96
3.81
4.31
3.88
4.13
4.06
3732:
2.06
2.64
2.38
1.84
3733:
3.57
4.52
4.42
3.78
3.82
4.24
3.60
3.40
3.44
3.53
5.24
4.05
3.73
3.10
3.99
3.86
3.82
4.46
3.55
3.85
4.11
3.69
4.04
3.64
3.59
4.13
3.84
3.83
3.83
3.85
4.72
4.43
3.98
3.89
4.55
4.10
4.68
3.83
3734:
3.98
4.27
3.54
2.81
2.57
3.31
3.48
3.36
2.91
3.23
3.57
3.94
2.69
3.84
2.79
4.09
3735:
3.63
2.84
2.73
3.55
2.43
2.67
2.11
2.15
2.91
2.99
2.36
3.03
2.57
3.14
2.42
3.35
2.84
2.16
2.63
2.46
2.92
2.47
1.99
3.04
2.80
2.97
3736:
3.75
4.64
3.84
4.10
4.15
4.28
4.00
3.75
4.23
3.86
3.40
4.01
3.78
4.83
4.40
3.80
4.19
3.82
4.05
4.08
4.49
3.42
4.25
2.91
4.29
4.20
4.18
3.71
4.13
4.02
4.59
4.10
3.95
3.57
3.57
3.92
2.84
4.49
4.32
3.56
3.98
3.51
4.09
4.66
3.53
4.13
4.13
4.30
3.66
4.31
3.92
4.27
3.84
3.03
3.81
3.91
3.46
4.04
3.27
4.23
4.08
4.19
4.43
4.02
3.25
4.79
4.38
3.72
3.93
3.96
4.02
3.86
3.56
3.78
3.84
4.05
4.28
3.59
4.07
4.55
2.14
4.39
4.24
3.94
3.52
3737:
3.77
2.94
2.90
2.55
2.12
2.58
3.35
1.90
3738:
2.36
3.14
3739:
3.47
4.03
3.36
3.52
3.90
3.96
3.83
4.41
3.58
3.96
3.67
3.61
3.66
4.08
4.36
4.07
4.05
4.21
3.54
3.67
3.67
3.32
3.69
4.45
4.27
4.19
3.84
4.27
3.93
4.17
3.24
3.80
3.99
3.38
4.03
3.96
3.75
4.43
3.56
3.62
3.81
2.67
3.41
3.24
3.65
374:
3.34
3.09
3.22
2.72
2.85
3.71
3.33
3.57
3.86
3.21
3.22
3.35
4.10
3.74
3.44
3.99
3.50
2.55
3.71
3.44
3.12
2.86
2.48
3.42
2.70
3.89
3.53
2.97
3.24
2.44
2.97
3.28
3740:
4.78
3.71
3.92
3.48
3.20
3.24
4.16
3.88
4.28
3.72
4.03
3.86
4.83
3.41
4.25
3.96
3.73
3.22
4.52
3.80
3.58
3.96
3.73
3.49
3.58
3.57
4.29
4.73
3.48
4.18
3.40
3.26
3.84
3.20
3.74
3.63
3.90
3.35
3.38
3.24
3.49
3.89
3.28
RMSE: 0.86
