3826:
3.4
4.5
3.2
3.7
3.6
3.5
3.1
3.3
3.2
3.5
3.2
3.5
3.7
3.7
3.4
3.7
3.8
3.2
3.5
3.8
3.8
3.8
3.5
3.3
3.7
3.5
3.2
3.4
3.5
4.5
3.8
3.8
3.8
3.1
3.7
3.6
3.3
3.6
3.3
3.8
3.9
3.5
3.9
3.7
3.7
3.5
3.5
3.9
3.5
3.7
3.7
3.7
3.5
3.6
3.3
3.6
3.7
3.8
3.3
3.6
3.9
3.6
3.8
3.8
3.5
3.9
3.7
3.7
3.7
3.4
3.6
3.7
3.8
3.6
3.3
3.7
3.4
3.8
3.9
3.2
3.5
3.5
3.7
3.7
3.8
3.7
3.7
3.5
3.5
3.4
3.4
3.7
3.5
3.7
3.3
3.2
3.7
3.4
3.4
3.6
4.9
3.5
3.6
3.2
4.6
3.5
3.3
3.7
3.7
3.4
3.4
3.5
3.9
3.6
3.5
3.1
3.3
3.5
3.8
3.5
3.8
4.0
3.7
2.8
3.7
3827:
3.5
3.9
3.3
3.4
4.0
3.7
3.8
3.6
3.8
3.8
3.6
3828:
2.9
3.3
3.3
3.5
2.9
3.3
3.3
3.5
3.3
2.9
3.5
3.4
3.6
3.6
3.5
2.9
3.3
3.3
4.4
3.1
3.4
3.4
3.2
3.5
3.6
3.4
3.0
3.5
3.4
2.8
3.1
3.5
3.2
3.3
2.5
3.3
3.4
3.3
3.1
3.2
3.6
3.2
3.1
3.1
3.6
4.4
3.6
3829:
3.3
3.5
3.1
383:
3.0
4.2
2.7
3.2
2.8
3830:
3.1
4.4
3.5
3.6
3.5
3.5
3.6
3.2
4.7
3.1
3.0
3.3
3.7
3.6
2.8
3.0
3.4
3.6
3.5
3.6
3831:
3.0
3.2
3.0
3.2
3.3
3833:
3.7
3.8
3.6
3.5
10015:
3.7
3.4
3.2
3.5
3.7
3.5
3.8
3.7
3.7
3.4
3.8
3.6
3.5
3.8
3.8
3.5
3.6
3.8
3.6
3.8
5.0
3.8
4.1
3.2
3.4
3.4
3.8
3.6
10016:
3.1
2.7
2.9
3.2
4.2
10017:
3.3
3.5
3.3
10018:
4.7
3.7
3.2
3.3
3.5
3.7
3.5
3.4
2.9
3.7
3.5
3.7
3.7
3.7
3.4
3.6
3.5
3.6
3.5
3.6
3.5
3.4
3.8
3.8
3.5
3.8
3.6
3.7
3.6
3.8
10019:
3.5
3.3
3.6
3.3
4.5
4.4
3.5
3.1
3.7
3.4
4.6
3.2
3.3
3.4
3.7
3.6
3.7
3.5
3.4
4.6
3.7
3.7
3.7
3.5
3.7
3.7
3.3
3.4
3.4
3.7
3.4
3.5
3.7
3.8
3.4
3.8
2.9
3.6
3.7
3.8
3.8
3.9
3.6
3.7
4.4
3.2
3.7
3.9
3.7
3.6
3.3
3.4
3.7
3.4
3.4
3.0
3.2
3.4
4.5
3.4
3.2
3.5
3.4
3.4
3.7
4.8
3.4
4.8
3.6
1002:
3.4
3.2
3.4
3.5
3.5
3.6
3.7
3.0
3.5
3.5
3.8
3.5
3.4
3.3
10020:
3.8
3.8
3.6
3.9
3.7
3.6
3.8
3.9
3.9
3.8
3.8
4.8
3.7
3.8
3.8
3.8
3.9
3.6
3.9
3.6
4.0
3.5
3.7
3.7
3.4
3.0
3.9
10021:
2.8
3.0
3.0
2.8
10022:
2.9
3.4
3.2
3.1
3.4
3.4
3.0
3.1
10023:
3.8
3.7
3.7
3.6
4.8
3.6
3.4
3.7
3.5
3.8
4.5
10024:
3.5
3.8
3.4
3.7
3.5
3.3
3.3
3.4
3.6
3.6
10025:
3.2
10027:
4.1
3.6
3.6
3.6
3.3
3.6
3.5
3.9
3.5
3.9
3.7
3.7
3.8
3.5
3.7
4.0
3.6
3.8
3.9
3.8
3.6
3.9
3.7
3.6
3.9
3.8
4.0
4.1
4.1
4.1
4.1
3.8
3.4
3.6
3.8
4.1
4.7
3.8
3.9
3.6
3.9
3.9
4.9
3.7
3.6
3.9
3.8
3.8
4.0
4.0
3.7
3.9
3.6
3.6
3.5
3.9
3.6
3.6
4.0
3.9
3.6
3.6
3.4
3.4
4.1
4.8
3.4
3.9
3.5
3.9
3.9
3.9
3.8
3.7
4.1
3.8
3.9
3.9
3.3
3.7
4.7
4.8
3.3
3.7
3.8
4.0
3.7
3.8
10028:
3.2
3.3
3.2
4.3
4.4
3.1
4.6
10029:
3.3
4.4
4.3
3.2
10031:
3.4
3.1
3.5
3.0
4.3
3.2
3.1
2.9
3.1
10032:
3.3
4.8
3.9
3.9
3.8
3.1
3.5
3.5
3.7
3.0
3.4
3.9
4.7
3.5
3.9
3.2
3.6
3.5
3.5
3.6
3.4
3.6
3.4
3.6
3.6
3.3
3.5
3.5
3.9
3.4
3.6
3.7
3.9
3.7
3.5
3.8
3.4
3.4
3.5
3.5
3.5
3.6
3.5
3.3
3.5
3.6
3.8
10033:
3.6
3.4
3.0
3.5
3.4
3.1
3.3
3.2
3.4
3.2
3.5
3.4
4.7
3.6
10034:
2.6
3.0
10035:
3.1
4.1
4.6
3.9
4.0
4.0
3.6
3.6
3.7
3.5
3.8
3.7
3.8
3.9
3.7
3.8
3.8
3.9
3.9
5.0
10036:
3.4
3.5
3.6
3.5
3.8
3.6
3.3
3.7
3.2
3.3
3.5
3.6
3.8
3.8
4.6
3.8
3.6
3.8
3.1
3.3
3.7
10044:
3.8
3.6
3.4
3.6
3.7
4.5
3.6
3.7
3.4
3.5
3.6
3.2
3.4
3.8
3.7
4.6
3.8
3.2
4.7
3.8
3.5
3.8
3.6
3.8
3.5
3.5
3.3
3.6
3.7
3.8
3.5
3.8
4.0
3.4
3.8
3.5
3.7
3.6
3.5
3.5
3.6
4.8
3.5
3.2
4.5
3.5
3.6
3.3
3.7
3.6
3.5
3.4
3.5
3.6
3.5
3.7
3.6
3.6
3.5
3.5
3.8
3.6
3.9
3.6
10045:
3.5
10046:
3.1
3.0
2.8
10047:
3.7
4.0
3.8
3.9
4.0
3.4
3.9
3.7
10048:
3.2
3.4
3.3
3.2
3.5
3.7
3.4
10049:
2.8
2.6
2.7
1005:
3.4
3.3
3.2
3.0
3.3
3.4
3.3
3.1
3.5
3.3
3.3
3.1
3.1
10050:
3.1
3.1
3.3
3.1
3.4
2.9
10051:
3.3
3.3
3.2
3.7
3.4
3.4
3.3
4.4
3.5
2.7
3.4
4.4
3.5
3.6
3.5
4.6
3.4
3.3
3.5
4.5
3.3
10052:
3.4
3.4
3.5
3.1
3.3
10053:
3.6
3.7
3.4
3.5
3.9
3.6
3.6
3.9
3.7
4.9
3.9
3.6
3.8
3.7
3.9
3.5
3.7
3.3
3.8
3.5
3.4
3.6
3.8
3.9
3.6
3.8
3.6
4.0
4.6
3.8
3.4
3.4
4.8
3.5
3.6
3.8
3.8
3.7
3.6
3.7
3.3
3.7
3.7
4.0
3.8
3.6
4.4
3.6
3.9
4.0
3.4
3.5
3.9
3.7
3.8
3.7
3.5
3.7
3.5
3.5
4.6
3.5
3.5
3.7
3.9
3.6
3.8
3.5
10054:
3.2
3.2
3.1
3.1
3.0
3.2
2.7
3.3
3.3
3.5
2.9
3.2
10055:
3.7
3.5
3.6
3.7
3.7
3.6
3.8
3.6
3.5
3.3
3.7
3.2
3.4
3.7
3.3
3.0
3.3
3.6
3.6
3.2
3.6
3.3
3.5
3.5
3.6
3.6
3.4
3.5
3.2
3.8
3.6
3.5
3.3
3.5
3.5
3.3
3.6
3.5
3.8
3.6
3.6
3.1
3.4
3.6
3.0
3.7
3.6
3.4
3.1
3.2
3.3
3.6
3.4
3.1
3.4
3.5
3.6
3.1
3.4
3.6
3.4
3.1
3.6
3.6
3.4
3.4
3.4
3.2
3.4
3.6
3.3
3.2
3.6
3.7
3.1
3.3
3.4
3.4
3.5
10056:
2.6
3.4
3.5
3.7
3.2
3.5
3.6
10057:
3.1
3.2
3.1
3.5
3.4
3.1
10058:
3.2
3.4
10059:
2.4
1006:
3.9
3.9
3.6
4.0
3.9
3.9
3.9
4.9
3.8
3.8
3.7
3.7
3.9
4.0
4.1
3.7
4.2
5.0
4.1
4.1
3.7
3.4
3.8
3.7
3.7
3.9
3.7
3.7
3.9
4.7
10060:
3.1
3.1
4.4
3.2
3.0
3.1
3.3
3.5
4.3
10061:
3.6
3.8
4.2
3.8
4.0
4.1
4.9
3.9
4.1
3.9
5.0
4.0
3.7
3.7
4.0
4.1
4.1
4.8
3.9
3.8
3.9
4.3
3.6
4.0
3.9
4.6
4.2
4.2
3.8
3.7
4.6
4.0
3.8
3.9
4.1
4.1
4.1
3.7
4.3
4.1
4.9
4.0
4.0
5.0
4.0
4.2
4.2
4.1
4.9
4.0
3.8
4.0
3.8
4.0
5.0
4.6
4.1
4.2
3.8
3.4
3.8
3.9
4.0
4.1
4.0
3.7
3.7
4.4
3.9
5.0
3.8
3.8
4.8
4.1
3.8
4.8
4.0
4.1
3.8
4.0
4.1
4.0
4.0
3.9
3.7
3.8
4.2
4.2
4.0
4.0
4.1
3.9
5.1
4.8
4.0
4.1
4.3
3.9
4.3
5.0
3.8
3.9
3.8
4.3
4.1
3.4
3.7
3.8
4.8
4.1
3.7
3.5
3.9
3.9
3.9
3.9
5.0
4.2
3.9
3.4
4.0
3.7
4.0
4.0
4.0
4.2
3.9
3.8
4.1
3.9
4.0
3.8
4.2
5.0
4.1
5.1
4.3
3.9
4.0
3.8
3.9
3.8
3.8
4.1
4.0
4.1
4.1
4.0
4.1
4.9
4.7
10062:
3.1
3.4
10063:
3.6
3.6
3.7
3.8
4.6
4.0
4.7
4.6
3.2
3.7
3.8
4.6
4.0
3.8
10064:
2.8
3.2
3.4
10065:
3.3
3.4
3.2
2.8
3.5
3.5
3.0
3.0
2.8
3.1
2.8
3.0
3.2
3.7
3.5
3.3
3.1
3.4
3.5
3.5
3.0
3.2
3.0
3.0
4.0
3.4
3.1
3.5
2.9
3.2
3.0
2.8
3.2
3.0
2.9
3.6
10066:
3.1
3.4
3.1
3.1
3.2
10067:
3.3
3.5
4.5
3.5
3.5
3.4
3.3
10068:
3.6
3.9
3.6
3.8
3.2
3.8
10069:
3.0
2.7
2.9
1007:
3.3
3.2
4.4
3.3
3.5
10070:
3.0
2.5
2.4
10071:
3.7
3.7
3.7
4.2
3.9
3.7
3.8
3.8
4.0
4.0
3.8
4.0
3.7
3.9
3.5
4.0
3.8
4.0
RMSE: 0.94
