1:
3.91
3.79
3.83
3.97
4.02
128:
3.81
3.52
3.64
3.62
3.89
3.42
3.81
3.65
289:
2.86
2.74
2.67
3.03
2.88
3.0
2.5
2.62
2.51
2.61
2.56
2.79
3.22
2.77
2.8
2.77
2.67
2.57
2.47
2.81
2.57
2.5
2.63
2.75
2.8
2.62
2.77
2.71
2.79
2.76
2.61
2.3
2.5
3.06
2.47
3.01
2.33
2.64
2.61
2.43
2.77
2.86
2.63
2.75
2.81
2.36
2.58
3.02
2.77
2.72
291:
2.98
404:
3.65
3.02
2.75
3.21
3.28
3.2
3.47
3.05
468:
3.6
3.77
3.82
3.72
3.68
3.7
3.71
3.51
3.77
3.99
3.85
3.77
3.82
3.79
4.13
3.83
3.41
3.54
3.41
3.34
3.71
3.77
3.74
3.7
3.68
3.85
4.07
3.9
3.66
3.52
3.81
3.65
3.77
3.84
3.65
3.71
3.67
3.75
3.64
3.96
3.79
3.84
3.54
3.82
3.93
3.87
4.06
3.8
3.96
3.97
3.52
3.65
3.89
3.64
3.87
3.71
3.66
3.58
3.84
4.0
3.88
3.51
3.76
3.66
3.83
3.72
4.02
3.81
3.57
3.93
3.99
3.72
3.77
3.68
3.7
3.81
3.89
3.58
3.44
3.62
3.61
3.9
3.62
3.8
3.7
3.52
3.68
4.04
3.78
3.77
3.63
3.64
3.75
3.86
3.84
3.59
3.83
3.29
4.15
3.83
3.51
3.77
3.75
3.87
3.47
3.76
3.75
3.87
3.74
3.77
3.93
3.77
3.82
3.82
3.95
3.93
3.68
3.62
3.68
3.64
3.68
3.77
3.92
3.91
4.08
3.61
3.95
3.4
3.77
3.93
4.15
3.81
3.91
3.9
3.84
3.8
3.82
3.81
3.51
3.71
3.87
3.48
3.78
3.59
3.84
3.94
3.92
3.82
3.5
3.89
3.61
3.83
3.77
3.79
3.94
4.1
3.96
3.45
3.8
3.87
3.69
3.71
3.79
3.87
3.8
3.92
3.92
3.58
3.42
3.58
3.76
3.77
3.56
3.89
4.04
3.66
3.93
3.9
3.57
3.87
3.72
4.05
3.63
3.31
3.85
3.79
3.67
3.77
3.92
3.91
3.91
4.12
3.9
3.86
3.63
3.38
3.38
3.84
3.61
3.65
3.77
3.7
3.91
3.55
3.7
3.69
3.86
3.5
3.69
3.92
3.67
4.17
3.74
4.0
3.77
3.36
3.97
3.92
3.46
3.9
3.83
3.91
3.6
3.96
3.85
3.68
3.72
3.73
3.83
3.92
3.39
3.95
3.92
3.37
3.6
3.84
3.74
3.95
3.72
3.99
3.57
3.33
3.87
3.98
3.77
3.96
3.96
3.58
3.74
3.71
3.87
4.06
3.9
3.94
3.58
3.94
3.72
3.68
3.73
3.85
3.65
3.84
3.77
3.11
3.74
4.06
3.68
3.87
3.9
3.81
3.88
3.92
3.63
3.92
3.51
3.84
3.93
3.92
3.71
3.65
3.88
3.81
3.41
3.75
3.69
3.73
4.09
3.77
4.09
3.87
3.84
4.07
3.66
4.06
3.72
3.72
3.56
4.03
4.06
3.6
3.73
3.84
4.05
3.57
3.66
3.6
3.43
3.68
4.1
3.47
3.95
3.84
3.87
3.77
3.5
3.87
3.6
3.98
3.64
3.89
3.74
3.75
3.75
3.81
3.71
3.7
3.65
3.8
3.64
3.66
3.79
3.69
3.67
3.73
4.08
3.35
3.8
3.87
3.63
3.32
3.73
3.75
3.53
3.65
4.1
3.39
4.05
3.92
3.8
3.65
3.57
3.54
3.52
3.76
3.87
3.83
3.71
3.62
3.23
3.76
3.77
3.6
3.73
3.67
3.44
3.91
3.51
3.69
3.82
3.86
3.8
3.47
3.66
3.66
3.49
3.85
3.79
4.0
3.59
3.59
3.97
3.65
4.01
3.81
3.76
4.13
3.61
3.87
4.1
3.64
3.97
3.58
3.66
3.81
3.78
3.5
3.88
3.47
3.87
3.8
3.4
3.44
3.94
3.86
3.81
3.75
3.74
3.51
3.56
3.95
3.75
3.93
3.55
3.6
4.01
3.82
3.83
3.94
3.51
3.84
3.89
4.12
3.9
3.75
3.67
3.68
3.64
4.03
3.85
3.83
3.85
3.68
3.87
3.83
3.47
3.96
3.87
3.85
3.95
3.79
3.86
3.48
3.6
3.75
3.61
3.91
4.06
4.02
3.53
3.88
3.8
3.54
3.81
3.89
3.82
3.75
3.63
3.6
3.46
4.04
3.95
3.58
3.75
3.51
3.87
3.6
3.47
3.78
3.63
3.75
3.66
3.73
3.76
3.8
3.8
3.52
3.94
3.78
4.1
3.76
3.87
3.7
4.05
3.95
3.87
3.72
3.8
3.59
3.87
3.48
3.89
3.81
3.86
3.85
4.02
3.82
3.42
4.02
3.82
4.12
3.78
3.66
3.85
568:
3.76
3.74
3.57
569:
3.55
3.32
3.2
3.22
3.32
3.32
3.14
3.47
3.5
3.34
3.4
3.38
3.37
3.51
3.22
3.38
3.51
3.18
3.43
3.35
3.65
3.5
3.59
3.61
3.51
3.61
3.35
3.4
3.61
3.95
3.71
3.62
1280:
3.77
3.58
3.73
3.73
3.56
3.86
3.72
3.87
3.53
3.59
3.87
1612:
3.15
3.07
3.3
3.16
3.13
3.1
2885:
3.11
3.47
3.19
3.62
3.37
2.93
3.57
3.04
3.77
3.21
3.14
3.38
3.48
3.29
2886:
3.53
3.7
3.87
3.89
3.64
3.8
3.28
2887:
3.57
3.57
3.52
3.81
2888:
2.98
3.13
3.34
3.55
3.56
2.98
3.42
3.64
3.55
3.61
2889:
3.34
3.31
3.39
3.46
3.36
3.28
3.57
3.58
3.29
3.5
3.47
3.1
3.24
3.52
3.45
3.42
3.08
3.14
3.22
2.99
3.36
3.46
3.32
3.24
3.32
3.39
3.25
3.47
3.38
3.44
3.52
3.43
3.48
3.42
3.63
3.53
3.46
3.25
3.48
3.39
3.42
3.14
3.38
3.61
2.93
3.25
3.53
3.39
3.27
3.43
3.38
3.64
3.27
3.57
3.7
3.3
3.21
3.36
3.42
3.16
3.43
3.24
3.47
3.5
2.95
2907:
3.66
3.28
3.93
3.67
3.61
3.5
3.45
3.41
3.35
3.51
3.66
3.73
2908:
3.55
3.46
3.54
3.67
3.67
3.41
3.34
3.44
3.5
3.01
3.62
3.74
3.47
3.37
3.38
3.74
3.62
3.95
3.67
3.79
3.77
3.67
3.62
3.73
3.47
3.84
3.82
3.61
3.69
3.35
3.61
3.03
3.81
3.87
3.79
3.61
3.64
3.51
3.8
3.35
2909:
3.07
3.33
3.49
3.59
3.41
2910:
3.41
3.42
3.44
3.07
3.32
3.48
3.57
3.11
3.32
3.27
3.39
3.26
3.28
3.42
3.7
3.3
3.01
3.51
2911:
3.19
2912:
3.76
3.84
3.55
3.94
3.69
3.73
3.88
3.77
3.91
4.07
3.67
3.63
3.94
4.08
3.87
3.76
3.86
3.58
3.79
3.85
3.66
3.84
3.79
3.84
3.69
3.88
3.91
3.98
3.94
3.89
3.8
3.78
4.05
3.78
3.8
3.95
3.88
3.81
3.98
3.44
3.65
2913:
4.1
3.96
3.98
3.91
4.12
3.93
4.0
4.25
3.83
4.0
3.86
3.9
4.14
3.85
4.01
4.03
3.76
3.98
3.97
3.87
4.09
3.84
3.67
4.03
3.78
4.09
3.6
4.06
3.84
4.02
3.79
3.76
3.87
3.78
3.79
4.16
3.88
4.01
3.58
3.81
3.99
3.92
3.89
4.01
3.68
3.67
3.95
3.69
3.8
3.7
3.79
3.87
3.76
4.24
3.52
3.89
3.93
3.75
3.71
4.11
4.05
4.02
3.88
3.91
3.92
3.84
3.9
3.59
4.33
4.05
3.97
3.77
4.08
3.99
3.98
4034:
3.31
4035:
3.55
3.26
3.27
3.31
3.59
3.48
3.16
3.13
4036:
3.43
3.52
3.57
3.24
4037:
3.62
3.82
3.88
3.85
3.35
3.74
3.59
3.8
3.48
3.87
3.83
3.76
4038:
3.59
3.61
3.74
3.75
3.75
4039:
2.75
2.93
2.56
2.61
2.44
2.55
2.87
4040:
3.89
3.88
3.9
3.75
3.63
3.9
4.13
3.92
4.14
3.83
3.8
4.09
3.57
3.93
3.65
3.86
4.01
3.61
4.01
3.76
3.93
4.07
3.78
4.19
4.06
4.04
4.1
3.92
4.06
3.94
3.84
3.53
3.58
3.91
4.03
3.99
4.05
3.99
3.99
3.85
3.96
4.13
3.91
4.13
4.19
4.28
4.28
4.05
3.82
4.21
3.81
3.79
3.72
3.6
3.74
3.76
3.74
4.02
4.06
3.89
3.64
4.12
4.1
5680:
3.86
4.15
3.91
4.07
4.2
4.19
3.95
4.0
3.99
4.03
4.16
3.82
3.98
5681:
3.5
5683:
3.68
3.61
3.37
3.15
3.45
3.47
3.48
3.71
3.47
3.41
3.22
3.19
3.22
3.46
3.53
3.78
3.35
3.13
3.42
3.44
3.46
3.63
3.47
3.48
3.41
3.72
3.22
3.23
5684:
3.88
3.52
3.44
3.87
3.64
3.85
5685:
3.85
5686:
3.63
3.97
3.77
3.97
3.31
4.06
3.32
3.75
5687:
3.96
3.73
4.1
3.56
3.53
5688:
3.37
3.84
3.4
3.38
3.48
4.01
3.37
3.54
3.78
5689:
3.43
3.73
3.72
3.95
3.65
3.49
10001:
3.82
4.07
4.04
3.89
3.91
3.73
3.97
3.91
4.06
3.76
4.09
4.1
3.93
4.07
3.84
3.75
4.28
10003:
3.42
10004:
4.32
4.22
3.89
4.06
4.04
4.12
4.16
4.02
3.98
3.82
3.79
3.64
4.23
3.73
4.22
4.06
3.99
3.89
3.93
4.12
4.03
3.88
4.09
3.98
4.22
3.57
4.03
4.0
3.6
4.18
4.23
12798:
3.25
3.48
3.48
3.24
2.78
3.36
3.08
3.47
3.11
3.39
3.39
3.64
3.24
3.72
3.45
3.35
3.39
3.1
3.54
3.53
3.35
3.31
3.28
3.75
3.03
3.35
3.4
3.44
3.21
3.27
3.48
3.4
3.54
3.74
3.6
3.48
3.43
3.32
3.36
3.37
3.65
3.66
3.65
3.48
3.36
3.35
3.42
3.54
3.7
3.84
3.1
3.18
3.33
3.46
3.3
3.44
12800:
3.0
3.3
3.21
3.37
3.16
3.61
3.65
3.32
3.38
12801:
2.75
3.27
3.31
12802:
3.34
12803:
3.43
3.2
3.27
3.17
3.28
3.21
3.29
3.12
2.88
3.1
3.4
3.07
3.4
3.28
3.22
2.98
3.6
3.17
3.18
3.2
3.4
3.49
3.13
3.21
3.09
3.32
16114:
3.94
4.07
3.62
3.86
4.12
3.99
3.94
4.02
4.09
4.13
3.73
16115:
3.26
3.45
3.25
3.66
3.35
3.23
3.41
3.32
3.49
3.32
16116:
3.12
3.9
16117:
3.33
3.54
16118:
3.07
3.21
3.2
3.27
3.32
3.36
3.17
3.31
3.42
3.3
3.06
3.12
3.48
3.1
3.41
3.08
3.25
3.04
3.05
3.3
3.11
3.14
3.31
2.98
2.94
3.31
2.95
3.08
2.97
3.48
3.23
3.33
3.34
3.43
3.48
3.05
3.36
3.0
2.86
3.35
2.89
3.43
3.03
3.4
3.56
3.52
3.33
2.98
3.2
3.06
3.37
3.14
3.13
3.3
3.14
2.92
2.84
3.13
3.18
3.13
3.44
2.87
3.08
3.06
2.96
3.2
3.13
2.98
3.05
2.94
3.12
3.37
3.33
3.02
3.29
2.97
2.76
3.12
3.13
2.99
3.06
3.39
3.11
3.18
3.12
2.73
3.14
3.27
3.14
3.1
3.32
3.02
3.3
3.22
2.89
2.93
16119:
3.79
3.29
3.45
3.5
3.56
3.6
3.45
3.55
3.72
3.44
3.25
3.39
3.7
3.49
4.02
3.52
3.84
3.53
3.4
3.96
3.63
3.47
16120:
3.37
3.38
3.42
3.36
16121:
3.1
3.02
3.26
3.25
3.39
2.99
3.23
2.9
3.25
3.32
16122:
3.28
3.87
16123:
3.57
3.24
16124:
3.48
3.44
3.62
3.2
3.1
3.45
16125:
3.79
3.84
3.52
3.7
3.77
3.63
3.76
3.91
3.54
3.74
3.84
3.3
3.91
16126:
3.3
3.22
3.04
2.89
3.06
16127:
3.32
3.67
16128:
3.99
4.13
3.92
4.07
3.71
4.18
4.26
3.93
3.93
4.11
4.11
4.03
4.27
4.17
4.14
4.28
3.83
4.61
3.8
4.13
3.97
4.14
3.99
3.97
4.17
4.14
4.2
4.13
3.66
4.13
4.04
3.94
3.97
4.1
3.91
4.06
4.41
4.15
4.2
4.15
4.05
4.18
4.25
4.34
3.98
4.05
3.92
3.95
4.04
4.11
3.98
4.02
4.26
4.36
4.05
4.21
3.65
4.01
4.19
4.04
4.08
4.06
3.95
4.13
3.55
3.77
4.22
4.12
3.75
4.25
3.84
3.97
4.03
4.08
3.93
4.24
4.21
3.68
4.11
3.99
4.13
3.98
4.05
4.27
4.06
4.01
4.15
4.03
3.87
4.24
4.26
3.97
4.02
4.09
3.93
4.11
3.67
4.03
4.06
4.1
4.02
4.22
3.93
3.72
3.83
3.59
4.28
4.24
4.02
3.95
4.26
3.96
4.21
RMSE: 0.96
