1:
3.5
3.6
3.4
3.9
4.0
4.5
4.7
3.5
3.0
3.7
3.6
3.6
5.0
4.1
3.7
4.2
4.0
3.9
3.1
4.0
3.7
2.8
3.3
10:
2.9
2.6
10000:
3.5
3.6
10001:
3.4
4.3
3.5
4.1
4.0
3.4
3.9
3.6
4.4
4.3
3.4
4.1
3.7
2.7
3.5
4.2
2.9
10002:
4.0
4.2
4.7
3.3
10003:
2.4
10004:
4.0
4.3
4.3
3.9
4.3
4.1
4.4
4.3
4.0
4.0
3.8
4.4
3.5
4.1
3.9
4.2
4.2
4.4
4.5
4.3
4.3
4.8
5.3
4.1
4.3
4.4
3.9
4.6
4.4
4.7
5.1
10005:
2.9
3.0
3.2
4.0
3.5
10006:
3.9
2.6
3.7
3.1
10007:
2.0
2.5
2.8
2.0
2.2
2.2
2.4
2.1
2.2
2.3
2.7
2.7
2.5
10008:
3.9
3.5
4.7
3.9
3.2
2.7
4.2
10009:
2.6
3.3
2.5
4.5
2.9
3.4
10010:
1.6
2.3
2.2
1.6
2.0
1.8
1.8
2.6
1.9
1.2
1.8
2.0
1.9
2.8
2.9
2.2
1.6
2.2
2.1
2.1
2.4
1.8
2.6
10011:
4.0
4.4
10012:
3.7
2.9
3.7
3.2
2.4
3.2
3.0
3.0
2.9
2.9
3.6
3.9
3.0
10013:
3.3
3.2
4.0
3.7
3.5
2.9
3.2
2.8
3.5
3.2
3.9
2.7
2.9
2.9
3.2
3.1
3.5
2.7
3.5
2.6
3.6
3.6
3.3
2.6
3.3
2.5
3.0
3.0
3.4
3.5
3.1
3.3
3.9
3.0
2.6
2.9
3.1
3.0
3.7
3.7
3.2
3.2
3.6
3.2
3.2
3.0
3.5
3.4
3.7
3.4
2.9
3.7
3.2
2.8
3.3
2.7
2.7
10014:
2.5
3.9
3.0
3.5
3.0
10015:
4.0
3.3
3.2
3.4
3.7
4.1
3.8
3.6
4.6
3.4
3.7
4.1
2.8
3.4
3.6
5.1
3.7
3.9
4.0
3.4
3.2
2.8
4.0
3.1
4.1
3.8
3.8
4.1
10016:
1.8
3.6
2.1
2.8
2.7
10017:
3.1
3.0
3.3
10018:
4.1
3.4
3.2
3.6
3.0
3.8
3.8
3.7
3.5
3.6
3.7
2.8
4.0
3.3
3.4
3.4
4.7
3.4
4.0
3.2
3.9
3.6
3.8
3.6
3.1
3.9
2.3
3.5
3.9
3.5
10019:
4.2
3.1
2.9
3.3
3.9
3.6
4.2
2.9
3.9
3.5
3.3
4.0
3.1
3.4
3.8
3.5
3.3
2.8
2.9
3.7
3.2
3.5
3.7
3.8
3.5
2.3
3.2
4.4
3.8
4.7
3.2
3.6
3.8
3.9
3.3
3.2
3.3
3.3
3.9
2.8
3.0
3.0
4.4
3.0
4.2
2.9
3.3
3.8
3.7
3.2
3.7
4.7
4.3
3.2
3.3
3.7
4.3
4.0
4.1
3.4
3.7
3.7
3.2
3.7
3.7
2.3
3.8
3.6
2.6
10020:
2.5
3.4
3.9
4.0
4.4
4.0
3.9
3.3
4.0
4.3
3.7
3.9
3.7
3.9
3.9
3.7
3.8
3.6
4.2
4.3
4.9
4.1
4.2
3.6
3.7
4.2
4.2
10021:
2.4
2.1
2.5
1.9
10022:
2.5
2.6
2.1
2.9
3.2
3.2
3.2
2.5
10023:
4.4
3.4
3.5
4.8
4.0
3.9
3.9
3.8
3.3
3.8
3.5
10024:
3.4
3.7
3.0
3.9
3.5
3.7
3.8
3.2
3.1
3.0
10025:
2.8
10027:
4.2
3.3
4.5
4.5
4.7
4.1
3.9
4.0
4.2
4.1
3.8
4.6
3.8
4.3
4.4
3.3
4.3
4.4
4.2
4.1
3.5
4.2
3.5
3.7
4.1
3.2
4.2
4.3
4.3
3.3
4.2
3.9
3.6
4.5
4.1
4.5
3.7
4.3
4.7
3.6
3.6
4.1
4.1
4.2
4.2
3.7
4.8
3.3
3.8
4.2
4.3
4.1
4.5
3.8
4.1
3.5
3.3
3.6
4.9
3.5
3.6
4.5
3.7
3.7
3.8
4.1
4.0
3.5
3.6
4.3
4.4
3.9
4.0
3.0
3.7
3.8
3.7
5.1
4.1
2.9
3.7
3.0
4.3
3.9
3.6
4.0
4.9
3.3
10028:
3.9
2.6
3.0
3.8
4.1
2.7
2.8
10029:
3.9
3.0
3.8
2.8
10031:
3.9
3.2
2.6
2.6
2.6
2.4
3.5
2.2
2.8
10032:
3.6
2.8
3.1
3.2
2.7
3.0
4.7
3.6
3.5
3.5
3.3
4.2
3.2
3.4
3.4
4.1
3.4
4.1
3.3
3.8
3.8
3.4
3.4
3.4
3.4
3.4
4.0
3.2
4.2
3.7
2.4
3.6
3.3
3.7
4.2
3.5
3.9
4.3
4.8
3.6
3.8
3.4
4.1
3.5
3.0
3.4
3.5
10033:
3.6
3.4
3.3
3.3
2.8
2.3
2.6
2.8
3.6
3.1
3.0
3.2
3.2
4.4
10034:
1.6
2.3
10035:
3.6
2.6
3.9
4.0
3.4
3.5
4.8
4.4
4.2
5.2
4.3
4.1
3.9
4.5
4.0
4.2
3.8
4.3
4.7
3.8
10036:
4.0
3.3
4.1
4.1
3.2
3.4
3.6
3.8
4.7
4.0
3.3
3.8
3.8
3.2
3.8
4.1
3.8
3.7
3.8
3.9
4.4
3.4
4.7
3.8
4.4
3.6
3.3
3.9
4.0
3.3
3.9
3.0
3.9
4.1
3.3
3.7
3.8
3.8
3.5
4.5
4.1
4.2
3.1
4.0
3.1
3.3
4.0
4.1
4.1
3.5
3.3
4.1
3.5
4.9
3.5
4.7
4.1
3.2
3.7
3.7
3.2
4.4
3.9
3.7
3.9
4.5
4.0
4.1
3.4
3.6
3.4
3.0
3.0
3.2
3.4
3.8
3.5
3.7
4.8
3.6
3.9
3.0
3.7
4.0
3.6
3.4
3.9
3.4
4.1
3.5
2.9
3.4
3.7
3.5
2.8
3.5
3.8
3.2
3.9
4.5
4.3
2.6
4.0
3.3
3.3
3.9
4.0
3.6
3.7
4.4
4.5
3.5
3.0
3.7
3.9
3.3
4.4
4.3
4.8
3.9
3.1
3.3
3.7
3.3
3.8
3.9
4.3
3.5
3.0
3.3
3.8
3.6
3.9
3.4
4.0
3.1
3.6
3.9
4.2
3.4
3.9
3.5
3.1
3.9
4.0
3.4
4.0
3.3
4.3
4.0
3.8
3.6
3.5
3.6
3.6
4.6
4.0
3.5
4.2
4.2
3.4
4.0
4.6
4.8
3.4
3.8
4.0
3.3
3.5
3.7
3.8
4.3
4.1
3.7
3.9
3.4
3.5
4.0
3.4
3.3
3.1
4.1
4.4
3.6
3.8
4.7
3.7
3.9
4.7
3.7
3.4
3.7
4.6
3.9
3.4
3.4
3.5
4.1
3.9
3.8
3.6
4.1
4.2
3.7
4.0
4.2
3.7
4.1
3.9
4.4
4.1
3.3
3.2
4.6
3.5
10037:
3.2
3.2
3.6
2.7
3.6
3.1
3.6
3.2
3.2
3.7
3.1
3.0
3.9
3.0
10038:
3.4
4.0
3.1
3.4
2.7
2.9
2.9
3.1
10039:
1.5
10040:
3.0
2.8
3.5
10041:
3.1
3.6
2.6
3.0
3.7
2.7
2.9
2.5
2.8
3.3
2.7
3.2
3.2
2.6
2.9
2.8
3.2
2.3
3.0
2.6
3.2
3.3
3.0
2.6
2.3
2.6
3.0
3.0
2.3
3.1
2.8
10042:
4.7
4.9
4.6
4.6
5.0
4.7
4.3
4.5
5.4
4.5
5.0
4.3
5.3
4.5
4.0
4.3
5.0
4.9
4.6
4.7
3.6
4.3
4.6
4.3
4.6
4.5
4.0
4.7
4.1
5.1
5.2
5.3
3.9
4.7
3.5
4.3
4.8
4.5
4.2
5.3
4.5
4.4
4.5
4.5
4.7
4.0
4.6
4.2
4.3
4.5
4.6
4.0
4.4
4.9
4.6
4.0
4.9
5.5
4.6
4.0
4.6
4.9
4.7
4.9
4.7
5.3
5.4
4.3
4.6
4.5
4.0
4.3
4.5
5.2
4.8
4.3
4.0
4.1
4.6
4.6
4.7
3.5
5.0
4.7
4.0
5.2
4.3
4.4
5.0
5.0
5.0
4.6
5.0
4.5
4.2
4.7
4.4
4.7
4.7
5.3
4.4
3.3
4.8
4.2
3.9
4.5
4.8
4.3
4.6
4.8
4.4
4.6
4.5
5.2
3.9
4.3
4.6
5.3
5.4
4.7
3.7
4.3
3.4
4.8
5.0
4.8
4.1
4.2
5.4
4.7
4.2
5.1
4.1
4.8
4.0
4.5
4.6
5.1
4.1
4.9
4.5
5.0
4.6
4.8
5.2
4.5
4.3
5.1
4.8
4.6
4.0
4.4
4.0
4.2
4.6
4.8
4.1
4.0
4.7
4.2
4.2
4.4
4.3
4.4
4.2
4.7
4.6
4.3
4.5
4.1
5.1
4.9
4.5
3.8
5.6
4.9
5.2
4.2
4.6
4.5
4.3
4.3
3.9
4.0
4.7
4.8
4.5
4.1
4.6
4.3
4.6
4.4
4.1
4.4
4.5
5.0
3.9
4.7
5.3
4.4
4.2
4.6
4.6
4.4
4.9
5.1
4.5
4.6
4.9
3.5
4.4
4.6
5.2
4.5
4.2
5.1
4.5
4.8
5.5
4.5
5.0
4.3
4.7
3.5
4.6
4.4
4.1
5.3
5.6
4.0
4.4
4.9
4.5
4.7
4.8
5.0
4.8
4.4
4.4
5.6
4.5
3.9
5.0
4.9
4.8
4.6
4.6
4.0
4.3
4.9
4.1
4.5
5.0
4.0
4.5
4.3
4.5
4.9
4.3
4.3
4.4
4.3
4.7
4.9
4.9
5.1
5.0
3.9
4.4
4.2
4.3
4.0
4.2
4.4
4.9
3.6
4.3
4.1
4.1
4.6
4.6
5.3
4.4
4.2
4.2
4.9
3.8
5.1
4.6
4.2
4.6
4.2
5.3
3.8
4.6
4.1
5.1
3.9
4.4
4.6
4.7
4.7
3.9
4.4
4.8
4.5
4.2
4.6
4.4
4.4
5.2
5.3
4.5
5.3
4.2
4.4
4.9
5.5
3.9
4.7
4.8
4.7
4.1
4.4
4.3
4.0
4.3
3.9
5.2
4.7
4.1
4.8
4.8
4.1
4.5
4.9
4.8
4.5
4.9
4.7
4.9
4.5
4.6
4.5
4.3
4.0
4.4
5.0
4.5
5.0
4.8
5.0
3.8
3.7
4.5
4.6
4.7
4.6
4.6
4.4
5.1
4.4
4.6
4.1
4.4
4.4
4.3
4.3
4.5
4.4
4.5
3.9
4.7
5.4
5.0
4.3
5.1
4.6
5.1
4.5
4.5
2.7
4.5
4.6
5.1
4.6
4.5
4.8
4.5
4.7
4.6
4.6
4.1
5.2
4.8
4.3
4.6
4.6
4.8
5.0
5.2
4.7
5.0
4.3
5.6
4.5
4.4
4.7
4.2
4.6
4.4
5.4
5.0
5.1
4.4
4.6
4.4
4.4
4.8
5.1
5.1
4.8
4.7
4.7
4.1
4.8
4.9
4.5
4.7
4.5
3.9
5.4
4.2
4.1
4.7
4.9
4.3
4.4
5.3
4.5
4.1
4.2
4.4
4.8
3.7
4.0
4.6
4.3
5.2
4.8
4.8
4.1
4.7
4.8
5.1
4.8
4.4
4.2
5.0
4.5
4.5
4.9
4.6
4.3
4.6
4.7
4.2
5.0
4.3
4.8
4.2
4.1
4.4
4.6
4.4
5.4
5.0
3.9
4.2
4.0
4.9
4.3
4.7
4.2
2.9
5.2
4.6
5.0
4.5
4.9
4.7
4.8
4.6
5.1
4.1
4.5
4.3
5.2
4.4
4.4
4.0
5.2
4.9
3.8
3.9
4.1
4.0
4.7
4.7
4.5
5.0
3.6
4.5
4.9
4.5
5.2
3.2
4.6
4.9
4.3
4.1
4.3
4.8
4.8
4.9
4.2
4.8
4.7
4.7
4.1
4.4
4.6
4.9
4.5
3.9
4.0
4.8
4.5
4.7
4.4
5.1
4.2
4.3
4.3
4.4
5.2
4.6
4.8
4.2
4.8
4.8
5.0
4.6
4.9
4.6
4.4
4.2
4.1
4.4
5.1
4.5
4.7
3.8
4.0
4.9
3.9
5.0
4.8
4.4
4.3
4.7
4.6
5.0
4.8
4.4
4.8
4.1
4.2
4.8
5.2
4.8
4.4
4.2
4.7
4.6
4.5
4.8
4.6
4.3
4.4
5.1
4.4
4.1
4.6
4.9
4.3
4.7
4.3
4.4
5.0
3.7
4.6
4.1
5.2
4.8
4.9
4.3
3.7
4.5
4.9
5.3
4.8
4.5
5.0
4.6
4.1
4.3
4.9
3.9
5.0
4.3
4.5
4.6
4.4
4.7
4.7
4.4
4.2
3.7
4.5
4.3
4.7
4.6
4.3
5.0
3.9
4.8
5.3
4.6
4.5
4.6
5.0
5.1
4.2
4.3
4.4
5.0
4.9
4.8
4.7
4.1
4.1
4.7
3.8
4.2
5.3
4.3
4.9
4.9
4.8
4.9
4.8
4.7
5.1
4.5
4.9
5.0
4.5
5.0
4.5
5.0
5.1
4.0
4.6
5.0
4.1
4.5
4.7
4.1
3.9
5.5
5.1
4.6
5.0
5.1
4.5
4.7
4.8
4.6
3.8
3.7
4.5
4.9
5.1
5.0
4.6
4.7
4.5
5.0
4.4
4.6
4.5
4.7
4.4
4.6
4.7
4.6
3.9
4.6
4.7
4.8
4.2
4.7
4.7
4.2
4.1
4.6
4.4
4.2
4.8
5.1
4.3
4.6
4.2
4.9
4.7
4.8
5.1
4.5
4.2
5.0
4.7
4.3
4.7
5.2
4.5
4.8
4.4
5.3
4.3
5.3
4.7
4.2
4.1
5.0
4.6
4.4
5.1
5.3
5.4
5.4
4.6
4.3
5.3
5.2
4.0
1000:
3.1
3.2
3.0
3.2
3.7
2.9
2.9
3.3
3.2
2.3
3.0
2.9
3.0
2.4
2.6
3.6
4.3
3.6
4.0
3.9
3.0
3.9
3.2
3.3
3.9
3.5
4.6
1001:
4.0
3.9
3.1
3.9
4.3
2.5
3.9
2.7
3.0
3.6
3.4
3.4
3.4
3.7
2.4
3.9
3.4
3.0
2.9
2.9
2.8
3.2
3.6
3.4
3.7
2.9
3.3
3.1
3.6
3.5
3.7
2.7
3.3
3.6
3.4
3.6
3.4
2.8
3.3
3.5
3.9
3.4
3.6
3.3
2.8
4.0
3.5
3.2
2.9
2.9
3.9
3.0
3.6
2.9
3.4
3.5
3.3
3.5
3.4
4.1
4.0
4.0
3.8
3.0
4.1
4.0
2.6
3.7
3.3
3.3
2.6
3.3
2.8
3.2
3.5
3.6
2.9
3.1
3.6
2.9
3.4
3.6
3.6
2.8
3.3
3.4
3.1
3.4
3.3
2.6
3.9
3.3
3.0
3.6
3.5
2.6
3.0
3.5
2.7
3.0
2.4
2.6
3.0
3.3
3.6
2.8
3.4
3.2
3.0
2.9
2.2
3.5
3.1
3.6
3.1
3.7
4.6
3.3
3.1
3.3
2.9
3.3
2.8
3.3
3.0
3.2
3.2
3.9
3.1
2.6
2.9
3.0
3.1
3.7
1002:
3.3
3.1
3.8
3.4
3.0
3.5
3.4
3.4
2.7
3.4
4.0
3.3
2.3
3.2
1004:
2.4
2.4
3.5
2.8
2.8
2.9
2.2
2.6
2.4
2.9
2.2
3.0
2.7
2.6
2.8
3.2
3.5
2.6
2.9
2.1
1.5
2.6
2.6
3.1
2.9
2.1
2.3
2.8
3.1
2.1
2.8
RSME: 0.89
