17608:
1.3
1.0
1.5
1.7
0.3
1.4
17609:
2.4
2.5
1761:
3.0
4.5
3.4
3.9
3.2
4.5
3.9
3.3
3.6
4.0
17610:
2.7
3.0
3.0
17611:
3.3
3.8
3.7
4.0
3.9
3.8
3.0
17612:
4.2
3.8
4.7
4.8
4.9
3.9
3.4
4.7
4.2
3.8
4.6
4.5
3.8
3.9
4.3
4.3
4.2
3.9
4.1
4.8
4.4
3.6
4.0
4.4
5.0
4.8
4.6
3.7
3.9
4.7
4.3
4.2
4.2
4.5
4.0
4.7
4.3
4.6
4.1
4.3
4.1
4.6
3.8
3.7
4.9
4.1
4.4
4.2
4.1
5.0
3.7
4.6
4.1
4.9
4.4
4.3
4.2
4.2
3.8
5.4
4.4
3.8
3.9
4.2
4.1
4.5
17613:
2.4
3.4
2.9
3.4
4.6
3.9
3.6
3.2
3.8
3.5
3.7
3.0
3.3
3.7
3.0
3.6
3.4
3.9
3.6
3.1
3.3
3.1
3.6
17614:
4.0
3.4
2.8
3.5
3.6
4.1
3.5
3.4
4.4
3.9
3.7
3.5
3.4
3.7
3.3
2.7
3.3
3.2
3.2
3.6
3.3
3.4
17615:
2.6
2.2
17618:
1.8
17619:
4.3
3.1
3.1
3.9
4.0
3.6
4.6
3.6
4.0
4.5
3.1
3.6
3.9
4.5
3.9
4.0
3.7
3.6
3.8
4.7
3.5
3.5
3.9
4.4
3.9
3.4
3.8
4.9
3.8
3.8
4.2
3.7
3.9
4.7
3.8
3.8
3.8
4.4
4.5
4.4
3.5
4.4
4.1
3.7
3.3
4.4
4.4
4.4
4.2
3.9
3.9
4.3
1762:
2.6
3.2
2.8
4.3
3.7
3.8
2.8
3.8
3.4
2.8
3.2
3.1
3.9
3.7
3.4
3.8
2.8
3.4
17620:
2.7
17621:
3.7
3.3
4.1
3.7
3.1
3.7
3.6
2.9
3.5
4.6
3.0
4.0
3.8
3.3
4.0
3.7
3.2
3.6
3.6
3.8
4.2
4.2
4.3
3.5
17622:
3.3
3.2
3.0
2.9
2.7
3.2
3.8
2.9
3.0
3.6
2.7
2.9
2.8
3.0
2.9
2.7
4.4
3.4
2.0
2.7
3.0
2.8
2.7
3.1
2.9
3.4
3.5
3.3
3.0
3.6
3.4
3.0
2.9
3.3
2.8
3.4
3.4
3.7
2.9
2.7
1.4
3.1
3.1
2.9
2.7
2.8
3.0
3.6
2.4
3.3
3.0
2.8
3.9
3.2
2.8
2.8
3.1
3.0
3.0
3.2
3.1
3.2
3.5
3.1
3.1
3.2
2.8
2.5
3.6
3.4
2.6
3.8
3.7
3.2
2.7
2.9
3.2
3.4
3.7
3.6
3.4
2.8
3.6
3.4
3.5
3.1
3.3
2.5
3.3
3.1
2.6
4.0
3.1
3.4
3.1
2.9
3.1
2.7
3.4
3.2
2.6
3.0
3.3
2.9
2.4
3.2
3.3
3.2
2.8
2.9
2.9
2.6
3.5
3.2
2.9
3.1
3.0
3.5
2.8
3.5
3.3
3.0
3.5
3.4
2.6
2.8
3.1
3.6
2.9
3.6
3.3
3.6
3.7
3.6
2.8
2.9
3.8
3.5
3.4
3.3
3.3
3.0
3.1
3.1
2.8
3.1
3.6
3.2
3.4
3.0
2.7
3.8
3.3
3.0
3.3
3.0
3.4
2.3
2.4
3.1
3.5
2.9
3.6
3.4
3.2
2.6
3.0
3.4
3.0
3.7
2.9
3.1
3.1
3.0
3.7
3.1
2.9
3.3
2.8
3.3
2.6
2.7
3.2
2.7
3.3
3.4
3.4
2.6
2.9
3.1
4.0
3.2
2.5
3.4
3.2
2.7
2.9
3.3
2.8
3.0
3.3
3.1
3.3
2.7
3.7
3.0
4.3
3.3
2.9
3.7
3.1
3.3
3.4
3.0
3.8
3.2
3.0
3.6
3.7
4.0
3.1
2.8
3.1
3.1
3.0
3.2
3.3
2.6
3.4
3.4
3.2
2.3
3.4
2.7
2.9
3.6
2.6
2.4
3.1
3.6
3.9
2.1
3.0
2.6
2.9
3.3
3.0
2.8
3.3
3.6
3.2
17623:
3.1
3.1
3.5
3.0
2.8
3.3
3.2
2.8
3.1
2.8
3.3
17624:
4.2
3.5
4.4
4.6
3.6
3.9
4.0
3.7
4.5
3.9
4.3
2.9
3.8
3.7
17625:
3.0
3.6
3.2
3.5
3.6
3.9
3.6
3.8
3.4
3.0
3.2
3.1
3.5
3.3
3.4
3.1
3.2
3.3
3.3
3.5
3.6
3.7
3.3
3.6
3.9
4.4
3.3
3.6
17626:
3.8
4.4
3.6
4.6
3.8
3.8
3.9
17627:
4.9
3.7
3.7
4.0
4.3
4.4
3.7
4.2
3.4
3.7
3.2
3.7
4.7
4.5
4.5
4.2
4.5
4.8
4.5
4.6
3.5
4.0
4.8
4.5
3.8
3.9
4.4
4.4
5.1
4.1
4.8
4.0
3.8
4.3
2.9
4.3
4.3
3.9
4.4
4.0
4.8
4.5
3.9
4.2
4.3
4.4
4.4
4.0
4.1
4.3
4.8
4.0
2612:
3.7
2.0
3.9
3.2
3.4
4.1
3.9
2.7
1.9
3.8
4.0
4.7
4.8
3.2
3.4
3.1
4.6
3.7
4.1
2.9
3.6
2.7
2.5
4.0
3.4
4.4
3.9
3.3
3.8
3.5
3.5
3.5
4.1
2.8
4.2
3.9
4.4
3.3
4.0
2.7
3.4
3.3
3.7
3.1
3.6
3.5
3.5
4.3
3.1
3.7
3.1
2.7
3.7
3.0
4.3
3.6
3.2
3.7
4.1
3.2
3.4
2.8
3.5
3.8
4.1
4.3
3.4
3.6
3.1
3.4
3.6
3.7
3.6
3.8
4.6
4.0
3.1
3.9
3.6
3.7
3.1
3.6
4.5
3.8
3.4
3.7
3.6
4.2
3.9
3.2
3.9
4.1
4.5
3.5
2.7
3.8
3.6
3.5
3.3
3.2
3.7
3.6
3.5
4.0
4.0
3.0
2.5
3.2
3.7
3.3
3.4
4.1
3.7
3.3
3.0
3.6
2.7
3.1
3.0
1.5
3.3
3.6
2.9
3.7
3.3
2.7
2.8
4.0
3.7
3.9
3.7
3.7
3.2
3.2
3.1
3.7
3.1
3.9
4.6
4.0
4.8
3.6
3.9
3.1
3.1
3.2
3.9
1.9
3.0
3.0
3.5
3.2
3.6
4.3
3.5
3.6
3.7
4.2
1.7
4.3
3.4
3.6
2.8
3.5
3.5
2.5
3.3
3.6
3.8
3.9
3.5
3.8
3.9
2.7
3.2
2.9
2.7
3.4
3.4
3.8
4.5
2.7
3.7
3.8
3.5
3.6
3.7
3.8
3.7
4.4
3.7
2.9
4.1
4.0
3.3
4.2
3.4
3.4
3.5
3.7
4.4
4.1
4.4
4.1
4.0
4.1
3.1
3.8
2.5
3.2
3.1
3.3
3.6
3.2
2.9
3.9
2.8
4.1
3.2
3.7
3.2
2.7
3.6
3.3
3.3
1.4
3.9
2.4
3.8
4.0
3.5
3.7
3.9
3.5
3.7
3.5
3.2
3.4
3.8
3.4
3.9
3.3
3.8
4.7
4.0
3.9
3.4
3.8
3.5
3.6
1.9
3.2
3.0
3.9
4.2
3.1
2.9
4.0
4.1
3.8
2.9
3.5
3.9
3.1
3.7
2.5
4.0
3.8
3.3
2.9
3.2
2.5
3.5
3.6
3.9
3.2
4.1
3.5
3.8
3.3
2.9
2.7
3.1
3.6
2.4
3.1
2.7
3.2
2.8
3.2
3.5
3.4
4.3
3.1
2.6
3.6
3.9
3.5
3.4
4.0
2.9
4.0
3.4
3.3
3.4
2.4
3.4
3.8
4.0
3.3
3.7
3.3
3.0
3.3
3.0
4.1
3.7
3.2
3.7
3.5
2.7
3.9
3.2
3.0
4.2
3.8
3.6
3.7
3.0
3.2
4.3
3.8
3.2
3.8
3.7
3.3
3.7
2.9
4.2
3.9
3.7
4.5
3.1
3.5
3.4
3.8
4.3
3.4
3.2
4.2
3.9
3.8
2.9
3.7
3.2
3.2
3.6
2.5
3.7
3.5
4.8
2.9
3.5
2.9
3.0
3.2
2.4
3.7
3.8
3.4
4.3
4.0
3.3
2.9
3.9
3.7
3.4
2.7
4.5
3.1
4.0
3.4
3.1
4.0
4.2
3.8
3.7
3.3
4.5
3.2
4.1
4.8
3.2
2.9
4.1
3.0
3.6
2.5
3.8
3.4
4.6
3.6
4.1
4.0
3.6
3.0
3.3
3.4
3.4
4.4
2.6
3.1
3.5
3.3
3.8
2.9
3.9
4.0
3.4
3.4
3.7
3.5
3.7
3.6
3.2
3.4
3612:
3.6
4.0
4.2
3.5
4.2
3.7
3.4
3.8
4.3
3.8
3.5
3.8
4.0
3.0
3.8
4.1
3.8
3.7
4.1
4.4
4.6
3.6
4.1
4.0
4.3
3.8
3.9
3.8
4.2
3.9
4.0
3.8
4.0
3.8
4.2
4.2
3.6
3.8
3.4
4.1
3.5
4.1
4.5
3.9
3.9
4.0
3.8
3.7
3.7
4.4
3.9
4.8
3.9
4.1
4.1
4.1
4.1
4.0
4.3
3.9
4.4
3.6
3.9
4.4
4.4
3.8
3.7
3.8
3.9
3.9
3.9
4.0
3.9
4.0
3.9
4.0
3.8
3.6
4.6
3.1
4.1
4.1
3.8
4.7
3.6
3.7
3.9
3.9
3.3
4.3
3.8
3.2
3.8
3.5
4.2
4.4
3.5
3.8
3.9
4.4
3.9
4.9
4.4
3.5
4.2
3.8
4.0
3.7
3.5
3.6
3.9
3.8
3.7
3.2
3.7
4.0
4.1
3.9
4.0
3.8
3.3
4.6
3.8
4.1
4.5
4.5
3.7
4.2
3.8
4.4
3.7
4.6
4.5
3.7
4.0
4.5
4.5
4.3
3.9
3.5
4.1
3.8
4.2
4.3
4.0
3.7
4.0
4.1
4.0
4.0
3.6
4.1
4.7
4.2
3.9
4.1
4.1
4.1
3.9
4.0
3.7
4.6
4.6
4.0
4.2
5.0
3.7
3.8
4.4
4.4
4.1
3.5
3.6
4.3
3.7
4.0
4.2
4.0
3.6
4.4
4.4
3.5
4.0
4.4
4.5
3.8
4.4
4.5
4.5
3.5
4.0
3.5
4.9
4.2
3.7
4.0
3.6
4.8
3.7
4.4
4.1
4.2
3.7
3.6
4.4
3.7
3.7
3.4
3.9
3.9
3.6
3.9
3.6
3.6
3.9
4.2
4.0
4.2
4.2
3.8
3.7
3.3
3.6
3.7
4.0
3.8
4.7
3.6
3.7
3.5
4.1
4.2
3.6
3.9
3.6
3.9
3.9
4.6
3.7
4.3
4.0
4.1
4.2
3.6
4612:
3.8
4.2
3.3
3.0
3.5
3.7
3.7
3.6
2.6
3.2
3.5
2.8
3.2
4.5
3.2
2.5
3.2
3.3
3.1
3.1
3.3
4.5
2.8
3.4
2.8
3.6
4.5
3.1
3.2
3.4
4613:
3.6
2.8
2.6
2.9
3.3
3.1
3.4
3.1
2.6
2.5
4614:
3.4
3.7
4615:
3.3
4616:
4.6
3.1
3.3
3.4
3.7
3.0
3.8
3.8
3.9
3.3
3.2
3.5
4617:
4.5
3.1
3.9
4618:
2.3
3.1
2.8
2.9
2.8
2.9
2.3
2.3
2.8
2.3
3.0
3.0
2.5
4619:
2.9
3.4
3.2
462:
4.4
3.6
3.7
3.7
RMSE: 0.93