10048:
2.8
3.2
3.0
2.8
3.4
3.8
3.2
10049:
2.0
1.6
1.8
1005:
3.1
2.9
2.7
2.4
3.0
3.2
3.0
2.5
3.3
2.9
2.9
2.5
2.6
10050:
2.6
2.5
3.0
2.5
3.1
2.1
10051:
3.0
2.9
2.7
3.7
3.1
3.2
2.9
4.0
3.4
1.8
3.1
4.0
3.3
3.6
3.4
4.2
3.1
3.0
3.3
4.2
3.0
10052:
3.2
3.2
3.3
2.6
3.0
10053:
3.5
3.8
3.2
3.3
4.1
3.6
3.5
4.1
3.8
4.9
4.1
3.6
3.9
3.8
4.2
3.4
3.7
3.0
3.9
3.3
3.2
3.6
4.0
4.1
3.5
3.9
3.6
4.4
4.5
3.9
3.2
3.1
4.8
3.4
3.6
4.0
3.9
3.7
3.6
3.8
2.9
3.7
3.7
4.3
3.9
3.5
4.3
3.5
4.1
4.4
3.2
3.4
4.2
3.7
3.9
3.7
3.4
3.8
3.3
3.3
4.4
3.4
3.4
3.8
4.2
3.5
4.0
3.3
10054:
2.8
2.8
2.6
2.6
2.3
2.8
1.7
2.9
3.0
3.4
2.1
2.8
10055:
3.8
3.4
3.5
3.7
3.7
3.5
3.9
3.5
3.3
3.0
3.8
2.7
3.1
3.7
3.0
2.3
2.9
3.6
3.6
2.8
3.5
3.0
3.4
3.3
3.5
3.6
3.1
3.4
2.8
3.9
3.5
3.4
3.0
3.4
3.4
3.0
3.5
3.3
3.9
3.5
3.6
2.5
3.2
3.6
2.3
3.7
3.5
3.1
2.5
2.8
3.0
3.5
3.1
2.6
3.1
3.3
3.5
2.6
3.2
3.5
3.1
2.5
3.6
3.6
3.2
3.1
3.2
2.8
3.2
3.5
2.9
2.7
3.5
3.7
2.6
2.9
3.2
3.1
3.3
10056:
1.5
3.1
3.4
3.7
2.8
3.4
3.5
10057:
2.5
2.7
2.5
3.3
3.1
2.6
10058:
2.7
3.2
10059:
1.1
1006:
4.1
4.2
3.5
4.4
4.2
4.1
4.1
5.0
4.0
4.0
3.7
3.7
4.1
4.4
4.6
3.7
4.7
5.0
4.6
4.6
3.7
3.1
4.0
3.7
3.7
4.2
3.8
3.8
4.1
4.9
10060:
2.6
2.5
3.9
2.7
2.4
2.5
3.0
3.3
3.7
10061:
3.6
3.9
4.8
4.0
4.4
4.5
5.0
4.2
4.5
4.2
5.0
4.3
3.7
3.8
4.4
4.6
4.6
5.0
4.1
3.9
4.2
4.9
3.6
4.3
4.1
4.8
4.7
4.7
4.0
3.8
4.9
4.3
4.0
4.2
4.5
4.6
4.5
3.8
4.9
4.5
5.0
4.3
4.4
5.0
4.4
4.7
4.8
4.5
5.0
4.3
4.0
4.3
3.9
4.4
5.0
4.8
4.6
4.8
3.9
3.1
3.9
4.2
4.3
4.5
4.3
3.8
3.7
5.0
4.2
5.0
4.0
4.0
5.0
4.5
4.0
5.0
4.4
4.5
3.9
4.3
4.6
4.3
4.3
4.2
3.7
4.0
4.8
4.7
4.3
4.4
4.5
4.1
5.0
5.0
4.3
4.6
5.0
4.1
4.9
5.0
3.9
4.2
3.9
4.9
4.5
3.2
3.7
4.0
5.0
4.6
3.8
3.4
4.1
4.2
4.2
4.1
5.0
4.7
4.1
3.2
4.3
3.7
4.3
4.4
4.3
4.7
4.2
3.9
4.5
4.2
4.3
3.9
4.7
5.0
4.5
5.0
5.0
4.2
4.3
3.9
4.1
4.0
4.0
4.5
4.3
4.5
4.6
4.4
4.5
5.0
4.9
10062:
2.6
3.1
10063:
3.6
3.5
3.8
3.9
4.6
4.3
4.7
4.6
2.7
3.7
4.0
4.5
4.3
4.0
10064:
2.0
2.7
3.1
10065:
3.0
3.1
2.7
2.0
3.4
3.4
2.3
2.3
2.0
2.5
2.0
2.4
2.8
3.7
3.3
3.0
2.6
3.1
3.4
3.3
2.4
2.8
2.3
2.4
3.5
3.1
2.6
3.3
2.1
2.7
2.3
1.9
2.8
2.4
2.2
3.5
10066:
2.6
3.1
2.6
2.5
2.8
10067:
3.0
3.3
4.2
3.4
3.4
3.2
3.0
10068:
3.6
4.1
3.5
4.0
2.8
4.0
10069:
2.4
1.7
2.1
1007:
3.0
2.7
4.0
2.9
3.3
10070:
2.3
1.4
1.1
10071:
3.7
3.8
3.7
4.7
4.2
3.8
4.0
4.0
4.3
4.3
3.9
4.4
3.8
4.1
3.4
4.3
3.9
4.3
3.5
4.2
4.0
10072:
4.0
4.2
4.2
4.6
3.6
4.2
3.6
4.3
4.7
3.4
4.4
5.0
4.7
3.7
4.5
4.4
4.0
4.2
4.3
4.0
3.1
4.2
4.9
4.5
3.9
3.6
4.3
3.6
3.7
4.6
3.9
4.6
4.3
4.3
3.8
4.9
3.6
4.7
4.0
4.6
4.2
3.8
4.1
5.0
4.0
3.5
3.8
4.0
4.4
4.0
3.8
4.5
3.8
4.4
3.8
3.6
3.5
5.0
3.7
3.6
4.2
4.2
4.9
4.2
4.4
3.3
4.0
5.0
5.0
4.7
4.2
4.2
3.6
4.3
10073:
3.3
3.1
2.9
3.3
3.3
3.6
2.9
2.5
2.6
2.3
3.2
4.3
3.3
2.9
4.0
3.3
3.4
10074:
4.4
3.8
3.9
3.8
4.2
3.5
3.5
4.1
4.2
3.7
4.4
4.4
3.5
4.7
3.3
10075:
2.0
10076:
3.7
3.6
3.2
4.4
3.8
3.2
4.2
10077:
4.5
4.1
3.6
3.2
4.0
3.3
3.9
3.8
4.0
4.0
2.4
4.2
3.8
10078:
3.0
2.2
3.1
3.3
3.0
3.0
3.1
3.4
3.6
3.2
3.8
3.5
3.6
3.6
3.5
2.9
3.8
3.8
2.8
2.4
2.7
3.0
3.5
3.3
3.4
3.6
2.3
2.9
3.2
3.7
3.5
3.1
3.1
3.1
3.2
3.2
3.1
4.0
3.1
3.2
3.2
2.4
3.6
2.4
3.2
3.1
3.4
3.0
3.3
2.9
3.1
2.9
3.0
3.1
3.6
2.9
2.8
3.3
2.5
3.0
3.0
3.2
2.9
3.5
2.9
3.0
3.2
3.2
2.8
3.8
3.2
2.9
2.7
3.2
2.9
3.2
3.2
3.2
3.2
3.2
3.3
3.0
2.7
2.7
3.3
3.0
4.0
3.2
3.5
2.8
3.4
4.1
2.8
3.5
3.2
3.6
3.2
3.2
3.4
3.5
3.1
3.1
3.4
2.4
3.2
3.9
3.3
3.1
4.1
2.8
2.9
3.6
4.3
2.3
3.1
2.8
2.7
3.3
3.7
2.7
3.0
2.5
2.8
4.1
2.7
3.9
2.9
2.8
3.2
3.5
3.3
2.9
3.1
3.1
3.7
3.8
3.2
3.0
3.4
3.2
3.4
10079:
4.6
3.9
4.6
4.4
4.7
4.1
3.9
3.9
4.6
3.8
3.9
5.0
4.9
3.7
4.3
4.6
3.9
4.1
5.0
4.5
5.0
1008:
4.2
3.9
3.6
2.8
4.5
4.5
3.4
3.4
3.2
3.5
3.4
3.6
4.3
3.4
4.3
4.3
3.9
3.4
4.9
3.8
4.6
4.1
4.1
3.6
3.6
3.3
3.3
3.7
2.8
4.1
3.8
3.5
3.3
3.3
3.5
3.8
2.2
3.4
4.4
3.6
10080:
4.6
4.2
4.4
4.0
4.5
4.4
4.7
5.0
4.4
4.1
4.2
4.9
4.5
4.4
3.9
3.8
4.1
4.4
5.0
4.8
4.3
4.2
4.7
4.4
4.5
4.7
3.9
4.6
4.2
3.9
4.7
4.7
4.3
3.5
4.1
4.1
5.0
4.1
5.0
4.1
4.1
4.2
4.3
4.3
4.7
4.9
4.5
4.8
4.4
4.4
4.5
3.9
4.6
4.4
3.7
3.4
4.6
3.7
4.4
4.6
4.9
4.2
4.8
3.6
4.0
3.9
3.2
3.8
3.4
3.8
4.2
4.5
5.0
4.1
4.5
4.4
4.7
3.9
4.6
4.3
4.6
5.0
5.0
4.6
4.1
4.0
4.1
4.3
3.4
4.5
4.2
4.3
4.6
4.6
4.3
4.2
4.5
4.4
4.6
4.1
4.5
5.0
5.0
4.0
5.0
4.4
4.6
4.6
4.6
4.7
5.0
4.4
4.5
4.2
3.7
5.0
4.5
4.0
4.2
4.2
4.3
4.8
4.0
4.7
3.7
4.5
4.7
4.0
3.8
3.9
4.6
5.0
4.6
4.6
3.9
4.4
4.2
3.8
4.4
4.6
5.0
4.2
4.3
4.1
4.1
4.4
4.5
4.2
4.2
5.0
4.7
4.8
4.1
5.0
3.7
4.3
3.8
3.8
4.8
4.2
4.8
4.6
3.8
4.2
3.9
4.9
3.9
4.1
4.9
4.2
4.5
4.6
5.0
4.2
4.7
4.4
4.2
4.4
4.7
4.6
3.6
4.5
4.8
4.1
5.0
4.5
4.4
4.0
4.0
4.8
4.7
3.9
3.8
4.5
3.7
4.7
4.7
3.7
4.8
4.4
4.6
4.7
3.8
4.2
4.1
4.1
4.3
5.0
4.4
4.2
4.9
4.0
4.0
3.7
3.6
4.3
4.6
4.1
4.2
3.7
4.5
4.6
4.4
3.5
4.9
4.7
4.0
4.2
4.9
4.3
4.9
4.7
4.6
3.8
4.4
5.0
4.5
3.9
4.4
4.5
4.1
4.4
4.6
3.5
4.9
4.6
5.0
4.9
4.1
3.8
4.7
3.6
4.4
4.2
5.0
4.3
4.8
4.3
3.9
3.9
4.6
4.3
4.2
4.7
4.3
4.5
3.8
3.8
4.5
4.8
4.1
4.3
4.4
4.2
4.5
4.3
4.4
5.0
4.4
4.3
3.9
3.7
4.7
4.4
4.1
5.0
4.6
4.2
3.7
3.9
4.4
4.3
3.6
4.6
4.0
5.0
4.2
3.7
4.2
4.2
3.8
4.4
4.3
4.2
4.1
3.6
4.3
4.8
4.5
4.1
4.8
4.7
4.9
4.5
4.4
4.1
4.5
4.6
4.4
4.1
4.5
4.5
4.2
5.0
5.0
4.9
4.7
3.9
4.5
4.4
4.5
3.7
3.6
4.8
4.2
4.4
4.5
3.6
4.7
4.0
3.8
4.5
4.0
4.2
4.0
4.1
4.1
4.9
4.3
4.3
4.1
5.0
4.3
4.4
4.6
3.9
3.4
4.5
4.2
4.4
4.2
4.7
4.1
4.6
3.8
4.8
4.9
5.0
4.5
3.7
4.5
4.2
4.8
2.7
4.4
4.8
4.3
4.3
4.0
4.6
5.0
4.4
5.0
4.5
4.7
4.8
5.0
3.8
4.2
3.9
4.5
4.6
3.7
4.7
3.8
4.3
4.4
4.7
4.1
4.5
4.0
4.9
4.7
4.4
4.0
4.3
4.1
3.7
4.3
4.2
4.7
4.4
3.8
4.3
4.5
4.4
4.2
4.5
4.4
3.9
4.2
3.7
4.0
4.5
4.0
4.5
4.4
4.5
4.7
3.7
4.3
4.1
5.0
4.2
4.6
4.7
4.9
5.0
4.2
3.5
4.2
4.4
4.8
3.7
4.5
4.5
3.5
4.2
4.5
4.3
3.9
4.8
4.4
4.5
4.7
4.4
4.0
4.3
4.6
4.5
4.7
4.2
3.9
3.9
4.3
3.5
4.6
4.6
4.5
4.3
4.1
4.6
4.3
4.5
4.2
4.8
4.2
4.1
4.0
3.3
4.3
4.7
3.9
4.5
4.6
4.4
4.3
4.7
3.9
4.4
4.8
4.2
4.5
4.0
4.6
4.2
4.3
4.2
3.8
4.8
4.2
4.1
4.3
5.0
4.8
4.5
4.6
5.0
4.1
3.9
4.4
4.1
3.9
4.2
5.0
4.6
4.5
4.4
4.2
4.7
4.9
4.2
3.8
3.9
3.7
4.4
4.5
3.9
4.2
4.4
4.5
4.4
4.3
4.5
4.3
4.7
4.6
3.9
3.8
4.1
4.3
4.7
4.5
3.6
4.2
4.7
4.7
4.2
4.7
4.7
3.5
4.3
4.4
4.4
4.0
4.8
4.5
4.0
3.9
4.8
4.2
4.3
3.9
4.2
3.9
4.0
3.5
4.7
4.2
4.2
3.9
4.7
3.8
4.4
4.6
5.0
4.6
4.6
4.8
4.7
4.4
4.4
2.7
4.5
4.5
4.7
4.5
5.0
4.4
4.2
3.9
4.5
4.4
4.5
4.4
4.6
4.1
4.4
4.6
4.3
5.0
4.1
4.9
4.0
4.1
3.9
4.0
4.9
4.4
3.9
4.9
4.4
5.0
4.6
4.4
3.9
4.4
10081:
3.4
3.5
3.3
3.6
3.6
3.1
3.2
10082:
2.9
2.1
2.4
3.6
2.8
3.1
2.1
3.0
2.6
2.7
1.7
3.7
3.1
2.5
2.9
3.0
2.4
3.9
2.4
3.3
2.6
2.0
3.0
2.2
2.2
1.6
1.6
3.1
1.9
3.9
2.6
2.7
2.5
2.4
3.1
2.5
3.0
2.2
2.9
1.7
2.9
2.7
1.6
2.8
2.9
2.7
2.3
2.5
2.6
1.8
2.8
2.3
2.4
2.0
3.5
2.8
2.8
3.5
2.7
1.6
2.4
3.1
2.5
2.1
2.5
2.3
2.3
3.0
2.2
2.5
2.7
3.4
2.5
2.9
2.2
2.4
2.7
2.8
3.6
1.8
2.7
1.9
2.5
2.9
1.4
2.6
2.4
2.2
2.5
3.2
3.1
2.6
1.6
3.1
3.2
1.7
1.7
3.2
3.2
2.2
2.3
2.1
3.0
3.1
2.1
2.9
1.9
2.2
3.0
2.2
2.6
1.7
2.4
2.3
2.0
3.2
2.7
2.5
2.3
2.2
2.9
2.4
2.1
2.4
2.1
3.5
2.0
3.4
3.0
2.1
2.3
2.7
2.7
2.9
1.9
2.4
2.6
2.4
2.6
2.4
2.2
2.6
1.7
2.6
2.8
2.4
2.8
2.4
2.4
2.2
2.5
2.6
2.1
3.3
2.5
2.8
2.8
1.9
3.5
2.5
2.4
3.0
2.5
1.8
3.1
1.9
2.7
2.8
2.5
2.5
3.6
1.5
2.3
2.4
2.1
2.6
3.2
1.5
3.4
3.4
3.0
2.7
1.7
2.3
2.3
1.7
2.5
2.5
2.6
2.2
2.9
3.2
2.3
2.6
3.3
2.5
2.8
3.0
2.5
2.5
2.3
3.1
2.3
2.6
2.6
1.9
3.5
2.7
2.0
3.2
2.0
3.0
3.7
2.3
2.3
3.8
1.8
2.0
2.7
2.8
2.0
2.4
2.2
3.0
3.0
2.4
2.4
2.1
10083:
2.8
3.4
3.3
3.2
3.1
3.1
3.0
3.0
2.5
3.0
2.9
3.4
2.9
3.0
3.1
3.3
2.9
3.2
3.1
3.1
4.0
2.9
3.4
2.5
2.6
2.9
3.0
2.7
3.4
2.6
2.7
10084:
4.6
3.4
3.3
4.4
3.3
4.1
3.7
3.5
3.8
4.0
4.0
4.0
3.6
3.7
3.8
3.6
3.2
3.9
4.0
4.6
3.9
2.8
3.4
3.5
4.1
3.4
4.0
4.3
3.7
3.3
3.8
4.2
4.3
4.1
3.6
4.1
3.6
3.7
4.0
4.1
2.9
4.5
3.7
3.8
10085:
2.2
2.9
3.2
2.4
1.8
3.2
3.4
3.0
2.3
1.8
10086:
3.3
3.3
10087:
3.0
4.8
4.1
3.5
2.8
3.4
3.4
4.1
3.3
4.2
3.5
3.8
3.3
3.5
4.1
4.2
10088:
3.7
3.3
3.8
2.6
5.0
3.5
3.0
2.8
4.3
3.8
4.4
4.0
3.6
4.3
4.2
3.6
3.0
3.5
3.2
3.8
3.6
3.9
3.6
3.8
3.1
3.8
4.0
4.0
3.4
3.3
4.1
3.9
3.6
4.3
4.4
4.4
3.9
3.7
3.1
3.5
4.0
4.1
4.4
3.7
3.7
3.7
3.2
4.2
3.4
3.5
3.4
4.1
4.2
3.9
3.7
3.5
3.4
3.3
3.6
4.2
3.6
3.2
3.5
4.3
4.0
3.3
4.2
3.8
3.7
4.4
4.2
3.7
3.7
4.1
4.3
3.6
3.2
3.3
4.8
3.6
4.3
3.7
3.7
4.2
3.9
3.5
3.4
3.7
3.3
3.7
3.5
3.9
4.1
3.4
4.3
3.3
3.8
4.5
4.1
4.8
3.7
3.9
3.7
3.4
3.1
3.6
4.5
3.6
4.3
3.5
3.5
3.9
3.6
3.6
3.6
3.9
3.5
4.0
4.2
3.8
4.1
3.6
10089:
2.5
3.1
2.3
3.0
3.7
1009:
3.0
10090:
3.2
4.2
4.4
3.8
4.2
4.0
4.0
4.4
4.2
4.3
3.3
4.2
3.7
RMSE: 0.91
